[ 2016-12-09T16:54:00+08:00 ] 127.0.0.1 /waibao/index.php/Home/Num/getServerTime
INFO: [ app_init ] --START--
INFO: Run Behavior\BuildLiteBehavior [ RunTime:0.000078s ]
INFO: [ app_init ] --END-- [ RunTime:0.000861s ]
INFO: [ app_begin ] --START--
INFO: Run Behavior\ReadHtmlCacheBehavior [ RunTime:0.000801s ]
INFO: [ app_begin ] --END-- [ RunTime:0.001025s ]

[ 2016-12-09T16:55:06+08:00 ] 127.0.0.1 /waibao/index.php/Home/Num/index/game/js16.html
INFO: [ app_init ] --START--
INFO: Run Behavior\BuildLiteBehavior [ RunTime:0.000030s ]
INFO: [ app_init ] --END-- [ RunTime:0.000498s ]
INFO: [ app_begin ] --START--
INFO: Run Behavior\ReadHtmlCacheBehavior [ RunTime:0.000475s ]
INFO: [ app_begin ] --END-- [ RunTime:0.000610s ]
SQL: SHOW COLUMNS FROM `user` [ RunTime:0.0008s ]
SQL: SELECT * FROM `user` WHERE `id` = '57d10a4c9abbd' LIMIT 1   [ RunTime:0.0003s ]
SQL: SHOW COLUMNS FROM `game` [ RunTime:0.0009s ]
SQL: SELECT * FROM `game` WHERE `name` = 'js16' AND `statu` = 3 ORDER BY issue desc LIMIT 1   [ RunTime:0.0017s ]
SQL: SELECT * FROM `game` WHERE `name` = 'js16' AND `issue` = 177478 LIMIT 1   [ RunTime:0.0010s ]
NOTIC: [8] Undefined index: p D:\wamp64\www\waibao\Application\Home\Controller\NumController.class.php 第 100 行.
SQL: SELECT * FROM `game` WHERE `name` = 'js16' ORDER BY issue desc LIMIT 0,20   [ RunTime:0.0021s ]
SQL: SHOW COLUMNS FROM `guess` [ RunTime:0.0009s ]
SQL: SHOW COLUMNS FROM `lottery` [ RunTime:0.0007s ]
SQL: SELECT * FROM `guess` WHERE `userid` = '57d10a4c9abbd' AND `gamename` = 'js16' AND `gameissue` = '177481'  [ RunTime:0.0006s ]
SQL: SELECT * FROM `guess` WHERE `userid` = '57d10a4c9abbd' AND `gamename` = 'js16' AND `gameissue` = '177480'  [ RunTime:0.0005s ]
SQL: SELECT * FROM `guess` WHERE `userid` = '57d10a4c9abbd' AND `gamename` = 'js16' AND `gameissue` = '177479'  [ RunTime:0.0005s ]
SQL: SELECT * FROM `guess` WHERE `userid` = '57d10a4c9abbd' AND `gamename` = 'js16' AND `gameissue` = '177478'  [ RunTime:0.0005s ]
SQL: SELECT * FROM `guess` WHERE `userid` = '57d10a4c9abbd' AND `gamename` = 'js16' AND `gameissue` = '177477'  [ RunTime:0.0006s ]
SQL: SELECT * FROM `guess` WHERE `userid` = '57d10a4c9abbd' AND `gamename` = 'js16' AND `gameissue` = '177476'  [ RunTime:0.0006s ]
SQL: SELECT * FROM `guess` WHERE `userid` = '57d10a4c9abbd' AND `gamename` = 'js16' AND `gameissue` = '177475'  [ RunTime:0.0005s ]
SQL: SELECT * FROM `guess` WHERE `userid` = '57d10a4c9abbd' AND `gamename` = 'js16' AND `gameissue` = '177474'  [ RunTime:0.0005s ]
SQL: SELECT * FROM `guess` WHERE `userid` = '57d10a4c9abbd' AND `gamename` = 'js16' AND `gameissue` = '177473'  [ RunTime:0.0004s ]
SQL: SELECT * FROM `guess` WHERE `userid` = '57d10a4c9abbd' AND `gamename` = 'js16' AND `gameissue` = '177472'  [ RunTime:0.0005s ]
SQL: SELECT * FROM `guess` WHERE `userid` = '57d10a4c9abbd' AND `gamename` = 'js16' AND `gameissue` = '177471'  [ RunTime:0.0006s ]
SQL: SELECT * FROM `guess` WHERE `userid` = '57d10a4c9abbd' AND `gamename` = 'js16' AND `gameissue` = '177470'  [ RunTime:0.0006s ]
SQL: SELECT * FROM `guess` WHERE `userid` = '57d10a4c9abbd' AND `gamename` = 'js16' AND `gameissue` = '177469'  [ RunTime:0.0005s ]
SQL: SELECT * FROM `guess` WHERE `userid` = '57d10a4c9abbd' AND `gamename` = 'js16' AND `gameissue` = '177468'  [ RunTime:0.0005s ]
SQL: SELECT * FROM `guess` WHERE `userid` = '57d10a4c9abbd' AND `gamename` = 'js16' AND `gameissue` = '177467'  [ RunTime:0.0005s ]
SQL: SELECT * FROM `guess` WHERE `userid` = '57d10a4c9abbd' AND `gamename` = 'js16' AND `gameissue` = '177466'  [ RunTime:0.0005s ]
SQL: SELECT * FROM `guess` WHERE `userid` = '57d10a4c9abbd' AND `gamename` = 'js16' AND `gameissue` = '177465'  [ RunTime:0.0005s ]
SQL: SELECT * FROM `guess` WHERE `userid` = '57d10a4c9abbd' AND `gamename` = 'js16' AND `gameissue` = '177464'  [ RunTime:0.0005s ]
SQL: SELECT * FROM `guess` WHERE `userid` = '57d10a4c9abbd' AND `gamename` = 'js16' AND `gameissue` = '177463'  [ RunTime:0.0005s ]
SQL: SELECT * FROM `guess` WHERE `userid` = '57d10a4c9abbd' AND `gamename` = 'js16' AND `gameissue` = '177462'  [ RunTime:0.0005s ]
SQL: SELECT COUNT(*) AS tp_count FROM `game` WHERE `name` = 'js16' LIMIT 1   [ RunTime:0.0005s ]
NOTIC: [2] urlencode() expects parameter 1 to be string, array given D:\wamp64\www\waibao\Application\Home\Controller\NumController.class.php 第 115 行.
INFO: [ view_parse ] --START--
INFO: [ template_filter ] --START--
INFO: Run Behavior\ContentReplaceBehavior [ RunTime:0.000151s ]
INFO: [ template_filter ] --END-- [ RunTime:0.000290s ]
INFO: Run Behavior\ParseTemplateBehavior [ RunTime:0.099770s ]
INFO: [ view_parse ] --END-- [ RunTime:0.099919s ]
INFO: [ view_filter ] --START--
INFO: Run Behavior\WriteHtmlCacheBehavior [ RunTime:0.000377s ]
INFO: [ view_filter ] --END-- [ RunTime:0.000520s ]
INFO: [ app_end ] --START--
INFO: Run Behavior\ShowPageTraceBehavior [ RunTime:0.002276s ]
INFO: [ app_end ] --END-- [ RunTime:0.002551s ]

[ 2016-12-09T16:55:07+08:00 ] 127.0.0.1 /waibao/index.php/Home/Num/getServerTime
INFO: [ app_init ] --START--
INFO: Run Behavior\BuildLiteBehavior [ RunTime:0.000031s ]
INFO: [ app_init ] --END-- [ RunTime:0.000475s ]
INFO: [ app_begin ] --START--
INFO: Run Behavior\ReadHtmlCacheBehavior [ RunTime:0.000683s ]
INFO: [ app_begin ] --END-- [ RunTime:0.000866s ]

[ 2016-12-09T16:55:23+08:00 ] 127.0.0.1 /waibao/index.php/Home/Num/index/game/pc28.html
INFO: [ app_init ] --START--
INFO: Run Behavior\BuildLiteBehavior [ RunTime:0.000031s ]
INFO: [ app_init ] --END-- [ RunTime:0.000457s ]
INFO: [ app_begin ] --START--
INFO: Run Behavior\ReadHtmlCacheBehavior [ RunTime:0.000468s ]
INFO: [ app_begin ] --END-- [ RunTime:0.000603s ]
SQL: SHOW COLUMNS FROM `user` [ RunTime:0.0008s ]
SQL: SELECT * FROM `user` WHERE `id` = '57d10a4c9abbd' LIMIT 1   [ RunTime:0.0004s ]
SQL: SHOW COLUMNS FROM `game` [ RunTime:0.0012s ]
SQL: SELECT * FROM `game` WHERE `name` = 'pc28' AND `statu` = 3 ORDER BY issue desc LIMIT 1   [ RunTime:0.0012s ]
SQL: SELECT * FROM `game` WHERE `name` = 'pc28' AND `issue` = 796567 LIMIT 1   [ RunTime:0.0009s ]
NOTIC: [8] Undefined index: p D:\wamp64\www\waibao\Application\Home\Controller\NumController.class.php 第 100 行.
SQL: SELECT * FROM `game` WHERE `name` = 'pc28' ORDER BY issue desc LIMIT 0,20   [ RunTime:0.0012s ]
SQL: SHOW COLUMNS FROM `guess` [ RunTime:0.0007s ]
SQL: SHOW COLUMNS FROM `lottery` [ RunTime:0.0010s ]
SQL: SELECT * FROM `guess` WHERE `userid` = '57d10a4c9abbd' AND `gamename` = 'pc28' AND `gameissue` = '796570'  [ RunTime:0.0006s ]
SQL: SELECT * FROM `guess` WHERE `userid` = '57d10a4c9abbd' AND `gamename` = 'pc28' AND `gameissue` = '796569'  [ RunTime:0.0005s ]
SQL: SELECT * FROM `guess` WHERE `userid` = '57d10a4c9abbd' AND `gamename` = 'pc28' AND `gameissue` = '796568'  [ RunTime:0.0004s ]
SQL: SELECT * FROM `guess` WHERE `userid` = '57d10a4c9abbd' AND `gamename` = 'pc28' AND `gameissue` = '796567'  [ RunTime:0.0004s ]
SQL: SELECT * FROM `guess` WHERE `userid` = '57d10a4c9abbd' AND `gamename` = 'pc28' AND `gameissue` = '796566'  [ RunTime:0.0006s ]
SQL: SELECT * FROM `guess` WHERE `userid` = '57d10a4c9abbd' AND `gamename` = 'pc28' AND `gameissue` = '796565'  [ RunTime:0.0005s ]
SQL: SELECT * FROM `guess` WHERE `userid` = '57d10a4c9abbd' AND `gamename` = 'pc28' AND `gameissue` = '796564'  [ RunTime:0.0004s ]
SQL: SELECT * FROM `guess` WHERE `userid` = '57d10a4c9abbd' AND `gamename` = 'pc28' AND `gameissue` = '796563'  [ RunTime:0.0007s ]
SQL: SELECT * FROM `guess` WHERE `userid` = '57d10a4c9abbd' AND `gamename` = 'pc28' AND `gameissue` = '796562'  [ RunTime:0.0005s ]
SQL: SELECT * FROM `guess` WHERE `userid` = '57d10a4c9abbd' AND `gamename` = 'pc28' AND `gameissue` = '796561'  [ RunTime:0.0005s ]
SQL: SELECT * FROM `guess` WHERE `userid` = '57d10a4c9abbd' AND `gamename` = 'pc28' AND `gameissue` = '796560'  [ RunTime:0.0005s ]
SQL: SELECT * FROM `guess` WHERE `userid` = '57d10a4c9abbd' AND `gamename` = 'pc28' AND `gameissue` = '796559'  [ RunTime:0.0005s ]
SQL: SELECT * FROM `guess` WHERE `userid` = '57d10a4c9abbd' AND `gamename` = 'pc28' AND `gameissue` = '796558'  [ RunTime:0.0004s ]
SQL: SELECT * FROM `guess` WHERE `userid` = '57d10a4c9abbd' AND `gamename` = 'pc28' AND `gameissue` = '796557'  [ RunTime:0.0004s ]
SQL: SELECT * FROM `guess` WHERE `userid` = '57d10a4c9abbd' AND `gamename` = 'pc28' AND `gameissue` = '796556'  [ RunTime:0.0006s ]
SQL: SELECT * FROM `guess` WHERE `userid` = '57d10a4c9abbd' AND `gamename` = 'pc28' AND `gameissue` = '796555'  [ RunTime:0.0006s ]
SQL: SELECT * FROM `guess` WHERE `userid` = '57d10a4c9abbd' AND `gamename` = 'pc28' AND `gameissue` = '796554'  [ RunTime:0.0006s ]
SQL: SELECT * FROM `guess` WHERE `userid` = '57d10a4c9abbd' AND `gamename` = 'pc28' AND `gameissue` = '796553'  [ RunTime:0.0005s ]
SQL: SELECT * FROM `guess` WHERE `userid` = '57d10a4c9abbd' AND `gamename` = 'pc28' AND `gameissue` = '796552'  [ RunTime:0.0006s ]
SQL: SELECT * FROM `guess` WHERE `userid` = '57d10a4c9abbd' AND `gamename` = 'pc28' AND `gameissue` = '796551'  [ RunTime:0.0006s ]
SQL: SELECT COUNT(*) AS tp_count FROM `game` WHERE `name` = 'pc28' LIMIT 1   [ RunTime:0.0007s ]
NOTIC: [2] urlencode() expects parameter 1 to be string, array given D:\wamp64\www\waibao\Application\Home\Controller\NumController.class.php 第 115 行.
INFO: [ view_parse ] --START--
INFO: [ template_filter ] --START--
INFO: Run Behavior\ContentReplaceBehavior [ RunTime:0.000141s ]
INFO: [ template_filter ] --END-- [ RunTime:0.000286s ]
INFO: Run Behavior\ParseTemplateBehavior [ RunTime:0.118965s ]
INFO: [ view_parse ] --END-- [ RunTime:0.119108s ]
INFO: [ view_filter ] --START--
INFO: Run Behavior\WriteHtmlCacheBehavior [ RunTime:0.000325s ]
INFO: [ view_filter ] --END-- [ RunTime:0.000448s ]
INFO: [ app_end ] --START--
INFO: Run Behavior\ShowPageTraceBehavior [ RunTime:0.001038s ]
INFO: [ app_end ] --END-- [ RunTime:0.001289s ]

[ 2016-12-09T16:55:23+08:00 ] 127.0.0.1 /waibao/index.php/Home/Num/getServerTime
INFO: [ app_init ] --START--
INFO: Run Behavior\BuildLiteBehavior [ RunTime:0.000053s ]
INFO: [ app_init ] --END-- [ RunTime:0.000760s ]
INFO: [ app_begin ] --START--
INFO: Run Behavior\ReadHtmlCacheBehavior [ RunTime:0.000764s ]
INFO: [ app_begin ] --END-- [ RunTime:0.000984s ]

[ 2016-12-09T16:55:25+08:00 ] 127.0.0.1 /waibao/index.php/Home/Num/index/game/js28.html
INFO: [ app_init ] --START--
INFO: Run Behavior\BuildLiteBehavior [ RunTime:0.000049s ]
INFO: [ app_init ] --END-- [ RunTime:0.000708s ]
INFO: [ app_begin ] --START--
INFO: Run Behavior\ReadHtmlCacheBehavior [ RunTime:0.000511s ]
INFO: [ app_begin ] --END-- [ RunTime:0.000666s ]
SQL: SHOW COLUMNS FROM `user` [ RunTime:0.0008s ]
SQL: SELECT * FROM `user` WHERE `id` = '57d10a4c9abbd' LIMIT 1   [ RunTime:0.0006s ]
SQL: SHOW COLUMNS FROM `game` [ RunTime:0.0016s ]
SQL: SELECT * FROM `game` WHERE `name` = 'js28' AND `statu` = 3 ORDER BY issue desc LIMIT 1   [ RunTime:0.0020s ]
SQL: SELECT * FROM `game` WHERE `name` = 'js28' AND `issue` = 177478 LIMIT 1   [ RunTime:0.0010s ]
NOTIC: [8] Undefined index: p D:\wamp64\www\waibao\Application\Home\Controller\NumController.class.php 第 100 行.
SQL: SELECT * FROM `game` WHERE `name` = 'js28' ORDER BY issue desc LIMIT 0,20   [ RunTime:0.0013s ]
SQL: SHOW COLUMNS FROM `guess` [ RunTime:0.0010s ]
SQL: SHOW COLUMNS FROM `lottery` [ RunTime:0.0007s ]
SQL: SELECT * FROM `guess` WHERE `userid` = '57d10a4c9abbd' AND `gamename` = 'js28' AND `gameissue` = '177481'  [ RunTime:0.0005s ]
SQL: SELECT * FROM `guess` WHERE `userid` = '57d10a4c9abbd' AND `gamename` = 'js28' AND `gameissue` = '177480'  [ RunTime:0.0005s ]
SQL: SELECT * FROM `guess` WHERE `userid` = '57d10a4c9abbd' AND `gamename` = 'js28' AND `gameissue` = '177479'  [ RunTime:0.0013s ]
SQL: SELECT * FROM `guess` WHERE `userid` = '57d10a4c9abbd' AND `gamename` = 'js28' AND `gameissue` = '177478'  [ RunTime:0.0005s ]
SQL: SELECT * FROM `guess` WHERE `userid` = '57d10a4c9abbd' AND `gamename` = 'js28' AND `gameissue` = '177477'  [ RunTime:0.0004s ]
SQL: SELECT * FROM `guess` WHERE `userid` = '57d10a4c9abbd' AND `gamename` = 'js28' AND `gameissue` = '177476'  [ RunTime:0.0004s ]
SQL: SELECT * FROM `guess` WHERE `userid` = '57d10a4c9abbd' AND `gamename` = 'js28' AND `gameissue` = '177475'  [ RunTime:0.0005s ]
SQL: SELECT * FROM `guess` WHERE `userid` = '57d10a4c9abbd' AND `gamename` = 'js28' AND `gameissue` = '177474'  [ RunTime:0.0005s ]
SQL: SELECT * FROM `guess` WHERE `userid` = '57d10a4c9abbd' AND `gamename` = 'js28' AND `gameissue` = '177473'  [ RunTime:0.0005s ]
SQL: SELECT * FROM `guess` WHERE `userid` = '57d10a4c9abbd' AND `gamename` = 'js28' AND `gameissue` = '177472'  [ RunTime:0.0005s ]
SQL: SELECT * FROM `guess` WHERE `userid` = '57d10a4c9abbd' AND `gamename` = 'js28' AND `gameissue` = '177471'  [ RunTime:0.0005s ]
SQL: SELECT * FROM `guess` WHERE `userid` = '57d10a4c9abbd' AND `gamename` = 'js28' AND `gameissue` = '177470'  [ RunTime:0.0005s ]
SQL: SELECT * FROM `guess` WHERE `userid` = '57d10a4c9abbd' AND `gamename` = 'js28' AND `gameissue` = '177469'  [ RunTime:0.0005s ]
SQL: SELECT * FROM `guess` WHERE `userid` = '57d10a4c9abbd' AND `gamename` = 'js28' AND `gameissue` = '177468'  [ RunTime:0.0005s ]
SQL: SELECT * FROM `guess` WHERE `userid` = '57d10a4c9abbd' AND `gamename` = 'js28' AND `gameissue` = '177467'  [ RunTime:0.0005s ]
SQL: SELECT * FROM `guess` WHERE `userid` = '57d10a4c9abbd' AND `gamename` = 'js28' AND `gameissue` = '177466'  [ RunTime:0.0004s ]
SQL: SELECT * FROM `guess` WHERE `userid` = '57d10a4c9abbd' AND `gamename` = 'js28' AND `gameissue` = '177465'  [ RunTime:0.0005s ]
SQL: SELECT * FROM `guess` WHERE `userid` = '57d10a4c9abbd' AND `gamename` = 'js28' AND `gameissue` = '177464'  [ RunTime:0.0007s ]
SQL: SELECT * FROM `guess` WHERE `userid` = '57d10a4c9abbd' AND `gamename` = 'js28' AND `gameissue` = '177463'  [ RunTime:0.0005s ]
SQL: SELECT * FROM `guess` WHERE `userid` = '57d10a4c9abbd' AND `gamename` = 'js28' AND `gameissue` = '177462'  [ RunTime:0.0005s ]
SQL: SELECT COUNT(*) AS tp_count FROM `game` WHERE `name` = 'js28' LIMIT 1   [ RunTime:0.0005s ]
NOTIC: [2] urlencode() expects parameter 1 to be string, array given D:\wamp64\www\waibao\Application\Home\Controller\NumController.class.php 第 115 行.
INFO: [ view_parse ] --START--
INFO: [ template_filter ] --START--
INFO: Run Behavior\ContentReplaceBehavior [ RunTime:0.000143s ]
INFO: [ template_filter ] --END-- [ RunTime:0.000299s ]
INFO: Run Behavior\ParseTemplateBehavior [ RunTime:0.104450s ]
INFO: [ view_parse ] --END-- [ RunTime:0.104598s ]
INFO: [ view_filter ] --START--
INFO: Run Behavior\WriteHtmlCacheBehavior [ RunTime:0.000348s ]
INFO: [ view_filter ] --END-- [ RunTime:0.000500s ]
INFO: [ app_end ] --START--
INFO: Run Behavior\ShowPageTraceBehavior [ RunTime:0.000968s ]
INFO: [ app_end ] --END-- [ RunTime:0.001218s ]

[ 2016-12-09T16:55:25+08:00 ] 127.0.0.1 /waibao/index.php/Home/Num/getServerTime
INFO: [ app_init ] --START--
INFO: Run Behavior\BuildLiteBehavior [ RunTime:0.000103s ]
INFO: [ app_init ] --END-- [ RunTime:0.000957s ]
INFO: [ app_begin ] --START--
INFO: Run Behavior\ReadHtmlCacheBehavior [ RunTime:0.000738s ]
INFO: [ app_begin ] --END-- [ RunTime:0.000949s ]

[ 2016-12-09T16:55:27+08:00 ] 127.0.0.1 /waibao/index.php/Home/Num/index/game/js16.html
INFO: [ app_init ] --START--
INFO: Run Behavior\BuildLiteBehavior [ RunTime:0.000030s ]
INFO: [ app_init ] --END-- [ RunTime:0.000484s ]
INFO: [ app_begin ] --START--
INFO: Run Behavior\ReadHtmlCacheBehavior [ RunTime:0.000702s ]
INFO: [ app_begin ] --END-- [ RunTime:0.000868s ]
SQL: SHOW COLUMNS FROM `user` [ RunTime:0.0007s ]
SQL: SELECT * FROM `user` WHERE `id` = '57d10a4c9abbd' LIMIT 1   [ RunTime:0.0003s ]
SQL: SHOW COLUMNS FROM `game` [ RunTime:0.0008s ]
SQL: SELECT * FROM `game` WHERE `name` = 'js16' AND `statu` = 3 ORDER BY issue desc LIMIT 1   [ RunTime:0.0011s ]
SQL: SELECT * FROM `game` WHERE `name` = 'js16' AND `issue` = 177478 LIMIT 1   [ RunTime:0.0010s ]
NOTIC: [8] Undefined index: p D:\wamp64\www\waibao\Application\Home\Controller\NumController.class.php 第 100 行.
SQL: SELECT * FROM `game` WHERE `name` = 'js16' ORDER BY issue desc LIMIT 0,20   [ RunTime:0.0013s ]
SQL: SHOW COLUMNS FROM `guess` [ RunTime:0.0007s ]
SQL: SHOW COLUMNS FROM `lottery` [ RunTime:0.0010s ]
SQL: SELECT * FROM `guess` WHERE `userid` = '57d10a4c9abbd' AND `gamename` = 'js16' AND `gameissue` = '177481'  [ RunTime:0.0007s ]
SQL: SELECT * FROM `guess` WHERE `userid` = '57d10a4c9abbd' AND `gamename` = 'js16' AND `gameissue` = '177480'  [ RunTime:0.0005s ]
SQL: SELECT * FROM `guess` WHERE `userid` = '57d10a4c9abbd' AND `gamename` = 'js16' AND `gameissue` = '177479'  [ RunTime:0.0005s ]
SQL: SELECT * FROM `guess` WHERE `userid` = '57d10a4c9abbd' AND `gamename` = 'js16' AND `gameissue` = '177478'  [ RunTime:0.0005s ]
SQL: SELECT * FROM `guess` WHERE `userid` = '57d10a4c9abbd' AND `gamename` = 'js16' AND `gameissue` = '177477'  [ RunTime:0.0005s ]
SQL: SELECT * FROM `guess` WHERE `userid` = '57d10a4c9abbd' AND `gamename` = 'js16' AND `gameissue` = '177476'  [ RunTime:0.0004s ]
SQL: SELECT * FROM `guess` WHERE `userid` = '57d10a4c9abbd' AND `gamename` = 'js16' AND `gameissue` = '177475'  [ RunTime:0.0005s ]
SQL: SELECT * FROM `guess` WHERE `userid` = '57d10a4c9abbd' AND `gamename` = 'js16' AND `gameissue` = '177474'  [ RunTime:0.0005s ]
SQL: SELECT * FROM `guess` WHERE `userid` = '57d10a4c9abbd' AND `gamename` = 'js16' AND `gameissue` = '177473'  [ RunTime:0.0005s ]
SQL: SELECT * FROM `guess` WHERE `userid` = '57d10a4c9abbd' AND `gamename` = 'js16' AND `gameissue` = '177472'  [ RunTime:0.0005s ]
SQL: SELECT * FROM `guess` WHERE `userid` = '57d10a4c9abbd' AND `gamename` = 'js16' AND `gameissue` = '177471'  [ RunTime:0.0005s ]
SQL: SELECT * FROM `guess` WHERE `userid` = '57d10a4c9abbd' AND `gamename` = 'js16' AND `gameissue` = '177470'  [ RunTime:0.0004s ]
SQL: SELECT * FROM `guess` WHERE `userid` = '57d10a4c9abbd' AND `gamename` = 'js16' AND `gameissue` = '177469'  [ RunTime:0.0004s ]
SQL: SELECT * FROM `guess` WHERE `userid` = '57d10a4c9abbd' AND `gamename` = 'js16' AND `gameissue` = '177468'  [ RunTime:0.0005s ]
SQL: SELECT * FROM `guess` WHERE `userid` = '57d10a4c9abbd' AND `gamename` = 'js16' AND `gameissue` = '177467'  [ RunTime:0.0007s ]
SQL: SELECT * FROM `guess` WHERE `userid` = '57d10a4c9abbd' AND `gamename` = 'js16' AND `gameissue` = '177466'  [ RunTime:0.0005s ]
SQL: SELECT * FROM `guess` WHERE `userid` = '57d10a4c9abbd' AND `gamename` = 'js16' AND `gameissue` = '177465'  [ RunTime:0.0006s ]
SQL: SELECT * FROM `guess` WHERE `userid` = '57d10a4c9abbd' AND `gamename` = 'js16' AND `gameissue` = '177464'  [ RunTime:0.0005s ]
SQL: SELECT * FROM `guess` WHERE `userid` = '57d10a4c9abbd' AND `gamename` = 'js16' AND `gameissue` = '177463'  [ RunTime:0.0006s ]
SQL: SELECT * FROM `guess` WHERE `userid` = '57d10a4c9abbd' AND `gamename` = 'js16' AND `gameissue` = '177462'  [ RunTime:0.0005s ]
SQL: SELECT COUNT(*) AS tp_count FROM `game` WHERE `name` = 'js16' LIMIT 1   [ RunTime:0.0005s ]
NOTIC: [2] urlencode() expects parameter 1 to be string, array given D:\wamp64\www\waibao\Application\Home\Controller\NumController.class.php 第 115 行.
INFO: [ view_parse ] --START--
INFO: [ template_filter ] --START--
INFO: Run Behavior\ContentReplaceBehavior [ RunTime:0.000153s ]
INFO: [ template_filter ] --END-- [ RunTime:0.000307s ]
INFO: Run Behavior\ParseTemplateBehavior [ RunTime:0.106362s ]
INFO: [ view_parse ] --END-- [ RunTime:0.106565s ]
INFO: [ view_filter ] --START--
INFO: Run Behavior\WriteHtmlCacheBehavior [ RunTime:0.000598s ]
INFO: [ view_filter ] --END-- [ RunTime:0.000839s ]
INFO: [ app_end ] --START--
INFO: Run Behavior\ShowPageTraceBehavior [ RunTime:0.001378s ]
INFO: [ app_end ] --END-- [ RunTime:0.001606s ]

[ 2016-12-09T16:55:27+08:00 ] 127.0.0.1 /waibao/index.php/Home/Num/getServerTime
INFO: [ app_init ] --START--
INFO: Run Behavior\BuildLiteBehavior [ RunTime:0.000030s ]
INFO: [ app_init ] --END-- [ RunTime:0.000468s ]
INFO: [ app_begin ] --START--
INFO: Run Behavior\ReadHtmlCacheBehavior [ RunTime:0.000614s ]
INFO: [ app_begin ] --END-- [ RunTime:0.000781s ]

[ 2016-12-09T16:56:31+08:00 ] 127.0.0.1 /waibao/index.php/Home/Num/index/game/js16.html
INFO: [ app_init ] --START--
INFO: Run Behavior\BuildLiteBehavior [ RunTime:0.000034s ]
INFO: [ app_init ] --END-- [ RunTime:0.000493s ]
INFO: [ app_begin ] --START--
INFO: Run Behavior\ReadHtmlCacheBehavior [ RunTime:0.000621s ]
INFO: [ app_begin ] --END-- [ RunTime:0.000779s ]
SQL: SHOW COLUMNS FROM `user` [ RunTime:0.0014s ]
SQL: SELECT * FROM `user` WHERE `id` = '57d10a4c9abbd' LIMIT 1   [ RunTime:0.0004s ]
SQL: SHOW COLUMNS FROM `game` [ RunTime:0.0009s ]
SQL: SELECT * FROM `game` WHERE `name` = 'js16' AND `statu` = 3 ORDER BY issue desc LIMIT 1   [ RunTime:0.0011s ]
SQL: SELECT * FROM `game` WHERE `name` = 'js16' AND `issue` = 177479 LIMIT 1   [ RunTime:0.0009s ]
NOTIC: [8] Undefined index: p D:\wamp64\www\waibao\Application\Home\Controller\NumController.class.php 第 100 行.
SQL: SELECT * FROM `game` WHERE `name` = 'js16' ORDER BY issue desc LIMIT 0,20   [ RunTime:0.0014s ]
SQL: SHOW COLUMNS FROM `guess` [ RunTime:0.0007s ]
SQL: SHOW COLUMNS FROM `lottery` [ RunTime:0.0006s ]
SQL: SELECT * FROM `guess` WHERE `userid` = '57d10a4c9abbd' AND `gamename` = 'js16' AND `gameissue` = '177482'  [ RunTime:0.0006s ]
SQL: SELECT * FROM `guess` WHERE `userid` = '57d10a4c9abbd' AND `gamename` = 'js16' AND `gameissue` = '177481'  [ RunTime:0.0008s ]
SQL: SELECT * FROM `guess` WHERE `userid` = '57d10a4c9abbd' AND `gamename` = 'js16' AND `gameissue` = '177480'  [ RunTime:0.0006s ]
SQL: SELECT * FROM `guess` WHERE `userid` = '57d10a4c9abbd' AND `gamename` = 'js16' AND `gameissue` = '177479'  [ RunTime:0.0005s ]
SQL: SELECT * FROM `guess` WHERE `userid` = '57d10a4c9abbd' AND `gamename` = 'js16' AND `gameissue` = '177478'  [ RunTime:0.0005s ]
SQL: SELECT * FROM `guess` WHERE `userid` = '57d10a4c9abbd' AND `gamename` = 'js16' AND `gameissue` = '177477'  [ RunTime:0.0005s ]
SQL: SELECT * FROM `guess` WHERE `userid` = '57d10a4c9abbd' AND `gamename` = 'js16' AND `gameissue` = '177476'  [ RunTime:0.0005s ]
SQL: SELECT * FROM `guess` WHERE `userid` = '57d10a4c9abbd' AND `gamename` = 'js16' AND `gameissue` = '177475'  [ RunTime:0.0005s ]
SQL: SELECT * FROM `guess` WHERE `userid` = '57d10a4c9abbd' AND `gamename` = 'js16' AND `gameissue` = '177474'  [ RunTime:0.0006s ]
SQL: SELECT * FROM `guess` WHERE `userid` = '57d10a4c9abbd' AND `gamename` = 'js16' AND `gameissue` = '177473'  [ RunTime:0.0006s ]
SQL: SELECT * FROM `guess` WHERE `userid` = '57d10a4c9abbd' AND `gamename` = 'js16' AND `gameissue` = '177472'  [ RunTime:0.0007s ]
SQL: SELECT * FROM `guess` WHERE `userid` = '57d10a4c9abbd' AND `gamename` = 'js16' AND `gameissue` = '177471'  [ RunTime:0.0006s ]
SQL: SELECT * FROM `guess` WHERE `userid` = '57d10a4c9abbd' AND `gamename` = 'js16' AND `gameissue` = '177470'  [ RunTime:0.0006s ]
SQL: SELECT * FROM `guess` WHERE `userid` = '57d10a4c9abbd' AND `gamename` = 'js16' AND `gameissue` = '177469'  [ RunTime:0.0005s ]
SQL: SELECT * FROM `guess` WHERE `userid` = '57d10a4c9abbd' AND `gamename` = 'js16' AND `gameissue` = '177468'  [ RunTime:0.0005s ]
SQL: SELECT * FROM `guess` WHERE `userid` = '57d10a4c9abbd' AND `gamename` = 'js16' AND `gameissue` = '177467'  [ RunTime:0.0005s ]
SQL: SELECT * FROM `guess` WHERE `userid` = '57d10a4c9abbd' AND `gamename` = 'js16' AND `gameissue` = '177466'  [ RunTime:0.0007s ]
SQL: SELECT * FROM `guess` WHERE `userid` = '57d10a4c9abbd' AND `gamename` = 'js16' AND `gameissue` = '177465'  [ RunTime:0.0006s ]
SQL: SELECT * FROM `guess` WHERE `userid` = '57d10a4c9abbd' AND `gamename` = 'js16' AND `gameissue` = '177464'  [ RunTime:0.0004s ]
SQL: SELECT * FROM `guess` WHERE `userid` = '57d10a4c9abbd' AND `gamename` = 'js16' AND `gameissue` = '177463'  [ RunTime:0.0004s ]
SQL: SELECT COUNT(*) AS tp_count FROM `game` WHERE `name` = 'js16' LIMIT 1   [ RunTime:0.0008s ]
NOTIC: [2] urlencode() expects parameter 1 to be string, array given D:\wamp64\www\waibao\Application\Home\Controller\NumController.class.php 第 115 行.
INFO: [ view_parse ] --START--
INFO: [ template_filter ] --START--
INFO: Run Behavior\ContentReplaceBehavior [ RunTime:0.000175s ]
INFO: [ template_filter ] --END-- [ RunTime:0.000360s ]
INFO: Run Behavior\ParseTemplateBehavior [ RunTime:0.100531s ]
INFO: [ view_parse ] --END-- [ RunTime:0.100684s ]
INFO: [ view_filter ] --START--
INFO: Run Behavior\WriteHtmlCacheBehavior [ RunTime:0.000436s ]
INFO: [ view_filter ] --END-- [ RunTime:0.000563s ]
INFO: [ app_end ] --START--
INFO: Run Behavior\ShowPageTraceBehavior [ RunTime:0.001051s ]
INFO: [ app_end ] --END-- [ RunTime:0.001301s ]

[ 2016-12-09T16:56:31+08:00 ] 127.0.0.1 /waibao/index.php/Home/Num/getServerTime
INFO: [ app_init ] --START--
INFO: Run Behavior\BuildLiteBehavior [ RunTime:0.000055s ]
INFO: [ app_init ] --END-- [ RunTime:0.000798s ]
INFO: [ app_begin ] --START--
INFO: Run Behavior\ReadHtmlCacheBehavior [ RunTime:0.001096s ]
INFO: [ app_begin ] --END-- [ RunTime:0.001358s ]

[ 2016-12-09T16:58:05+08:00 ] 127.0.0.1 /waibao/index.php/Home/Num/index/game/js16.html
INFO: [ app_init ] --START--
INFO: Run Behavior\BuildLiteBehavior [ RunTime:0.000055s ]
INFO: [ app_init ] --END-- [ RunTime:0.000830s ]
INFO: [ app_begin ] --START--
INFO: Run Behavior\ReadHtmlCacheBehavior [ RunTime:0.000910s ]
INFO: [ app_begin ] --END-- [ RunTime:0.001174s ]
SQL: SHOW COLUMNS FROM `user` [ RunTime:0.0075s ]
SQL: SELECT * FROM `user` WHERE `id` = '57d10a4c9abbd' LIMIT 1   [ RunTime:0.0111s ]
SQL: SHOW COLUMNS FROM `game` [ RunTime:0.0026s ]
SQL: SELECT * FROM `game` WHERE `name` = 'js16' AND `statu` = 3 ORDER BY issue desc LIMIT 1   [ RunTime:0.0007s ]
SQL: SELECT * FROM `game` WHERE `name` = 'js16' AND `issue` = 177400 LIMIT 1   [ RunTime:0.0005s ]
NOTIC: [8] Undefined index: p D:\wamp64\www\waibao\Application\Home\Controller\NumController.class.php 第 100 行.
SQL: SELECT * FROM `game` WHERE `name` = 'js16' ORDER BY issue desc LIMIT 0,20   [ RunTime:0.0006s ]
SQL: SHOW COLUMNS FROM `guess` [ RunTime:0.0019s ]
SQL: SHOW COLUMNS FROM `lottery` [ RunTime:0.0020s ]
SQL: SELECT * FROM `guess` WHERE `userid` = '57d10a4c9abbd' AND `gamename` = 'js16' AND `gameissue` = '177399'  [ RunTime:0.0004s ]
SQL: SELECT * FROM `guess` WHERE `userid` = '57d10a4c9abbd' AND `gamename` = 'js16' AND `gameissue` = '177398'  [ RunTime:0.0003s ]
SQL: SELECT * FROM `guess` WHERE `userid` = '57d10a4c9abbd' AND `gamename` = 'js16' AND `gameissue` = '177397'  [ RunTime:0.0003s ]
SQL: SELECT * FROM `guess` WHERE `userid` = '57d10a4c9abbd' AND `gamename` = 'js16' AND `gameissue` = '177396'  [ RunTime:0.0004s ]
SQL: SELECT * FROM `guess` WHERE `userid` = '57d10a4c9abbd' AND `gamename` = 'js16' AND `gameissue` = '177395'  [ RunTime:0.0004s ]
SQL: SELECT COUNT(*) AS tp_count FROM `game` WHERE `name` = 'js16' LIMIT 1   [ RunTime:0.0006s ]
NOTIC: [2] urlencode() expects parameter 1 to be string, array given D:\wamp64\www\waibao\Application\Home\Controller\NumController.class.php 第 115 行.
INFO: [ view_parse ] --START--
INFO: [ template_filter ] --START--
INFO: Run Behavior\ContentReplaceBehavior [ RunTime:0.000246s ]
INFO: [ template_filter ] --END-- [ RunTime:0.000490s ]
INFO: Run Behavior\ParseTemplateBehavior [ RunTime:0.131693s ]
INFO: [ view_parse ] --END-- [ RunTime:0.131921s ]
INFO: [ view_filter ] --START--
INFO: Run Behavior\WriteHtmlCacheBehavior [ RunTime:0.000528s ]
INFO: [ view_filter ] --END-- [ RunTime:0.000656s ]
INFO: [ app_end ] --START--
INFO: Run Behavior\ShowPageTraceBehavior [ RunTime:0.000970s ]
INFO: [ app_end ] --END-- [ RunTime:0.001209s ]

[ 2016-12-09T16:58:06+08:00 ] 127.0.0.1 /waibao/index.php/Home/Num/getServerTime
INFO: [ app_init ] --START--
INFO: Run Behavior\BuildLiteBehavior [ RunTime:0.000049s ]
INFO: [ app_init ] --END-- [ RunTime:0.000777s ]
INFO: [ app_begin ] --START--
INFO: Run Behavior\ReadHtmlCacheBehavior [ RunTime:0.000846s ]
INFO: [ app_begin ] --END-- [ RunTime:0.001070s ]

[ 2016-12-09T16:58:11+08:00 ] 127.0.0.1 /waibao/index.php/Home/Num/index/game/js16.html
INFO: [ app_init ] --START--
INFO: Run Behavior\BuildLiteBehavior [ RunTime:0.000068s ]
INFO: [ app_init ] --END-- [ RunTime:0.001068s ]
INFO: [ app_begin ] --START--
INFO: Run Behavior\ReadHtmlCacheBehavior [ RunTime:0.001214s ]
INFO: [ app_begin ] --END-- [ RunTime:0.001602s ]
SQL: SHOW COLUMNS FROM `user` [ RunTime:0.0023s ]
SQL: SELECT * FROM `user` WHERE `id` = '57d10a4c9abbd' LIMIT 1   [ RunTime:0.0004s ]
SQL: SHOW COLUMNS FROM `game` [ RunTime:0.0016s ]
SQL: SELECT * FROM `game` WHERE `name` = 'js16' AND `statu` = 3 ORDER BY issue desc LIMIT 1   [ RunTime:0.0008s ]
SQL: SELECT * FROM `game` WHERE `name` = 'js16' AND `issue` = 177400 LIMIT 1   [ RunTime:0.0011s ]
NOTIC: [8] Undefined index: p D:\wamp64\www\waibao\Application\Home\Controller\NumController.class.php 第 100 行.
SQL: SELECT * FROM `game` WHERE `name` = 'js16' ORDER BY issue desc LIMIT 0,20   [ RunTime:0.0014s ]
SQL: SHOW COLUMNS FROM `guess` [ RunTime:0.0015s ]
SQL: SHOW COLUMNS FROM `lottery` [ RunTime:0.0012s ]
SQL: SELECT * FROM `guess` WHERE `userid` = '57d10a4c9abbd' AND `gamename` = 'js16' AND `gameissue` = '177399'  [ RunTime:0.0004s ]
SQL: SELECT * FROM `guess` WHERE `userid` = '57d10a4c9abbd' AND `gamename` = 'js16' AND `gameissue` = '177398'  [ RunTime:0.0002s ]
SQL: SELECT * FROM `guess` WHERE `userid` = '57d10a4c9abbd' AND `gamename` = 'js16' AND `gameissue` = '177397'  [ RunTime:0.0002s ]
SQL: SELECT * FROM `guess` WHERE `userid` = '57d10a4c9abbd' AND `gamename` = 'js16' AND `gameissue` = '177396'  [ RunTime:0.0002s ]
SQL: SELECT * FROM `guess` WHERE `userid` = '57d10a4c9abbd' AND `gamename` = 'js16' AND `gameissue` = '177395'  [ RunTime:0.0002s ]
SQL: SELECT COUNT(*) AS tp_count FROM `game` WHERE `name` = 'js16' LIMIT 1   [ RunTime:0.0002s ]
NOTIC: [2] urlencode() expects parameter 1 to be string, array given D:\wamp64\www\waibao\Application\Home\Controller\NumController.class.php 第 115 行.
INFO: [ view_parse ] --START--
INFO: [ template_filter ] --START--
INFO: Run Behavior\ContentReplaceBehavior [ RunTime:0.000141s ]
INFO: [ template_filter ] --END-- [ RunTime:0.000279s ]
INFO: Run Behavior\ParseTemplateBehavior [ RunTime:0.103949s ]
INFO: [ view_parse ] --END-- [ RunTime:0.104103s ]
INFO: [ view_filter ] --START--
INFO: Run Behavior\WriteHtmlCacheBehavior [ RunTime:0.000383s ]
INFO: [ view_filter ] --END-- [ RunTime:0.000521s ]
INFO: [ app_end ] --START--
INFO: Run Behavior\ShowPageTraceBehavior [ RunTime:0.000935s ]
INFO: [ app_end ] --END-- [ RunTime:0.001166s ]

[ 2016-12-09T16:58:11+08:00 ] 127.0.0.1 /waibao/index.php/Home/Num/getServerTime
INFO: [ app_init ] --START--
INFO: Run Behavior\BuildLiteBehavior [ RunTime:0.000030s ]
INFO: [ app_init ] --END-- [ RunTime:0.000477s ]
INFO: [ app_begin ] --START--
INFO: Run Behavior\ReadHtmlCacheBehavior [ RunTime:0.000775s ]
INFO: [ app_begin ] --END-- [ RunTime:0.000988s ]

[ 2016-12-09T16:58:16+08:00 ] 127.0.0.1 /waibao/index.php/Home/Num/index/game/js16.html
INFO: [ app_init ] --START--
INFO: Run Behavior\BuildLiteBehavior [ RunTime:0.000036s ]
INFO: [ app_init ] --END-- [ RunTime:0.000537s ]
INFO: [ app_begin ] --START--
INFO: Run Behavior\ReadHtmlCacheBehavior [ RunTime:0.000956s ]
INFO: [ app_begin ] --END-- [ RunTime:0.001222s ]
SQL: SHOW COLUMNS FROM `user` [ RunTime:0.0023s ]
SQL: SELECT * FROM `user` WHERE `id` = '57d10a4c9abbd' LIMIT 1   [ RunTime:0.0004s ]
SQL: SHOW COLUMNS FROM `game` [ RunTime:0.0025s ]
SQL: SELECT * FROM `game` WHERE `name` = 'js16' AND `statu` = 3 ORDER BY issue desc LIMIT 1   [ RunTime:0.0007s ]
SQL: SELECT * FROM `game` WHERE `name` = 'js16' AND `issue` = 177400 LIMIT 1   [ RunTime:0.0004s ]
NOTIC: [8] Undefined index: p D:\wamp64\www\waibao\Application\Home\Controller\NumController.class.php 第 100 行.
SQL: SELECT * FROM `game` WHERE `name` = 'js16' ORDER BY issue desc LIMIT 0,20   [ RunTime:0.0005s ]
SQL: SHOW COLUMNS FROM `guess` [ RunTime:0.0020s ]
SQL: SHOW COLUMNS FROM `lottery` [ RunTime:0.0016s ]
SQL: SELECT * FROM `guess` WHERE `userid` = '57d10a4c9abbd' AND `gamename` = 'js16' AND `gameissue` = '177399'  [ RunTime:0.0004s ]
SQL: SELECT * FROM `guess` WHERE `userid` = '57d10a4c9abbd' AND `gamename` = 'js16' AND `gameissue` = '177398'  [ RunTime:0.0003s ]
SQL: SELECT * FROM `guess` WHERE `userid` = '57d10a4c9abbd' AND `gamename` = 'js16' AND `gameissue` = '177397'  [ RunTime:0.0003s ]
SQL: SELECT * FROM `guess` WHERE `userid` = '57d10a4c9abbd' AND `gamename` = 'js16' AND `gameissue` = '177396'  [ RunTime:0.0003s ]
SQL: SELECT * FROM `guess` WHERE `userid` = '57d10a4c9abbd' AND `gamename` = 'js16' AND `gameissue` = '177395'  [ RunTime:0.0003s ]
SQL: SELECT COUNT(*) AS tp_count FROM `game` WHERE `name` = 'js16' LIMIT 1   [ RunTime:0.0003s ]
NOTIC: [2] urlencode() expects parameter 1 to be string, array given D:\wamp64\www\waibao\Application\Home\Controller\NumController.class.php 第 115 行.
INFO: [ view_parse ] --START--
INFO: [ template_filter ] --START--
INFO: Run Behavior\ContentReplaceBehavior [ RunTime:0.000174s ]
INFO: [ template_filter ] --END-- [ RunTime:0.000329s ]
INFO: Run Behavior\ParseTemplateBehavior [ RunTime:0.119362s ]
INFO: [ view_parse ] --END-- [ RunTime:0.119542s ]
INFO: [ view_filter ] --START--
INFO: Run Behavior\WriteHtmlCacheBehavior [ RunTime:0.000273s ]
INFO: [ view_filter ] --END-- [ RunTime:0.000395s ]
INFO: [ app_end ] --START--
INFO: Run Behavior\ShowPageTraceBehavior [ RunTime:0.000700s ]
INFO: [ app_end ] --END-- [ RunTime:0.000934s ]

[ 2016-12-09T16:58:17+08:00 ] 127.0.0.1 /waibao/index.php/Home/Num/getServerTime
INFO: [ app_init ] --START--
INFO: Run Behavior\BuildLiteBehavior [ RunTime:0.000050s ]
INFO: [ app_init ] --END-- [ RunTime:0.000729s ]
INFO: [ app_begin ] --START--
INFO: Run Behavior\ReadHtmlCacheBehavior [ RunTime:0.000878s ]
INFO: [ app_begin ] --END-- [ RunTime:0.001128s ]

[ 2016-12-09T16:58:22+08:00 ] 127.0.0.1 /waibao/index.php/Home/Num/index/game/js16.html
INFO: [ app_init ] --START--
INFO: Run Behavior\BuildLiteBehavior [ RunTime:0.000050s ]
INFO: [ app_init ] --END-- [ RunTime:0.000703s ]
INFO: [ app_begin ] --START--
INFO: Run Behavior\ReadHtmlCacheBehavior [ RunTime:0.000495s ]
INFO: [ app_begin ] --END-- [ RunTime:0.000641s ]
SQL: SHOW COLUMNS FROM `user` [ RunTime:0.0016s ]
SQL: SELECT * FROM `user` WHERE `id` = '57d10a4c9abbd' LIMIT 1   [ RunTime:0.0003s ]
SQL: SHOW COLUMNS FROM `game` [ RunTime:0.0024s ]
SQL: SELECT * FROM `game` WHERE `name` = 'js16' AND `statu` = 3 ORDER BY issue desc LIMIT 1   [ RunTime:0.0006s ]
SQL: SELECT * FROM `game` WHERE `name` = 'js16' AND `issue` = 177480 LIMIT 1   [ RunTime:0.0004s ]
NOTIC: [8] Undefined index: p D:\wamp64\www\waibao\Application\Home\Controller\NumController.class.php 第 100 行.
SQL: SELECT * FROM `game` WHERE `name` = 'js16' ORDER BY issue desc LIMIT 0,20   [ RunTime:0.0007s ]
SQL: SHOW COLUMNS FROM `guess` [ RunTime:0.0017s ]
SQL: SHOW COLUMNS FROM `lottery` [ RunTime:0.0015s ]
SQL: SELECT * FROM `guess` WHERE `userid` = '57d10a4c9abbd' AND `gamename` = 'js16' AND `gameissue` = '177482'  [ RunTime:0.0004s ]
SQL: SELECT * FROM `guess` WHERE `userid` = '57d10a4c9abbd' AND `gamename` = 'js16' AND `gameissue` = '177481'  [ RunTime:0.0003s ]
SQL: SELECT * FROM `guess` WHERE `userid` = '57d10a4c9abbd' AND `gamename` = 'js16' AND `gameissue` = '177480'  [ RunTime:0.0003s ]
SQL: SELECT * FROM `guess` WHERE `userid` = '57d10a4c9abbd' AND `gamename` = 'js16' AND `gameissue` = '177479'  [ RunTime:0.0004s ]
SQL: SELECT * FROM `guess` WHERE `userid` = '57d10a4c9abbd' AND `gamename` = 'js16' AND `gameissue` = '177399'  [ RunTime:0.0003s ]
SQL: SELECT * FROM `guess` WHERE `userid` = '57d10a4c9abbd' AND `gamename` = 'js16' AND `gameissue` = '177398'  [ RunTime:0.0003s ]
SQL: SELECT * FROM `guess` WHERE `userid` = '57d10a4c9abbd' AND `gamename` = 'js16' AND `gameissue` = '177397'  [ RunTime:0.0006s ]
SQL: SELECT * FROM `guess` WHERE `userid` = '57d10a4c9abbd' AND `gamename` = 'js16' AND `gameissue` = '177396'  [ RunTime:0.0004s ]
SQL: SELECT * FROM `guess` WHERE `userid` = '57d10a4c9abbd' AND `gamename` = 'js16' AND `gameissue` = '177395'  [ RunTime:0.0004s ]
SQL: SELECT COUNT(*) AS tp_count FROM `game` WHERE `name` = 'js16' LIMIT 1   [ RunTime:0.0004s ]
NOTIC: [2] urlencode() expects parameter 1 to be string, array given D:\wamp64\www\waibao\Application\Home\Controller\NumController.class.php 第 115 行.
INFO: [ view_parse ] --START--
INFO: [ template_filter ] --START--
INFO: Run Behavior\ContentReplaceBehavior [ RunTime:0.000402s ]
INFO: [ template_filter ] --END-- [ RunTime:0.001045s ]
INFO: Run Behavior\ParseTemplateBehavior [ RunTime:0.107096s ]
INFO: [ view_parse ] --END-- [ RunTime:0.107260s ]
INFO: [ view_filter ] --START--
INFO: Run Behavior\WriteHtmlCacheBehavior [ RunTime:0.000367s ]
INFO: [ view_filter ] --END-- [ RunTime:0.000507s ]
INFO: [ app_end ] --START--
INFO: Run Behavior\ShowPageTraceBehavior [ RunTime:0.000777s ]
INFO: [ app_end ] --END-- [ RunTime:0.001014s ]

[ 2016-12-09T16:58:22+08:00 ] 127.0.0.1 /waibao/index.php/Home/Num/getServerTime
INFO: [ app_init ] --START--
INFO: Run Behavior\BuildLiteBehavior [ RunTime:0.000031s ]
INFO: [ app_init ] --END-- [ RunTime:0.000482s ]
INFO: [ app_begin ] --START--
INFO: Run Behavior\ReadHtmlCacheBehavior [ RunTime:0.000581s ]
INFO: [ app_begin ] --END-- [ RunTime:0.000780s ]

[ 2016-12-09T16:58:35+08:00 ] 127.0.0.1 /waibao/index.php/Home/Num/index/game/js16.html
INFO: [ app_init ] --START--
INFO: Run Behavior\BuildLiteBehavior [ RunTime:0.000052s ]
INFO: [ app_init ] --END-- [ RunTime:0.000866s ]
INFO: [ app_begin ] --START--
INFO: Run Behavior\ReadHtmlCacheBehavior [ RunTime:0.000641s ]
INFO: [ app_begin ] --END-- [ RunTime:0.000795s ]
SQL: SHOW COLUMNS FROM `user` [ RunTime:0.0033s ]
SQL: SELECT * FROM `user` WHERE `id` = '57d10a4c9abbd' LIMIT 1   [ RunTime:0.0003s ]
SQL: SHOW COLUMNS FROM `game` [ RunTime:0.0015s ]
SQL: SELECT * FROM `game` WHERE `name` = 'js16' AND `statu` = 3 ORDER BY issue desc LIMIT 1   [ RunTime:0.0005s ]
SQL: SELECT * FROM `game` WHERE `name` = 'js16' AND `issue` = 177481 LIMIT 1   [ RunTime:0.0004s ]
NOTIC: [8] Undefined index: p D:\wamp64\www\waibao\Application\Home\Controller\NumController.class.php 第 100 行.
SQL: SELECT * FROM `game` WHERE `name` = 'js16' ORDER BY issue desc LIMIT 0,20   [ RunTime:0.0005s ]
SQL: SHOW COLUMNS FROM `guess` [ RunTime:0.0014s ]
SQL: SHOW COLUMNS FROM `lottery` [ RunTime:0.0013s ]
SQL: SELECT * FROM `guess` WHERE `userid` = '57d10a4c9abbd' AND `gamename` = 'js16' AND `gameissue` = '177484'  [ RunTime:0.0004s ]
SQL: SELECT * FROM `guess` WHERE `userid` = '57d10a4c9abbd' AND `gamename` = 'js16' AND `gameissue` = '177483'  [ RunTime:0.0004s ]
SQL: SELECT * FROM `guess` WHERE `userid` = '57d10a4c9abbd' AND `gamename` = 'js16' AND `gameissue` = '177482'  [ RunTime:0.0004s ]
SQL: SELECT * FROM `guess` WHERE `userid` = '57d10a4c9abbd' AND `gamename` = 'js16' AND `gameissue` = '177481'  [ RunTime:0.0004s ]
SQL: SELECT * FROM `guess` WHERE `userid` = '57d10a4c9abbd' AND `gamename` = 'js16' AND `gameissue` = '177480'  [ RunTime:0.0004s ]
SQL: SELECT * FROM `guess` WHERE `userid` = '57d10a4c9abbd' AND `gamename` = 'js16' AND `gameissue` = '177479'  [ RunTime:0.0003s ]
SQL: SELECT * FROM `guess` WHERE `userid` = '57d10a4c9abbd' AND `gamename` = 'js16' AND `gameissue` = '177399'  [ RunTime:0.0003s ]
SQL: SELECT * FROM `guess` WHERE `userid` = '57d10a4c9abbd' AND `gamename` = 'js16' AND `gameissue` = '177398'  [ RunTime:0.0003s ]
SQL: SELECT * FROM `guess` WHERE `userid` = '57d10a4c9abbd' AND `gamename` = 'js16' AND `gameissue` = '177397'  [ RunTime:0.0004s ]
SQL: SELECT * FROM `guess` WHERE `userid` = '57d10a4c9abbd' AND `gamename` = 'js16' AND `gameissue` = '177396'  [ RunTime:0.0003s ]
SQL: SELECT * FROM `guess` WHERE `userid` = '57d10a4c9abbd' AND `gamename` = 'js16' AND `gameissue` = '177395'  [ RunTime:0.0003s ]
SQL: SELECT COUNT(*) AS tp_count FROM `game` WHERE `name` = 'js16' LIMIT 1   [ RunTime:0.0002s ]
NOTIC: [2] urlencode() expects parameter 1 to be string, array given D:\wamp64\www\waibao\Application\Home\Controller\NumController.class.php 第 115 行.
INFO: [ view_parse ] --START--
INFO: [ template_filter ] --START--
INFO: Run Behavior\ContentReplaceBehavior [ RunTime:0.000146s ]
INFO: [ template_filter ] --END-- [ RunTime:0.000324s ]
INFO: Run Behavior\ParseTemplateBehavior [ RunTime:0.103484s ]
INFO: [ view_parse ] --END-- [ RunTime:0.103641s ]
INFO: [ view_filter ] --START--
INFO: Run Behavior\WriteHtmlCacheBehavior [ RunTime:0.000449s ]
INFO: [ view_filter ] --END-- [ RunTime:0.000576s ]
INFO: [ app_end ] --START--
INFO: Run Behavior\ShowPageTraceBehavior [ RunTime:0.001182s ]
INFO: [ app_end ] --END-- [ RunTime:0.001474s ]

[ 2016-12-09T16:58:35+08:00 ] 127.0.0.1 /waibao/index.php/Home/Num/getServerTime
INFO: [ app_init ] --START--
INFO: Run Behavior\BuildLiteBehavior [ RunTime:0.000051s ]
INFO: [ app_init ] --END-- [ RunTime:0.000779s ]
INFO: [ app_begin ] --START--
INFO: Run Behavior\ReadHtmlCacheBehavior [ RunTime:0.000807s ]
INFO: [ app_begin ] --END-- [ RunTime:0.001023s ]

[ 2016-12-09T16:58:39+08:00 ] 127.0.0.1 /waibao/index.php/Home/Num/index/game/js16.html
INFO: [ app_init ] --START--
INFO: Run Behavior\BuildLiteBehavior [ RunTime:0.000056s ]
INFO: [ app_init ] --END-- [ RunTime:0.000776s ]
INFO: [ app_begin ] --START--
INFO: Run Behavior\ReadHtmlCacheBehavior [ RunTime:0.000794s ]
INFO: [ app_begin ] --END-- [ RunTime:0.001046s ]
SQL: SHOW COLUMNS FROM `user` [ RunTime:0.0015s ]
SQL: SELECT * FROM `user` WHERE `id` = '57d10a4c9abbd' LIMIT 1   [ RunTime:0.0003s ]
SQL: SHOW COLUMNS FROM `game` [ RunTime:0.0016s ]
SQL: SELECT * FROM `game` WHERE `name` = 'js16' AND `statu` = 3 ORDER BY issue desc LIMIT 1   [ RunTime:0.0011s ]
SQL: SELECT * FROM `game` WHERE `name` = 'js16' AND `issue` = 177481 LIMIT 1   [ RunTime:0.0006s ]
NOTIC: [8] Undefined index: p D:\wamp64\www\waibao\Application\Home\Controller\NumController.class.php 第 100 行.
SQL: SELECT * FROM `game` WHERE `name` = 'js16' ORDER BY issue desc LIMIT 0,20   [ RunTime:0.0006s ]
SQL: SHOW COLUMNS FROM `guess` [ RunTime:0.0016s ]
SQL: SHOW COLUMNS FROM `lottery` [ RunTime:0.0015s ]
SQL: SELECT * FROM `guess` WHERE `userid` = '57d10a4c9abbd' AND `gamename` = 'js16' AND `gameissue` = '177484'  [ RunTime:0.0005s ]
SQL: SELECT * FROM `guess` WHERE `userid` = '57d10a4c9abbd' AND `gamename` = 'js16' AND `gameissue` = '177483'  [ RunTime:0.0005s ]
SQL: SELECT * FROM `guess` WHERE `userid` = '57d10a4c9abbd' AND `gamename` = 'js16' AND `gameissue` = '177482'  [ RunTime:0.0005s ]
SQL: SELECT * FROM `guess` WHERE `userid` = '57d10a4c9abbd' AND `gamename` = 'js16' AND `gameissue` = '177481'  [ RunTime:0.0008s ]
SQL: SELECT * FROM `guess` WHERE `userid` = '57d10a4c9abbd' AND `gamename` = 'js16' AND `gameissue` = '177480'  [ RunTime:0.0005s ]
SQL: SELECT * FROM `guess` WHERE `userid` = '57d10a4c9abbd' AND `gamename` = 'js16' AND `gameissue` = '177479'  [ RunTime:0.0007s ]
SQL: SELECT * FROM `guess` WHERE `userid` = '57d10a4c9abbd' AND `gamename` = 'js16' AND `gameissue` = '177399'  [ RunTime:0.0009s ]
SQL: SELECT * FROM `guess` WHERE `userid` = '57d10a4c9abbd' AND `gamename` = 'js16' AND `gameissue` = '177398'  [ RunTime:0.0015s ]
SQL: SELECT * FROM `guess` WHERE `userid` = '57d10a4c9abbd' AND `gamename` = 'js16' AND `gameissue` = '177397'  [ RunTime:0.0005s ]
SQL: SELECT * FROM `guess` WHERE `userid` = '57d10a4c9abbd' AND `gamename` = 'js16' AND `gameissue` = '177396'  [ RunTime:0.0004s ]
SQL: SELECT * FROM `guess` WHERE `userid` = '57d10a4c9abbd' AND `gamename` = 'js16' AND `gameissue` = '177395'  [ RunTime:0.0004s ]
SQL: SELECT COUNT(*) AS tp_count FROM `game` WHERE `name` = 'js16' LIMIT 1   [ RunTime:0.0003s ]
NOTIC: [2] urlencode() expects parameter 1 to be string, array given D:\wamp64\www\waibao\Application\Home\Controller\NumController.class.php 第 115 行.
INFO: [ view_parse ] --START--
INFO: [ template_filter ] --START--
INFO: Run Behavior\ContentReplaceBehavior [ RunTime:0.000190s ]
INFO: [ template_filter ] --END-- [ RunTime:0.000367s ]
INFO: Run Behavior\ParseTemplateBehavior [ RunTime:0.155915s ]
INFO: [ view_parse ] --END-- [ RunTime:0.156137s ]
INFO: [ view_filter ] --START--
INFO: Run Behavior\WriteHtmlCacheBehavior [ RunTime:0.000524s ]
INFO: [ view_filter ] --END-- [ RunTime:0.000745s ]
INFO: [ app_end ] --START--
INFO: Run Behavior\ShowPageTraceBehavior [ RunTime:0.000979s ]
INFO: [ app_end ] --END-- [ RunTime:0.001182s ]

[ 2016-12-09T16:58:39+08:00 ] 127.0.0.1 /waibao/index.php/Home/Num/getServerTime
INFO: [ app_init ] --START--
INFO: Run Behavior\BuildLiteBehavior [ RunTime:0.000054s ]
INFO: [ app_init ] --END-- [ RunTime:0.000786s ]
INFO: [ app_begin ] --START--
INFO: Run Behavior\ReadHtmlCacheBehavior [ RunTime:0.000580s ]
INFO: [ app_begin ] --END-- [ RunTime:0.000770s ]

[ 2016-12-09T16:58:41+08:00 ] 127.0.0.1 /waibao/index.php/Home/Num/index/game/js16.html
INFO: [ app_init ] --START--
INFO: Run Behavior\BuildLiteBehavior [ RunTime:0.000032s ]
INFO: [ app_init ] --END-- [ RunTime:0.000465s ]
INFO: [ app_begin ] --START--
INFO: Run Behavior\ReadHtmlCacheBehavior [ RunTime:0.000495s ]
INFO: [ app_begin ] --END-- [ RunTime:0.000651s ]
SQL: SHOW COLUMNS FROM `user` [ RunTime:0.0015s ]
SQL: SELECT * FROM `user` WHERE `id` = '57d10a4c9abbd' LIMIT 1   [ RunTime:0.0003s ]
SQL: SHOW COLUMNS FROM `game` [ RunTime:0.0016s ]
SQL: SELECT * FROM `game` WHERE `name` = 'js16' AND `statu` = 3 ORDER BY issue desc LIMIT 1   [ RunTime:0.0007s ]
SQL: SELECT * FROM `game` WHERE `name` = 'js16' AND `issue` = 177481 LIMIT 1   [ RunTime:0.0005s ]
NOTIC: [8] Undefined index: p D:\wamp64\www\waibao\Application\Home\Controller\NumController.class.php 第 100 行.
SQL: SELECT * FROM `game` WHERE `name` = 'js16' ORDER BY issue desc LIMIT 0,20   [ RunTime:0.0008s ]
SQL: SHOW COLUMNS FROM `guess` [ RunTime:0.0017s ]
SQL: SHOW COLUMNS FROM `lottery` [ RunTime:0.0021s ]
SQL: SELECT * FROM `guess` WHERE `userid` = '57d10a4c9abbd' AND `gamename` = 'js16' AND `gameissue` = '177484'  [ RunTime:0.0005s ]
SQL: SELECT * FROM `guess` WHERE `userid` = '57d10a4c9abbd' AND `gamename` = 'js16' AND `gameissue` = '177483'  [ RunTime:0.0004s ]
SQL: SELECT * FROM `guess` WHERE `userid` = '57d10a4c9abbd' AND `gamename` = 'js16' AND `gameissue` = '177482'  [ RunTime:0.0004s ]
SQL: SELECT * FROM `guess` WHERE `userid` = '57d10a4c9abbd' AND `gamename` = 'js16' AND `gameissue` = '177481'  [ RunTime:0.0004s ]
SQL: SELECT * FROM `guess` WHERE `userid` = '57d10a4c9abbd' AND `gamename` = 'js16' AND `gameissue` = '177480'  [ RunTime:0.0004s ]
SQL: SELECT * FROM `guess` WHERE `userid` = '57d10a4c9abbd' AND `gamename` = 'js16' AND `gameissue` = '177479'  [ RunTime:0.0003s ]
SQL: SELECT * FROM `guess` WHERE `userid` = '57d10a4c9abbd' AND `gamename` = 'js16' AND `gameissue` = '177399'  [ RunTime:0.0003s ]
SQL: SELECT * FROM `guess` WHERE `userid` = '57d10a4c9abbd' AND `gamename` = 'js16' AND `gameissue` = '177398'  [ RunTime:0.0004s ]
SQL: SELECT * FROM `guess` WHERE `userid` = '57d10a4c9abbd' AND `gamename` = 'js16' AND `gameissue` = '177397'  [ RunTime:0.0004s ]
SQL: SELECT * FROM `guess` WHERE `userid` = '57d10a4c9abbd' AND `gamename` = 'js16' AND `gameissue` = '177396'  [ RunTime:0.0003s ]
SQL: SELECT * FROM `guess` WHERE `userid` = '57d10a4c9abbd' AND `gamename` = 'js16' AND `gameissue` = '177395'  [ RunTime:0.0003s ]
SQL: SELECT COUNT(*) AS tp_count FROM `game` WHERE `name` = 'js16' LIMIT 1   [ RunTime:0.0003s ]
NOTIC: [2] urlencode() expects parameter 1 to be string, array given D:\wamp64\www\waibao\Application\Home\Controller\NumController.class.php 第 115 行.
INFO: [ view_parse ] --START--
INFO: [ template_filter ] --START--
INFO: Run Behavior\ContentReplaceBehavior [ RunTime:0.000152s ]
INFO: [ template_filter ] --END-- [ RunTime:0.000325s ]
INFO: Run Behavior\ParseTemplateBehavior [ RunTime:0.128476s ]
INFO: [ view_parse ] --END-- [ RunTime:0.128723s ]
INFO: [ view_filter ] --START--
INFO: Run Behavior\WriteHtmlCacheBehavior [ RunTime:0.000380s ]
INFO: [ view_filter ] --END-- [ RunTime:0.000523s ]
INFO: [ app_end ] --START--
INFO: Run Behavior\ShowPageTraceBehavior [ RunTime:0.000799s ]
INFO: [ app_end ] --END-- [ RunTime:0.001062s ]

[ 2016-12-09T16:58:42+08:00 ] 127.0.0.1 /waibao/index.php/Home/Num/getServerTime
INFO: [ app_init ] --START--
INFO: Run Behavior\BuildLiteBehavior [ RunTime:0.000051s ]
INFO: [ app_init ] --END-- [ RunTime:0.000752s ]
INFO: [ app_begin ] --START--
INFO: Run Behavior\ReadHtmlCacheBehavior [ RunTime:0.000894s ]
INFO: [ app_begin ] --END-- [ RunTime:0.001072s ]

[ 2016-12-09T16:59:02+08:00 ] 127.0.0.1 /waibao/index.php/Home/Num/index/game/js16.html
INFO: [ app_init ] --START--
INFO: Run Behavior\BuildLiteBehavior [ RunTime:0.000057s ]
INFO: [ app_init ] --END-- [ RunTime:0.000877s ]
INFO: [ app_begin ] --START--
INFO: Run Behavior\ReadHtmlCacheBehavior [ RunTime:0.000792s ]
INFO: [ app_begin ] --END-- [ RunTime:0.001051s ]
SQL: SHOW COLUMNS FROM `user` [ RunTime:0.0065s ]
SQL: SELECT * FROM `user` WHERE `id` = '57d10a4c9abbd' LIMIT 1   [ RunTime:0.0007s ]
SQL: SHOW COLUMNS FROM `game` [ RunTime:0.0026s ]
SQL: SELECT * FROM `game` WHERE `name` = 'js16' AND `statu` = 3 ORDER BY issue desc LIMIT 1   [ RunTime:0.0008s ]
SQL: SELECT * FROM `game` WHERE `name` = 'js16' AND `issue` = 177481 LIMIT 1   [ RunTime:0.0005s ]
NOTIC: [8] Undefined index: p D:\wamp64\www\waibao\Application\Home\Controller\NumController.class.php 第 100 行.
SQL: SELECT * FROM `game` WHERE `name` = 'js16' ORDER BY issue desc LIMIT 0,20   [ RunTime:0.0011s ]
SQL: SHOW COLUMNS FROM `guess` [ RunTime:0.0041s ]
SQL: SHOW COLUMNS FROM `lottery` [ RunTime:0.0023s ]
SQL: SELECT * FROM `guess` WHERE `userid` = '57d10a4c9abbd' AND `gamename` = 'js16' AND `gameissue` = '177484'  [ RunTime:0.0007s ]
SQL: SELECT * FROM `guess` WHERE `userid` = '57d10a4c9abbd' AND `gamename` = 'js16' AND `gameissue` = '177483'  [ RunTime:0.0006s ]
SQL: SELECT * FROM `guess` WHERE `userid` = '57d10a4c9abbd' AND `gamename` = 'js16' AND `gameissue` = '177482'  [ RunTime:0.0004s ]
SQL: SELECT * FROM `guess` WHERE `userid` = '57d10a4c9abbd' AND `gamename` = 'js16' AND `gameissue` = '177481'  [ RunTime:0.0004s ]
SQL: SELECT * FROM `guess` WHERE `userid` = '57d10a4c9abbd' AND `gamename` = 'js16' AND `gameissue` = '177480'  [ RunTime:0.0006s ]
SQL: SELECT * FROM `guess` WHERE `userid` = '57d10a4c9abbd' AND `gamename` = 'js16' AND `gameissue` = '177479'  [ RunTime:0.0007s ]
SQL: SELECT * FROM `guess` WHERE `userid` = '57d10a4c9abbd' AND `gamename` = 'js16' AND `gameissue` = '177399'  [ RunTime:0.0014s ]
SQL: SELECT * FROM `guess` WHERE `userid` = '57d10a4c9abbd' AND `gamename` = 'js16' AND `gameissue` = '177398'  [ RunTime:0.0010s ]
SQL: SELECT * FROM `guess` WHERE `userid` = '57d10a4c9abbd' AND `gamename` = 'js16' AND `gameissue` = '177397'  [ RunTime:0.0004s ]
SQL: SELECT * FROM `guess` WHERE `userid` = '57d10a4c9abbd' AND `gamename` = 'js16' AND `gameissue` = '177396'  [ RunTime:0.0004s ]
SQL: SELECT * FROM `guess` WHERE `userid` = '57d10a4c9abbd' AND `gamename` = 'js16' AND `gameissue` = '177395'  [ RunTime:0.0004s ]
SQL: SELECT COUNT(*) AS tp_count FROM `game` WHERE `name` = 'js16' LIMIT 1   [ RunTime:0.0004s ]
NOTIC: [2] urlencode() expects parameter 1 to be string, array given D:\wamp64\www\waibao\Application\Home\Controller\NumController.class.php 第 115 行.
INFO: [ view_parse ] --START--
INFO: [ template_filter ] --START--
INFO: Run Behavior\ContentReplaceBehavior [ RunTime:0.000149s ]
INFO: [ template_filter ] --END-- [ RunTime:0.000303s ]
INFO: Run Behavior\ParseTemplateBehavior [ RunTime:0.132266s ]
INFO: [ view_parse ] --END-- [ RunTime:0.132466s ]
INFO: [ view_filter ] --START--
INFO: Run Behavior\WriteHtmlCacheBehavior [ RunTime:0.000357s ]
INFO: [ view_filter ] --END-- [ RunTime:0.000482s ]
INFO: [ app_end ] --START--
INFO: Run Behavior\ShowPageTraceBehavior [ RunTime:0.000912s ]
INFO: [ app_end ] --END-- [ RunTime:0.001221s ]

[ 2016-12-09T16:59:02+08:00 ] 127.0.0.1 /waibao/index.php/Home/Num/getServerTime
INFO: [ app_init ] --START--
INFO: Run Behavior\BuildLiteBehavior [ RunTime:0.000053s ]
INFO: [ app_init ] --END-- [ RunTime:0.000772s ]
INFO: [ app_begin ] --START--
INFO: Run Behavior\ReadHtmlCacheBehavior [ RunTime:0.000839s ]
INFO: [ app_begin ] --END-- [ RunTime:0.001064s ]

[ 2016-12-09T16:59:44+08:00 ] 127.0.0.1 /waibao/index.php/Home/Num/index/game/pc28.html
INFO: [ app_init ] --START--
INFO: Run Behavior\BuildLiteBehavior [ RunTime:0.000030s ]
INFO: [ app_init ] --END-- [ RunTime:0.000473s ]
INFO: [ app_begin ] --START--
INFO: Run Behavior\ReadHtmlCacheBehavior [ RunTime:0.000485s ]
INFO: [ app_begin ] --END-- [ RunTime:0.000631s ]
SQL: SHOW COLUMNS FROM `user` [ RunTime:0.0032s ]
SQL: SELECT * FROM `user` WHERE `id` = '57d10a4c9abbd' LIMIT 1   [ RunTime:0.0004s ]
SQL: SHOW COLUMNS FROM `game` [ RunTime:0.0018s ]
SQL: SELECT * FROM `game` WHERE `name` = 'pc28' AND `statu` = 3 ORDER BY issue desc LIMIT 1   [ RunTime:0.0006s ]
SQL: SELECT * FROM `game` WHERE `name` = 'pc28' AND `issue` = 796568 LIMIT 1   [ RunTime:0.0004s ]
NOTIC: [8] Undefined index: p D:\wamp64\www\waibao\Application\Home\Controller\NumController.class.php 第 100 行.
SQL: SELECT * FROM `game` WHERE `name` = 'pc28' ORDER BY issue desc LIMIT 0,20   [ RunTime:0.0006s ]
SQL: SHOW COLUMNS FROM `guess` [ RunTime:0.0015s ]
SQL: SHOW COLUMNS FROM `lottery` [ RunTime:0.0013s ]
SQL: SELECT * FROM `guess` WHERE `userid` = '57d10a4c9abbd' AND `gamename` = 'pc28' AND `gameissue` = '796571'  [ RunTime:0.0004s ]
SQL: SELECT * FROM `guess` WHERE `userid` = '57d10a4c9abbd' AND `gamename` = 'pc28' AND `gameissue` = '796570'  [ RunTime:0.0005s ]
SQL: SELECT * FROM `guess` WHERE `userid` = '57d10a4c9abbd' AND `gamename` = 'pc28' AND `gameissue` = '796569'  [ RunTime:0.0012s ]
SQL: SELECT * FROM `guess` WHERE `userid` = '57d10a4c9abbd' AND `gamename` = 'pc28' AND `gameissue` = '796568'  [ RunTime:0.0005s ]
SQL: SELECT * FROM `guess` WHERE `userid` = '57d10a4c9abbd' AND `gamename` = 'pc28' AND `gameissue` = '796567'  [ RunTime:0.0004s ]
SQL: SELECT * FROM `guess` WHERE `userid` = '57d10a4c9abbd' AND `gamename` = 'pc28' AND `gameissue` = '796546'  [ RunTime:0.0003s ]
SQL: SELECT * FROM `guess` WHERE `userid` = '57d10a4c9abbd' AND `gamename` = 'pc28' AND `gameissue` = '796545'  [ RunTime:0.0003s ]
SQL: SELECT * FROM `guess` WHERE `userid` = '57d10a4c9abbd' AND `gamename` = 'pc28' AND `gameissue` = '796544'  [ RunTime:0.0003s ]
SQL: SELECT * FROM `guess` WHERE `userid` = '57d10a4c9abbd' AND `gamename` = 'pc28' AND `gameissue` = '796543'  [ RunTime:0.0003s ]
SQL: SELECT * FROM `guess` WHERE `userid` = '57d10a4c9abbd' AND `gamename` = 'pc28' AND `gameissue` = '796542'  [ RunTime:0.0003s ]
SQL: SELECT COUNT(*) AS tp_count FROM `game` WHERE `name` = 'pc28' LIMIT 1   [ RunTime:0.0003s ]
NOTIC: [2] urlencode() expects parameter 1 to be string, array given D:\wamp64\www\waibao\Application\Home\Controller\NumController.class.php 第 115 行.
INFO: [ view_parse ] --START--
INFO: [ template_filter ] --START--
INFO: Run Behavior\ContentReplaceBehavior [ RunTime:0.000154s ]
INFO: [ template_filter ] --END-- [ RunTime:0.000301s ]
INFO: Run Behavior\ParseTemplateBehavior [ RunTime:0.125149s ]
INFO: [ view_parse ] --END-- [ RunTime:0.125296s ]
INFO: [ view_filter ] --START--
INFO: Run Behavior\WriteHtmlCacheBehavior [ RunTime:0.000354s ]
INFO: [ view_filter ] --END-- [ RunTime:0.000477s ]
INFO: [ app_end ] --START--
INFO: Run Behavior\ShowPageTraceBehavior [ RunTime:0.000925s ]
INFO: [ app_end ] --END-- [ RunTime:0.001191s ]

[ 2016-12-09T16:59:44+08:00 ] 127.0.0.1 /waibao/index.php/Home/Num/getServerTime
INFO: [ app_init ] --START--
INFO: Run Behavior\BuildLiteBehavior [ RunTime:0.000032s ]
INFO: [ app_init ] --END-- [ RunTime:0.000533s ]
INFO: [ app_begin ] --START--
INFO: Run Behavior\ReadHtmlCacheBehavior [ RunTime:0.000838s ]
INFO: [ app_begin ] --END-- [ RunTime:0.001032s ]

[ 2016-12-09T17:01:05+08:00 ] 127.0.0.1 /waibao/index.php/Home/Num/index/game/pc28.html
INFO: [ app_init ] --START--
INFO: Run Behavior\BuildLiteBehavior [ RunTime:0.000030s ]
INFO: [ app_init ] --END-- [ RunTime:0.000518s ]
INFO: [ app_begin ] --START--
INFO: Run Behavior\ReadHtmlCacheBehavior [ RunTime:0.000625s ]
INFO: [ app_begin ] --END-- [ RunTime:0.000763s ]
SQL: SHOW COLUMNS FROM `user` [ RunTime:0.0019s ]
SQL: SELECT * FROM `user` WHERE `id` = '57d10a4c9abbd' LIMIT 1   [ RunTime:0.0005s ]
SQL: SHOW COLUMNS FROM `game` [ RunTime:0.0022s ]
SQL: SELECT * FROM `game` WHERE `name` = 'pc28' AND `statu` = 3 ORDER BY issue desc LIMIT 1   [ RunTime:0.0008s ]
SQL: SELECT * FROM `game` WHERE `name` = 'pc28' AND `issue` = 796569 LIMIT 1   [ RunTime:0.0004s ]
NOTIC: [8] Undefined index: p D:\wamp64\www\waibao\Application\Home\Controller\NumController.class.php 第 100 行.
SQL: SELECT * FROM `game` WHERE `name` = 'pc28' ORDER BY issue desc LIMIT 0,20   [ RunTime:0.0006s ]
SQL: SHOW COLUMNS FROM `guess` [ RunTime:0.0015s ]
SQL: SHOW COLUMNS FROM `lottery` [ RunTime:0.0014s ]
SQL: SELECT * FROM `guess` WHERE `userid` = '57d10a4c9abbd' AND `gamename` = 'pc28' AND `gameissue` = '796572'  [ RunTime:0.0004s ]
SQL: SELECT * FROM `guess` WHERE `userid` = '57d10a4c9abbd' AND `gamename` = 'pc28' AND `gameissue` = '796571'  [ RunTime:0.0003s ]
SQL: SELECT * FROM `guess` WHERE `userid` = '57d10a4c9abbd' AND `gamename` = 'pc28' AND `gameissue` = '796570'  [ RunTime:0.0003s ]
SQL: SELECT * FROM `guess` WHERE `userid` = '57d10a4c9abbd' AND `gamename` = 'pc28' AND `gameissue` = '796569'  [ RunTime:0.0003s ]
SQL: SELECT * FROM `guess` WHERE `userid` = '57d10a4c9abbd' AND `gamename` = 'pc28' AND `gameissue` = '796568'  [ RunTime:0.0004s ]
SQL: SELECT * FROM `guess` WHERE `userid` = '57d10a4c9abbd' AND `gamename` = 'pc28' AND `gameissue` = '796567'  [ RunTime:0.0003s ]
SQL: SELECT * FROM `guess` WHERE `userid` = '57d10a4c9abbd' AND `gamename` = 'pc28' AND `gameissue` = '796546'  [ RunTime:0.0003s ]
SQL: SELECT * FROM `guess` WHERE `userid` = '57d10a4c9abbd' AND `gamename` = 'pc28' AND `gameissue` = '796545'  [ RunTime:0.0003s ]
SQL: SELECT * FROM `guess` WHERE `userid` = '57d10a4c9abbd' AND `gamename` = 'pc28' AND `gameissue` = '796544'  [ RunTime:0.0006s ]
SQL: SELECT * FROM `guess` WHERE `userid` = '57d10a4c9abbd' AND `gamename` = 'pc28' AND `gameissue` = '796543'  [ RunTime:0.0006s ]
SQL: SELECT * FROM `guess` WHERE `userid` = '57d10a4c9abbd' AND `gamename` = 'pc28' AND `gameissue` = '796542'  [ RunTime:0.0003s ]
SQL: SELECT COUNT(*) AS tp_count FROM `game` WHERE `name` = 'pc28' LIMIT 1   [ RunTime:0.0003s ]
NOTIC: [2] urlencode() expects parameter 1 to be string, array given D:\wamp64\www\waibao\Application\Home\Controller\NumController.class.php 第 115 行.
INFO: [ view_parse ] --START--
INFO: [ template_filter ] --START--
INFO: Run Behavior\ContentReplaceBehavior [ RunTime:0.000248s ]
INFO: [ template_filter ] --END-- [ RunTime:0.000456s ]
INFO: Run Behavior\ParseTemplateBehavior [ RunTime:0.131280s ]
INFO: [ view_parse ] --END-- [ RunTime:0.131429s ]
INFO: [ view_filter ] --START--
INFO: Run Behavior\WriteHtmlCacheBehavior [ RunTime:0.000472s ]
INFO: [ view_filter ] --END-- [ RunTime:0.000610s ]
INFO: [ app_end ] --START--
INFO: Run Behavior\ShowPageTraceBehavior [ RunTime:0.001134s ]
INFO: [ app_end ] --END-- [ RunTime:0.001385s ]

[ 2016-12-09T17:01:05+08:00 ] 127.0.0.1 /waibao/index.php/Home/Num/getServerTime
INFO: [ app_init ] --START--
INFO: Run Behavior\BuildLiteBehavior [ RunTime:0.000033s ]
INFO: [ app_init ] --END-- [ RunTime:0.000485s ]
INFO: [ app_begin ] --START--
INFO: Run Behavior\ReadHtmlCacheBehavior [ RunTime:0.000452s ]
INFO: [ app_begin ] --END-- [ RunTime:0.000565s ]

[ 2016-12-09T17:04:05+08:00 ] 127.0.0.1 /waibao/index.php/Home/Num/index/game/pc28.html
INFO: [ app_init ] --START--
INFO: Run Behavior\BuildLiteBehavior [ RunTime:0.000059s ]
INFO: [ app_init ] --END-- [ RunTime:0.000827s ]
INFO: [ app_begin ] --START--
INFO: Run Behavior\ReadHtmlCacheBehavior [ RunTime:0.001126s ]
INFO: [ app_begin ] --END-- [ RunTime:0.001422s ]
SQL: SHOW COLUMNS FROM `user` [ RunTime:0.0028s ]
SQL: SELECT * FROM `user` WHERE `id` = '57d10a4c9abbd' LIMIT 1   [ RunTime:0.0007s ]
SQL: SHOW COLUMNS FROM `game` [ RunTime:0.0020s ]
SQL: SELECT * FROM `game` WHERE `name` = 'pc28' AND `statu` = 3 ORDER BY issue desc LIMIT 1   [ RunTime:0.0060s ]
SQL: SELECT * FROM `game` WHERE `name` = 'pc28' AND `issue` = 796569 LIMIT 1   [ RunTime:0.0008s ]
NOTIC: [8] Undefined index: p D:\wamp64\www\waibao\Application\Home\Controller\NumController.class.php 第 100 行.
SQL: SELECT * FROM `game` WHERE `name` = 'pc28' ORDER BY issue desc LIMIT 0,20   [ RunTime:0.0008s ]
SQL: SHOW COLUMNS FROM `guess` [ RunTime:0.0026s ]
SQL: SHOW COLUMNS FROM `lottery` [ RunTime:0.0018s ]
SQL: SELECT * FROM `guess` WHERE `userid` = '57d10a4c9abbd' AND `gamename` = 'pc28' AND `gameissue` = '796572'  [ RunTime:0.0025s ]
SQL: SELECT * FROM `guess` WHERE `userid` = '57d10a4c9abbd' AND `gamename` = 'pc28' AND `gameissue` = '796571'  [ RunTime:0.0007s ]
SQL: SELECT * FROM `guess` WHERE `userid` = '57d10a4c9abbd' AND `gamename` = 'pc28' AND `gameissue` = '796570'  [ RunTime:0.0005s ]
SQL: SELECT * FROM `guess` WHERE `userid` = '57d10a4c9abbd' AND `gamename` = 'pc28' AND `gameissue` = '796569'  [ RunTime:0.0006s ]
SQL: SELECT * FROM `guess` WHERE `userid` = '57d10a4c9abbd' AND `gamename` = 'pc28' AND `gameissue` = '796568'  [ RunTime:0.0006s ]
SQL: SELECT * FROM `guess` WHERE `userid` = '57d10a4c9abbd' AND `gamename` = 'pc28' AND `gameissue` = '796567'  [ RunTime:0.0004s ]
SQL: SELECT * FROM `guess` WHERE `userid` = '57d10a4c9abbd' AND `gamename` = 'pc28' AND `gameissue` = '796546'  [ RunTime:0.0004s ]
SQL: SELECT * FROM `guess` WHERE `userid` = '57d10a4c9abbd' AND `gamename` = 'pc28' AND `gameissue` = '796545'  [ RunTime:0.0018s ]
SQL: SELECT * FROM `guess` WHERE `userid` = '57d10a4c9abbd' AND `gamename` = 'pc28' AND `gameissue` = '796544'  [ RunTime:0.0017s ]
SQL: SELECT * FROM `guess` WHERE `userid` = '57d10a4c9abbd' AND `gamename` = 'pc28' AND `gameissue` = '796543'  [ RunTime:0.0005s ]
SQL: SELECT * FROM `guess` WHERE `userid` = '57d10a4c9abbd' AND `gamename` = 'pc28' AND `gameissue` = '796542'  [ RunTime:0.0005s ]
SQL: SELECT COUNT(*) AS tp_count FROM `game` WHERE `name` = 'pc28' LIMIT 1   [ RunTime:0.0005s ]
NOTIC: [2] urlencode() expects parameter 1 to be string, array given D:\wamp64\www\waibao\Application\Home\Controller\NumController.class.php 第 115 行.
INFO: [ view_parse ] --START--
INFO: [ template_filter ] --START--
INFO: Run Behavior\ContentReplaceBehavior [ RunTime:0.000265s ]
INFO: [ template_filter ] --END-- [ RunTime:0.000510s ]
INFO: Run Behavior\ParseTemplateBehavior [ RunTime:0.226413s ]
INFO: [ view_parse ] --END-- [ RunTime:0.226580s ]
INFO: [ view_filter ] --START--
INFO: Run Behavior\WriteHtmlCacheBehavior [ RunTime:0.000456s ]
INFO: [ view_filter ] --END-- [ RunTime:0.000673s ]
INFO: [ app_end ] --START--
INFO: Run Behavior\ShowPageTraceBehavior [ RunTime:0.001049s ]
INFO: [ app_end ] --END-- [ RunTime:0.001329s ]

[ 2016-12-09T17:04:06+08:00 ] 127.0.0.1 /waibao/index.php/Home/Num/getServerTime
INFO: [ app_init ] --START--
INFO: Run Behavior\BuildLiteBehavior [ RunTime:0.000034s ]
INFO: [ app_init ] --END-- [ RunTime:0.000725s ]
INFO: [ app_begin ] --START--
INFO: Run Behavior\ReadHtmlCacheBehavior [ RunTime:0.000490s ]
INFO: [ app_begin ] --END-- [ RunTime:0.000638s ]

[ 2016-12-09T17:06:03+08:00 ] 127.0.0.1 /waibao/index.php/Home/Num/index/game/pc28.html
INFO: [ app_init ] --START--
INFO: Run Behavior\BuildLiteBehavior [ RunTime:0.000035s ]
INFO: [ app_init ] --END-- [ RunTime:0.000614s ]
INFO: [ app_begin ] --START--
INFO: Run Behavior\ReadHtmlCacheBehavior [ RunTime:0.000606s ]
INFO: [ app_begin ] --END-- [ RunTime:0.000751s ]
SQL: SHOW COLUMNS FROM `user` [ RunTime:0.0019s ]
SQL: SELECT * FROM `user` WHERE `id` = '57d10a4c9abbd' LIMIT 1   [ RunTime:0.0407s ]
SQL: SHOW COLUMNS FROM `game` [ RunTime:0.0026s ]
SQL: SELECT * FROM `game` WHERE `name` = 'pc28' AND `statu` = 3 ORDER BY issue desc LIMIT 1   [ RunTime:0.0007s ]
SQL: SELECT * FROM `game` WHERE `name` = 'pc28' AND `issue` = 796570 LIMIT 1   [ RunTime:0.0006s ]
NOTIC: [8] Undefined index: p D:\wamp64\www\waibao\Application\Home\Controller\NumController.class.php 第 100 行.
SQL: SELECT * FROM `game` WHERE `name` = 'pc28' ORDER BY issue desc LIMIT 0,20   [ RunTime:0.0007s ]
SQL: SHOW COLUMNS FROM `guess` [ RunTime:0.0019s ]
SQL: SHOW COLUMNS FROM `lottery` [ RunTime:0.0023s ]
SQL: SELECT * FROM `guess` WHERE `userid` = '57d10a4c9abbd' AND `gamename` = 'pc28' AND `gameissue` = '796573'  [ RunTime:0.0013s ]
SQL: SELECT * FROM `guess` WHERE `userid` = '57d10a4c9abbd' AND `gamename` = 'pc28' AND `gameissue` = '796572'  [ RunTime:0.0005s ]
SQL: SELECT * FROM `guess` WHERE `userid` = '57d10a4c9abbd' AND `gamename` = 'pc28' AND `gameissue` = '796571'  [ RunTime:0.0003s ]
SQL: SELECT * FROM `guess` WHERE `userid` = '57d10a4c9abbd' AND `gamename` = 'pc28' AND `gameissue` = '796570'  [ RunTime:0.0003s ]
SQL: SELECT * FROM `guess` WHERE `userid` = '57d10a4c9abbd' AND `gamename` = 'pc28' AND `gameissue` = '796569'  [ RunTime:0.0003s ]
SQL: SELECT * FROM `guess` WHERE `userid` = '57d10a4c9abbd' AND `gamename` = 'pc28' AND `gameissue` = '796568'  [ RunTime:0.0003s ]
SQL: SELECT * FROM `guess` WHERE `userid` = '57d10a4c9abbd' AND `gamename` = 'pc28' AND `gameissue` = '796567'  [ RunTime:0.0004s ]
SQL: SELECT * FROM `guess` WHERE `userid` = '57d10a4c9abbd' AND `gamename` = 'pc28' AND `gameissue` = '796546'  [ RunTime:0.0003s ]
SQL: SELECT * FROM `guess` WHERE `userid` = '57d10a4c9abbd' AND `gamename` = 'pc28' AND `gameissue` = '796545'  [ RunTime:0.0003s ]
SQL: SELECT * FROM `guess` WHERE `userid` = '57d10a4c9abbd' AND `gamename` = 'pc28' AND `gameissue` = '796544'  [ RunTime:0.0002s ]
SQL: SELECT * FROM `guess` WHERE `userid` = '57d10a4c9abbd' AND `gamename` = 'pc28' AND `gameissue` = '796543'  [ RunTime:0.0002s ]
SQL: SELECT * FROM `guess` WHERE `userid` = '57d10a4c9abbd' AND `gamename` = 'pc28' AND `gameissue` = '796542'  [ RunTime:0.0003s ]
SQL: SELECT COUNT(*) AS tp_count FROM `game` WHERE `name` = 'pc28' LIMIT 1   [ RunTime:0.0002s ]
NOTIC: [2] urlencode() expects parameter 1 to be string, array given D:\wamp64\www\waibao\Application\Home\Controller\NumController.class.php 第 115 行.
INFO: [ view_parse ] --START--
INFO: [ template_filter ] --START--
INFO: Run Behavior\ContentReplaceBehavior [ RunTime:0.000149s ]
INFO: [ template_filter ] --END-- [ RunTime:0.000309s ]
INFO: Run Behavior\ParseTemplateBehavior [ RunTime:0.147826s ]
INFO: [ view_parse ] --END-- [ RunTime:0.148010s ]
INFO: [ view_filter ] --START--
INFO: Run Behavior\WriteHtmlCacheBehavior [ RunTime:0.000433s ]
INFO: [ view_filter ] --END-- [ RunTime:0.000556s ]
INFO: [ app_end ] --START--
INFO: Run Behavior\ShowPageTraceBehavior [ RunTime:0.002937s ]
INFO: [ app_end ] --END-- [ RunTime:0.003195s ]

[ 2016-12-09T17:06:04+08:00 ] 127.0.0.1 /waibao/index.php/Home/Num/getServerTime
INFO: [ app_init ] --START--
INFO: Run Behavior\BuildLiteBehavior [ RunTime:0.000050s ]
INFO: [ app_init ] --END-- [ RunTime:0.000757s ]
INFO: [ app_begin ] --START--
INFO: Run Behavior\ReadHtmlCacheBehavior [ RunTime:0.000783s ]
INFO: [ app_begin ] --END-- [ RunTime:0.000990s ]

[ 2016-12-09T17:09:03+08:00 ] 127.0.0.1 /waibao/index.php/Home/Num/index/game/pc28.html
INFO: [ app_init ] --START--
INFO: Run Behavior\BuildLiteBehavior [ RunTime:0.000066s ]
INFO: [ app_init ] --END-- [ RunTime:0.000774s ]
INFO: [ app_begin ] --START--
INFO: Run Behavior\ReadHtmlCacheBehavior [ RunTime:0.000960s ]
INFO: [ app_begin ] --END-- [ RunTime:0.001232s ]
SQL: SHOW COLUMNS FROM `user` [ RunTime:0.0017s ]
SQL: SELECT * FROM `user` WHERE `id` = '57d10a4c9abbd' LIMIT 1   [ RunTime:0.0004s ]
SQL: SHOW COLUMNS FROM `game` [ RunTime:0.0019s ]
SQL: SELECT * FROM `game` WHERE `name` = 'pc28' AND `statu` = 3 ORDER BY issue desc LIMIT 1   [ RunTime:0.0008s ]
SQL: SELECT * FROM `game` WHERE `name` = 'pc28' AND `issue` = 796570 LIMIT 1   [ RunTime:0.0005s ]
NOTIC: [8] Undefined index: p D:\wamp64\www\waibao\Application\Home\Controller\NumController.class.php 第 100 行.
SQL: SELECT * FROM `game` WHERE `name` = 'pc28' ORDER BY issue desc LIMIT 0,20   [ RunTime:0.0007s ]
SQL: SHOW COLUMNS FROM `guess` [ RunTime:0.0015s ]
SQL: SHOW COLUMNS FROM `lottery` [ RunTime:0.0013s ]
SQL: SELECT * FROM `guess` WHERE `userid` = '57d10a4c9abbd' AND `gamename` = 'pc28' AND `gameissue` = '796573'  [ RunTime:0.0004s ]
SQL: SELECT * FROM `guess` WHERE `userid` = '57d10a4c9abbd' AND `gamename` = 'pc28' AND `gameissue` = '796572'  [ RunTime:0.0003s ]
SQL: SELECT * FROM `guess` WHERE `userid` = '57d10a4c9abbd' AND `gamename` = 'pc28' AND `gameissue` = '796571'  [ RunTime:0.0004s ]
SQL: SELECT * FROM `guess` WHERE `userid` = '57d10a4c9abbd' AND `gamename` = 'pc28' AND `gameissue` = '796570'  [ RunTime:0.0004s ]
SQL: SELECT * FROM `guess` WHERE `userid` = '57d10a4c9abbd' AND `gamename` = 'pc28' AND `gameissue` = '796569'  [ RunTime:0.0007s ]
SQL: SELECT * FROM `guess` WHERE `userid` = '57d10a4c9abbd' AND `gamename` = 'pc28' AND `gameissue` = '796568'  [ RunTime:0.0005s ]
SQL: SELECT * FROM `guess` WHERE `userid` = '57d10a4c9abbd' AND `gamename` = 'pc28' AND `gameissue` = '796567'  [ RunTime:0.0004s ]
SQL: SELECT * FROM `guess` WHERE `userid` = '57d10a4c9abbd' AND `gamename` = 'pc28' AND `gameissue` = '796546'  [ RunTime:0.0003s ]
SQL: SELECT * FROM `guess` WHERE `userid` = '57d10a4c9abbd' AND `gamename` = 'pc28' AND `gameissue` = '796545'  [ RunTime:0.0003s ]
SQL: SELECT * FROM `guess` WHERE `userid` = '57d10a4c9abbd' AND `gamename` = 'pc28' AND `gameissue` = '796544'  [ RunTime:0.0003s ]
SQL: SELECT * FROM `guess` WHERE `userid` = '57d10a4c9abbd' AND `gamename` = 'pc28' AND `gameissue` = '796543'  [ RunTime:0.0003s ]
SQL: SELECT * FROM `guess` WHERE `userid` = '57d10a4c9abbd' AND `gamename` = 'pc28' AND `gameissue` = '796542'  [ RunTime:0.0003s ]
SQL: SELECT COUNT(*) AS tp_count FROM `game` WHERE `name` = 'pc28' LIMIT 1   [ RunTime:0.0002s ]
NOTIC: [2] urlencode() expects parameter 1 to be string, array given D:\wamp64\www\waibao\Application\Home\Controller\NumController.class.php 第 115 行.
INFO: [ view_parse ] --START--
INFO: [ template_filter ] --START--
INFO: Run Behavior\ContentReplaceBehavior [ RunTime:0.000151s ]
INFO: [ template_filter ] --END-- [ RunTime:0.000303s ]
INFO: Run Behavior\ParseTemplateBehavior [ RunTime:0.154738s ]
INFO: [ view_parse ] --END-- [ RunTime:0.154939s ]
INFO: [ view_filter ] --START--
INFO: Run Behavior\WriteHtmlCacheBehavior [ RunTime:0.000483s ]
INFO: [ view_filter ] --END-- [ RunTime:0.000621s ]
INFO: [ app_end ] --START--
INFO: Run Behavior\ShowPageTraceBehavior [ RunTime:0.002471s ]
INFO: [ app_end ] --END-- [ RunTime:0.002753s ]

[ 2016-12-09T17:09:04+08:00 ] 127.0.0.1 /waibao/index.php/Home/Num/getServerTime
INFO: [ app_init ] --START--
INFO: Run Behavior\BuildLiteBehavior [ RunTime:0.000030s ]
INFO: [ app_init ] --END-- [ RunTime:0.000474s ]
INFO: [ app_begin ] --START--
INFO: Run Behavior\ReadHtmlCacheBehavior [ RunTime:0.000473s ]
INFO: [ app_begin ] --END-- [ RunTime:0.000587s ]

[ 2016-12-09T17:11:01+08:00 ] 127.0.0.1 /waibao/index.php/Home/Num/index/game/pc28.html
INFO: [ app_init ] --START--
INFO: Run Behavior\BuildLiteBehavior [ RunTime:0.000030s ]
INFO: [ app_init ] --END-- [ RunTime:0.000455s ]
INFO: [ app_begin ] --START--
INFO: Run Behavior\ReadHtmlCacheBehavior [ RunTime:0.000627s ]
INFO: [ app_begin ] --END-- [ RunTime:0.000765s ]
SQL: SHOW COLUMNS FROM `user` [ RunTime:0.0012s ]
SQL: SELECT * FROM `user` WHERE `id` = '57d10a4c9abbd' LIMIT 1   [ RunTime:0.0006s ]
SQL: SHOW COLUMNS FROM `game` [ RunTime:0.0010s ]
SQL: SELECT * FROM `game` WHERE `name` = 'pc28' AND `statu` = 3 ORDER BY issue desc LIMIT 1   [ RunTime:0.0007s ]
SQL: SELECT * FROM `game` WHERE `name` = 'pc28' AND `issue` = 796571 LIMIT 1   [ RunTime:0.0004s ]
NOTIC: [8] Undefined index: p D:\wamp64\www\waibao\Application\Home\Controller\NumController.class.php 第 100 行.
SQL: SELECT * FROM `game` WHERE `name` = 'pc28' ORDER BY issue desc LIMIT 0,20   [ RunTime:0.0006s ]
SQL: SHOW COLUMNS FROM `guess` [ RunTime:0.0007s ]
SQL: SHOW COLUMNS FROM `lottery` [ RunTime:0.0006s ]
SQL: SELECT * FROM `guess` WHERE `userid` = '57d10a4c9abbd' AND `gamename` = 'pc28' AND `gameissue` = '796574'  [ RunTime:0.0004s ]
SQL: SELECT * FROM `guess` WHERE `userid` = '57d10a4c9abbd' AND `gamename` = 'pc28' AND `gameissue` = '796573'  [ RunTime:0.0003s ]
SQL: SELECT * FROM `guess` WHERE `userid` = '57d10a4c9abbd' AND `gamename` = 'pc28' AND `gameissue` = '796572'  [ RunTime:0.0003s ]
SQL: SELECT * FROM `guess` WHERE `userid` = '57d10a4c9abbd' AND `gamename` = 'pc28' AND `gameissue` = '796571'  [ RunTime:0.0002s ]
SQL: SELECT * FROM `guess` WHERE `userid` = '57d10a4c9abbd' AND `gamename` = 'pc28' AND `gameissue` = '796570'  [ RunTime:0.0003s ]
SQL: SELECT * FROM `guess` WHERE `userid` = '57d10a4c9abbd' AND `gamename` = 'pc28' AND `gameissue` = '796569'  [ RunTime:0.0002s ]
SQL: SELECT * FROM `guess` WHERE `userid` = '57d10a4c9abbd' AND `gamename` = 'pc28' AND `gameissue` = '796568'  [ RunTime:0.0003s ]
SQL: SELECT * FROM `guess` WHERE `userid` = '57d10a4c9abbd' AND `gamename` = 'pc28' AND `gameissue` = '796567'  [ RunTime:0.0002s ]
SQL: SELECT * FROM `guess` WHERE `userid` = '57d10a4c9abbd' AND `gamename` = 'pc28' AND `gameissue` = '796546'  [ RunTime:0.0003s ]
SQL: SELECT * FROM `guess` WHERE `userid` = '57d10a4c9abbd' AND `gamename` = 'pc28' AND `gameissue` = '796545'  [ RunTime:0.0008s ]
SQL: SELECT * FROM `guess` WHERE `userid` = '57d10a4c9abbd' AND `gamename` = 'pc28' AND `gameissue` = '796544'  [ RunTime:0.0004s ]
SQL: SELECT * FROM `guess` WHERE `userid` = '57d10a4c9abbd' AND `gamename` = 'pc28' AND `gameissue` = '796543'  [ RunTime:0.0003s ]
SQL: SELECT * FROM `guess` WHERE `userid` = '57d10a4c9abbd' AND `gamename` = 'pc28' AND `gameissue` = '796542'  [ RunTime:0.0003s ]
SQL: SELECT COUNT(*) AS tp_count FROM `game` WHERE `name` = 'pc28' LIMIT 1   [ RunTime:0.0003s ]
NOTIC: [2] urlencode() expects parameter 1 to be string, array given D:\wamp64\www\waibao\Application\Home\Controller\NumController.class.php 第 115 行.
INFO: [ view_parse ] --START--
INFO: [ template_filter ] --START--
INFO: Run Behavior\ContentReplaceBehavior [ RunTime:0.000161s ]
INFO: [ template_filter ] --END-- [ RunTime:0.000335s ]
INFO: Run Behavior\ParseTemplateBehavior [ RunTime:0.120442s ]
INFO: [ view_parse ] --END-- [ RunTime:0.120614s ]
INFO: [ view_filter ] --START--
INFO: Run Behavior\WriteHtmlCacheBehavior [ RunTime:0.000474s ]
INFO: [ view_filter ] --END-- [ RunTime:0.000618s ]
INFO: [ app_end ] --START--
INFO: Run Behavior\ShowPageTraceBehavior [ RunTime:0.001056s ]
INFO: [ app_end ] --END-- [ RunTime:0.001292s ]

[ 2016-12-09T17:11:02+08:00 ] 127.0.0.1 /waibao/index.php/Home/Num/getServerTime
INFO: [ app_init ] --START--
INFO: Run Behavior\BuildLiteBehavior [ RunTime:0.000048s ]
INFO: [ app_init ] --END-- [ RunTime:0.000755s ]
INFO: [ app_begin ] --START--
INFO: Run Behavior\ReadHtmlCacheBehavior [ RunTime:0.000772s ]
INFO: [ app_begin ] --END-- [ RunTime:0.000998s ]

[ 2016-12-09T17:13:50+08:00 ] 127.0.0.1 /waibao/index.php/Home/Automatic/index/game/pc28.html
INFO: [ app_init ] --START--
INFO: Run Behavior\BuildLiteBehavior [ RunTime:0.000061s ]
INFO: [ app_init ] --END-- [ RunTime:0.000692s ]
INFO: [ app_begin ] --START--
INFO: Run Behavior\ReadHtmlCacheBehavior [ RunTime:0.000611s ]
INFO: [ app_begin ] --END-- [ RunTime:0.000750s ]
SQL: SHOW COLUMNS FROM `user` [ RunTime:0.0017s ]
SQL: SELECT * FROM `user` WHERE `id` = '57d10a4c9abbd' LIMIT 1   [ RunTime:0.0003s ]
SQL: SHOW COLUMNS FROM `game` [ RunTime:0.0020s ]
SQL: SELECT * FROM `game` WHERE `name` = 'pc28' AND `statu` = 3 ORDER BY issue desc LIMIT 1   [ RunTime:0.0007s ]
SQL: SELECT * FROM `game` WHERE `name` = 'pc28' AND `issue` = 796571 LIMIT 1   [ RunTime:0.0004s ]
SQL: SHOW COLUMNS FROM `automatic` [ RunTime:0.0008s ]
SQL: SELECT * FROM `automatic` WHERE `userid` = '57d10a4c9abbd' AND `gamename` = 'pc28' LIMIT 1   [ RunTime:0.0003s ]
SQL: SHOW COLUMNS FROM `mode` [ RunTime:0.0008s ]
SQL: SELECT * FROM `mode` WHERE `userid` = '57d10a4c9abbd' AND `gamename` = 'pc28'  [ RunTime:0.0005s ]
INFO: [ view_parse ] --START--
INFO: [ template_filter ] --START--
INFO: Run Behavior\ContentReplaceBehavior [ RunTime:0.000163s ]
INFO: [ template_filter ] --END-- [ RunTime:0.000303s ]
INFO: Run Behavior\ParseTemplateBehavior [ RunTime:0.179042s ]
INFO: [ view_parse ] --END-- [ RunTime:0.179201s ]
INFO: [ view_filter ] --START--
INFO: Run Behavior\WriteHtmlCacheBehavior [ RunTime:0.000389s ]
INFO: [ view_filter ] --END-- [ RunTime:0.000519s ]
INFO: [ app_end ] --START--
INFO: Run Behavior\ShowPageTraceBehavior [ RunTime:0.002022s ]
INFO: [ app_end ] --END-- [ RunTime:0.002630s ]

[ 2016-12-09T17:13:51+08:00 ] 127.0.0.1 /waibao/index.php/Home/Num/getServerTime
INFO: [ app_init ] --START--
INFO: Run Behavior\BuildLiteBehavior [ RunTime:0.000035s ]
INFO: [ app_init ] --END-- [ RunTime:0.000841s ]
INFO: [ app_begin ] --START--
INFO: Run Behavior\ReadHtmlCacheBehavior [ RunTime:0.000552s ]
INFO: [ app_begin ] --END-- [ RunTime:0.000692s ]

[ 2016-12-09T17:13:54+08:00 ] 127.0.0.1 /waibao/index.php/Home/Num/index/game/pc28.html
INFO: [ app_init ] --START--
INFO: Run Behavior\BuildLiteBehavior [ RunTime:0.000030s ]
INFO: [ app_init ] --END-- [ RunTime:0.000462s ]
INFO: [ app_begin ] --START--
INFO: Run Behavior\ReadHtmlCacheBehavior [ RunTime:0.000849s ]
INFO: [ app_begin ] --END-- [ RunTime:0.001159s ]
SQL: SHOW COLUMNS FROM `user` [ RunTime:0.0009s ]
SQL: SELECT * FROM `user` WHERE `id` = '57d10a4c9abbd' LIMIT 1   [ RunTime:0.0004s ]
SQL: SHOW COLUMNS FROM `game` [ RunTime:0.0010s ]
SQL: SELECT * FROM `game` WHERE `name` = 'pc28' AND `statu` = 3 ORDER BY issue desc LIMIT 1   [ RunTime:0.0008s ]
SQL: SELECT * FROM `game` WHERE `name` = 'pc28' AND `issue` = 796571 LIMIT 1   [ RunTime:0.0006s ]
NOTIC: [8] Undefined index: p D:\wamp64\www\waibao\Application\Home\Controller\NumController.class.php 第 100 行.
SQL: SELECT * FROM `game` WHERE `name` = 'pc28' ORDER BY issue desc LIMIT 0,20   [ RunTime:0.0011s ]
SQL: SHOW COLUMNS FROM `guess` [ RunTime:0.0008s ]
SQL: SHOW COLUMNS FROM `lottery` [ RunTime:0.0008s ]
SQL: SELECT * FROM `guess` WHERE `userid` = '57d10a4c9abbd' AND `gamename` = 'pc28' AND `gameissue` = '796574'  [ RunTime:0.0006s ]
SQL: SELECT * FROM `guess` WHERE `userid` = '57d10a4c9abbd' AND `gamename` = 'pc28' AND `gameissue` = '796573'  [ RunTime:0.0006s ]
SQL: SELECT * FROM `guess` WHERE `userid` = '57d10a4c9abbd' AND `gamename` = 'pc28' AND `gameissue` = '796572'  [ RunTime:0.0005s ]
SQL: SELECT * FROM `guess` WHERE `userid` = '57d10a4c9abbd' AND `gamename` = 'pc28' AND `gameissue` = '796571'  [ RunTime:0.0015s ]
SQL: SELECT * FROM `guess` WHERE `userid` = '57d10a4c9abbd' AND `gamename` = 'pc28' AND `gameissue` = '796570'  [ RunTime:0.0004s ]
SQL: SELECT * FROM `guess` WHERE `userid` = '57d10a4c9abbd' AND `gamename` = 'pc28' AND `gameissue` = '796569'  [ RunTime:0.0005s ]
SQL: SELECT * FROM `guess` WHERE `userid` = '57d10a4c9abbd' AND `gamename` = 'pc28' AND `gameissue` = '796568'  [ RunTime:0.0007s ]
SQL: SELECT * FROM `guess` WHERE `userid` = '57d10a4c9abbd' AND `gamename` = 'pc28' AND `gameissue` = '796567'  [ RunTime:0.0005s ]
SQL: SELECT * FROM `guess` WHERE `userid` = '57d10a4c9abbd' AND `gamename` = 'pc28' AND `gameissue` = '796546'  [ RunTime:0.0005s ]
SQL: SELECT * FROM `guess` WHERE `userid` = '57d10a4c9abbd' AND `gamename` = 'pc28' AND `gameissue` = '796545'  [ RunTime:0.0004s ]
SQL: SELECT * FROM `guess` WHERE `userid` = '57d10a4c9abbd' AND `gamename` = 'pc28' AND `gameissue` = '796544'  [ RunTime:0.0009s ]
SQL: SELECT * FROM `guess` WHERE `userid` = '57d10a4c9abbd' AND `gamename` = 'pc28' AND `gameissue` = '796543'  [ RunTime:0.0006s ]
SQL: SELECT * FROM `guess` WHERE `userid` = '57d10a4c9abbd' AND `gamename` = 'pc28' AND `gameissue` = '796542'  [ RunTime:0.0005s ]
SQL: SELECT COUNT(*) AS tp_count FROM `game` WHERE `name` = 'pc28' LIMIT 1   [ RunTime:0.0004s ]
NOTIC: [2] urlencode() expects parameter 1 to be string, array given D:\wamp64\www\waibao\Application\Home\Controller\NumController.class.php 第 115 行.
INFO: [ view_parse ] --START--
INFO: [ template_filter ] --START--
INFO: Run Behavior\ContentReplaceBehavior [ RunTime:0.000236s ]
INFO: [ template_filter ] --END-- [ RunTime:0.000515s ]
INFO: Run Behavior\ParseTemplateBehavior [ RunTime:0.127298s ]
INFO: [ view_parse ] --END-- [ RunTime:0.127487s ]
INFO: [ view_filter ] --START--
INFO: Run Behavior\WriteHtmlCacheBehavior [ RunTime:0.000380s ]
INFO: [ view_filter ] --END-- [ RunTime:0.000510s ]
INFO: [ app_end ] --START--
INFO: Run Behavior\ShowPageTraceBehavior [ RunTime:0.000741s ]
INFO: [ app_end ] --END-- [ RunTime:0.000915s ]

[ 2016-12-09T17:13:54+08:00 ] 127.0.0.1 /waibao/index.php/Home/Num/getServerTime
INFO: [ app_init ] --START--
INFO: Run Behavior\BuildLiteBehavior [ RunTime:0.000050s ]
INFO: [ app_init ] --END-- [ RunTime:0.000751s ]
INFO: [ app_begin ] --START--
INFO: Run Behavior\ReadHtmlCacheBehavior [ RunTime:0.000769s ]
INFO: [ app_begin ] --END-- [ RunTime:0.000991s ]

[ 2016-12-09T17:13:55+08:00 ] 127.0.0.1 /waibao/index.php/Home/Num/index/game/js16.html
INFO: [ app_init ] --START--
INFO: Run Behavior\BuildLiteBehavior [ RunTime:0.000028s ]
INFO: [ app_init ] --END-- [ RunTime:0.000429s ]
INFO: [ app_begin ] --START--
INFO: Run Behavior\ReadHtmlCacheBehavior [ RunTime:0.000466s ]
INFO: [ app_begin ] --END-- [ RunTime:0.000604s ]
SQL: SHOW COLUMNS FROM `user` [ RunTime:0.0009s ]
SQL: SELECT * FROM `user` WHERE `id` = '57d10a4c9abbd' LIMIT 1   [ RunTime:0.0005s ]
SQL: SHOW COLUMNS FROM `game` [ RunTime:0.0009s ]
SQL: SELECT * FROM `game` WHERE `name` = 'js16' AND `statu` = 3 ORDER BY issue desc LIMIT 1   [ RunTime:0.0010s ]
SQL: SELECT * FROM `game` WHERE `name` = 'js16' AND `issue` = 177491 LIMIT 1   [ RunTime:0.0006s ]
NOTIC: [8] Undefined index: p D:\wamp64\www\waibao\Application\Home\Controller\NumController.class.php 第 100 行.
SQL: SELECT * FROM `game` WHERE `name` = 'js16' ORDER BY issue desc LIMIT 0,20   [ RunTime:0.0011s ]
SQL: SHOW COLUMNS FROM `guess` [ RunTime:0.0010s ]
SQL: SHOW COLUMNS FROM `lottery` [ RunTime:0.0014s ]
SQL: SELECT * FROM `guess` WHERE `userid` = '57d10a4c9abbd' AND `gamename` = 'js16' AND `gameissue` = '177494'  [ RunTime:0.0006s ]
SQL: SELECT * FROM `guess` WHERE `userid` = '57d10a4c9abbd' AND `gamename` = 'js16' AND `gameissue` = '177493'  [ RunTime:0.0007s ]
SQL: SELECT * FROM `guess` WHERE `userid` = '57d10a4c9abbd' AND `gamename` = 'js16' AND `gameissue` = '177492'  [ RunTime:0.0007s ]
SQL: SELECT * FROM `guess` WHERE `userid` = '57d10a4c9abbd' AND `gamename` = 'js16' AND `gameissue` = '177491'  [ RunTime:0.0005s ]
SQL: SELECT * FROM `guess` WHERE `userid` = '57d10a4c9abbd' AND `gamename` = 'js16' AND `gameissue` = '177490'  [ RunTime:0.0004s ]
SQL: SELECT * FROM `guess` WHERE `userid` = '57d10a4c9abbd' AND `gamename` = 'js16' AND `gameissue` = '177489'  [ RunTime:0.0004s ]
SQL: SELECT * FROM `guess` WHERE `userid` = '57d10a4c9abbd' AND `gamename` = 'js16' AND `gameissue` = '177488'  [ RunTime:0.0004s ]
SQL: SELECT * FROM `guess` WHERE `userid` = '57d10a4c9abbd' AND `gamename` = 'js16' AND `gameissue` = '177487'  [ RunTime:0.0005s ]
SQL: SELECT * FROM `guess` WHERE `userid` = '57d10a4c9abbd' AND `gamename` = 'js16' AND `gameissue` = '177486'  [ RunTime:0.0006s ]
SQL: SELECT * FROM `guess` WHERE `userid` = '57d10a4c9abbd' AND `gamename` = 'js16' AND `gameissue` = '177485'  [ RunTime:0.0005s ]
SQL: SELECT * FROM `guess` WHERE `userid` = '57d10a4c9abbd' AND `gamename` = 'js16' AND `gameissue` = '177484'  [ RunTime:0.0006s ]
SQL: SELECT * FROM `guess` WHERE `userid` = '57d10a4c9abbd' AND `gamename` = 'js16' AND `gameissue` = '177483'  [ RunTime:0.0009s ]
SQL: SELECT * FROM `guess` WHERE `userid` = '57d10a4c9abbd' AND `gamename` = 'js16' AND `gameissue` = '177482'  [ RunTime:0.0005s ]
SQL: SELECT * FROM `guess` WHERE `userid` = '57d10a4c9abbd' AND `gamename` = 'js16' AND `gameissue` = '177481'  [ RunTime:0.0004s ]
SQL: SELECT * FROM `guess` WHERE `userid` = '57d10a4c9abbd' AND `gamename` = 'js16' AND `gameissue` = '177480'  [ RunTime:0.0005s ]
SQL: SELECT * FROM `guess` WHERE `userid` = '57d10a4c9abbd' AND `gamename` = 'js16' AND `gameissue` = '177479'  [ RunTime:0.0005s ]
SQL: SELECT * FROM `guess` WHERE `userid` = '57d10a4c9abbd' AND `gamename` = 'js16' AND `gameissue` = '177399'  [ RunTime:0.0005s ]
SQL: SELECT * FROM `guess` WHERE `userid` = '57d10a4c9abbd' AND `gamename` = 'js16' AND `gameissue` = '177398'  [ RunTime:0.0004s ]
SQL: SELECT * FROM `guess` WHERE `userid` = '57d10a4c9abbd' AND `gamename` = 'js16' AND `gameissue` = '177397'  [ RunTime:0.0005s ]
SQL: SELECT * FROM `guess` WHERE `userid` = '57d10a4c9abbd' AND `gamename` = 'js16' AND `gameissue` = '177396'  [ RunTime:0.0005s ]
SQL: SELECT COUNT(*) AS tp_count FROM `game` WHERE `name` = 'js16' LIMIT 1   [ RunTime:0.0004s ]
NOTIC: [2] urlencode() expects parameter 1 to be string, array given D:\wamp64\www\waibao\Application\Home\Controller\NumController.class.php 第 115 行.
INFO: [ view_parse ] --START--
INFO: [ template_filter ] --START--
INFO: Run Behavior\ContentReplaceBehavior [ RunTime:0.000254s ]
INFO: [ template_filter ] --END-- [ RunTime:0.000496s ]
INFO: Run Behavior\ParseTemplateBehavior [ RunTime:0.143427s ]
INFO: [ view_parse ] --END-- [ RunTime:0.143633s ]
INFO: [ view_filter ] --START--
INFO: Run Behavior\WriteHtmlCacheBehavior [ RunTime:0.000524s ]
INFO: [ view_filter ] --END-- [ RunTime:0.000658s ]
INFO: [ app_end ] --START--
INFO: Run Behavior\ShowPageTraceBehavior [ RunTime:0.000763s ]
INFO: [ app_end ] --END-- [ RunTime:0.000936s ]

[ 2016-12-09T17:13:56+08:00 ] 127.0.0.1 /waibao/index.php/Home/Num/getServerTime
INFO: [ app_init ] --START--
INFO: Run Behavior\BuildLiteBehavior [ RunTime:0.000056s ]
INFO: [ app_init ] --END-- [ RunTime:0.000839s ]
INFO: [ app_begin ] --START--
INFO: Run Behavior\ReadHtmlCacheBehavior [ RunTime:0.000801s ]
INFO: [ app_begin ] --END-- [ RunTime:0.001014s ]

[ 2016-12-09T17:14:02+08:00 ] 127.0.0.1 /waibao/index.php/Home/Num/index/game/js16.html
INFO: [ app_init ] --START--
INFO: Run Behavior\BuildLiteBehavior [ RunTime:0.000030s ]
INFO: [ app_init ] --END-- [ RunTime:0.000486s ]
INFO: [ app_begin ] --START--
INFO: Run Behavior\ReadHtmlCacheBehavior [ RunTime:0.000506s ]
INFO: [ app_begin ] --END-- [ RunTime:0.000644s ]
SQL: SHOW COLUMNS FROM `user` [ RunTime:0.0008s ]
SQL: SELECT * FROM `user` WHERE `id` = '57d10a4c9abbd' LIMIT 1   [ RunTime:0.0003s ]
SQL: SHOW COLUMNS FROM `game` [ RunTime:0.0008s ]
SQL: SELECT * FROM `game` WHERE `name` = 'js16' AND `statu` = 3 ORDER BY issue desc LIMIT 1   [ RunTime:0.0007s ]
SQL: SELECT * FROM `game` WHERE `name` = 'js16' AND `issue` = 177491 LIMIT 1   [ RunTime:0.0005s ]
NOTIC: [8] Undefined index: p D:\wamp64\www\waibao\Application\Home\Controller\NumController.class.php 第 100 行.
SQL: SELECT * FROM `game` WHERE `name` = 'js16' ORDER BY issue desc LIMIT 0,20   [ RunTime:0.0007s ]
SQL: SHOW COLUMNS FROM `guess` [ RunTime:0.0007s ]
SQL: SHOW COLUMNS FROM `lottery` [ RunTime:0.0022s ]
SQL: SELECT * FROM `guess` WHERE `userid` = '57d10a4c9abbd' AND `gamename` = 'js16' AND `gameissue` = '177494'  [ RunTime:0.0010s ]
SQL: SELECT * FROM `guess` WHERE `userid` = '57d10a4c9abbd' AND `gamename` = 'js16' AND `gameissue` = '177493'  [ RunTime:0.0006s ]
SQL: SELECT * FROM `guess` WHERE `userid` = '57d10a4c9abbd' AND `gamename` = 'js16' AND `gameissue` = '177492'  [ RunTime:0.0004s ]
SQL: SELECT * FROM `guess` WHERE `userid` = '57d10a4c9abbd' AND `gamename` = 'js16' AND `gameissue` = '177491'  [ RunTime:0.0003s ]
SQL: SELECT * FROM `guess` WHERE `userid` = '57d10a4c9abbd' AND `gamename` = 'js16' AND `gameissue` = '177490'  [ RunTime:0.0003s ]
SQL: SELECT * FROM `guess` WHERE `userid` = '57d10a4c9abbd' AND `gamename` = 'js16' AND `gameissue` = '177489'  [ RunTime:0.0003s ]
SQL: SELECT * FROM `guess` WHERE `userid` = '57d10a4c9abbd' AND `gamename` = 'js16' AND `gameissue` = '177488'  [ RunTime:0.0003s ]
SQL: SELECT * FROM `guess` WHERE `userid` = '57d10a4c9abbd' AND `gamename` = 'js16' AND `gameissue` = '177487'  [ RunTime:0.0003s ]
SQL: SELECT * FROM `guess` WHERE `userid` = '57d10a4c9abbd' AND `gamename` = 'js16' AND `gameissue` = '177486'  [ RunTime:0.0004s ]
SQL: SELECT * FROM `guess` WHERE `userid` = '57d10a4c9abbd' AND `gamename` = 'js16' AND `gameissue` = '177485'  [ RunTime:0.0004s ]
SQL: SELECT * FROM `guess` WHERE `userid` = '57d10a4c9abbd' AND `gamename` = 'js16' AND `gameissue` = '177484'  [ RunTime:0.0003s ]
SQL: SELECT * FROM `guess` WHERE `userid` = '57d10a4c9abbd' AND `gamename` = 'js16' AND `gameissue` = '177483'  [ RunTime:0.0006s ]
SQL: SELECT * FROM `guess` WHERE `userid` = '57d10a4c9abbd' AND `gamename` = 'js16' AND `gameissue` = '177482'  [ RunTime:0.0005s ]
SQL: SELECT * FROM `guess` WHERE `userid` = '57d10a4c9abbd' AND `gamename` = 'js16' AND `gameissue` = '177481'  [ RunTime:0.0004s ]
SQL: SELECT * FROM `guess` WHERE `userid` = '57d10a4c9abbd' AND `gamename` = 'js16' AND `gameissue` = '177480'  [ RunTime:0.0003s ]
SQL: SELECT * FROM `guess` WHERE `userid` = '57d10a4c9abbd' AND `gamename` = 'js16' AND `gameissue` = '177479'  [ RunTime:0.0003s ]
SQL: SELECT * FROM `guess` WHERE `userid` = '57d10a4c9abbd' AND `gamename` = 'js16' AND `gameissue` = '177399'  [ RunTime:0.0003s ]
SQL: SELECT * FROM `guess` WHERE `userid` = '57d10a4c9abbd' AND `gamename` = 'js16' AND `gameissue` = '177398'  [ RunTime:0.0003s ]
SQL: SELECT * FROM `guess` WHERE `userid` = '57d10a4c9abbd' AND `gamename` = 'js16' AND `gameissue` = '177397'  [ RunTime:0.0003s ]
SQL: SELECT * FROM `guess` WHERE `userid` = '57d10a4c9abbd' AND `gamename` = 'js16' AND `gameissue` = '177396'  [ RunTime:0.0003s ]
SQL: SELECT COUNT(*) AS tp_count FROM `game` WHERE `name` = 'js16' LIMIT 1   [ RunTime:0.0003s ]
NOTIC: [2] urlencode() expects parameter 1 to be string, array given D:\wamp64\www\waibao\Application\Home\Controller\NumController.class.php 第 115 行.
INFO: [ view_parse ] --START--
INFO: [ template_filter ] --START--
INFO: Run Behavior\ContentReplaceBehavior [ RunTime:0.000143s ]
INFO: [ template_filter ] --END-- [ RunTime:0.000284s ]
INFO: Run Behavior\ParseTemplateBehavior [ RunTime:0.102055s ]
INFO: [ view_parse ] --END-- [ RunTime:0.102207s ]
INFO: [ view_filter ] --START--
INFO: Run Behavior\WriteHtmlCacheBehavior [ RunTime:0.000321s ]
INFO: [ view_filter ] --END-- [ RunTime:0.000445s ]
INFO: [ app_end ] --START--
INFO: Run Behavior\ShowPageTraceBehavior [ RunTime:0.001026s ]
INFO: [ app_end ] --END-- [ RunTime:0.001274s ]

[ 2016-12-09T17:14:02+08:00 ] 127.0.0.1 /waibao/index.php/Home/Num/getServerTime
INFO: [ app_init ] --START--
INFO: Run Behavior\BuildLiteBehavior [ RunTime:0.000131s ]
INFO: [ app_init ] --END-- [ RunTime:0.001041s ]
INFO: [ app_begin ] --START--
INFO: Run Behavior\ReadHtmlCacheBehavior [ RunTime:0.001036s ]
INFO: [ app_begin ] --END-- [ RunTime:0.001451s ]

[ 2016-12-09T17:16:01+08:00 ] 127.0.0.1 /waibao/index.php/Home/Num/index/game/js16.html
INFO: [ app_init ] --START--
INFO: Run Behavior\BuildLiteBehavior [ RunTime:0.000031s ]
INFO: [ app_init ] --END-- [ RunTime:0.000506s ]
INFO: [ app_begin ] --START--
INFO: Run Behavior\ReadHtmlCacheBehavior [ RunTime:0.000580s ]
INFO: [ app_begin ] --END-- [ RunTime:0.000716s ]
SQL: SHOW COLUMNS FROM `user` [ RunTime:0.0014s ]
SQL: SELECT * FROM `user` WHERE `id` = '57d10a4c9abbd' LIMIT 1   [ RunTime:0.0009s ]
SQL: SHOW COLUMNS FROM `game` [ RunTime:0.0011s ]
SQL: SELECT * FROM `game` WHERE `name` = 'js16' AND `statu` = 3 ORDER BY issue desc LIMIT 1   [ RunTime:0.0010s ]
SQL: SELECT * FROM `game` WHERE `name` = 'js16' AND `issue` = 177492 LIMIT 1   [ RunTime:0.0005s ]
NOTIC: [8] Undefined index: p D:\wamp64\www\waibao\Application\Home\Controller\NumController.class.php 第 100 行.
SQL: SELECT * FROM `game` WHERE `name` = 'js16' ORDER BY issue desc LIMIT 0,20   [ RunTime:0.0010s ]
SQL: SHOW COLUMNS FROM `guess` [ RunTime:0.0007s ]
SQL: SHOW COLUMNS FROM `lottery` [ RunTime:0.0005s ]
SQL: SELECT * FROM `guess` WHERE `userid` = '57d10a4c9abbd' AND `gamename` = 'js16' AND `gameissue` = '177495'  [ RunTime:0.0004s ]
SQL: SELECT * FROM `guess` WHERE `userid` = '57d10a4c9abbd' AND `gamename` = 'js16' AND `gameissue` = '177494'  [ RunTime:0.0003s ]
SQL: SELECT * FROM `guess` WHERE `userid` = '57d10a4c9abbd' AND `gamename` = 'js16' AND `gameissue` = '177493'  [ RunTime:0.0005s ]
SQL: SELECT * FROM `guess` WHERE `userid` = '57d10a4c9abbd' AND `gamename` = 'js16' AND `gameissue` = '177492'  [ RunTime:0.0016s ]
SQL: SELECT * FROM `guess` WHERE `userid` = '57d10a4c9abbd' AND `gamename` = 'js16' AND `gameissue` = '177491'  [ RunTime:0.0007s ]
SQL: SELECT * FROM `guess` WHERE `userid` = '57d10a4c9abbd' AND `gamename` = 'js16' AND `gameissue` = '177490'  [ RunTime:0.0004s ]
SQL: SELECT * FROM `guess` WHERE `userid` = '57d10a4c9abbd' AND `gamename` = 'js16' AND `gameissue` = '177489'  [ RunTime:0.0004s ]
SQL: SELECT * FROM `guess` WHERE `userid` = '57d10a4c9abbd' AND `gamename` = 'js16' AND `gameissue` = '177488'  [ RunTime:0.0004s ]
SQL: SELECT * FROM `guess` WHERE `userid` = '57d10a4c9abbd' AND `gamename` = 'js16' AND `gameissue` = '177487'  [ RunTime:0.0004s ]
SQL: SELECT * FROM `guess` WHERE `userid` = '57d10a4c9abbd' AND `gamename` = 'js16' AND `gameissue` = '177486'  [ RunTime:0.0004s ]
SQL: SELECT * FROM `guess` WHERE `userid` = '57d10a4c9abbd' AND `gamename` = 'js16' AND `gameissue` = '177485'  [ RunTime:0.0005s ]
SQL: SELECT * FROM `guess` WHERE `userid` = '57d10a4c9abbd' AND `gamename` = 'js16' AND `gameissue` = '177484'  [ RunTime:0.0003s ]
SQL: SELECT * FROM `guess` WHERE `userid` = '57d10a4c9abbd' AND `gamename` = 'js16' AND `gameissue` = '177483'  [ RunTime:0.0003s ]
SQL: SELECT * FROM `guess` WHERE `userid` = '57d10a4c9abbd' AND `gamename` = 'js16' AND `gameissue` = '177482'  [ RunTime:0.0004s ]
SQL: SELECT * FROM `guess` WHERE `userid` = '57d10a4c9abbd' AND `gamename` = 'js16' AND `gameissue` = '177481'  [ RunTime:0.0003s ]
SQL: SELECT * FROM `guess` WHERE `userid` = '57d10a4c9abbd' AND `gamename` = 'js16' AND `gameissue` = '177480'  [ RunTime:0.0004s ]
SQL: SELECT * FROM `guess` WHERE `userid` = '57d10a4c9abbd' AND `gamename` = 'js16' AND `gameissue` = '177479'  [ RunTime:0.0006s ]
SQL: SELECT * FROM `guess` WHERE `userid` = '57d10a4c9abbd' AND `gamename` = 'js16' AND `gameissue` = '177399'  [ RunTime:0.0021s ]
SQL: SELECT * FROM `guess` WHERE `userid` = '57d10a4c9abbd' AND `gamename` = 'js16' AND `gameissue` = '177398'  [ RunTime:0.0006s ]
SQL: SELECT * FROM `guess` WHERE `userid` = '57d10a4c9abbd' AND `gamename` = 'js16' AND `gameissue` = '177397'  [ RunTime:0.0004s ]
SQL: SELECT COUNT(*) AS tp_count FROM `game` WHERE `name` = 'js16' LIMIT 1   [ RunTime:0.0004s ]
NOTIC: [2] urlencode() expects parameter 1 to be string, array given D:\wamp64\www\waibao\Application\Home\Controller\NumController.class.php 第 115 行.
INFO: [ view_parse ] --START--
INFO: [ template_filter ] --START--
INFO: Run Behavior\ContentReplaceBehavior [ RunTime:0.000266s ]
INFO: [ template_filter ] --END-- [ RunTime:0.000524s ]
INFO: Run Behavior\ParseTemplateBehavior [ RunTime:0.125608s ]
INFO: [ view_parse ] --END-- [ RunTime:0.125893s ]
INFO: [ view_filter ] --START--
INFO: Run Behavior\WriteHtmlCacheBehavior [ RunTime:0.000587s ]
INFO: [ view_filter ] --END-- [ RunTime:0.000721s ]
INFO: [ app_end ] --START--
INFO: Run Behavior\ShowPageTraceBehavior [ RunTime:0.001204s ]
INFO: [ app_end ] --END-- [ RunTime:0.001655s ]

[ 2016-12-09T17:16:01+08:00 ] 127.0.0.1 /waibao/index.php/Home/Num/getServerTime
INFO: [ app_init ] --START--
INFO: Run Behavior\BuildLiteBehavior [ RunTime:0.000053s ]
INFO: [ app_init ] --END-- [ RunTime:0.000895s ]
INFO: [ app_begin ] --START--
INFO: Run Behavior\ReadHtmlCacheBehavior [ RunTime:0.000734s ]
INFO: [ app_begin ] --END-- [ RunTime:0.000943s ]

