[ 2016-10-31T17:55:35+08:00 ] 127.0.0.1 /waibao/
INFO: [ app_init ] --START--
INFO: Run Behavior\BuildLiteBehavior [ RunTime:0.000071s ]
INFO: [ app_init ] --END-- [ RunTime:0.001091s ]
INFO: [ app_begin ] --START--
INFO: Run Behavior\ReadHtmlCacheBehavior [ RunTime:0.000629s ]
INFO: [ app_begin ] --END-- [ RunTime:0.000786s ]
NOTIC: [8] Undefined index: page D:\wamp64\www\waibao\Application\Home\Controller\IndexController.class.php 第 7 行.
INFO: [ view_parse ] --START--
INFO: [ template_filter ] --START--
INFO: Run Behavior\ContentReplaceBehavior [ RunTime:0.026036s ]
INFO: [ template_filter ] --END-- [ RunTime:0.026200s ]
INFO: Run Behavior\ParseTemplateBehavior [ RunTime:0.183076s ]
INFO: [ view_parse ] --END-- [ RunTime:0.183296s ]
INFO: [ view_filter ] --START--
INFO: Run Behavior\WriteHtmlCacheBehavior [ RunTime:0.009389s ]
INFO: [ view_filter ] --END-- [ RunTime:0.009536s ]
INFO: [ app_end ] --START--
INFO: Run Behavior\ShowPageTraceBehavior [ RunTime:0.000644s ]
INFO: [ app_end ] --END-- [ RunTime:0.000779s ]

[ 2016-10-31T17:55:39+08:00 ] 127.0.0.1 /waibao/index.php/Home/Index/login.html
INFO: [ app_init ] --START--
INFO: Run Behavior\BuildLiteBehavior [ RunTime:0.000048s ]
INFO: [ app_init ] --END-- [ RunTime:0.000621s ]
INFO: [ app_begin ] --START--
INFO: Run Behavior\ReadHtmlCacheBehavior [ RunTime:0.000623s ]
INFO: [ app_begin ] --END-- [ RunTime:0.000782s ]
SQL: SHOW COLUMNS FROM `user` [ RunTime:0.0944s ]
SQL: SELECT * FROM `user` WHERE `username` = 'xuyuanfan1' AND `password` = '123' LIMIT 1   [ RunTime:0.0004s ]

[ 2016-10-31T17:55:39+08:00 ] 127.0.0.1 /waibao/index.php/Home/Num/index.html
INFO: [ app_init ] --START--
INFO: Run Behavior\BuildLiteBehavior [ RunTime:0.000034s ]
INFO: [ app_init ] --END-- [ RunTime:0.000511s ]
INFO: [ app_begin ] --START--
INFO: Run Behavior\ReadHtmlCacheBehavior [ RunTime:0.000525s ]
INFO: [ app_begin ] --END-- [ RunTime:0.000683s ]
SQL: SHOW COLUMNS FROM `user` [ RunTime:0.0018s ]
SQL: SELECT * FROM `user` WHERE `id` = '57d10a4c9abbd' LIMIT 1   [ RunTime:0.0100s ]
SQL: SHOW COLUMNS FROM `game` [ RunTime:0.0017s ]
NOTIC: [8] Undefined index: game D:\wamp64\www\waibao\Application\Home\Controller\NumController.class.php 第 8 行.
SQL: SELECT * FROM `game` WHERE `name` = 'pc28' AND `statu` = 3 ORDER BY issue desc LIMIT 1   [ RunTime:0.0159s ]
NOTIC: [8] Undefined index: game D:\wamp64\www\waibao\Application\Home\Controller\NumController.class.php 第 8 行.
SQL: SELECT * FROM `game` WHERE `name` = 'pc28' AND `issue` = 789598 LIMIT 1   [ RunTime:0.0005s ]
NOTIC: [8] Undefined index: p D:\wamp64\www\waibao\Application\Home\Controller\NumController.class.php 第 81 行.
NOTIC: [8] Undefined index: game D:\wamp64\www\waibao\Application\Home\Controller\NumController.class.php 第 8 行.
SQL: SELECT * FROM `game` WHERE `name` = 'pc28' ORDER BY issue desc LIMIT 0,20   [ RunTime:0.0135s ]
SQL: SHOW COLUMNS FROM `lottery` [ RunTime:0.0018s ]
NOTIC: [8] Undefined index: game D:\wamp64\www\waibao\Application\Home\Controller\NumController.class.php 第 8 行.
NOTIC: [8] Undefined index: game D:\wamp64\www\waibao\Application\Home\Controller\NumController.class.php 第 8 行.
NOTIC: [8] Undefined index: game D:\wamp64\www\waibao\Application\Home\Controller\NumController.class.php 第 8 行.
NOTIC: [8] Undefined index: game D:\wamp64\www\waibao\Application\Home\Controller\NumController.class.php 第 8 行.
NOTIC: [8] Undefined index: game D:\wamp64\www\waibao\Application\Home\Controller\NumController.class.php 第 8 行.
NOTIC: [8] Undefined index: game D:\wamp64\www\waibao\Application\Home\Controller\NumController.class.php 第 8 行.
SQL: SELECT COUNT(*) AS tp_count FROM `game` WHERE `name` = 'pc28' LIMIT 1   [ RunTime:0.0336s ]
NOTIC: [2] urlencode() expects parameter 1 to be string, array given D:\wamp64\www\waibao\Application\Home\Controller\NumController.class.php 第 96 行.
NOTIC: [8] Undefined index: game D:\wamp64\www\waibao\Application\Home\Controller\NumController.class.php 第 8 行.
INFO: [ view_parse ] --START--
INFO: [ template_filter ] --START--
INFO: Run Behavior\ContentReplaceBehavior [ RunTime:0.000159s ]
INFO: [ template_filter ] --END-- [ RunTime:0.000324s ]
INFO: Run Behavior\ParseTemplateBehavior [ RunTime:0.144048s ]
INFO: [ view_parse ] --END-- [ RunTime:0.144260s ]
INFO: [ view_filter ] --START--
INFO: Run Behavior\WriteHtmlCacheBehavior [ RunTime:0.000486s ]
INFO: [ view_filter ] --END-- [ RunTime:0.000709s ]
INFO: [ app_end ] --START--
INFO: Run Behavior\ShowPageTraceBehavior [ RunTime:0.000754s ]
INFO: [ app_end ] --END-- [ RunTime:0.000996s ]

[ 2016-10-31T17:55:40+08:00 ] 127.0.0.1 /waibao/index.php/Home/Num/getServerTime
INFO: [ app_init ] --START--
INFO: Run Behavior\BuildLiteBehavior [ RunTime:0.000035s ]
INFO: [ app_init ] --END-- [ RunTime:0.000672s ]
INFO: [ app_begin ] --START--
INFO: Run Behavior\ReadHtmlCacheBehavior [ RunTime:0.000554s ]
INFO: [ app_begin ] --END-- [ RunTime:0.000714s ]

[ 2016-10-31T17:56:29+08:00 ] 127.0.0.1 /waibao/index.php/Home/Num/index.html
INFO: [ app_init ] --START--
INFO: Run Behavior\BuildLiteBehavior [ RunTime:0.000036s ]
INFO: [ app_init ] --END-- [ RunTime:0.000548s ]
INFO: [ app_begin ] --START--
INFO: Run Behavior\ReadHtmlCacheBehavior [ RunTime:0.000719s ]
INFO: [ app_begin ] --END-- [ RunTime:0.000891s ]
SQL: SHOW COLUMNS FROM `user` [ RunTime:0.0015s ]
SQL: SELECT * FROM `user` WHERE `id` = '57d10a4c9abbd' LIMIT 1   [ RunTime:0.0003s ]
SQL: SHOW COLUMNS FROM `game` [ RunTime:0.0016s ]
NOTIC: [8] Undefined index: game D:\wamp64\www\waibao\Application\Home\Controller\NumController.class.php 第 8 行.
SQL: SELECT * FROM `game` WHERE `name` = 'pc28' AND `statu` = 3 ORDER BY issue desc LIMIT 1   [ RunTime:0.0006s ]
NOTIC: [8] Undefined index: game D:\wamp64\www\waibao\Application\Home\Controller\NumController.class.php 第 8 行.
SQL: SELECT * FROM `game` WHERE `name` = 'pc28' AND `issue` = 789599 LIMIT 1   [ RunTime:0.0003s ]
NOTIC: [8] Undefined index: p D:\wamp64\www\waibao\Application\Home\Controller\NumController.class.php 第 81 行.
NOTIC: [8] Undefined index: game D:\wamp64\www\waibao\Application\Home\Controller\NumController.class.php 第 8 行.
SQL: SELECT * FROM `game` WHERE `name` = 'pc28' ORDER BY issue desc LIMIT 0,20   [ RunTime:0.0008s ]
SQL: SHOW COLUMNS FROM `lottery` [ RunTime:0.0015s ]
NOTIC: [8] Undefined index: game D:\wamp64\www\waibao\Application\Home\Controller\NumController.class.php 第 8 行.
NOTIC: [8] Undefined index: game D:\wamp64\www\waibao\Application\Home\Controller\NumController.class.php 第 8 行.
NOTIC: [8] Undefined index: game D:\wamp64\www\waibao\Application\Home\Controller\NumController.class.php 第 8 行.
NOTIC: [8] Undefined index: game D:\wamp64\www\waibao\Application\Home\Controller\NumController.class.php 第 8 行.
NOTIC: [8] Undefined index: game D:\wamp64\www\waibao\Application\Home\Controller\NumController.class.php 第 8 行.
NOTIC: [8] Undefined index: game D:\wamp64\www\waibao\Application\Home\Controller\NumController.class.php 第 8 行.
NOTIC: [8] Undefined index: game D:\wamp64\www\waibao\Application\Home\Controller\NumController.class.php 第 8 行.
SQL: SELECT COUNT(*) AS tp_count FROM `game` WHERE `name` = 'pc28' LIMIT 1   [ RunTime:0.0003s ]
NOTIC: [2] urlencode() expects parameter 1 to be string, array given D:\wamp64\www\waibao\Application\Home\Controller\NumController.class.php 第 96 行.
NOTIC: [8] Undefined index: game D:\wamp64\www\waibao\Application\Home\Controller\NumController.class.php 第 8 行.
INFO: [ view_parse ] --START--
INFO: [ template_filter ] --START--
INFO: Run Behavior\ContentReplaceBehavior [ RunTime:0.000181s ]
INFO: [ template_filter ] --END-- [ RunTime:0.000343s ]
INFO: Run Behavior\ParseTemplateBehavior [ RunTime:0.071460s ]
INFO: [ view_parse ] --END-- [ RunTime:0.071614s ]
INFO: [ view_filter ] --START--
INFO: Run Behavior\WriteHtmlCacheBehavior [ RunTime:0.000354s ]
INFO: [ view_filter ] --END-- [ RunTime:0.000480s ]
INFO: [ app_end ] --START--
INFO: Run Behavior\ShowPageTraceBehavior [ RunTime:0.000990s ]
INFO: [ app_end ] --END-- [ RunTime:0.001231s ]

[ 2016-10-31T17:56:30+08:00 ] 127.0.0.1 /waibao/index.php/Home/Num/getServerTime
INFO: [ app_init ] --START--
INFO: Run Behavior\BuildLiteBehavior [ RunTime:0.000045s ]
INFO: [ app_init ] --END-- [ RunTime:0.000487s ]
INFO: [ app_begin ] --START--
INFO: Run Behavior\ReadHtmlCacheBehavior [ RunTime:0.000454s ]
INFO: [ app_begin ] --END-- [ RunTime:0.000568s ]

[ 2016-10-31T17:59:30+08:00 ] 127.0.0.1 /waibao/index.php/Home/Num/index.html
INFO: [ app_init ] --START--
INFO: Run Behavior\BuildLiteBehavior [ RunTime:0.000031s ]
INFO: [ app_init ] --END-- [ RunTime:0.000521s ]
INFO: [ app_begin ] --START--
INFO: Run Behavior\ReadHtmlCacheBehavior [ RunTime:0.000561s ]
INFO: [ app_begin ] --END-- [ RunTime:0.000705s ]
SQL: SHOW COLUMNS FROM `user` [ RunTime:0.0015s ]
SQL: SELECT * FROM `user` WHERE `id` = '57d10a4c9abbd' LIMIT 1   [ RunTime:0.0003s ]
SQL: SHOW COLUMNS FROM `game` [ RunTime:0.0015s ]
NOTIC: [8] Undefined index: game D:\wamp64\www\waibao\Application\Home\Controller\NumController.class.php 第 8 行.
SQL: SELECT * FROM `game` WHERE `name` = 'pc28' AND `statu` = 3 ORDER BY issue desc LIMIT 1   [ RunTime:0.0005s ]
NOTIC: [8] Undefined index: game D:\wamp64\www\waibao\Application\Home\Controller\NumController.class.php 第 8 行.
SQL: SELECT * FROM `game` WHERE `name` = 'pc28' AND `issue` = 789599 LIMIT 1   [ RunTime:0.0003s ]
NOTIC: [8] Undefined index: p D:\wamp64\www\waibao\Application\Home\Controller\NumController.class.php 第 81 行.
NOTIC: [8] Undefined index: game D:\wamp64\www\waibao\Application\Home\Controller\NumController.class.php 第 8 行.
SQL: SELECT * FROM `game` WHERE `name` = 'pc28' ORDER BY issue desc LIMIT 0,20   [ RunTime:0.0005s ]
SQL: SHOW COLUMNS FROM `lottery` [ RunTime:0.0014s ]
NOTIC: [8] Undefined index: game D:\wamp64\www\waibao\Application\Home\Controller\NumController.class.php 第 8 行.
NOTIC: [8] Undefined index: game D:\wamp64\www\waibao\Application\Home\Controller\NumController.class.php 第 8 行.
NOTIC: [8] Undefined index: game D:\wamp64\www\waibao\Application\Home\Controller\NumController.class.php 第 8 行.
NOTIC: [8] Undefined index: game D:\wamp64\www\waibao\Application\Home\Controller\NumController.class.php 第 8 行.
NOTIC: [8] Undefined index: game D:\wamp64\www\waibao\Application\Home\Controller\NumController.class.php 第 8 行.
NOTIC: [8] Undefined index: game D:\wamp64\www\waibao\Application\Home\Controller\NumController.class.php 第 8 行.
NOTIC: [8] Undefined index: game D:\wamp64\www\waibao\Application\Home\Controller\NumController.class.php 第 8 行.
SQL: SELECT COUNT(*) AS tp_count FROM `game` WHERE `name` = 'pc28' LIMIT 1   [ RunTime:0.0003s ]
NOTIC: [2] urlencode() expects parameter 1 to be string, array given D:\wamp64\www\waibao\Application\Home\Controller\NumController.class.php 第 96 行.
NOTIC: [8] Undefined index: game D:\wamp64\www\waibao\Application\Home\Controller\NumController.class.php 第 8 行.
INFO: [ view_parse ] --START--
INFO: [ template_filter ] --START--
INFO: Run Behavior\ContentReplaceBehavior [ RunTime:0.000142s ]
INFO: [ template_filter ] --END-- [ RunTime:0.000281s ]
INFO: Run Behavior\ParseTemplateBehavior [ RunTime:0.069989s ]
INFO: [ view_parse ] --END-- [ RunTime:0.070200s ]
INFO: [ view_filter ] --START--
INFO: Run Behavior\WriteHtmlCacheBehavior [ RunTime:0.000499s ]
INFO: [ view_filter ] --END-- [ RunTime:0.000626s ]
INFO: [ app_end ] --START--
INFO: Run Behavior\ShowPageTraceBehavior [ RunTime:0.001115s ]
INFO: [ app_end ] --END-- [ RunTime:0.001382s ]

[ 2016-10-31T17:59:30+08:00 ] 127.0.0.1 /waibao/index.php/Home/Num/getServerTime
INFO: [ app_init ] --START--
INFO: Run Behavior\BuildLiteBehavior [ RunTime:0.000051s ]
INFO: [ app_init ] --END-- [ RunTime:0.000887s ]
INFO: [ app_begin ] --START--
INFO: Run Behavior\ReadHtmlCacheBehavior [ RunTime:0.000763s ]
INFO: [ app_begin ] --END-- [ RunTime:0.000972s ]

[ 2016-10-31T18:01:29+08:00 ] 127.0.0.1 /waibao/index.php/Home/Num/index.html
INFO: [ app_init ] --START--
INFO: Run Behavior\BuildLiteBehavior [ RunTime:0.000040s ]
INFO: [ app_init ] --END-- [ RunTime:0.000618s ]
INFO: [ app_begin ] --START--
INFO: Run Behavior\ReadHtmlCacheBehavior [ RunTime:0.000737s ]
INFO: [ app_begin ] --END-- [ RunTime:0.000939s ]
SQL: SHOW COLUMNS FROM `user` [ RunTime:0.0014s ]
SQL: SELECT * FROM `user` WHERE `id` = '57d10a4c9abbd' LIMIT 1   [ RunTime:0.0003s ]
SQL: SHOW COLUMNS FROM `game` [ RunTime:0.0015s ]
NOTIC: [8] Undefined index: game D:\wamp64\www\waibao\Application\Home\Controller\NumController.class.php 第 8 行.
SQL: SELECT * FROM `game` WHERE `name` = 'pc28' AND `statu` = 3 ORDER BY issue desc LIMIT 1   [ RunTime:0.0006s ]
NOTIC: [8] Undefined index: game D:\wamp64\www\waibao\Application\Home\Controller\NumController.class.php 第 8 行.
SQL: SELECT * FROM `game` WHERE `name` = 'pc28' AND `issue` = 789599 LIMIT 1   [ RunTime:0.0004s ]
NOTIC: [8] Undefined index: p D:\wamp64\www\waibao\Application\Home\Controller\NumController.class.php 第 81 行.
NOTIC: [8] Undefined index: game D:\wamp64\www\waibao\Application\Home\Controller\NumController.class.php 第 8 行.
SQL: SELECT * FROM `game` WHERE `name` = 'pc28' ORDER BY issue desc LIMIT 0,20   [ RunTime:0.0006s ]
SQL: SHOW COLUMNS FROM `lottery` [ RunTime:0.0022s ]
NOTIC: [8] Undefined index: game D:\wamp64\www\waibao\Application\Home\Controller\NumController.class.php 第 8 行.
NOTIC: [8] Undefined index: game D:\wamp64\www\waibao\Application\Home\Controller\NumController.class.php 第 8 行.
NOTIC: [8] Undefined index: game D:\wamp64\www\waibao\Application\Home\Controller\NumController.class.php 第 8 行.
NOTIC: [8] Undefined index: game D:\wamp64\www\waibao\Application\Home\Controller\NumController.class.php 第 8 行.
NOTIC: [8] Undefined index: game D:\wamp64\www\waibao\Application\Home\Controller\NumController.class.php 第 8 行.
NOTIC: [8] Undefined index: game D:\wamp64\www\waibao\Application\Home\Controller\NumController.class.php 第 8 行.
NOTIC: [8] Undefined index: game D:\wamp64\www\waibao\Application\Home\Controller\NumController.class.php 第 8 行.
SQL: SELECT COUNT(*) AS tp_count FROM `game` WHERE `name` = 'pc28' LIMIT 1   [ RunTime:0.0004s ]
NOTIC: [2] urlencode() expects parameter 1 to be string, array given D:\wamp64\www\waibao\Application\Home\Controller\NumController.class.php 第 96 行.
NOTIC: [8] Undefined index: game D:\wamp64\www\waibao\Application\Home\Controller\NumController.class.php 第 8 行.
INFO: [ view_parse ] --START--
INFO: [ template_filter ] --START--
INFO: Run Behavior\ContentReplaceBehavior [ RunTime:0.000219s ]
INFO: [ template_filter ] --END-- [ RunTime:0.000379s ]
INFO: Run Behavior\ParseTemplateBehavior [ RunTime:0.071504s ]
INFO: [ view_parse ] --END-- [ RunTime:0.071655s ]
INFO: [ view_filter ] --START--
INFO: Run Behavior\WriteHtmlCacheBehavior [ RunTime:0.000353s ]
INFO: [ view_filter ] --END-- [ RunTime:0.000478s ]
INFO: [ app_end ] --START--
INFO: Run Behavior\ShowPageTraceBehavior [ RunTime:0.001086s ]
INFO: [ app_end ] --END-- [ RunTime:0.001366s ]

[ 2016-10-31T18:01:29+08:00 ] 127.0.0.1 /waibao/index.php/Home/Num/getServerTime
INFO: [ app_init ] --START--
INFO: Run Behavior\BuildLiteBehavior [ RunTime:0.000060s ]
INFO: [ app_init ] --END-- [ RunTime:0.000862s ]
INFO: [ app_begin ] --START--
INFO: Run Behavior\ReadHtmlCacheBehavior [ RunTime:0.001121s ]
INFO: [ app_begin ] --END-- [ RunTime:0.001347s ]

[ 2016-10-31T18:01:34+08:00 ] 127.0.0.1 /waibao/index.php/Home/Num/index.html
INFO: [ app_init ] --START--
INFO: Run Behavior\BuildLiteBehavior [ RunTime:0.000047s ]
INFO: [ app_init ] --END-- [ RunTime:0.000779s ]
INFO: [ app_begin ] --START--
INFO: Run Behavior\ReadHtmlCacheBehavior [ RunTime:0.000918s ]
INFO: [ app_begin ] --END-- [ RunTime:0.001140s ]
SQL: SHOW COLUMNS FROM `user` [ RunTime:0.0014s ]
SQL: SELECT * FROM `user` WHERE `id` = '57d10a4c9abbd' LIMIT 1   [ RunTime:0.0003s ]
SQL: SHOW COLUMNS FROM `game` [ RunTime:0.0016s ]
NOTIC: [8] Undefined index: game D:\wamp64\www\waibao\Application\Home\Controller\NumController.class.php 第 8 行.
SQL: SELECT * FROM `game` WHERE `name` = 'pc28' AND `statu` = 3 ORDER BY issue desc LIMIT 1   [ RunTime:0.0005s ]
NOTIC: [8] Undefined index: game D:\wamp64\www\waibao\Application\Home\Controller\NumController.class.php 第 8 行.
SQL: SELECT * FROM `game` WHERE `name` = 'pc28' AND `issue` = 789599 LIMIT 1   [ RunTime:0.0003s ]
NOTIC: [8] Undefined index: p D:\wamp64\www\waibao\Application\Home\Controller\NumController.class.php 第 81 行.
NOTIC: [8] Undefined index: game D:\wamp64\www\waibao\Application\Home\Controller\NumController.class.php 第 8 行.
SQL: SELECT * FROM `game` WHERE `name` = 'pc28' ORDER BY issue desc LIMIT 0,20   [ RunTime:0.0004s ]
SQL: SHOW COLUMNS FROM `lottery` [ RunTime:0.0015s ]
NOTIC: [8] Undefined index: game D:\wamp64\www\waibao\Application\Home\Controller\NumController.class.php 第 8 行.
NOTIC: [8] Undefined index: game D:\wamp64\www\waibao\Application\Home\Controller\NumController.class.php 第 8 行.
NOTIC: [8] Undefined index: game D:\wamp64\www\waibao\Application\Home\Controller\NumController.class.php 第 8 行.
NOTIC: [8] Undefined index: game D:\wamp64\www\waibao\Application\Home\Controller\NumController.class.php 第 8 行.
NOTIC: [8] Undefined index: game D:\wamp64\www\waibao\Application\Home\Controller\NumController.class.php 第 8 行.
NOTIC: [8] Undefined index: game D:\wamp64\www\waibao\Application\Home\Controller\NumController.class.php 第 8 行.
NOTIC: [8] Undefined index: game D:\wamp64\www\waibao\Application\Home\Controller\NumController.class.php 第 8 行.
SQL: SELECT COUNT(*) AS tp_count FROM `game` WHERE `name` = 'pc28' LIMIT 1   [ RunTime:0.0006s ]
NOTIC: [2] urlencode() expects parameter 1 to be string, array given D:\wamp64\www\waibao\Application\Home\Controller\NumController.class.php 第 96 行.
NOTIC: [8] Undefined index: game D:\wamp64\www\waibao\Application\Home\Controller\NumController.class.php 第 8 行.
INFO: [ view_parse ] --START--
INFO: [ template_filter ] --START--
INFO: Run Behavior\ContentReplaceBehavior [ RunTime:0.000141s ]
INFO: [ template_filter ] --END-- [ RunTime:0.000284s ]
INFO: Run Behavior\ParseTemplateBehavior [ RunTime:0.070294s ]
INFO: [ view_parse ] --END-- [ RunTime:0.070441s ]
INFO: [ view_filter ] --START--
INFO: Run Behavior\WriteHtmlCacheBehavior [ RunTime:0.000356s ]
INFO: [ view_filter ] --END-- [ RunTime:0.000492s ]
INFO: [ app_end ] --START--
INFO: Run Behavior\ShowPageTraceBehavior [ RunTime:0.000801s ]
INFO: [ app_end ] --END-- [ RunTime:0.001004s ]

[ 2016-10-31T18:01:34+08:00 ] 127.0.0.1 /waibao/index.php/Home/Num/getServerTime
INFO: [ app_init ] --START--
INFO: Run Behavior\BuildLiteBehavior [ RunTime:0.000054s ]
INFO: [ app_init ] --END-- [ RunTime:0.000787s ]
INFO: [ app_begin ] --START--
INFO: Run Behavior\ReadHtmlCacheBehavior [ RunTime:0.000487s ]
INFO: [ app_begin ] --END-- [ RunTime:0.000626s ]

[ 2016-10-31T18:01:39+08:00 ] 127.0.0.1 /waibao/index.php/Home/Num/index.html
INFO: [ app_init ] --START--
INFO: Run Behavior\BuildLiteBehavior [ RunTime:0.000071s ]
INFO: [ app_init ] --END-- [ RunTime:0.000920s ]
INFO: [ app_begin ] --START--
INFO: Run Behavior\ReadHtmlCacheBehavior [ RunTime:0.000660s ]
INFO: [ app_begin ] --END-- [ RunTime:0.000811s ]
SQL: SHOW COLUMNS FROM `user` [ RunTime:0.0026s ]
SQL: SELECT * FROM `user` WHERE `id` = '57d10a4c9abbd' LIMIT 1   [ RunTime:0.0004s ]
SQL: SHOW COLUMNS FROM `game` [ RunTime:0.0022s ]
NOTIC: [8] Undefined index: game D:\wamp64\www\waibao\Application\Home\Controller\NumController.class.php 第 8 行.
SQL: SELECT * FROM `game` WHERE `name` = 'pc28' AND `statu` = 3 ORDER BY issue desc LIMIT 1   [ RunTime:0.0006s ]
NOTIC: [8] Undefined index: game D:\wamp64\www\waibao\Application\Home\Controller\NumController.class.php 第 8 行.
SQL: SELECT * FROM `game` WHERE `name` = 'pc28' AND `issue` = 789599 LIMIT 1   [ RunTime:0.0003s ]
NOTIC: [8] Undefined index: p D:\wamp64\www\waibao\Application\Home\Controller\NumController.class.php 第 81 行.
NOTIC: [8] Undefined index: game D:\wamp64\www\waibao\Application\Home\Controller\NumController.class.php 第 8 行.
SQL: SELECT * FROM `game` WHERE `name` = 'pc28' ORDER BY issue desc LIMIT 0,20   [ RunTime:0.0004s ]
SQL: SHOW COLUMNS FROM `lottery` [ RunTime:0.0015s ]
NOTIC: [8] Undefined index: game D:\wamp64\www\waibao\Application\Home\Controller\NumController.class.php 第 8 行.
NOTIC: [8] Undefined index: game D:\wamp64\www\waibao\Application\Home\Controller\NumController.class.php 第 8 行.
NOTIC: [8] Undefined index: game D:\wamp64\www\waibao\Application\Home\Controller\NumController.class.php 第 8 行.
NOTIC: [8] Undefined index: game D:\wamp64\www\waibao\Application\Home\Controller\NumController.class.php 第 8 行.
NOTIC: [8] Undefined index: game D:\wamp64\www\waibao\Application\Home\Controller\NumController.class.php 第 8 行.
NOTIC: [8] Undefined index: game D:\wamp64\www\waibao\Application\Home\Controller\NumController.class.php 第 8 行.
NOTIC: [8] Undefined index: game D:\wamp64\www\waibao\Application\Home\Controller\NumController.class.php 第 8 行.
SQL: SELECT COUNT(*) AS tp_count FROM `game` WHERE `name` = 'pc28' LIMIT 1   [ RunTime:0.0003s ]
NOTIC: [2] urlencode() expects parameter 1 to be string, array given D:\wamp64\www\waibao\Application\Home\Controller\NumController.class.php 第 96 行.
NOTIC: [8] Undefined index: game D:\wamp64\www\waibao\Application\Home\Controller\NumController.class.php 第 8 行.
INFO: [ view_parse ] --START--
INFO: [ template_filter ] --START--
INFO: Run Behavior\ContentReplaceBehavior [ RunTime:0.000142s ]
INFO: [ template_filter ] --END-- [ RunTime:0.000282s ]
INFO: Run Behavior\ParseTemplateBehavior [ RunTime:0.071834s ]
INFO: [ view_parse ] --END-- [ RunTime:0.071981s ]
INFO: [ view_filter ] --START--
INFO: Run Behavior\WriteHtmlCacheBehavior [ RunTime:0.000404s ]
INFO: [ view_filter ] --END-- [ RunTime:0.000528s ]
INFO: [ app_end ] --START--
INFO: Run Behavior\ShowPageTraceBehavior [ RunTime:0.000926s ]
INFO: [ app_end ] --END-- [ RunTime:0.001168s ]

[ 2016-10-31T18:01:39+08:00 ] 127.0.0.1 /waibao/index.php/Home/Num/getServerTime
INFO: [ app_init ] --START--
INFO: Run Behavior\BuildLiteBehavior [ RunTime:0.000050s ]
INFO: [ app_init ] --END-- [ RunTime:0.000751s ]
INFO: [ app_begin ] --START--
INFO: Run Behavior\ReadHtmlCacheBehavior [ RunTime:0.001097s ]
INFO: [ app_begin ] --END-- [ RunTime:0.001337s ]

[ 2016-10-31T18:01:45+08:00 ] 127.0.0.1 /waibao/index.php/Home/Num/index.html
INFO: [ app_init ] --START--
INFO: Run Behavior\BuildLiteBehavior [ RunTime:0.000030s ]
INFO: [ app_init ] --END-- [ RunTime:0.000470s ]
INFO: [ app_begin ] --START--
INFO: Run Behavior\ReadHtmlCacheBehavior [ RunTime:0.000744s ]
INFO: [ app_begin ] --END-- [ RunTime:0.000895s ]
SQL: SHOW COLUMNS FROM `user` [ RunTime:0.0015s ]
SQL: SELECT * FROM `user` WHERE `id` = '57d10a4c9abbd' LIMIT 1   [ RunTime:0.0003s ]
SQL: SHOW COLUMNS FROM `game` [ RunTime:0.0021s ]
NOTIC: [8] Undefined index: game D:\wamp64\www\waibao\Application\Home\Controller\NumController.class.php 第 8 行.
SQL: SELECT * FROM `game` WHERE `name` = 'pc28' AND `statu` = 3 ORDER BY issue desc LIMIT 1   [ RunTime:0.0006s ]
NOTIC: [8] Undefined index: game D:\wamp64\www\waibao\Application\Home\Controller\NumController.class.php 第 8 行.
SQL: SELECT * FROM `game` WHERE `name` = 'pc28' AND `issue` = 789599 LIMIT 1   [ RunTime:0.0003s ]
NOTIC: [8] Undefined index: p D:\wamp64\www\waibao\Application\Home\Controller\NumController.class.php 第 81 行.
NOTIC: [8] Undefined index: game D:\wamp64\www\waibao\Application\Home\Controller\NumController.class.php 第 8 行.
SQL: SELECT * FROM `game` WHERE `name` = 'pc28' ORDER BY issue desc LIMIT 0,20   [ RunTime:0.0005s ]
SQL: SHOW COLUMNS FROM `lottery` [ RunTime:0.0015s ]
NOTIC: [8] Undefined index: game D:\wamp64\www\waibao\Application\Home\Controller\NumController.class.php 第 8 行.
NOTIC: [8] Undefined index: game D:\wamp64\www\waibao\Application\Home\Controller\NumController.class.php 第 8 行.
NOTIC: [8] Undefined index: game D:\wamp64\www\waibao\Application\Home\Controller\NumController.class.php 第 8 行.
NOTIC: [8] Undefined index: game D:\wamp64\www\waibao\Application\Home\Controller\NumController.class.php 第 8 行.
NOTIC: [8] Undefined index: game D:\wamp64\www\waibao\Application\Home\Controller\NumController.class.php 第 8 行.
NOTIC: [8] Undefined index: game D:\wamp64\www\waibao\Application\Home\Controller\NumController.class.php 第 8 行.
NOTIC: [8] Undefined index: game D:\wamp64\www\waibao\Application\Home\Controller\NumController.class.php 第 8 行.
SQL: SELECT COUNT(*) AS tp_count FROM `game` WHERE `name` = 'pc28' LIMIT 1   [ RunTime:0.0004s ]
NOTIC: [2] urlencode() expects parameter 1 to be string, array given D:\wamp64\www\waibao\Application\Home\Controller\NumController.class.php 第 96 行.
NOTIC: [8] Undefined index: game D:\wamp64\www\waibao\Application\Home\Controller\NumController.class.php 第 8 行.
INFO: [ view_parse ] --START--
INFO: [ template_filter ] --START--
INFO: Run Behavior\ContentReplaceBehavior [ RunTime:0.000141s ]
INFO: [ template_filter ] --END-- [ RunTime:0.000283s ]
INFO: Run Behavior\ParseTemplateBehavior [ RunTime:0.072303s ]
INFO: [ view_parse ] --END-- [ RunTime:0.072454s ]
INFO: [ view_filter ] --START--
INFO: Run Behavior\WriteHtmlCacheBehavior [ RunTime:0.000310s ]
INFO: [ view_filter ] --END-- [ RunTime:0.000438s ]
INFO: [ app_end ] --START--
INFO: Run Behavior\ShowPageTraceBehavior [ RunTime:0.000789s ]
INFO: [ app_end ] --END-- [ RunTime:0.000991s ]

[ 2016-10-31T18:01:45+08:00 ] 127.0.0.1 /waibao/index.php/Home/Num/getServerTime
INFO: [ app_init ] --START--
INFO: Run Behavior\BuildLiteBehavior [ RunTime:0.000035s ]
INFO: [ app_init ] --END-- [ RunTime:0.000616s ]
INFO: [ app_begin ] --START--
INFO: Run Behavior\ReadHtmlCacheBehavior [ RunTime:0.000945s ]
INFO: [ app_begin ] --END-- [ RunTime:0.001167s ]

[ 2016-10-31T18:01:50+08:00 ] 127.0.0.1 /waibao/index.php/Home/Num/index.html
INFO: [ app_init ] --START--
INFO: Run Behavior\BuildLiteBehavior [ RunTime:0.000086s ]
INFO: [ app_init ] --END-- [ RunTime:0.001230s ]
INFO: [ app_begin ] --START--
INFO: Run Behavior\ReadHtmlCacheBehavior [ RunTime:0.000878s ]
INFO: [ app_begin ] --END-- [ RunTime:0.001057s ]
SQL: SHOW COLUMNS FROM `user` [ RunTime:0.0014s ]
SQL: SELECT * FROM `user` WHERE `id` = '57d10a4c9abbd' LIMIT 1   [ RunTime:0.0003s ]
SQL: SHOW COLUMNS FROM `game` [ RunTime:0.0008s ]
NOTIC: [8] Undefined index: game D:\wamp64\www\waibao\Application\Home\Controller\NumController.class.php 第 8 行.
SQL: SELECT * FROM `game` WHERE `name` = 'pc28' AND `statu` = 3 ORDER BY issue desc LIMIT 1   [ RunTime:0.0011s ]
NOTIC: [8] Undefined index: game D:\wamp64\www\waibao\Application\Home\Controller\NumController.class.php 第 8 行.
SQL: SELECT * FROM `game` WHERE `name` = 'pc28' AND `issue` = 789599 LIMIT 1   [ RunTime:0.0004s ]
NOTIC: [8] Undefined index: p D:\wamp64\www\waibao\Application\Home\Controller\NumController.class.php 第 81 行.
NOTIC: [8] Undefined index: game D:\wamp64\www\waibao\Application\Home\Controller\NumController.class.php 第 8 行.
SQL: SELECT * FROM `game` WHERE `name` = 'pc28' ORDER BY issue desc LIMIT 0,20   [ RunTime:0.0005s ]
SQL: SHOW COLUMNS FROM `lottery` [ RunTime:0.0006s ]
NOTIC: [8] Undefined index: game D:\wamp64\www\waibao\Application\Home\Controller\NumController.class.php 第 8 行.
NOTIC: [8] Undefined index: game D:\wamp64\www\waibao\Application\Home\Controller\NumController.class.php 第 8 行.
NOTIC: [8] Undefined index: game D:\wamp64\www\waibao\Application\Home\Controller\NumController.class.php 第 8 行.
NOTIC: [8] Undefined index: game D:\wamp64\www\waibao\Application\Home\Controller\NumController.class.php 第 8 行.
NOTIC: [8] Undefined index: game D:\wamp64\www\waibao\Application\Home\Controller\NumController.class.php 第 8 行.
NOTIC: [8] Undefined index: game D:\wamp64\www\waibao\Application\Home\Controller\NumController.class.php 第 8 行.
NOTIC: [8] Undefined index: game D:\wamp64\www\waibao\Application\Home\Controller\NumController.class.php 第 8 行.
SQL: SELECT COUNT(*) AS tp_count FROM `game` WHERE `name` = 'pc28' LIMIT 1   [ RunTime:0.0003s ]
NOTIC: [2] urlencode() expects parameter 1 to be string, array given D:\wamp64\www\waibao\Application\Home\Controller\NumController.class.php 第 96 行.
NOTIC: [8] Undefined index: game D:\wamp64\www\waibao\Application\Home\Controller\NumController.class.php 第 8 行.
INFO: [ view_parse ] --START--
INFO: [ template_filter ] --START--
INFO: Run Behavior\ContentReplaceBehavior [ RunTime:0.000149s ]
INFO: [ template_filter ] --END-- [ RunTime:0.000297s ]
INFO: Run Behavior\ParseTemplateBehavior [ RunTime:0.072226s ]
INFO: [ view_parse ] --END-- [ RunTime:0.072377s ]
INFO: [ view_filter ] --START--
INFO: Run Behavior\WriteHtmlCacheBehavior [ RunTime:0.000266s ]
INFO: [ view_filter ] --END-- [ RunTime:0.000412s ]
INFO: [ app_end ] --START--
INFO: Run Behavior\ShowPageTraceBehavior [ RunTime:0.000771s ]
INFO: [ app_end ] --END-- [ RunTime:0.000973s ]

[ 2016-10-31T18:01:50+08:00 ] 127.0.0.1 /waibao/index.php/Home/Num/getServerTime
INFO: [ app_init ] --START--
INFO: Run Behavior\BuildLiteBehavior [ RunTime:0.000033s ]
INFO: [ app_init ] --END-- [ RunTime:0.000567s ]
INFO: [ app_begin ] --START--
INFO: Run Behavior\ReadHtmlCacheBehavior [ RunTime:0.000658s ]
INFO: [ app_begin ] --END-- [ RunTime:0.000811s ]

[ 2016-10-31T18:01:55+08:00 ] 127.0.0.1 /waibao/index.php/Home/Num/index.html
INFO: [ app_init ] --START--
INFO: Run Behavior\BuildLiteBehavior [ RunTime:0.000043s ]
INFO: [ app_init ] --END-- [ RunTime:0.000670s ]
INFO: [ app_begin ] --START--
INFO: Run Behavior\ReadHtmlCacheBehavior [ RunTime:0.000739s ]
INFO: [ app_begin ] --END-- [ RunTime:0.000932s ]
SQL: SHOW COLUMNS FROM `user` [ RunTime:0.0027s ]
SQL: SELECT * FROM `user` WHERE `id` = '57d10a4c9abbd' LIMIT 1   [ RunTime:0.0007s ]
SQL: SHOW COLUMNS FROM `game` [ RunTime:0.0009s ]
NOTIC: [8] Undefined index: game D:\wamp64\www\waibao\Application\Home\Controller\NumController.class.php 第 8 行.
SQL: SELECT * FROM `game` WHERE `name` = 'pc28' AND `statu` = 3 ORDER BY issue desc LIMIT 1   [ RunTime:0.0005s ]
NOTIC: [8] Undefined index: game D:\wamp64\www\waibao\Application\Home\Controller\NumController.class.php 第 8 行.
SQL: SELECT * FROM `game` WHERE `name` = 'pc28' AND `issue` = 789599 LIMIT 1   [ RunTime:0.0003s ]
NOTIC: [8] Undefined index: p D:\wamp64\www\waibao\Application\Home\Controller\NumController.class.php 第 81 行.
NOTIC: [8] Undefined index: game D:\wamp64\www\waibao\Application\Home\Controller\NumController.class.php 第 8 行.
SQL: SELECT * FROM `game` WHERE `name` = 'pc28' ORDER BY issue desc LIMIT 0,20   [ RunTime:0.0005s ]
SQL: SHOW COLUMNS FROM `lottery` [ RunTime:0.0006s ]
NOTIC: [8] Undefined index: game D:\wamp64\www\waibao\Application\Home\Controller\NumController.class.php 第 8 行.
NOTIC: [8] Undefined index: game D:\wamp64\www\waibao\Application\Home\Controller\NumController.class.php 第 8 行.
NOTIC: [8] Undefined index: game D:\wamp64\www\waibao\Application\Home\Controller\NumController.class.php 第 8 行.
NOTIC: [8] Undefined index: game D:\wamp64\www\waibao\Application\Home\Controller\NumController.class.php 第 8 行.
NOTIC: [8] Undefined index: game D:\wamp64\www\waibao\Application\Home\Controller\NumController.class.php 第 8 行.
NOTIC: [8] Undefined index: game D:\wamp64\www\waibao\Application\Home\Controller\NumController.class.php 第 8 行.
NOTIC: [8] Undefined index: game D:\wamp64\www\waibao\Application\Home\Controller\NumController.class.php 第 8 行.
SQL: SELECT COUNT(*) AS tp_count FROM `game` WHERE `name` = 'pc28' LIMIT 1   [ RunTime:0.0003s ]
NOTIC: [2] urlencode() expects parameter 1 to be string, array given D:\wamp64\www\waibao\Application\Home\Controller\NumController.class.php 第 96 行.
NOTIC: [8] Undefined index: game D:\wamp64\www\waibao\Application\Home\Controller\NumController.class.php 第 8 行.
INFO: [ view_parse ] --START--
INFO: [ template_filter ] --START--
INFO: Run Behavior\ContentReplaceBehavior [ RunTime:0.000149s ]
INFO: [ template_filter ] --END-- [ RunTime:0.000296s ]
INFO: Run Behavior\ParseTemplateBehavior [ RunTime:0.074796s ]
INFO: [ view_parse ] --END-- [ RunTime:0.074954s ]
INFO: [ view_filter ] --START--
INFO: Run Behavior\WriteHtmlCacheBehavior [ RunTime:0.000337s ]
INFO: [ view_filter ] --END-- [ RunTime:0.000462s ]
INFO: [ app_end ] --START--
INFO: Run Behavior\ShowPageTraceBehavior [ RunTime:0.000504s ]
INFO: [ app_end ] --END-- [ RunTime:0.000642s ]

[ 2016-10-31T18:01:56+08:00 ] 127.0.0.1 /waibao/index.php/Home/Num/getServerTime
INFO: [ app_init ] --START--
INFO: Run Behavior\BuildLiteBehavior [ RunTime:0.000031s ]
INFO: [ app_init ] --END-- [ RunTime:0.000469s ]
INFO: [ app_begin ] --START--
INFO: Run Behavior\ReadHtmlCacheBehavior [ RunTime:0.000631s ]
INFO: [ app_begin ] --END-- [ RunTime:0.000774s ]

[ 2016-10-31T18:02:01+08:00 ] 127.0.0.1 /waibao/index.php/Home/Num/index.html
INFO: [ app_init ] --START--
INFO: Run Behavior\BuildLiteBehavior [ RunTime:0.000030s ]
INFO: [ app_init ] --END-- [ RunTime:0.000458s ]
INFO: [ app_begin ] --START--
INFO: Run Behavior\ReadHtmlCacheBehavior [ RunTime:0.000841s ]
INFO: [ app_begin ] --END-- [ RunTime:0.001081s ]
SQL: SHOW COLUMNS FROM `user` [ RunTime:0.0014s ]
SQL: SELECT * FROM `user` WHERE `id` = '57d10a4c9abbd' LIMIT 1   [ RunTime:0.0003s ]
SQL: SHOW COLUMNS FROM `game` [ RunTime:0.0017s ]
NOTIC: [8] Undefined index: game D:\wamp64\www\waibao\Application\Home\Controller\NumController.class.php 第 8 行.
SQL: SELECT * FROM `game` WHERE `name` = 'pc28' AND `statu` = 3 ORDER BY issue desc LIMIT 1   [ RunTime:0.0011s ]
NOTIC: [8] Undefined index: game D:\wamp64\www\waibao\Application\Home\Controller\NumController.class.php 第 8 行.
SQL: SELECT * FROM `game` WHERE `name` = 'pc28' AND `issue` = 789599 LIMIT 1   [ RunTime:0.0005s ]
NOTIC: [8] Undefined index: p D:\wamp64\www\waibao\Application\Home\Controller\NumController.class.php 第 81 行.
NOTIC: [8] Undefined index: game D:\wamp64\www\waibao\Application\Home\Controller\NumController.class.php 第 8 行.
SQL: SELECT * FROM `game` WHERE `name` = 'pc28' ORDER BY issue desc LIMIT 0,20   [ RunTime:0.0008s ]
SQL: SHOW COLUMNS FROM `lottery` [ RunTime:0.0022s ]
NOTIC: [8] Undefined index: game D:\wamp64\www\waibao\Application\Home\Controller\NumController.class.php 第 8 行.
NOTIC: [8] Undefined index: game D:\wamp64\www\waibao\Application\Home\Controller\NumController.class.php 第 8 行.
NOTIC: [8] Undefined index: game D:\wamp64\www\waibao\Application\Home\Controller\NumController.class.php 第 8 行.
NOTIC: [8] Undefined index: game D:\wamp64\www\waibao\Application\Home\Controller\NumController.class.php 第 8 行.
NOTIC: [8] Undefined index: game D:\wamp64\www\waibao\Application\Home\Controller\NumController.class.php 第 8 行.
NOTIC: [8] Undefined index: game D:\wamp64\www\waibao\Application\Home\Controller\NumController.class.php 第 8 行.
NOTIC: [8] Undefined index: game D:\wamp64\www\waibao\Application\Home\Controller\NumController.class.php 第 8 行.
SQL: SELECT COUNT(*) AS tp_count FROM `game` WHERE `name` = 'pc28' LIMIT 1   [ RunTime:0.0004s ]
NOTIC: [2] urlencode() expects parameter 1 to be string, array given D:\wamp64\www\waibao\Application\Home\Controller\NumController.class.php 第 96 行.
NOTIC: [8] Undefined index: game D:\wamp64\www\waibao\Application\Home\Controller\NumController.class.php 第 8 行.
INFO: [ view_parse ] --START--
INFO: [ template_filter ] --START--
INFO: Run Behavior\ContentReplaceBehavior [ RunTime:0.000142s ]
INFO: [ template_filter ] --END-- [ RunTime:0.000285s ]
INFO: Run Behavior\ParseTemplateBehavior [ RunTime:0.072005s ]
INFO: [ view_parse ] --END-- [ RunTime:0.072211s ]
INFO: [ view_filter ] --START--
INFO: Run Behavior\WriteHtmlCacheBehavior [ RunTime:0.000316s ]
INFO: [ view_filter ] --END-- [ RunTime:0.000439s ]
INFO: [ app_end ] --START--
INFO: Run Behavior\ShowPageTraceBehavior [ RunTime:0.000804s ]
INFO: [ app_end ] --END-- [ RunTime:0.001069s ]

[ 2016-10-31T18:02:01+08:00 ] 127.0.0.1 /waibao/index.php/Home/Num/getServerTime
INFO: [ app_init ] --START--
INFO: Run Behavior\BuildLiteBehavior [ RunTime:0.000031s ]
INFO: [ app_init ] --END-- [ RunTime:0.000481s ]
INFO: [ app_begin ] --START--
INFO: Run Behavior\ReadHtmlCacheBehavior [ RunTime:0.000536s ]
INFO: [ app_begin ] --END-- [ RunTime:0.000657s ]

[ 2016-10-31T18:02:06+08:00 ] 127.0.0.1 /waibao/index.php/Home/Num/index.html
INFO: [ app_init ] --START--
INFO: Run Behavior\BuildLiteBehavior [ RunTime:0.000037s ]
INFO: [ app_init ] --END-- [ RunTime:0.000569s ]
INFO: [ app_begin ] --START--
INFO: Run Behavior\ReadHtmlCacheBehavior [ RunTime:0.000693s ]
INFO: [ app_begin ] --END-- [ RunTime:0.000868s ]
SQL: SHOW COLUMNS FROM `user` [ RunTime:0.0018s ]
SQL: SELECT * FROM `user` WHERE `id` = '57d10a4c9abbd' LIMIT 1   [ RunTime:0.0003s ]
SQL: SHOW COLUMNS FROM `game` [ RunTime:0.0009s ]
NOTIC: [8] Undefined index: game D:\wamp64\www\waibao\Application\Home\Controller\NumController.class.php 第 8 行.
SQL: SELECT * FROM `game` WHERE `name` = 'pc28' AND `statu` = 3 ORDER BY issue desc LIMIT 1   [ RunTime:0.0006s ]
NOTIC: [8] Undefined index: game D:\wamp64\www\waibao\Application\Home\Controller\NumController.class.php 第 8 行.
SQL: SELECT * FROM `game` WHERE `name` = 'pc28' AND `issue` = 789599 LIMIT 1   [ RunTime:0.0005s ]
NOTIC: [8] Undefined index: p D:\wamp64\www\waibao\Application\Home\Controller\NumController.class.php 第 81 行.
NOTIC: [8] Undefined index: game D:\wamp64\www\waibao\Application\Home\Controller\NumController.class.php 第 8 行.
SQL: SELECT * FROM `game` WHERE `name` = 'pc28' ORDER BY issue desc LIMIT 0,20   [ RunTime:0.0006s ]
SQL: SHOW COLUMNS FROM `lottery` [ RunTime:0.0011s ]
NOTIC: [8] Undefined index: game D:\wamp64\www\waibao\Application\Home\Controller\NumController.class.php 第 8 行.
NOTIC: [8] Undefined index: game D:\wamp64\www\waibao\Application\Home\Controller\NumController.class.php 第 8 行.
NOTIC: [8] Undefined index: game D:\wamp64\www\waibao\Application\Home\Controller\NumController.class.php 第 8 行.
NOTIC: [8] Undefined index: game D:\wamp64\www\waibao\Application\Home\Controller\NumController.class.php 第 8 行.
NOTIC: [8] Undefined index: game D:\wamp64\www\waibao\Application\Home\Controller\NumController.class.php 第 8 行.
NOTIC: [8] Undefined index: game D:\wamp64\www\waibao\Application\Home\Controller\NumController.class.php 第 8 行.
NOTIC: [8] Undefined index: game D:\wamp64\www\waibao\Application\Home\Controller\NumController.class.php 第 8 行.
SQL: SELECT COUNT(*) AS tp_count FROM `game` WHERE `name` = 'pc28' LIMIT 1   [ RunTime:0.0004s ]
NOTIC: [2] urlencode() expects parameter 1 to be string, array given D:\wamp64\www\waibao\Application\Home\Controller\NumController.class.php 第 96 行.
NOTIC: [8] Undefined index: game D:\wamp64\www\waibao\Application\Home\Controller\NumController.class.php 第 8 行.
INFO: [ view_parse ] --START--
INFO: [ template_filter ] --START--
INFO: Run Behavior\ContentReplaceBehavior [ RunTime:0.000140s ]
INFO: [ template_filter ] --END-- [ RunTime:0.000276s ]
INFO: Run Behavior\ParseTemplateBehavior [ RunTime:0.070411s ]
INFO: [ view_parse ] --END-- [ RunTime:0.070559s ]
INFO: [ view_filter ] --START--
INFO: Run Behavior\WriteHtmlCacheBehavior [ RunTime:0.000265s ]
INFO: [ view_filter ] --END-- [ RunTime:0.000388s ]
INFO: [ app_end ] --START--
INFO: Run Behavior\ShowPageTraceBehavior [ RunTime:0.000797s ]
INFO: [ app_end ] --END-- [ RunTime:0.001042s ]

[ 2016-10-31T18:02:06+08:00 ] 127.0.0.1 /waibao/index.php/Home/Num/getServerTime
INFO: [ app_init ] --START--
INFO: Run Behavior\BuildLiteBehavior [ RunTime:0.000030s ]
INFO: [ app_init ] --END-- [ RunTime:0.000467s ]
INFO: [ app_begin ] --START--
INFO: Run Behavior\ReadHtmlCacheBehavior [ RunTime:0.000569s ]
INFO: [ app_begin ] --END-- [ RunTime:0.000712s ]

[ 2016-10-31T18:02:11+08:00 ] 127.0.0.1 /waibao/index.php/Home/Num/index.html
INFO: [ app_init ] --START--
INFO: Run Behavior\BuildLiteBehavior [ RunTime:0.000035s ]
INFO: [ app_init ] --END-- [ RunTime:0.000552s ]
INFO: [ app_begin ] --START--
INFO: Run Behavior\ReadHtmlCacheBehavior [ RunTime:0.000730s ]
INFO: [ app_begin ] --END-- [ RunTime:0.000940s ]
SQL: SHOW COLUMNS FROM `user` [ RunTime:0.0015s ]
SQL: SELECT * FROM `user` WHERE `id` = '57d10a4c9abbd' LIMIT 1   [ RunTime:0.0006s ]
SQL: SHOW COLUMNS FROM `game` [ RunTime:0.0016s ]
NOTIC: [8] Undefined index: game D:\wamp64\www\waibao\Application\Home\Controller\NumController.class.php 第 8 行.
SQL: SELECT * FROM `game` WHERE `name` = 'pc28' AND `statu` = 3 ORDER BY issue desc LIMIT 1   [ RunTime:0.0005s ]
NOTIC: [8] Undefined index: game D:\wamp64\www\waibao\Application\Home\Controller\NumController.class.php 第 8 行.
SQL: SELECT * FROM `game` WHERE `name` = 'pc28' AND `issue` = 789599 LIMIT 1   [ RunTime:0.0003s ]
NOTIC: [8] Undefined index: p D:\wamp64\www\waibao\Application\Home\Controller\NumController.class.php 第 81 行.
NOTIC: [8] Undefined index: game D:\wamp64\www\waibao\Application\Home\Controller\NumController.class.php 第 8 行.
SQL: SELECT * FROM `game` WHERE `name` = 'pc28' ORDER BY issue desc LIMIT 0,20   [ RunTime:0.0004s ]
SQL: SHOW COLUMNS FROM `lottery` [ RunTime:0.0007s ]
NOTIC: [8] Undefined index: game D:\wamp64\www\waibao\Application\Home\Controller\NumController.class.php 第 8 行.
NOTIC: [8] Undefined index: game D:\wamp64\www\waibao\Application\Home\Controller\NumController.class.php 第 8 行.
NOTIC: [8] Undefined index: game D:\wamp64\www\waibao\Application\Home\Controller\NumController.class.php 第 8 行.
NOTIC: [8] Undefined index: game D:\wamp64\www\waibao\Application\Home\Controller\NumController.class.php 第 8 行.
NOTIC: [8] Undefined index: game D:\wamp64\www\waibao\Application\Home\Controller\NumController.class.php 第 8 行.
NOTIC: [8] Undefined index: game D:\wamp64\www\waibao\Application\Home\Controller\NumController.class.php 第 8 行.
NOTIC: [8] Undefined index: game D:\wamp64\www\waibao\Application\Home\Controller\NumController.class.php 第 8 行.
SQL: SELECT COUNT(*) AS tp_count FROM `game` WHERE `name` = 'pc28' LIMIT 1   [ RunTime:0.0003s ]
NOTIC: [2] urlencode() expects parameter 1 to be string, array given D:\wamp64\www\waibao\Application\Home\Controller\NumController.class.php 第 96 行.
NOTIC: [8] Undefined index: game D:\wamp64\www\waibao\Application\Home\Controller\NumController.class.php 第 8 行.
INFO: [ view_parse ] --START--
INFO: [ template_filter ] --START--
INFO: Run Behavior\ContentReplaceBehavior [ RunTime:0.000141s ]
INFO: [ template_filter ] --END-- [ RunTime:0.000308s ]
INFO: Run Behavior\ParseTemplateBehavior [ RunTime:0.073528s ]
INFO: [ view_parse ] --END-- [ RunTime:0.073677s ]
INFO: [ view_filter ] --START--
INFO: Run Behavior\WriteHtmlCacheBehavior [ RunTime:0.000333s ]
INFO: [ view_filter ] --END-- [ RunTime:0.000456s ]
INFO: [ app_end ] --START--
INFO: Run Behavior\ShowPageTraceBehavior [ RunTime:0.000783s ]
INFO: [ app_end ] --END-- [ RunTime:0.001038s ]

[ 2016-10-31T18:02:12+08:00 ] 127.0.0.1 /waibao/index.php/Home/Num/getServerTime
INFO: [ app_init ] --START--
INFO: Run Behavior\BuildLiteBehavior [ RunTime:0.000033s ]
INFO: [ app_init ] --END-- [ RunTime:0.000551s ]
INFO: [ app_begin ] --START--
INFO: Run Behavior\ReadHtmlCacheBehavior [ RunTime:0.000583s ]
INFO: [ app_begin ] --END-- [ RunTime:0.000711s ]

[ 2016-10-31T18:02:17+08:00 ] 127.0.0.1 /waibao/index.php/Home/Num/index.html
INFO: [ app_init ] --START--
INFO: Run Behavior\BuildLiteBehavior [ RunTime:0.000039s ]
INFO: [ app_init ] --END-- [ RunTime:0.000627s ]
INFO: [ app_begin ] --START--
INFO: Run Behavior\ReadHtmlCacheBehavior [ RunTime:0.000686s ]
INFO: [ app_begin ] --END-- [ RunTime:0.000888s ]
SQL: SHOW COLUMNS FROM `user` [ RunTime:0.0022s ]
SQL: SELECT * FROM `user` WHERE `id` = '57d10a4c9abbd' LIMIT 1   [ RunTime:0.0004s ]
SQL: SHOW COLUMNS FROM `game` [ RunTime:0.0017s ]
NOTIC: [8] Undefined index: game D:\wamp64\www\waibao\Application\Home\Controller\NumController.class.php 第 8 行.
SQL: SELECT * FROM `game` WHERE `name` = 'pc28' AND `statu` = 3 ORDER BY issue desc LIMIT 1   [ RunTime:0.0006s ]
NOTIC: [8] Undefined index: game D:\wamp64\www\waibao\Application\Home\Controller\NumController.class.php 第 8 行.
SQL: SELECT * FROM `game` WHERE `name` = 'pc28' AND `issue` = 789599 LIMIT 1   [ RunTime:0.0003s ]
NOTIC: [8] Undefined index: p D:\wamp64\www\waibao\Application\Home\Controller\NumController.class.php 第 81 行.
NOTIC: [8] Undefined index: game D:\wamp64\www\waibao\Application\Home\Controller\NumController.class.php 第 8 行.
SQL: SELECT * FROM `game` WHERE `name` = 'pc28' ORDER BY issue desc LIMIT 0,20   [ RunTime:0.0005s ]
SQL: SHOW COLUMNS FROM `lottery` [ RunTime:0.0014s ]
NOTIC: [8] Undefined index: game D:\wamp64\www\waibao\Application\Home\Controller\NumController.class.php 第 8 行.
NOTIC: [8] Undefined index: game D:\wamp64\www\waibao\Application\Home\Controller\NumController.class.php 第 8 行.
NOTIC: [8] Undefined index: game D:\wamp64\www\waibao\Application\Home\Controller\NumController.class.php 第 8 行.
NOTIC: [8] Undefined index: game D:\wamp64\www\waibao\Application\Home\Controller\NumController.class.php 第 8 行.
NOTIC: [8] Undefined index: game D:\wamp64\www\waibao\Application\Home\Controller\NumController.class.php 第 8 行.
NOTIC: [8] Undefined index: game D:\wamp64\www\waibao\Application\Home\Controller\NumController.class.php 第 8 行.
NOTIC: [8] Undefined index: game D:\wamp64\www\waibao\Application\Home\Controller\NumController.class.php 第 8 行.
SQL: SELECT COUNT(*) AS tp_count FROM `game` WHERE `name` = 'pc28' LIMIT 1   [ RunTime:0.0004s ]
NOTIC: [2] urlencode() expects parameter 1 to be string, array given D:\wamp64\www\waibao\Application\Home\Controller\NumController.class.php 第 96 行.
NOTIC: [8] Undefined index: game D:\wamp64\www\waibao\Application\Home\Controller\NumController.class.php 第 8 行.
INFO: [ view_parse ] --START--
INFO: [ template_filter ] --START--
INFO: Run Behavior\ContentReplaceBehavior [ RunTime:0.000144s ]
INFO: [ template_filter ] --END-- [ RunTime:0.000287s ]
INFO: Run Behavior\ParseTemplateBehavior [ RunTime:0.076914s ]
INFO: [ view_parse ] --END-- [ RunTime:0.077064s ]
INFO: [ view_filter ] --START--
INFO: Run Behavior\WriteHtmlCacheBehavior [ RunTime:0.000289s ]
INFO: [ view_filter ] --END-- [ RunTime:0.000415s ]
INFO: [ app_end ] --START--
INFO: Run Behavior\ShowPageTraceBehavior [ RunTime:0.000839s ]
INFO: [ app_end ] --END-- [ RunTime:0.001105s ]

[ 2016-10-31T18:02:17+08:00 ] 127.0.0.1 /waibao/index.php/Home/Num/getServerTime
INFO: [ app_init ] --START--
INFO: Run Behavior\BuildLiteBehavior [ RunTime:0.000030s ]
INFO: [ app_init ] --END-- [ RunTime:0.000450s ]
INFO: [ app_begin ] --START--
INFO: Run Behavior\ReadHtmlCacheBehavior [ RunTime:0.000866s ]
INFO: [ app_begin ] --END-- [ RunTime:0.001111s ]

[ 2016-10-31T18:02:22+08:00 ] 127.0.0.1 /waibao/index.php/Home/Num/index.html
INFO: [ app_init ] --START--
INFO: Run Behavior\BuildLiteBehavior [ RunTime:0.000051s ]
INFO: [ app_init ] --END-- [ RunTime:0.000821s ]
INFO: [ app_begin ] --START--
INFO: Run Behavior\ReadHtmlCacheBehavior [ RunTime:0.000891s ]
INFO: [ app_begin ] --END-- [ RunTime:0.001119s ]
SQL: SHOW COLUMNS FROM `user` [ RunTime:0.0017s ]
SQL: SELECT * FROM `user` WHERE `id` = '57d10a4c9abbd' LIMIT 1   [ RunTime:0.0003s ]
SQL: SHOW COLUMNS FROM `game` [ RunTime:0.0008s ]
NOTIC: [8] Undefined index: game D:\wamp64\www\waibao\Application\Home\Controller\NumController.class.php 第 8 行.
SQL: SELECT * FROM `game` WHERE `name` = 'pc28' AND `statu` = 3 ORDER BY issue desc LIMIT 1   [ RunTime:0.0005s ]
NOTIC: [8] Undefined index: game D:\wamp64\www\waibao\Application\Home\Controller\NumController.class.php 第 8 行.
SQL: SELECT * FROM `game` WHERE `name` = 'pc28' AND `issue` = 789599 LIMIT 1   [ RunTime:0.0003s ]
NOTIC: [8] Undefined index: p D:\wamp64\www\waibao\Application\Home\Controller\NumController.class.php 第 81 行.
NOTIC: [8] Undefined index: game D:\wamp64\www\waibao\Application\Home\Controller\NumController.class.php 第 8 行.
SQL: SELECT * FROM `game` WHERE `name` = 'pc28' ORDER BY issue desc LIMIT 0,20   [ RunTime:0.0004s ]
SQL: SHOW COLUMNS FROM `lottery` [ RunTime:0.0014s ]
NOTIC: [8] Undefined index: game D:\wamp64\www\waibao\Application\Home\Controller\NumController.class.php 第 8 行.
NOTIC: [8] Undefined index: game D:\wamp64\www\waibao\Application\Home\Controller\NumController.class.php 第 8 行.
NOTIC: [8] Undefined index: game D:\wamp64\www\waibao\Application\Home\Controller\NumController.class.php 第 8 行.
NOTIC: [8] Undefined index: game D:\wamp64\www\waibao\Application\Home\Controller\NumController.class.php 第 8 行.
NOTIC: [8] Undefined index: game D:\wamp64\www\waibao\Application\Home\Controller\NumController.class.php 第 8 行.
NOTIC: [8] Undefined index: game D:\wamp64\www\waibao\Application\Home\Controller\NumController.class.php 第 8 行.
NOTIC: [8] Undefined index: game D:\wamp64\www\waibao\Application\Home\Controller\NumController.class.php 第 8 行.
SQL: SELECT COUNT(*) AS tp_count FROM `game` WHERE `name` = 'pc28' LIMIT 1   [ RunTime:0.0003s ]
NOTIC: [2] urlencode() expects parameter 1 to be string, array given D:\wamp64\www\waibao\Application\Home\Controller\NumController.class.php 第 96 行.
NOTIC: [8] Undefined index: game D:\wamp64\www\waibao\Application\Home\Controller\NumController.class.php 第 8 行.
INFO: [ view_parse ] --START--
INFO: [ template_filter ] --START--
INFO: Run Behavior\ContentReplaceBehavior [ RunTime:0.000145s ]
INFO: [ template_filter ] --END-- [ RunTime:0.000291s ]
INFO: Run Behavior\ParseTemplateBehavior [ RunTime:0.069557s ]
INFO: [ view_parse ] --END-- [ RunTime:0.069707s ]
INFO: [ view_filter ] --START--
INFO: Run Behavior\WriteHtmlCacheBehavior [ RunTime:0.000325s ]
INFO: [ view_filter ] --END-- [ RunTime:0.000450s ]
INFO: [ app_end ] --START--
INFO: Run Behavior\ShowPageTraceBehavior [ RunTime:0.000804s ]
INFO: [ app_end ] --END-- [ RunTime:0.001048s ]

[ 2016-10-31T18:02:22+08:00 ] 127.0.0.1 /waibao/index.php/Home/Num/getServerTime
INFO: [ app_init ] --START--
INFO: Run Behavior\BuildLiteBehavior [ RunTime:0.000051s ]
INFO: [ app_init ] --END-- [ RunTime:0.000729s ]
INFO: [ app_begin ] --START--
INFO: Run Behavior\ReadHtmlCacheBehavior [ RunTime:0.000562s ]
INFO: [ app_begin ] --END-- [ RunTime:0.000770s ]

[ 2016-10-31T18:02:27+08:00 ] 127.0.0.1 /waibao/index.php/Home/Num/index.html
INFO: [ app_init ] --START--
INFO: Run Behavior\BuildLiteBehavior [ RunTime:0.000045s ]
INFO: [ app_init ] --END-- [ RunTime:0.000645s ]
INFO: [ app_begin ] --START--
INFO: Run Behavior\ReadHtmlCacheBehavior [ RunTime:0.000749s ]
INFO: [ app_begin ] --END-- [ RunTime:0.000954s ]
SQL: SHOW COLUMNS FROM `user` [ RunTime:0.0014s ]
SQL: SELECT * FROM `user` WHERE `id` = '57d10a4c9abbd' LIMIT 1   [ RunTime:0.0005s ]
SQL: SHOW COLUMNS FROM `game` [ RunTime:0.0011s ]
NOTIC: [8] Undefined index: game D:\wamp64\www\waibao\Application\Home\Controller\NumController.class.php 第 8 行.
SQL: SELECT * FROM `game` WHERE `name` = 'pc28' AND `statu` = 3 ORDER BY issue desc LIMIT 1   [ RunTime:0.0007s ]
NOTIC: [8] Undefined index: game D:\wamp64\www\waibao\Application\Home\Controller\NumController.class.php 第 8 行.
SQL: SELECT * FROM `game` WHERE `name` = 'pc28' AND `issue` = 789599 LIMIT 1   [ RunTime:0.0004s ]
NOTIC: [8] Undefined index: p D:\wamp64\www\waibao\Application\Home\Controller\NumController.class.php 第 81 行.
NOTIC: [8] Undefined index: game D:\wamp64\www\waibao\Application\Home\Controller\NumController.class.php 第 8 行.
SQL: SELECT * FROM `game` WHERE `name` = 'pc28' ORDER BY issue desc LIMIT 0,20   [ RunTime:0.0006s ]
SQL: SHOW COLUMNS FROM `lottery` [ RunTime:0.0006s ]
NOTIC: [8] Undefined index: game D:\wamp64\www\waibao\Application\Home\Controller\NumController.class.php 第 8 行.
NOTIC: [8] Undefined index: game D:\wamp64\www\waibao\Application\Home\Controller\NumController.class.php 第 8 行.
NOTIC: [8] Undefined index: game D:\wamp64\www\waibao\Application\Home\Controller\NumController.class.php 第 8 行.
NOTIC: [8] Undefined index: game D:\wamp64\www\waibao\Application\Home\Controller\NumController.class.php 第 8 行.
NOTIC: [8] Undefined index: game D:\wamp64\www\waibao\Application\Home\Controller\NumController.class.php 第 8 行.
NOTIC: [8] Undefined index: game D:\wamp64\www\waibao\Application\Home\Controller\NumController.class.php 第 8 行.
NOTIC: [8] Undefined index: game D:\wamp64\www\waibao\Application\Home\Controller\NumController.class.php 第 8 行.
SQL: SELECT COUNT(*) AS tp_count FROM `game` WHERE `name` = 'pc28' LIMIT 1   [ RunTime:0.0003s ]
NOTIC: [2] urlencode() expects parameter 1 to be string, array given D:\wamp64\www\waibao\Application\Home\Controller\NumController.class.php 第 96 行.
NOTIC: [8] Undefined index: game D:\wamp64\www\waibao\Application\Home\Controller\NumController.class.php 第 8 行.
INFO: [ view_parse ] --START--
INFO: [ template_filter ] --START--
INFO: Run Behavior\ContentReplaceBehavior [ RunTime:0.000141s ]
INFO: [ template_filter ] --END-- [ RunTime:0.000281s ]
INFO: Run Behavior\ParseTemplateBehavior [ RunTime:0.072462s ]
INFO: [ view_parse ] --END-- [ RunTime:0.072611s ]
INFO: [ view_filter ] --START--
INFO: Run Behavior\WriteHtmlCacheBehavior [ RunTime:0.000334s ]
INFO: [ view_filter ] --END-- [ RunTime:0.000458s ]
INFO: [ app_end ] --START--
INFO: Run Behavior\ShowPageTraceBehavior [ RunTime:0.001872s ]
INFO: [ app_end ] --END-- [ RunTime:0.002376s ]

[ 2016-10-31T18:02:28+08:00 ] 127.0.0.1 /waibao/index.php/Home/Num/getServerTime
INFO: [ app_init ] --START--
INFO: Run Behavior\BuildLiteBehavior [ RunTime:0.000032s ]
INFO: [ app_init ] --END-- [ RunTime:0.000484s ]
INFO: [ app_begin ] --START--
INFO: Run Behavior\ReadHtmlCacheBehavior [ RunTime:0.000502s ]
INFO: [ app_begin ] --END-- [ RunTime:0.000628s ]

[ 2016-10-31T18:02:33+08:00 ] 127.0.0.1 /waibao/index.php/Home/Num/index.html
INFO: [ app_init ] --START--
INFO: Run Behavior\BuildLiteBehavior [ RunTime:0.000047s ]
INFO: [ app_init ] --END-- [ RunTime:0.000703s ]
INFO: [ app_begin ] --START--
INFO: Run Behavior\ReadHtmlCacheBehavior [ RunTime:0.000732s ]
INFO: [ app_begin ] --END-- [ RunTime:0.000946s ]
SQL: SHOW COLUMNS FROM `user` [ RunTime:0.0006s ]
SQL: SELECT * FROM `user` WHERE `id` = '57d10a4c9abbd' LIMIT 1   [ RunTime:0.0003s ]
SQL: SHOW COLUMNS FROM `game` [ RunTime:0.0015s ]
NOTIC: [8] Undefined index: game D:\wamp64\www\waibao\Application\Home\Controller\NumController.class.php 第 8 行.
SQL: SELECT * FROM `game` WHERE `name` = 'pc28' AND `statu` = 3 ORDER BY issue desc LIMIT 1   [ RunTime:0.0005s ]
NOTIC: [8] Undefined index: game D:\wamp64\www\waibao\Application\Home\Controller\NumController.class.php 第 8 行.
SQL: SELECT * FROM `game` WHERE `name` = 'pc28' AND `issue` = 789599 LIMIT 1   [ RunTime:0.0003s ]
NOTIC: [8] Undefined index: p D:\wamp64\www\waibao\Application\Home\Controller\NumController.class.php 第 81 行.
NOTIC: [8] Undefined index: game D:\wamp64\www\waibao\Application\Home\Controller\NumController.class.php 第 8 行.
SQL: SELECT * FROM `game` WHERE `name` = 'pc28' ORDER BY issue desc LIMIT 0,20   [ RunTime:0.0005s ]
SQL: SHOW COLUMNS FROM `lottery` [ RunTime:0.0015s ]
NOTIC: [8] Undefined index: game D:\wamp64\www\waibao\Application\Home\Controller\NumController.class.php 第 8 行.
NOTIC: [8] Undefined index: game D:\wamp64\www\waibao\Application\Home\Controller\NumController.class.php 第 8 行.
NOTIC: [8] Undefined index: game D:\wamp64\www\waibao\Application\Home\Controller\NumController.class.php 第 8 行.
NOTIC: [8] Undefined index: game D:\wamp64\www\waibao\Application\Home\Controller\NumController.class.php 第 8 行.
NOTIC: [8] Undefined index: game D:\wamp64\www\waibao\Application\Home\Controller\NumController.class.php 第 8 行.
NOTIC: [8] Undefined index: game D:\wamp64\www\waibao\Application\Home\Controller\NumController.class.php 第 8 行.
NOTIC: [8] Undefined index: game D:\wamp64\www\waibao\Application\Home\Controller\NumController.class.php 第 8 行.
SQL: SELECT COUNT(*) AS tp_count FROM `game` WHERE `name` = 'pc28' LIMIT 1   [ RunTime:0.0004s ]
NOTIC: [2] urlencode() expects parameter 1 to be string, array given D:\wamp64\www\waibao\Application\Home\Controller\NumController.class.php 第 96 行.
NOTIC: [8] Undefined index: game D:\wamp64\www\waibao\Application\Home\Controller\NumController.class.php 第 8 行.
INFO: [ view_parse ] --START--
INFO: [ template_filter ] --START--
INFO: Run Behavior\ContentReplaceBehavior [ RunTime:0.000153s ]
INFO: [ template_filter ] --END-- [ RunTime:0.000299s ]
INFO: Run Behavior\ParseTemplateBehavior [ RunTime:0.071023s ]
INFO: [ view_parse ] --END-- [ RunTime:0.071238s ]
INFO: [ view_filter ] --START--
INFO: Run Behavior\WriteHtmlCacheBehavior [ RunTime:0.000458s ]
INFO: [ view_filter ] --END-- [ RunTime:0.000691s ]
INFO: [ app_end ] --START--
INFO: Run Behavior\ShowPageTraceBehavior [ RunTime:0.001106s ]
INFO: [ app_end ] --END-- [ RunTime:0.001371s ]

[ 2016-10-31T18:02:33+08:00 ] 127.0.0.1 /waibao/index.php/Home/Num/getServerTime
INFO: [ app_init ] --START--
INFO: Run Behavior\BuildLiteBehavior [ RunTime:0.000051s ]
INFO: [ app_init ] --END-- [ RunTime:0.000732s ]
INFO: [ app_begin ] --START--
INFO: Run Behavior\ReadHtmlCacheBehavior [ RunTime:0.000791s ]
INFO: [ app_begin ] --END-- [ RunTime:0.001019s ]

[ 2016-10-31T18:02:38+08:00 ] 127.0.0.1 /waibao/index.php/Home/Num/index.html
INFO: [ app_init ] --START--
INFO: Run Behavior\BuildLiteBehavior [ RunTime:0.000070s ]
INFO: [ app_init ] --END-- [ RunTime:0.000822s ]
INFO: [ app_begin ] --START--
INFO: Run Behavior\ReadHtmlCacheBehavior [ RunTime:0.000861s ]
INFO: [ app_begin ] --END-- [ RunTime:0.001078s ]
SQL: SHOW COLUMNS FROM `user` [ RunTime:0.0006s ]
SQL: SELECT * FROM `user` WHERE `id` = '57d10a4c9abbd' LIMIT 1   [ RunTime:0.0003s ]
SQL: SHOW COLUMNS FROM `game` [ RunTime:0.0013s ]
NOTIC: [8] Undefined index: game D:\wamp64\www\waibao\Application\Home\Controller\NumController.class.php 第 8 行.
SQL: SELECT * FROM `game` WHERE `name` = 'pc28' AND `statu` = 3 ORDER BY issue desc LIMIT 1   [ RunTime:0.0006s ]
NOTIC: [8] Undefined index: game D:\wamp64\www\waibao\Application\Home\Controller\NumController.class.php 第 8 行.
SQL: SELECT * FROM `game` WHERE `name` = 'pc28' AND `issue` = 789599 LIMIT 1   [ RunTime:0.0003s ]
NOTIC: [8] Undefined index: p D:\wamp64\www\waibao\Application\Home\Controller\NumController.class.php 第 81 行.
NOTIC: [8] Undefined index: game D:\wamp64\www\waibao\Application\Home\Controller\NumController.class.php 第 8 行.
SQL: SELECT * FROM `game` WHERE `name` = 'pc28' ORDER BY issue desc LIMIT 0,20   [ RunTime:0.0004s ]
SQL: SHOW COLUMNS FROM `lottery` [ RunTime:0.0006s ]
NOTIC: [8] Undefined index: game D:\wamp64\www\waibao\Application\Home\Controller\NumController.class.php 第 8 行.
NOTIC: [8] Undefined index: game D:\wamp64\www\waibao\Application\Home\Controller\NumController.class.php 第 8 行.
NOTIC: [8] Undefined index: game D:\wamp64\www\waibao\Application\Home\Controller\NumController.class.php 第 8 行.
NOTIC: [8] Undefined index: game D:\wamp64\www\waibao\Application\Home\Controller\NumController.class.php 第 8 行.
NOTIC: [8] Undefined index: game D:\wamp64\www\waibao\Application\Home\Controller\NumController.class.php 第 8 行.
NOTIC: [8] Undefined index: game D:\wamp64\www\waibao\Application\Home\Controller\NumController.class.php 第 8 行.
NOTIC: [8] Undefined index: game D:\wamp64\www\waibao\Application\Home\Controller\NumController.class.php 第 8 行.
SQL: SELECT COUNT(*) AS tp_count FROM `game` WHERE `name` = 'pc28' LIMIT 1   [ RunTime:0.0003s ]
NOTIC: [2] urlencode() expects parameter 1 to be string, array given D:\wamp64\www\waibao\Application\Home\Controller\NumController.class.php 第 96 行.
NOTIC: [8] Undefined index: game D:\wamp64\www\waibao\Application\Home\Controller\NumController.class.php 第 8 行.
INFO: [ view_parse ] --START--
INFO: [ template_filter ] --START--
INFO: Run Behavior\ContentReplaceBehavior [ RunTime:0.000148s ]
INFO: [ template_filter ] --END-- [ RunTime:0.000303s ]
INFO: Run Behavior\ParseTemplateBehavior [ RunTime:0.070067s ]
INFO: [ view_parse ] --END-- [ RunTime:0.070216s ]
INFO: [ view_filter ] --START--
INFO: Run Behavior\WriteHtmlCacheBehavior [ RunTime:0.000281s ]
INFO: [ view_filter ] --END-- [ RunTime:0.000417s ]
INFO: [ app_end ] --START--
INFO: Run Behavior\ShowPageTraceBehavior [ RunTime:0.000820s ]
INFO: [ app_end ] --END-- [ RunTime:0.001082s ]

[ 2016-10-31T18:02:38+08:00 ] 127.0.0.1 /waibao/index.php/Home/Num/getServerTime
INFO: [ app_init ] --START--
INFO: Run Behavior\BuildLiteBehavior [ RunTime:0.000051s ]
INFO: [ app_init ] --END-- [ RunTime:0.000718s ]
INFO: [ app_begin ] --START--
INFO: Run Behavior\ReadHtmlCacheBehavior [ RunTime:0.000852s ]
INFO: [ app_begin ] --END-- [ RunTime:0.001066s ]

[ 2016-10-31T18:02:43+08:00 ] 127.0.0.1 /waibao/index.php/Home/Num/index.html
INFO: [ app_init ] --START--
INFO: Run Behavior\BuildLiteBehavior [ RunTime:0.000035s ]
INFO: [ app_init ] --END-- [ RunTime:0.000578s ]
INFO: [ app_begin ] --START--
INFO: Run Behavior\ReadHtmlCacheBehavior [ RunTime:0.000803s ]
INFO: [ app_begin ] --END-- [ RunTime:0.001027s ]
SQL: SHOW COLUMNS FROM `user` [ RunTime:0.0009s ]
SQL: SELECT * FROM `user` WHERE `id` = '57d10a4c9abbd' LIMIT 1   [ RunTime:0.0003s ]
SQL: SHOW COLUMNS FROM `game` [ RunTime:0.0008s ]
NOTIC: [8] Undefined index: game D:\wamp64\www\waibao\Application\Home\Controller\NumController.class.php 第 8 行.
SQL: SELECT * FROM `game` WHERE `name` = 'pc28' AND `statu` = 3 ORDER BY issue desc LIMIT 1   [ RunTime:0.0005s ]
NOTIC: [8] Undefined index: game D:\wamp64\www\waibao\Application\Home\Controller\NumController.class.php 第 8 行.
SQL: SELECT * FROM `game` WHERE `name` = 'pc28' AND `issue` = 789599 LIMIT 1   [ RunTime:0.0003s ]
NOTIC: [8] Undefined index: p D:\wamp64\www\waibao\Application\Home\Controller\NumController.class.php 第 81 行.
NOTIC: [8] Undefined index: game D:\wamp64\www\waibao\Application\Home\Controller\NumController.class.php 第 8 行.
SQL: SELECT * FROM `game` WHERE `name` = 'pc28' ORDER BY issue desc LIMIT 0,20   [ RunTime:0.0004s ]
SQL: SHOW COLUMNS FROM `lottery` [ RunTime:0.0010s ]
NOTIC: [8] Undefined index: game D:\wamp64\www\waibao\Application\Home\Controller\NumController.class.php 第 8 行.
NOTIC: [8] Undefined index: game D:\wamp64\www\waibao\Application\Home\Controller\NumController.class.php 第 8 行.
NOTIC: [8] Undefined index: game D:\wamp64\www\waibao\Application\Home\Controller\NumController.class.php 第 8 行.
NOTIC: [8] Undefined index: game D:\wamp64\www\waibao\Application\Home\Controller\NumController.class.php 第 8 行.
NOTIC: [8] Undefined index: game D:\wamp64\www\waibao\Application\Home\Controller\NumController.class.php 第 8 行.
NOTIC: [8] Undefined index: game D:\wamp64\www\waibao\Application\Home\Controller\NumController.class.php 第 8 行.
NOTIC: [8] Undefined index: game D:\wamp64\www\waibao\Application\Home\Controller\NumController.class.php 第 8 行.
SQL: SELECT COUNT(*) AS tp_count FROM `game` WHERE `name` = 'pc28' LIMIT 1   [ RunTime:0.0005s ]
NOTIC: [2] urlencode() expects parameter 1 to be string, array given D:\wamp64\www\waibao\Application\Home\Controller\NumController.class.php 第 96 行.
NOTIC: [8] Undefined index: game D:\wamp64\www\waibao\Application\Home\Controller\NumController.class.php 第 8 行.
INFO: [ view_parse ] --START--
INFO: [ template_filter ] --START--
INFO: Run Behavior\ContentReplaceBehavior [ RunTime:0.000224s ]
INFO: [ template_filter ] --END-- [ RunTime:0.000418s ]
INFO: Run Behavior\ParseTemplateBehavior [ RunTime:0.091989s ]
INFO: [ view_parse ] --END-- [ RunTime:0.092156s ]
INFO: [ view_filter ] --START--
INFO: Run Behavior\WriteHtmlCacheBehavior [ RunTime:0.000381s ]
INFO: [ view_filter ] --END-- [ RunTime:0.000536s ]
INFO: [ app_end ] --START--
INFO: Run Behavior\ShowPageTraceBehavior [ RunTime:0.000754s ]
INFO: [ app_end ] --END-- [ RunTime:0.000976s ]

[ 2016-10-31T18:02:44+08:00 ] 127.0.0.1 /waibao/index.php/Home/Num/getServerTime
INFO: [ app_init ] --START--
INFO: Run Behavior\BuildLiteBehavior [ RunTime:0.000103s ]
INFO: [ app_init ] --END-- [ RunTime:0.001091s ]
INFO: [ app_begin ] --START--
INFO: Run Behavior\ReadHtmlCacheBehavior [ RunTime:0.000557s ]
INFO: [ app_begin ] --END-- [ RunTime:0.000682s ]

[ 2016-10-31T18:02:49+08:00 ] 127.0.0.1 /waibao/index.php/Home/Num/index.html
INFO: [ app_init ] --START--
INFO: Run Behavior\BuildLiteBehavior [ RunTime:0.000032s ]
INFO: [ app_init ] --END-- [ RunTime:0.000468s ]
INFO: [ app_begin ] --START--
INFO: Run Behavior\ReadHtmlCacheBehavior [ RunTime:0.000571s ]
INFO: [ app_begin ] --END-- [ RunTime:0.000713s ]
SQL: SHOW COLUMNS FROM `user` [ RunTime:0.0008s ]
SQL: SELECT * FROM `user` WHERE `id` = '57d10a4c9abbd' LIMIT 1   [ RunTime:0.0003s ]
SQL: SHOW COLUMNS FROM `game` [ RunTime:0.0009s ]
NOTIC: [8] Undefined index: game D:\wamp64\www\waibao\Application\Home\Controller\NumController.class.php 第 8 行.
SQL: SELECT * FROM `game` WHERE `name` = 'pc28' AND `statu` = 3 ORDER BY issue desc LIMIT 1   [ RunTime:0.0006s ]
NOTIC: [8] Undefined index: game D:\wamp64\www\waibao\Application\Home\Controller\NumController.class.php 第 8 行.
SQL: SELECT * FROM `game` WHERE `name` = 'pc28' AND `issue` = 789599 LIMIT 1   [ RunTime:0.0004s ]
NOTIC: [8] Undefined index: p D:\wamp64\www\waibao\Application\Home\Controller\NumController.class.php 第 81 行.
NOTIC: [8] Undefined index: game D:\wamp64\www\waibao\Application\Home\Controller\NumController.class.php 第 8 行.
SQL: SELECT * FROM `game` WHERE `name` = 'pc28' ORDER BY issue desc LIMIT 0,20   [ RunTime:0.0006s ]
SQL: SHOW COLUMNS FROM `lottery` [ RunTime:0.0007s ]
NOTIC: [8] Undefined index: game D:\wamp64\www\waibao\Application\Home\Controller\NumController.class.php 第 8 行.
NOTIC: [8] Undefined index: game D:\wamp64\www\waibao\Application\Home\Controller\NumController.class.php 第 8 行.
NOTIC: [8] Undefined index: game D:\wamp64\www\waibao\Application\Home\Controller\NumController.class.php 第 8 行.
NOTIC: [8] Undefined index: game D:\wamp64\www\waibao\Application\Home\Controller\NumController.class.php 第 8 行.
NOTIC: [8] Undefined index: game D:\wamp64\www\waibao\Application\Home\Controller\NumController.class.php 第 8 行.
NOTIC: [8] Undefined index: game D:\wamp64\www\waibao\Application\Home\Controller\NumController.class.php 第 8 行.
NOTIC: [8] Undefined index: game D:\wamp64\www\waibao\Application\Home\Controller\NumController.class.php 第 8 行.
SQL: SELECT COUNT(*) AS tp_count FROM `game` WHERE `name` = 'pc28' LIMIT 1   [ RunTime:0.0014s ]
NOTIC: [2] urlencode() expects parameter 1 to be string, array given D:\wamp64\www\waibao\Application\Home\Controller\NumController.class.php 第 96 行.
NOTIC: [8] Undefined index: game D:\wamp64\www\waibao\Application\Home\Controller\NumController.class.php 第 8 行.
INFO: [ view_parse ] --START--
INFO: [ template_filter ] --START--
INFO: Run Behavior\ContentReplaceBehavior [ RunTime:0.000151s ]
INFO: [ template_filter ] --END-- [ RunTime:0.000350s ]
INFO: Run Behavior\ParseTemplateBehavior [ RunTime:0.108455s ]
INFO: [ view_parse ] --END-- [ RunTime:0.108783s ]
INFO: [ view_filter ] --START--
INFO: Run Behavior\WriteHtmlCacheBehavior [ RunTime:0.000534s ]
INFO: [ view_filter ] --END-- [ RunTime:0.000673s ]
INFO: [ app_end ] --START--
INFO: Run Behavior\ShowPageTraceBehavior [ RunTime:0.001879s ]
INFO: [ app_end ] --END-- [ RunTime:0.002420s ]

[ 2016-10-31T18:02:49+08:00 ] 127.0.0.1 /waibao/index.php/Home/Num/getServerTime
INFO: [ app_init ] --START--
INFO: Run Behavior\BuildLiteBehavior [ RunTime:0.000056s ]
INFO: [ app_init ] --END-- [ RunTime:0.000827s ]
INFO: [ app_begin ] --START--
INFO: Run Behavior\ReadHtmlCacheBehavior [ RunTime:0.000948s ]
INFO: [ app_begin ] --END-- [ RunTime:0.001186s ]

[ 2016-10-31T18:02:54+08:00 ] 127.0.0.1 /waibao/index.php/Home/Num/index.html
INFO: [ app_init ] --START--
INFO: Run Behavior\BuildLiteBehavior [ RunTime:0.000029s ]
INFO: [ app_init ] --END-- [ RunTime:0.000444s ]
INFO: [ app_begin ] --START--
INFO: Run Behavior\ReadHtmlCacheBehavior [ RunTime:0.000505s ]
INFO: [ app_begin ] --END-- [ RunTime:0.000640s ]
SQL: SHOW COLUMNS FROM `user` [ RunTime:0.0007s ]
SQL: SELECT * FROM `user` WHERE `id` = '57d10a4c9abbd' LIMIT 1   [ RunTime:0.0004s ]
SQL: SHOW COLUMNS FROM `game` [ RunTime:0.0008s ]
NOTIC: [8] Undefined index: game D:\wamp64\www\waibao\Application\Home\Controller\NumController.class.php 第 8 行.
SQL: SELECT * FROM `game` WHERE `name` = 'pc28' AND `statu` = 3 ORDER BY issue desc LIMIT 1   [ RunTime:0.0005s ]
NOTIC: [8] Undefined index: game D:\wamp64\www\waibao\Application\Home\Controller\NumController.class.php 第 8 行.
SQL: SELECT * FROM `game` WHERE `name` = 'pc28' AND `issue` = 789599 LIMIT 1   [ RunTime:0.0003s ]
NOTIC: [8] Undefined index: p D:\wamp64\www\waibao\Application\Home\Controller\NumController.class.php 第 81 行.
NOTIC: [8] Undefined index: game D:\wamp64\www\waibao\Application\Home\Controller\NumController.class.php 第 8 行.
SQL: SELECT * FROM `game` WHERE `name` = 'pc28' ORDER BY issue desc LIMIT 0,20   [ RunTime:0.0005s ]
SQL: SHOW COLUMNS FROM `lottery` [ RunTime:0.0006s ]
NOTIC: [8] Undefined index: game D:\wamp64\www\waibao\Application\Home\Controller\NumController.class.php 第 8 行.
NOTIC: [8] Undefined index: game D:\wamp64\www\waibao\Application\Home\Controller\NumController.class.php 第 8 行.
NOTIC: [8] Undefined index: game D:\wamp64\www\waibao\Application\Home\Controller\NumController.class.php 第 8 行.
NOTIC: [8] Undefined index: game D:\wamp64\www\waibao\Application\Home\Controller\NumController.class.php 第 8 行.
NOTIC: [8] Undefined index: game D:\wamp64\www\waibao\Application\Home\Controller\NumController.class.php 第 8 行.
NOTIC: [8] Undefined index: game D:\wamp64\www\waibao\Application\Home\Controller\NumController.class.php 第 8 行.
NOTIC: [8] Undefined index: game D:\wamp64\www\waibao\Application\Home\Controller\NumController.class.php 第 8 行.
SQL: SELECT COUNT(*) AS tp_count FROM `game` WHERE `name` = 'pc28' LIMIT 1   [ RunTime:0.0003s ]
NOTIC: [2] urlencode() expects parameter 1 to be string, array given D:\wamp64\www\waibao\Application\Home\Controller\NumController.class.php 第 96 行.
NOTIC: [8] Undefined index: game D:\wamp64\www\waibao\Application\Home\Controller\NumController.class.php 第 8 行.
INFO: [ view_parse ] --START--
INFO: [ template_filter ] --START--
INFO: Run Behavior\ContentReplaceBehavior [ RunTime:0.000146s ]
INFO: [ template_filter ] --END-- [ RunTime:0.000291s ]
INFO: Run Behavior\ParseTemplateBehavior [ RunTime:0.074565s ]
INFO: [ view_parse ] --END-- [ RunTime:0.074726s ]
INFO: [ view_filter ] --START--
INFO: Run Behavior\WriteHtmlCacheBehavior [ RunTime:0.000294s ]
INFO: [ view_filter ] --END-- [ RunTime:0.000418s ]
INFO: [ app_end ] --START--
INFO: Run Behavior\ShowPageTraceBehavior [ RunTime:0.000538s ]
INFO: [ app_end ] --END-- [ RunTime:0.000733s ]

[ 2016-10-31T18:02:54+08:00 ] 127.0.0.1 /waibao/index.php/Home/Num/getServerTime
INFO: [ app_init ] --START--
INFO: Run Behavior\BuildLiteBehavior [ RunTime:0.000055s ]
INFO: [ app_init ] --END-- [ RunTime:0.000866s ]
INFO: [ app_begin ] --START--
INFO: Run Behavior\ReadHtmlCacheBehavior [ RunTime:0.000884s ]
INFO: [ app_begin ] --END-- [ RunTime:0.001064s ]

[ 2016-10-31T18:02:59+08:00 ] 127.0.0.1 /waibao/index.php/Home/Num/index.html
INFO: [ app_init ] --START--
INFO: Run Behavior\BuildLiteBehavior [ RunTime:0.000028s ]
INFO: [ app_init ] --END-- [ RunTime:0.000452s ]
INFO: [ app_begin ] --START--
INFO: Run Behavior\ReadHtmlCacheBehavior [ RunTime:0.000884s ]
INFO: [ app_begin ] --END-- [ RunTime:0.001116s ]
SQL: SHOW COLUMNS FROM `user` [ RunTime:0.0007s ]
SQL: SELECT * FROM `user` WHERE `id` = '57d10a4c9abbd' LIMIT 1   [ RunTime:0.0003s ]
SQL: SHOW COLUMNS FROM `game` [ RunTime:0.0008s ]
NOTIC: [8] Undefined index: game D:\wamp64\www\waibao\Application\Home\Controller\NumController.class.php 第 8 行.
SQL: SELECT * FROM `game` WHERE `name` = 'pc28' AND `statu` = 3 ORDER BY issue desc LIMIT 1   [ RunTime:0.0005s ]
NOTIC: [8] Undefined index: game D:\wamp64\www\waibao\Application\Home\Controller\NumController.class.php 第 8 行.
SQL: SELECT * FROM `game` WHERE `name` = 'pc28' AND `issue` = 789599 LIMIT 1   [ RunTime:0.0003s ]
NOTIC: [8] Undefined index: p D:\wamp64\www\waibao\Application\Home\Controller\NumController.class.php 第 81 行.
NOTIC: [8] Undefined index: game D:\wamp64\www\waibao\Application\Home\Controller\NumController.class.php 第 8 行.
SQL: SELECT * FROM `game` WHERE `name` = 'pc28' ORDER BY issue desc LIMIT 0,20   [ RunTime:0.0010s ]
SQL: SHOW COLUMNS FROM `lottery` [ RunTime:0.0022s ]
NOTIC: [8] Undefined index: game D:\wamp64\www\waibao\Application\Home\Controller\NumController.class.php 第 8 行.
NOTIC: [8] Undefined index: game D:\wamp64\www\waibao\Application\Home\Controller\NumController.class.php 第 8 行.
NOTIC: [8] Undefined index: game D:\wamp64\www\waibao\Application\Home\Controller\NumController.class.php 第 8 行.
NOTIC: [8] Undefined index: game D:\wamp64\www\waibao\Application\Home\Controller\NumController.class.php 第 8 行.
NOTIC: [8] Undefined index: game D:\wamp64\www\waibao\Application\Home\Controller\NumController.class.php 第 8 行.
NOTIC: [8] Undefined index: game D:\wamp64\www\waibao\Application\Home\Controller\NumController.class.php 第 8 行.
NOTIC: [8] Undefined index: game D:\wamp64\www\waibao\Application\Home\Controller\NumController.class.php 第 8 行.
SQL: SELECT COUNT(*) AS tp_count FROM `game` WHERE `name` = 'pc28' LIMIT 1   [ RunTime:0.0004s ]
NOTIC: [2] urlencode() expects parameter 1 to be string, array given D:\wamp64\www\waibao\Application\Home\Controller\NumController.class.php 第 96 行.
NOTIC: [8] Undefined index: game D:\wamp64\www\waibao\Application\Home\Controller\NumController.class.php 第 8 行.
INFO: [ view_parse ] --START--
INFO: [ template_filter ] --START--
INFO: Run Behavior\ContentReplaceBehavior [ RunTime:0.000256s ]
INFO: [ template_filter ] --END-- [ RunTime:0.000519s ]
INFO: Run Behavior\ParseTemplateBehavior [ RunTime:0.072271s ]
INFO: [ view_parse ] --END-- [ RunTime:0.072421s ]
INFO: [ view_filter ] --START--
INFO: Run Behavior\WriteHtmlCacheBehavior [ RunTime:0.000269s ]
INFO: [ view_filter ] --END-- [ RunTime:0.000393s ]
INFO: [ app_end ] --START--
INFO: Run Behavior\ShowPageTraceBehavior [ RunTime:0.000498s ]
INFO: [ app_end ] --END-- [ RunTime:0.000637s ]

[ 2016-10-31T18:03:00+08:00 ] 127.0.0.1 /waibao/index.php/Home/Num/getServerTime
INFO: [ app_init ] --START--
INFO: Run Behavior\BuildLiteBehavior [ RunTime:0.000056s ]
INFO: [ app_init ] --END-- [ RunTime:0.000849s ]
INFO: [ app_begin ] --START--
INFO: Run Behavior\ReadHtmlCacheBehavior [ RunTime:0.000891s ]
INFO: [ app_begin ] --END-- [ RunTime:0.001193s ]

[ 2016-10-31T18:03:05+08:00 ] 127.0.0.1 /waibao/index.php/Home/Num/index.html
INFO: [ app_init ] --START--
INFO: Run Behavior\BuildLiteBehavior [ RunTime:0.000030s ]
INFO: [ app_init ] --END-- [ RunTime:0.000441s ]
INFO: [ app_begin ] --START--
INFO: Run Behavior\ReadHtmlCacheBehavior [ RunTime:0.000534s ]
INFO: [ app_begin ] --END-- [ RunTime:0.000675s ]
SQL: SHOW COLUMNS FROM `user` [ RunTime:0.0008s ]
SQL: SELECT * FROM `user` WHERE `id` = '57d10a4c9abbd' LIMIT 1   [ RunTime:0.0003s ]
SQL: SHOW COLUMNS FROM `game` [ RunTime:0.0012s ]
NOTIC: [8] Undefined index: game D:\wamp64\www\waibao\Application\Home\Controller\NumController.class.php 第 8 行.
SQL: SELECT * FROM `game` WHERE `name` = 'pc28' AND `statu` = 3 ORDER BY issue desc LIMIT 1   [ RunTime:0.0005s ]
NOTIC: [8] Undefined index: game D:\wamp64\www\waibao\Application\Home\Controller\NumController.class.php 第 8 行.
SQL: SELECT * FROM `game` WHERE `name` = 'pc28' AND `issue` = 789599 LIMIT 1   [ RunTime:0.0003s ]
NOTIC: [8] Undefined index: p D:\wamp64\www\waibao\Application\Home\Controller\NumController.class.php 第 81 行.
NOTIC: [8] Undefined index: game D:\wamp64\www\waibao\Application\Home\Controller\NumController.class.php 第 8 行.
SQL: SELECT * FROM `game` WHERE `name` = 'pc28' ORDER BY issue desc LIMIT 0,20   [ RunTime:0.0004s ]
SQL: SHOW COLUMNS FROM `lottery` [ RunTime:0.0006s ]
NOTIC: [8] Undefined index: game D:\wamp64\www\waibao\Application\Home\Controller\NumController.class.php 第 8 行.
NOTIC: [8] Undefined index: game D:\wamp64\www\waibao\Application\Home\Controller\NumController.class.php 第 8 行.
NOTIC: [8] Undefined index: game D:\wamp64\www\waibao\Application\Home\Controller\NumController.class.php 第 8 行.
NOTIC: [8] Undefined index: game D:\wamp64\www\waibao\Application\Home\Controller\NumController.class.php 第 8 行.
NOTIC: [8] Undefined index: game D:\wamp64\www\waibao\Application\Home\Controller\NumController.class.php 第 8 行.
NOTIC: [8] Undefined index: game D:\wamp64\www\waibao\Application\Home\Controller\NumController.class.php 第 8 行.
NOTIC: [8] Undefined index: game D:\wamp64\www\waibao\Application\Home\Controller\NumController.class.php 第 8 行.
SQL: SELECT COUNT(*) AS tp_count FROM `game` WHERE `name` = 'pc28' LIMIT 1   [ RunTime:0.0002s ]
NOTIC: [2] urlencode() expects parameter 1 to be string, array given D:\wamp64\www\waibao\Application\Home\Controller\NumController.class.php 第 96 行.
NOTIC: [8] Undefined index: game D:\wamp64\www\waibao\Application\Home\Controller\NumController.class.php 第 8 行.
INFO: [ view_parse ] --START--
INFO: [ template_filter ] --START--
INFO: Run Behavior\ContentReplaceBehavior [ RunTime:0.000140s ]
INFO: [ template_filter ] --END-- [ RunTime:0.000279s ]
INFO: Run Behavior\ParseTemplateBehavior [ RunTime:0.074542s ]
INFO: [ view_parse ] --END-- [ RunTime:0.074856s ]
INFO: [ view_filter ] --START--
INFO: Run Behavior\WriteHtmlCacheBehavior [ RunTime:0.000304s ]
INFO: [ view_filter ] --END-- [ RunTime:0.000429s ]
INFO: [ app_end ] --START--
INFO: Run Behavior\ShowPageTraceBehavior [ RunTime:0.000516s ]
INFO: [ app_end ] --END-- [ RunTime:0.000653s ]

[ 2016-10-31T18:03:05+08:00 ] 127.0.0.1 /waibao/index.php/Home/Num/getServerTime
INFO: [ app_init ] --START--
INFO: Run Behavior\BuildLiteBehavior [ RunTime:0.000031s ]
INFO: [ app_init ] --END-- [ RunTime:0.000471s ]
INFO: [ app_begin ] --START--
INFO: Run Behavior\ReadHtmlCacheBehavior [ RunTime:0.000851s ]
INFO: [ app_begin ] --END-- [ RunTime:0.001072s ]

[ 2016-10-31T18:03:10+08:00 ] 127.0.0.1 /waibao/index.php/Home/Num/index.html
INFO: [ app_init ] --START--
INFO: Run Behavior\BuildLiteBehavior [ RunTime:0.000046s ]
INFO: [ app_init ] --END-- [ RunTime:0.000683s ]
INFO: [ app_begin ] --START--
INFO: Run Behavior\ReadHtmlCacheBehavior [ RunTime:0.002491s ]
INFO: [ app_begin ] --END-- [ RunTime:0.002919s ]
SQL: SHOW COLUMNS FROM `user` [ RunTime:0.0009s ]
SQL: SELECT * FROM `user` WHERE `id` = '57d10a4c9abbd' LIMIT 1   [ RunTime:0.0011s ]
SQL: SHOW COLUMNS FROM `game` [ RunTime:0.0020s ]
NOTIC: [8] Undefined index: game D:\wamp64\www\waibao\Application\Home\Controller\NumController.class.php 第 8 行.
SQL: SELECT * FROM `game` WHERE `name` = 'pc28' AND `statu` = 3 ORDER BY issue desc LIMIT 1   [ RunTime:0.0007s ]
NOTIC: [8] Undefined index: game D:\wamp64\www\waibao\Application\Home\Controller\NumController.class.php 第 8 行.
SQL: SELECT * FROM `game` WHERE `name` = 'pc28' AND `issue` = 789599 LIMIT 1   [ RunTime:0.0005s ]
NOTIC: [8] Undefined index: p D:\wamp64\www\waibao\Application\Home\Controller\NumController.class.php 第 81 行.
NOTIC: [8] Undefined index: game D:\wamp64\www\waibao\Application\Home\Controller\NumController.class.php 第 8 行.
SQL: SELECT * FROM `game` WHERE `name` = 'pc28' ORDER BY issue desc LIMIT 0,20   [ RunTime:0.0008s ]
SQL: SHOW COLUMNS FROM `lottery` [ RunTime:0.0009s ]
NOTIC: [8] Undefined index: game D:\wamp64\www\waibao\Application\Home\Controller\NumController.class.php 第 8 行.
NOTIC: [8] Undefined index: game D:\wamp64\www\waibao\Application\Home\Controller\NumController.class.php 第 8 行.
NOTIC: [8] Undefined index: game D:\wamp64\www\waibao\Application\Home\Controller\NumController.class.php 第 8 行.
NOTIC: [8] Undefined index: game D:\wamp64\www\waibao\Application\Home\Controller\NumController.class.php 第 8 行.
NOTIC: [8] Undefined index: game D:\wamp64\www\waibao\Application\Home\Controller\NumController.class.php 第 8 行.
NOTIC: [8] Undefined index: game D:\wamp64\www\waibao\Application\Home\Controller\NumController.class.php 第 8 行.
NOTIC: [8] Undefined index: game D:\wamp64\www\waibao\Application\Home\Controller\NumController.class.php 第 8 行.
SQL: SELECT COUNT(*) AS tp_count FROM `game` WHERE `name` = 'pc28' LIMIT 1   [ RunTime:0.0004s ]
NOTIC: [2] urlencode() expects parameter 1 to be string, array given D:\wamp64\www\waibao\Application\Home\Controller\NumController.class.php 第 96 行.
NOTIC: [8] Undefined index: game D:\wamp64\www\waibao\Application\Home\Controller\NumController.class.php 第 8 行.
INFO: [ view_parse ] --START--
INFO: [ template_filter ] --START--
INFO: Run Behavior\ContentReplaceBehavior [ RunTime:0.000150s ]
INFO: [ template_filter ] --END-- [ RunTime:0.000317s ]
INFO: Run Behavior\ParseTemplateBehavior [ RunTime:0.100394s ]
INFO: [ view_parse ] --END-- [ RunTime:0.100587s ]
INFO: [ view_filter ] --START--
INFO: Run Behavior\WriteHtmlCacheBehavior [ RunTime:0.000512s ]
INFO: [ view_filter ] --END-- [ RunTime:0.000698s ]
INFO: [ app_end ] --START--
INFO: Run Behavior\ShowPageTraceBehavior [ RunTime:0.001318s ]
INFO: [ app_end ] --END-- [ RunTime:0.002013s ]

[ 2016-10-31T18:03:10+08:00 ] 127.0.0.1 /waibao/index.php/Home/Num/getServerTime
INFO: [ app_init ] --START--
INFO: Run Behavior\BuildLiteBehavior [ RunTime:0.000048s ]
INFO: [ app_init ] --END-- [ RunTime:0.000726s ]
INFO: [ app_begin ] --START--
INFO: Run Behavior\ReadHtmlCacheBehavior [ RunTime:0.000817s ]
INFO: [ app_begin ] --END-- [ RunTime:0.001032s ]

[ 2016-10-31T18:03:16+08:00 ] 127.0.0.1 /waibao/index.php/Home/Num/index.html
INFO: [ app_init ] --START--
INFO: Run Behavior\BuildLiteBehavior [ RunTime:0.000042s ]
INFO: [ app_init ] --END-- [ RunTime:0.000657s ]
INFO: [ app_begin ] --START--
INFO: Run Behavior\ReadHtmlCacheBehavior [ RunTime:0.000776s ]
INFO: [ app_begin ] --END-- [ RunTime:0.000984s ]
SQL: SHOW COLUMNS FROM `user` [ RunTime:0.0007s ]
SQL: SELECT * FROM `user` WHERE `id` = '57d10a4c9abbd' LIMIT 1   [ RunTime:0.0003s ]
SQL: SHOW COLUMNS FROM `game` [ RunTime:0.0008s ]
NOTIC: [8] Undefined index: game D:\wamp64\www\waibao\Application\Home\Controller\NumController.class.php 第 8 行.
SQL: SELECT * FROM `game` WHERE `name` = 'pc28' AND `statu` = 3 ORDER BY issue desc LIMIT 1   [ RunTime:0.0005s ]
NOTIC: [8] Undefined index: game D:\wamp64\www\waibao\Application\Home\Controller\NumController.class.php 第 8 行.
SQL: SELECT * FROM `game` WHERE `name` = 'pc28' AND `issue` = 789599 LIMIT 1   [ RunTime:0.0003s ]
NOTIC: [8] Undefined index: p D:\wamp64\www\waibao\Application\Home\Controller\NumController.class.php 第 81 行.
NOTIC: [8] Undefined index: game D:\wamp64\www\waibao\Application\Home\Controller\NumController.class.php 第 8 行.
SQL: SELECT * FROM `game` WHERE `name` = 'pc28' ORDER BY issue desc LIMIT 0,20   [ RunTime:0.0006s ]
SQL: SHOW COLUMNS FROM `lottery` [ RunTime:0.0011s ]
NOTIC: [8] Undefined index: game D:\wamp64\www\waibao\Application\Home\Controller\NumController.class.php 第 8 行.
NOTIC: [8] Undefined index: game D:\wamp64\www\waibao\Application\Home\Controller\NumController.class.php 第 8 行.
NOTIC: [8] Undefined index: game D:\wamp64\www\waibao\Application\Home\Controller\NumController.class.php 第 8 行.
NOTIC: [8] Undefined index: game D:\wamp64\www\waibao\Application\Home\Controller\NumController.class.php 第 8 行.
NOTIC: [8] Undefined index: game D:\wamp64\www\waibao\Application\Home\Controller\NumController.class.php 第 8 行.
NOTIC: [8] Undefined index: game D:\wamp64\www\waibao\Application\Home\Controller\NumController.class.php 第 8 行.
NOTIC: [8] Undefined index: game D:\wamp64\www\waibao\Application\Home\Controller\NumController.class.php 第 8 行.
SQL: SELECT COUNT(*) AS tp_count FROM `game` WHERE `name` = 'pc28' LIMIT 1   [ RunTime:0.0005s ]
NOTIC: [2] urlencode() expects parameter 1 to be string, array given D:\wamp64\www\waibao\Application\Home\Controller\NumController.class.php 第 96 行.
NOTIC: [8] Undefined index: game D:\wamp64\www\waibao\Application\Home\Controller\NumController.class.php 第 8 行.
INFO: [ view_parse ] --START--
INFO: [ template_filter ] --START--
INFO: Run Behavior\ContentReplaceBehavior [ RunTime:0.000138s ]
INFO: [ template_filter ] --END-- [ RunTime:0.000276s ]
INFO: Run Behavior\ParseTemplateBehavior [ RunTime:0.068936s ]
INFO: [ view_parse ] --END-- [ RunTime:0.069114s ]
INFO: [ view_filter ] --START--
INFO: Run Behavior\WriteHtmlCacheBehavior [ RunTime:0.000343s ]
INFO: [ view_filter ] --END-- [ RunTime:0.000474s ]
INFO: [ app_end ] --START--
INFO: Run Behavior\ShowPageTraceBehavior [ RunTime:0.000736s ]
INFO: [ app_end ] --END-- [ RunTime:0.000928s ]

[ 2016-10-31T18:03:16+08:00 ] 127.0.0.1 /waibao/index.php/Home/Num/getServerTime
INFO: [ app_init ] --START--
INFO: Run Behavior\BuildLiteBehavior [ RunTime:0.000031s ]
INFO: [ app_init ] --END-- [ RunTime:0.000460s ]
INFO: [ app_begin ] --START--
INFO: Run Behavior\ReadHtmlCacheBehavior [ RunTime:0.000871s ]
INFO: [ app_begin ] --END-- [ RunTime:0.001095s ]

[ 2016-10-31T18:03:21+08:00 ] 127.0.0.1 /waibao/index.php/Home/Num/index.html
INFO: [ app_init ] --START--
INFO: Run Behavior\BuildLiteBehavior [ RunTime:0.000068s ]
INFO: [ app_init ] --END-- [ RunTime:0.000974s ]
INFO: [ app_begin ] --START--
INFO: Run Behavior\ReadHtmlCacheBehavior [ RunTime:0.000533s ]
INFO: [ app_begin ] --END-- [ RunTime:0.000676s ]
SQL: SHOW COLUMNS FROM `user` [ RunTime:0.0006s ]
SQL: SELECT * FROM `user` WHERE `id` = '57d10a4c9abbd' LIMIT 1   [ RunTime:0.0003s ]
SQL: SHOW COLUMNS FROM `game` [ RunTime:0.0008s ]
NOTIC: [8] Undefined index: game D:\wamp64\www\waibao\Application\Home\Controller\NumController.class.php 第 8 行.
SQL: SELECT * FROM `game` WHERE `name` = 'pc28' AND `statu` = 3 ORDER BY issue desc LIMIT 1   [ RunTime:0.0005s ]
NOTIC: [8] Undefined index: game D:\wamp64\www\waibao\Application\Home\Controller\NumController.class.php 第 8 行.
SQL: SELECT * FROM `game` WHERE `name` = 'pc28' AND `issue` = 789599 LIMIT 1   [ RunTime:0.0003s ]
NOTIC: [8] Undefined index: p D:\wamp64\www\waibao\Application\Home\Controller\NumController.class.php 第 81 行.
NOTIC: [8] Undefined index: game D:\wamp64\www\waibao\Application\Home\Controller\NumController.class.php 第 8 行.
SQL: SELECT * FROM `game` WHERE `name` = 'pc28' ORDER BY issue desc LIMIT 0,20   [ RunTime:0.0005s ]
SQL: SHOW COLUMNS FROM `lottery` [ RunTime:0.0007s ]
NOTIC: [8] Undefined index: game D:\wamp64\www\waibao\Application\Home\Controller\NumController.class.php 第 8 行.
NOTIC: [8] Undefined index: game D:\wamp64\www\waibao\Application\Home\Controller\NumController.class.php 第 8 行.
NOTIC: [8] Undefined index: game D:\wamp64\www\waibao\Application\Home\Controller\NumController.class.php 第 8 行.
NOTIC: [8] Undefined index: game D:\wamp64\www\waibao\Application\Home\Controller\NumController.class.php 第 8 行.
NOTIC: [8] Undefined index: game D:\wamp64\www\waibao\Application\Home\Controller\NumController.class.php 第 8 行.
NOTIC: [8] Undefined index: game D:\wamp64\www\waibao\Application\Home\Controller\NumController.class.php 第 8 行.
NOTIC: [8] Undefined index: game D:\wamp64\www\waibao\Application\Home\Controller\NumController.class.php 第 8 行.
SQL: SELECT COUNT(*) AS tp_count FROM `game` WHERE `name` = 'pc28' LIMIT 1   [ RunTime:0.0005s ]
NOTIC: [2] urlencode() expects parameter 1 to be string, array given D:\wamp64\www\waibao\Application\Home\Controller\NumController.class.php 第 96 行.
NOTIC: [8] Undefined index: game D:\wamp64\www\waibao\Application\Home\Controller\NumController.class.php 第 8 行.
INFO: [ view_parse ] --START--
INFO: [ template_filter ] --START--
INFO: Run Behavior\ContentReplaceBehavior [ RunTime:0.000142s ]
INFO: [ template_filter ] --END-- [ RunTime:0.000282s ]
INFO: Run Behavior\ParseTemplateBehavior [ RunTime:0.069344s ]
INFO: [ view_parse ] --END-- [ RunTime:0.069497s ]
INFO: [ view_filter ] --START--
INFO: Run Behavior\WriteHtmlCacheBehavior [ RunTime:0.000275s ]
INFO: [ view_filter ] --END-- [ RunTime:0.000396s ]
INFO: [ app_end ] --START--
INFO: Run Behavior\ShowPageTraceBehavior [ RunTime:0.000827s ]
INFO: [ app_end ] --END-- [ RunTime:0.001088s ]

[ 2016-10-31T18:03:21+08:00 ] 127.0.0.1 /waibao/index.php/Home/Num/getServerTime
INFO: [ app_init ] --START--
INFO: Run Behavior\BuildLiteBehavior [ RunTime:0.000060s ]
INFO: [ app_init ] --END-- [ RunTime:0.000835s ]
INFO: [ app_begin ] --START--
INFO: Run Behavior\ReadHtmlCacheBehavior [ RunTime:0.001013s ]
INFO: [ app_begin ] --END-- [ RunTime:0.001240s ]

[ 2016-10-31T18:03:26+08:00 ] 127.0.0.1 /waibao/index.php/Home/Num/index.html
INFO: [ app_init ] --START--
INFO: Run Behavior\BuildLiteBehavior [ RunTime:0.000054s ]
INFO: [ app_init ] --END-- [ RunTime:0.000855s ]
INFO: [ app_begin ] --START--
INFO: Run Behavior\ReadHtmlCacheBehavior [ RunTime:0.001002s ]
INFO: [ app_begin ] --END-- [ RunTime:0.001258s ]
SQL: SHOW COLUMNS FROM `user` [ RunTime:0.0008s ]
SQL: SELECT * FROM `user` WHERE `id` = '57d10a4c9abbd' LIMIT 1   [ RunTime:0.0003s ]
SQL: SHOW COLUMNS FROM `game` [ RunTime:0.0008s ]
NOTIC: [8] Undefined index: game D:\wamp64\www\waibao\Application\Home\Controller\NumController.class.php 第 8 行.
SQL: SELECT * FROM `game` WHERE `name` = 'pc28' AND `statu` = 3 ORDER BY issue desc LIMIT 1   [ RunTime:0.0005s ]
NOTIC: [8] Undefined index: game D:\wamp64\www\waibao\Application\Home\Controller\NumController.class.php 第 8 行.
SQL: SELECT * FROM `game` WHERE `name` = 'pc28' AND `issue` = 789599 LIMIT 1   [ RunTime:0.0004s ]
NOTIC: [8] Undefined index: p D:\wamp64\www\waibao\Application\Home\Controller\NumController.class.php 第 81 行.
NOTIC: [8] Undefined index: game D:\wamp64\www\waibao\Application\Home\Controller\NumController.class.php 第 8 行.
SQL: SELECT * FROM `game` WHERE `name` = 'pc28' ORDER BY issue desc LIMIT 0,20   [ RunTime:0.0010s ]
SQL: SHOW COLUMNS FROM `lottery` [ RunTime:0.0007s ]
NOTIC: [8] Undefined index: game D:\wamp64\www\waibao\Application\Home\Controller\NumController.class.php 第 8 行.
NOTIC: [8] Undefined index: game D:\wamp64\www\waibao\Application\Home\Controller\NumController.class.php 第 8 行.
NOTIC: [8] Undefined index: game D:\wamp64\www\waibao\Application\Home\Controller\NumController.class.php 第 8 行.
NOTIC: [8] Undefined index: game D:\wamp64\www\waibao\Application\Home\Controller\NumController.class.php 第 8 行.
NOTIC: [8] Undefined index: game D:\wamp64\www\waibao\Application\Home\Controller\NumController.class.php 第 8 行.
NOTIC: [8] Undefined index: game D:\wamp64\www\waibao\Application\Home\Controller\NumController.class.php 第 8 行.
NOTIC: [8] Undefined index: game D:\wamp64\www\waibao\Application\Home\Controller\NumController.class.php 第 8 行.
SQL: SELECT COUNT(*) AS tp_count FROM `game` WHERE `name` = 'pc28' LIMIT 1   [ RunTime:0.0003s ]
NOTIC: [2] urlencode() expects parameter 1 to be string, array given D:\wamp64\www\waibao\Application\Home\Controller\NumController.class.php 第 96 行.
NOTIC: [8] Undefined index: game D:\wamp64\www\waibao\Application\Home\Controller\NumController.class.php 第 8 行.
INFO: [ view_parse ] --START--
INFO: [ template_filter ] --START--
INFO: Run Behavior\ContentReplaceBehavior [ RunTime:0.000150s ]
INFO: [ template_filter ] --END-- [ RunTime:0.000307s ]
INFO: Run Behavior\ParseTemplateBehavior [ RunTime:0.080495s ]
INFO: [ view_parse ] --END-- [ RunTime:0.080694s ]
INFO: [ view_filter ] --START--
INFO: Run Behavior\WriteHtmlCacheBehavior [ RunTime:0.000272s ]
INFO: [ view_filter ] --END-- [ RunTime:0.000393s ]
INFO: [ app_end ] --START--
INFO: Run Behavior\ShowPageTraceBehavior [ RunTime:0.000983s ]
INFO: [ app_end ] --END-- [ RunTime:0.001237s ]

[ 2016-10-31T18:03:26+08:00 ] 127.0.0.1 /waibao/index.php/Home/Num/getServerTime
INFO: [ app_init ] --START--
INFO: Run Behavior\BuildLiteBehavior [ RunTime:0.000057s ]
INFO: [ app_init ] --END-- [ RunTime:0.000909s ]
INFO: [ app_begin ] --START--
INFO: Run Behavior\ReadHtmlCacheBehavior [ RunTime:0.000910s ]
INFO: [ app_begin ] --END-- [ RunTime:0.001141s ]

[ 2016-10-31T18:03:32+08:00 ] 127.0.0.1 /waibao/index.php/Home/Num/index.html
INFO: [ app_init ] --START--
INFO: Run Behavior\BuildLiteBehavior [ RunTime:0.000036s ]
INFO: [ app_init ] --END-- [ RunTime:0.000569s ]
INFO: [ app_begin ] --START--
INFO: Run Behavior\ReadHtmlCacheBehavior [ RunTime:0.001387s ]
INFO: [ app_begin ] --END-- [ RunTime:0.001706s ]
SQL: SHOW COLUMNS FROM `user` [ RunTime:0.0013s ]
SQL: SELECT * FROM `user` WHERE `id` = '57d10a4c9abbd' LIMIT 1   [ RunTime:0.0006s ]
SQL: SHOW COLUMNS FROM `game` [ RunTime:0.0010s ]
NOTIC: [8] Undefined index: game D:\wamp64\www\waibao\Application\Home\Controller\NumController.class.php 第 8 行.
SQL: SELECT * FROM `game` WHERE `name` = 'pc28' AND `statu` = 3 ORDER BY issue desc LIMIT 1   [ RunTime:0.0005s ]
NOTIC: [8] Undefined index: game D:\wamp64\www\waibao\Application\Home\Controller\NumController.class.php 第 8 行.
SQL: SELECT * FROM `game` WHERE `name` = 'pc28' AND `issue` = 789599 LIMIT 1   [ RunTime:0.0004s ]
NOTIC: [8] Undefined index: p D:\wamp64\www\waibao\Application\Home\Controller\NumController.class.php 第 81 行.
NOTIC: [8] Undefined index: game D:\wamp64\www\waibao\Application\Home\Controller\NumController.class.php 第 8 行.
SQL: SELECT * FROM `game` WHERE `name` = 'pc28' ORDER BY issue desc LIMIT 0,20   [ RunTime:0.0007s ]
SQL: SHOW COLUMNS FROM `lottery` [ RunTime:0.0008s ]
NOTIC: [8] Undefined index: game D:\wamp64\www\waibao\Application\Home\Controller\NumController.class.php 第 8 行.
NOTIC: [8] Undefined index: game D:\wamp64\www\waibao\Application\Home\Controller\NumController.class.php 第 8 行.
NOTIC: [8] Undefined index: game D:\wamp64\www\waibao\Application\Home\Controller\NumController.class.php 第 8 行.
NOTIC: [8] Undefined index: game D:\wamp64\www\waibao\Application\Home\Controller\NumController.class.php 第 8 行.
NOTIC: [8] Undefined index: game D:\wamp64\www\waibao\Application\Home\Controller\NumController.class.php 第 8 行.
NOTIC: [8] Undefined index: game D:\wamp64\www\waibao\Application\Home\Controller\NumController.class.php 第 8 行.
NOTIC: [8] Undefined index: game D:\wamp64\www\waibao\Application\Home\Controller\NumController.class.php 第 8 行.
SQL: SELECT COUNT(*) AS tp_count FROM `game` WHERE `name` = 'pc28' LIMIT 1   [ RunTime:0.0005s ]
NOTIC: [2] urlencode() expects parameter 1 to be string, array given D:\wamp64\www\waibao\Application\Home\Controller\NumController.class.php 第 96 行.
NOTIC: [8] Undefined index: game D:\wamp64\www\waibao\Application\Home\Controller\NumController.class.php 第 8 行.
INFO: [ view_parse ] --START--
INFO: [ template_filter ] --START--
INFO: Run Behavior\ContentReplaceBehavior [ RunTime:0.000143s ]
INFO: [ template_filter ] --END-- [ RunTime:0.000287s ]
INFO: Run Behavior\ParseTemplateBehavior [ RunTime:0.078502s ]
INFO: [ view_parse ] --END-- [ RunTime:0.078652s ]
INFO: [ view_filter ] --START--
INFO: Run Behavior\WriteHtmlCacheBehavior [ RunTime:0.000270s ]
INFO: [ view_filter ] --END-- [ RunTime:0.000394s ]
INFO: [ app_end ] --START--
INFO: Run Behavior\ShowPageTraceBehavior [ RunTime:0.000500s ]
INFO: [ app_end ] --END-- [ RunTime:0.000638s ]

[ 2016-10-31T18:03:32+08:00 ] 127.0.0.1 /waibao/index.php/Home/Num/getServerTime
INFO: [ app_init ] --START--
INFO: Run Behavior\BuildLiteBehavior [ RunTime:0.000052s ]
INFO: [ app_init ] --END-- [ RunTime:0.000770s ]
INFO: [ app_begin ] --START--
INFO: Run Behavior\ReadHtmlCacheBehavior [ RunTime:0.000821s ]
INFO: [ app_begin ] --END-- [ RunTime:0.001035s ]

[ 2016-10-31T18:03:37+08:00 ] 127.0.0.1 /waibao/index.php/Home/Num/index.html
INFO: [ app_init ] --START--
INFO: Run Behavior\BuildLiteBehavior [ RunTime:0.000049s ]
INFO: [ app_init ] --END-- [ RunTime:0.000742s ]
INFO: [ app_begin ] --START--
INFO: Run Behavior\ReadHtmlCacheBehavior [ RunTime:0.000637s ]
INFO: [ app_begin ] --END-- [ RunTime:0.000794s ]
SQL: SHOW COLUMNS FROM `user` [ RunTime:0.0010s ]
SQL: SELECT * FROM `user` WHERE `id` = '57d10a4c9abbd' LIMIT 1   [ RunTime:0.0004s ]
SQL: SHOW COLUMNS FROM `game` [ RunTime:0.0009s ]
NOTIC: [8] Undefined index: game D:\wamp64\www\waibao\Application\Home\Controller\NumController.class.php 第 8 行.
SQL: SELECT * FROM `game` WHERE `name` = 'pc28' AND `statu` = 3 ORDER BY issue desc LIMIT 1   [ RunTime:0.0007s ]
NOTIC: [8] Undefined index: game D:\wamp64\www\waibao\Application\Home\Controller\NumController.class.php 第 8 行.
SQL: SELECT * FROM `game` WHERE `name` = 'pc28' AND `issue` = 789599 LIMIT 1   [ RunTime:0.0006s ]
NOTIC: [8] Undefined index: p D:\wamp64\www\waibao\Application\Home\Controller\NumController.class.php 第 81 行.
NOTIC: [8] Undefined index: game D:\wamp64\www\waibao\Application\Home\Controller\NumController.class.php 第 8 行.
SQL: SELECT * FROM `game` WHERE `name` = 'pc28' ORDER BY issue desc LIMIT 0,20   [ RunTime:0.0010s ]
SQL: SHOW COLUMNS FROM `lottery` [ RunTime:0.0011s ]
NOTIC: [8] Undefined index: game D:\wamp64\www\waibao\Application\Home\Controller\NumController.class.php 第 8 行.
NOTIC: [8] Undefined index: game D:\wamp64\www\waibao\Application\Home\Controller\NumController.class.php 第 8 行.
NOTIC: [8] Undefined index: game D:\wamp64\www\waibao\Application\Home\Controller\NumController.class.php 第 8 行.
NOTIC: [8] Undefined index: game D:\wamp64\www\waibao\Application\Home\Controller\NumController.class.php 第 8 行.
NOTIC: [8] Undefined index: game D:\wamp64\www\waibao\Application\Home\Controller\NumController.class.php 第 8 行.
NOTIC: [8] Undefined index: game D:\wamp64\www\waibao\Application\Home\Controller\NumController.class.php 第 8 行.
NOTIC: [8] Undefined index: game D:\wamp64\www\waibao\Application\Home\Controller\NumController.class.php 第 8 行.
SQL: SELECT COUNT(*) AS tp_count FROM `game` WHERE `name` = 'pc28' LIMIT 1   [ RunTime:0.0004s ]
NOTIC: [2] urlencode() expects parameter 1 to be string, array given D:\wamp64\www\waibao\Application\Home\Controller\NumController.class.php 第 96 行.
NOTIC: [8] Undefined index: game D:\wamp64\www\waibao\Application\Home\Controller\NumController.class.php 第 8 行.
INFO: [ view_parse ] --START--
INFO: [ template_filter ] --START--
INFO: Run Behavior\ContentReplaceBehavior [ RunTime:0.000141s ]
INFO: [ template_filter ] --END-- [ RunTime:0.000283s ]
INFO: Run Behavior\ParseTemplateBehavior [ RunTime:0.073870s ]
INFO: [ view_parse ] --END-- [ RunTime:0.074055s ]
INFO: [ view_filter ] --START--
INFO: Run Behavior\WriteHtmlCacheBehavior [ RunTime:0.000353s ]
INFO: [ view_filter ] --END-- [ RunTime:0.000478s ]
INFO: [ app_end ] --START--
INFO: Run Behavior\ShowPageTraceBehavior [ RunTime:0.000518s ]
INFO: [ app_end ] --END-- [ RunTime:0.000687s ]

[ 2016-10-31T18:03:37+08:00 ] 127.0.0.1 /waibao/index.php/Home/Num/getServerTime
INFO: [ app_init ] --START--
INFO: Run Behavior\BuildLiteBehavior [ RunTime:0.000029s ]
INFO: [ app_init ] --END-- [ RunTime:0.000440s ]
INFO: [ app_begin ] --START--
INFO: Run Behavior\ReadHtmlCacheBehavior [ RunTime:0.000497s ]
INFO: [ app_begin ] --END-- [ RunTime:0.000610s ]

