[ 2016-10-17T17:14:24+08:00 ] ::1 /waibao/
INFO: [ app_init ] --START--
INFO: Run Behavior\BuildLiteBehavior [ RunTime:0.000033s ]
INFO: [ app_init ] --END-- [ RunTime:0.027851s ]
INFO: [ app_begin ] --START--
INFO: Run Behavior\ReadHtmlCacheBehavior [ RunTime:0.030889s ]
INFO: [ app_begin ] --END-- [ RunTime:0.031255s ]
NOTIC: [8] Undefined index: page D:\wamp64\www\waibao\Application\Home\Controller\IndexController.class.php 第 7 行.
INFO: [ view_parse ] --START--
INFO: [ template_filter ] --START--
INFO: Run Behavior\ContentReplaceBehavior [ RunTime:0.014722s ]
INFO: [ template_filter ] --END-- [ RunTime:0.014975s ]
INFO: Run Behavior\ParseTemplateBehavior [ RunTime:0.284108s ]
INFO: [ view_parse ] --END-- [ RunTime:0.284665s ]
INFO: [ view_filter ] --START--
INFO: Run Behavior\WriteHtmlCacheBehavior [ RunTime:0.028451s ]
INFO: [ view_filter ] --END-- [ RunTime:0.028982s ]
INFO: [ app_end ] --START--
INFO: Run Behavior\ShowPageTraceBehavior [ RunTime:0.015920s ]
INFO: [ app_end ] --END-- [ RunTime:0.016256s ]

[ 2016-10-17T17:14:35+08:00 ] ::1 /waibao/index.php/Home/Index/login.html
INFO: [ app_init ] --START--
INFO: Run Behavior\BuildLiteBehavior [ RunTime:0.000028s ]
INFO: [ app_init ] --END-- [ RunTime:0.000451s ]
INFO: [ app_begin ] --START--
INFO: Run Behavior\ReadHtmlCacheBehavior [ RunTime:0.000430s ]
INFO: [ app_begin ] --END-- [ RunTime:0.000566s ]
SQL: SHOW COLUMNS FROM `user` [ RunTime:0.0038s ]
SQL: SELECT * FROM `user` WHERE `username` = 'xuyuanfan1' AND `password` = '123' LIMIT 1   [ RunTime:0.0006s ]

[ 2016-10-17T17:14:35+08:00 ] ::1 /waibao/index.php/Home/Num/index.html
INFO: [ app_init ] --START--
INFO: Run Behavior\BuildLiteBehavior [ RunTime:0.000048s ]
INFO: [ app_init ] --END-- [ RunTime:0.000785s ]
INFO: [ app_begin ] --START--
INFO: Run Behavior\ReadHtmlCacheBehavior [ RunTime:0.000784s ]
INFO: [ app_begin ] --END-- [ RunTime:0.001017s ]
SQL: SHOW COLUMNS FROM `user` [ RunTime:0.0018s ]
SQL: SELECT * FROM `user` WHERE `id` = '57d10a4c9abbd' LIMIT 1   [ RunTime:0.0114s ]
SQL: SHOW COLUMNS FROM `game` [ RunTime:0.0017s ]
SQL: SELECT * FROM `game` WHERE `name` = 'PC28' AND `statu` = 2 ORDER BY issue desc LIMIT 1   [ RunTime:0.0159s ]
SQL: SELECT * FROM `game` WHERE `name` = 'PC28' AND `issue` = 786592 LIMIT 1   [ RunTime:0.0004s ]
NOTIC: [8] Undefined index: p D:\wamp64\www\waibao\Application\Home\Controller\NumController.class.php 第 41 行.
SQL: SELECT * FROM `game` WHERE `name` = 'PC28' ORDER BY issue desc LIMIT 0,20   [ RunTime:0.0011s ]
SQL: SELECT COUNT(*) AS tp_count FROM `game` WHERE `name` = 'PC28' LIMIT 1   [ RunTime:0.0397s ]
NOTIC: [2] urlencode() expects parameter 1 to be string, array given D:\wamp64\www\waibao\Application\Home\Controller\NumController.class.php 第 56 行.
INFO: [ view_parse ] --START--
INFO: [ template_filter ] --START--
INFO: Run Behavior\ContentReplaceBehavior [ RunTime:0.000156s ]
INFO: [ template_filter ] --END-- [ RunTime:0.000320s ]
INFO: Run Behavior\ParseTemplateBehavior [ RunTime:0.141274s ]
INFO: [ view_parse ] --END-- [ RunTime:0.141438s ]
INFO: [ view_filter ] --START--
INFO: Run Behavior\WriteHtmlCacheBehavior [ RunTime:0.000493s ]
INFO: [ view_filter ] --END-- [ RunTime:0.000628s ]
INFO: [ app_end ] --START--
INFO: Run Behavior\ShowPageTraceBehavior [ RunTime:0.000819s ]
INFO: [ app_end ] --END-- [ RunTime:0.001092s ]

[ 2016-10-17T17:14:35+08:00 ] ::1 /waibao/index.php/Home/Num/getServerTime
INFO: [ app_init ] --START--
INFO: Run Behavior\BuildLiteBehavior [ RunTime:0.000058s ]
INFO: [ app_init ] --END-- [ RunTime:0.000952s ]
INFO: [ app_begin ] --START--
INFO: Run Behavior\ReadHtmlCacheBehavior [ RunTime:0.001009s ]
INFO: [ app_begin ] --END-- [ RunTime:0.001252s ]

[ 2016-10-17T17:14:44+08:00 ] ::1 /waibao/index.php/Home/Guess/index/issue/786599.html
INFO: [ app_init ] --START--
INFO: Run Behavior\BuildLiteBehavior [ RunTime:0.000028s ]
INFO: [ app_init ] --END-- [ RunTime:0.000454s ]
INFO: [ app_begin ] --START--
INFO: Run Behavior\ReadHtmlCacheBehavior [ RunTime:0.000456s ]
INFO: [ app_begin ] --END-- [ RunTime:0.000592s ]
SQL: SHOW COLUMNS FROM `user` [ RunTime:0.0014s ]
SQL: SELECT * FROM `user` WHERE `id` = '57d10a4c9abbd' LIMIT 1   [ RunTime:0.0003s ]
SQL: SHOW COLUMNS FROM `game` [ RunTime:0.0015s ]
SQL: SELECT * FROM `game` WHERE `name` = 'PC28' AND `statu` = 2 ORDER BY issue desc LIMIT 1   [ RunTime:0.0005s ]
SQL: SELECT * FROM `game` WHERE `name` = 'PC28' AND `issue` = '786599' LIMIT 1   [ RunTime:0.0468s ]
SQL: SELECT * FROM `game` WHERE `name` = 'PC28' AND `issue` = 786598 LIMIT 1   [ RunTime:0.0004s ]
INFO: [ view_parse ] --START--
INFO: [ template_filter ] --START--
INFO: Run Behavior\ContentReplaceBehavior [ RunTime:0.000201s ]
INFO: [ template_filter ] --END-- [ RunTime:0.000344s ]
INFO: Run Behavior\ParseTemplateBehavior [ RunTime:0.235972s ]
INFO: [ view_parse ] --END-- [ RunTime:0.236118s ]
INFO: [ view_filter ] --START--
INFO: Run Behavior\WriteHtmlCacheBehavior [ RunTime:0.000272s ]
INFO: [ view_filter ] --END-- [ RunTime:0.000394s ]
INFO: [ app_end ] --START--
INFO: Run Behavior\ShowPageTraceBehavior [ RunTime:0.000815s ]
INFO: [ app_end ] --END-- [ RunTime:0.001074s ]

[ 2016-10-17T17:16:14+08:00 ] ::1 /waibao/index.php/Home/Num/index.html
INFO: [ app_init ] --START--
INFO: Run Behavior\BuildLiteBehavior [ RunTime:0.000034s ]
INFO: [ app_init ] --END-- [ RunTime:0.000467s ]
INFO: [ app_begin ] --START--
INFO: Run Behavior\ReadHtmlCacheBehavior [ RunTime:0.000547s ]
INFO: [ app_begin ] --END-- [ RunTime:0.000701s ]
SQL: SHOW COLUMNS FROM `user` [ RunTime:0.0016s ]
SQL: SELECT * FROM `user` WHERE `id` = '57d10a4c9abbd' LIMIT 1   [ RunTime:0.0004s ]
SQL: SHOW COLUMNS FROM `game` [ RunTime:0.0016s ]
SQL: SELECT * FROM `game` WHERE `name` = 'PC28' AND `statu` = 2 ORDER BY issue desc LIMIT 1   [ RunTime:0.0005s ]
SQL: SELECT * FROM `game` WHERE `name` = 'PC28' AND `issue` = 1 LIMIT 1   [ RunTime:0.0004s ]
NOTIC: [8] Undefined index: p D:\wamp64\www\waibao\Application\Home\Controller\NumController.class.php 第 41 行.
SQL: SELECT * FROM `game` WHERE `name` = 'PC28' ORDER BY issue desc LIMIT 0,20   [ RunTime:0.0004s ]
SQL: SELECT COUNT(*) AS tp_count FROM `game` WHERE `name` = 'PC28' LIMIT 1   [ RunTime:0.0002s ]
NOTIC: [2] urlencode() expects parameter 1 to be string, array given D:\wamp64\www\waibao\Application\Home\Controller\NumController.class.php 第 56 行.
INFO: [ view_parse ] --START--
INFO: [ template_filter ] --START--
INFO: Run Behavior\ContentReplaceBehavior [ RunTime:0.000146s ]
INFO: [ template_filter ] --END-- [ RunTime:0.000325s ]
NOTIC: [8] Undefined index: issue D:\wamp64\www\waibao\Application\Runtime\Cache\Home\0788b3a98a5a9b780e80671745c7ea72.php 第 121 行.
NOTIC: [8] Undefined index: issue D:\wamp64\www\waibao\Application\Runtime\Cache\Home\0788b3a98a5a9b780e80671745c7ea72.php 第 123 行.
NOTIC: [8] Undefined index: num1 D:\wamp64\www\waibao\Application\Runtime\Cache\Home\0788b3a98a5a9b780e80671745c7ea72.php 第 123 行.
NOTIC: [8] Undefined index: num2 D:\wamp64\www\waibao\Application\Runtime\Cache\Home\0788b3a98a5a9b780e80671745c7ea72.php 第 123 行.
NOTIC: [8] Undefined index: num3 D:\wamp64\www\waibao\Application\Runtime\Cache\Home\0788b3a98a5a9b780e80671745c7ea72.php 第 123 行.
NOTIC: [8] Undefined index: num1 D:\wamp64\www\waibao\Application\Runtime\Cache\Home\0788b3a98a5a9b780e80671745c7ea72.php 第 123 行.
NOTIC: [8] Undefined index: num2 D:\wamp64\www\waibao\Application\Runtime\Cache\Home\0788b3a98a5a9b780e80671745c7ea72.php 第 123 行.
NOTIC: [8] Undefined index: num3 D:\wamp64\www\waibao\Application\Runtime\Cache\Home\0788b3a98a5a9b780e80671745c7ea72.php 第 123 行.
NOTIC: [8] Undefined index: issue D:\wamp64\www\waibao\Application\Runtime\Cache\Home\0788b3a98a5a9b780e80671745c7ea72.php 第 128 行.
INFO: Run Behavior\ParseTemplateBehavior [ RunTime:0.054415s ]
INFO: [ view_parse ] --END-- [ RunTime:0.054560s ]
INFO: [ view_filter ] --START--
INFO: Run Behavior\WriteHtmlCacheBehavior [ RunTime:0.000391s ]
INFO: [ view_filter ] --END-- [ RunTime:0.000514s ]
INFO: [ app_end ] --START--
INFO: Run Behavior\ShowPageTraceBehavior [ RunTime:0.000911s ]
INFO: [ app_end ] --END-- [ RunTime:0.001157s ]

[ 2016-10-17T17:16:14+08:00 ] ::1 /waibao/index.php/Home/Num/getServerTime
INFO: [ app_init ] --START--
INFO: Run Behavior\BuildLiteBehavior [ RunTime:0.000057s ]
INFO: [ app_init ] --END-- [ RunTime:0.000877s ]
INFO: [ app_begin ] --START--
INFO: Run Behavior\ReadHtmlCacheBehavior [ RunTime:0.000734s ]
INFO: [ app_begin ] --END-- [ RunTime:0.000944s ]

[ 2016-10-17T17:16:44+08:00 ] ::1 /waibao/index.php/Home/Num/index.html
INFO: [ app_init ] --START--
INFO: Run Behavior\BuildLiteBehavior [ RunTime:0.000050s ]
INFO: [ app_init ] --END-- [ RunTime:0.000615s ]
INFO: [ app_begin ] --START--
INFO: Run Behavior\ReadHtmlCacheBehavior [ RunTime:0.000682s ]
INFO: [ app_begin ] --END-- [ RunTime:0.000878s ]
SQL: SHOW COLUMNS FROM `user` [ RunTime:0.0015s ]
SQL: SELECT * FROM `user` WHERE `id` = '57d10a4c9abbd' LIMIT 1   [ RunTime:0.0003s ]
SQL: SHOW COLUMNS FROM `game` [ RunTime:0.0014s ]
SQL: SELECT * FROM `game` WHERE `name` = 'PC28' AND `statu` = 2 ORDER BY issue desc LIMIT 1   [ RunTime:0.0005s ]
SQL: SELECT * FROM `game` WHERE `name` = 'PC28' AND `issue` = 1 LIMIT 1   [ RunTime:0.0003s ]
NOTIC: [8] Undefined index: p D:\wamp64\www\waibao\Application\Home\Controller\NumController.class.php 第 41 行.
SQL: SELECT * FROM `game` WHERE `name` = 'PC28' ORDER BY issue desc LIMIT 0,20   [ RunTime:0.0003s ]
SQL: SELECT COUNT(*) AS tp_count FROM `game` WHERE `name` = 'PC28' LIMIT 1   [ RunTime:0.0002s ]
NOTIC: [2] urlencode() expects parameter 1 to be string, array given D:\wamp64\www\waibao\Application\Home\Controller\NumController.class.php 第 56 行.
INFO: [ view_parse ] --START--
INFO: [ template_filter ] --START--
INFO: Run Behavior\ContentReplaceBehavior [ RunTime:0.000140s ]
INFO: [ template_filter ] --END-- [ RunTime:0.000300s ]
NOTIC: [8] Undefined index: issue D:\wamp64\www\waibao\Application\Runtime\Cache\Home\0788b3a98a5a9b780e80671745c7ea72.php 第 121 行.
NOTIC: [8] Undefined index: issue D:\wamp64\www\waibao\Application\Runtime\Cache\Home\0788b3a98a5a9b780e80671745c7ea72.php 第 123 行.
NOTIC: [8] Undefined index: num1 D:\wamp64\www\waibao\Application\Runtime\Cache\Home\0788b3a98a5a9b780e80671745c7ea72.php 第 123 行.
NOTIC: [8] Undefined index: num2 D:\wamp64\www\waibao\Application\Runtime\Cache\Home\0788b3a98a5a9b780e80671745c7ea72.php 第 123 行.
NOTIC: [8] Undefined index: num3 D:\wamp64\www\waibao\Application\Runtime\Cache\Home\0788b3a98a5a9b780e80671745c7ea72.php 第 123 行.
NOTIC: [8] Undefined index: num1 D:\wamp64\www\waibao\Application\Runtime\Cache\Home\0788b3a98a5a9b780e80671745c7ea72.php 第 123 行.
NOTIC: [8] Undefined index: num2 D:\wamp64\www\waibao\Application\Runtime\Cache\Home\0788b3a98a5a9b780e80671745c7ea72.php 第 123 行.
NOTIC: [8] Undefined index: num3 D:\wamp64\www\waibao\Application\Runtime\Cache\Home\0788b3a98a5a9b780e80671745c7ea72.php 第 123 行.
NOTIC: [8] Undefined index: issue D:\wamp64\www\waibao\Application\Runtime\Cache\Home\0788b3a98a5a9b780e80671745c7ea72.php 第 128 行.
INFO: Run Behavior\ParseTemplateBehavior [ RunTime:0.067581s ]
INFO: [ view_parse ] --END-- [ RunTime:0.067771s ]
INFO: [ view_filter ] --START--
INFO: Run Behavior\WriteHtmlCacheBehavior [ RunTime:0.000706s ]
INFO: [ view_filter ] --END-- [ RunTime:0.000944s ]
INFO: [ app_end ] --START--
INFO: Run Behavior\ShowPageTraceBehavior [ RunTime:0.001010s ]
INFO: [ app_end ] --END-- [ RunTime:0.001283s ]

[ 2016-10-17T17:16:44+08:00 ] ::1 /waibao/index.php/Home/Num/getServerTime
INFO: [ app_init ] --START--
INFO: Run Behavior\BuildLiteBehavior [ RunTime:0.000058s ]
INFO: [ app_init ] --END-- [ RunTime:0.000855s ]
INFO: [ app_begin ] --START--
INFO: Run Behavior\ReadHtmlCacheBehavior [ RunTime:0.000885s ]
INFO: [ app_begin ] --END-- [ RunTime:0.001138s ]

[ 2016-10-17T17:17:05+08:00 ] ::1 /waibao/index.php/Home/Num/index.html
INFO: [ app_init ] --START--
INFO: Run Behavior\BuildLiteBehavior [ RunTime:0.000032s ]
INFO: [ app_init ] --END-- [ RunTime:0.000477s ]
INFO: [ app_begin ] --START--
INFO: Run Behavior\ReadHtmlCacheBehavior [ RunTime:0.000558s ]
INFO: [ app_begin ] --END-- [ RunTime:0.000700s ]
SQL: SHOW COLUMNS FROM `user` [ RunTime:0.0014s ]
SQL: SELECT * FROM `user` WHERE `id` = '57d10a4c9abbd' LIMIT 1   [ RunTime:0.0003s ]
SQL: SHOW COLUMNS FROM `game` [ RunTime:0.0014s ]
SQL: SELECT * FROM `game` WHERE `name` = 'PC28' AND `statu` = 2 ORDER BY issue desc LIMIT 1   [ RunTime:0.0006s ]
SQL: SELECT * FROM `game` WHERE `name` = 'PC28' AND `issue` = 1 LIMIT 1   [ RunTime:0.0005s ]
NOTIC: [8] Undefined index: p D:\wamp64\www\waibao\Application\Home\Controller\NumController.class.php 第 41 行.
SQL: SELECT * FROM `game` WHERE `name` = 'PC28' ORDER BY issue desc LIMIT 0,20   [ RunTime:0.0005s ]
SQL: SELECT COUNT(*) AS tp_count FROM `game` WHERE `name` = 'PC28' LIMIT 1   [ RunTime:0.0002s ]
NOTIC: [2] urlencode() expects parameter 1 to be string, array given D:\wamp64\www\waibao\Application\Home\Controller\NumController.class.php 第 56 行.
INFO: [ view_parse ] --START--
INFO: [ template_filter ] --START--
INFO: Run Behavior\ContentReplaceBehavior [ RunTime:0.000143s ]
INFO: [ template_filter ] --END-- [ RunTime:0.000299s ]
NOTIC: [8] Undefined index: issue D:\wamp64\www\waibao\Application\Runtime\Cache\Home\0788b3a98a5a9b780e80671745c7ea72.php 第 121 行.
NOTIC: [8] Undefined index: issue D:\wamp64\www\waibao\Application\Runtime\Cache\Home\0788b3a98a5a9b780e80671745c7ea72.php 第 123 行.
NOTIC: [8] Undefined index: num1 D:\wamp64\www\waibao\Application\Runtime\Cache\Home\0788b3a98a5a9b780e80671745c7ea72.php 第 123 行.
NOTIC: [8] Undefined index: num2 D:\wamp64\www\waibao\Application\Runtime\Cache\Home\0788b3a98a5a9b780e80671745c7ea72.php 第 123 行.
NOTIC: [8] Undefined index: num3 D:\wamp64\www\waibao\Application\Runtime\Cache\Home\0788b3a98a5a9b780e80671745c7ea72.php 第 123 行.
NOTIC: [8] Undefined index: num1 D:\wamp64\www\waibao\Application\Runtime\Cache\Home\0788b3a98a5a9b780e80671745c7ea72.php 第 123 行.
NOTIC: [8] Undefined index: num2 D:\wamp64\www\waibao\Application\Runtime\Cache\Home\0788b3a98a5a9b780e80671745c7ea72.php 第 123 行.
NOTIC: [8] Undefined index: num3 D:\wamp64\www\waibao\Application\Runtime\Cache\Home\0788b3a98a5a9b780e80671745c7ea72.php 第 123 行.
NOTIC: [8] Undefined index: issue D:\wamp64\www\waibao\Application\Runtime\Cache\Home\0788b3a98a5a9b780e80671745c7ea72.php 第 128 行.
INFO: Run Behavior\ParseTemplateBehavior [ RunTime:0.061814s ]
INFO: [ view_parse ] --END-- [ RunTime:0.061992s ]
INFO: [ view_filter ] --START--
INFO: Run Behavior\WriteHtmlCacheBehavior [ RunTime:0.000437s ]
INFO: [ view_filter ] --END-- [ RunTime:0.000563s ]
INFO: [ app_end ] --START--
INFO: Run Behavior\ShowPageTraceBehavior [ RunTime:0.000790s ]
INFO: [ app_end ] --END-- [ RunTime:0.001041s ]

[ 2016-10-17T17:17:05+08:00 ] ::1 /waibao/index.php/Home/Num/getServerTime
INFO: [ app_init ] --START--
INFO: Run Behavior\BuildLiteBehavior [ RunTime:0.000034s ]
INFO: [ app_init ] --END-- [ RunTime:0.000642s ]
INFO: [ app_begin ] --START--
INFO: Run Behavior\ReadHtmlCacheBehavior [ RunTime:0.000515s ]
INFO: [ app_begin ] --END-- [ RunTime:0.000647s ]

[ 2016-10-17T17:17:07+08:00 ] ::1 /waibao/index.php/Home/Num/index.html
INFO: [ app_init ] --START--
INFO: Run Behavior\BuildLiteBehavior [ RunTime:0.000030s ]
INFO: [ app_init ] --END-- [ RunTime:0.000453s ]
INFO: [ app_begin ] --START--
INFO: Run Behavior\ReadHtmlCacheBehavior [ RunTime:0.000476s ]
INFO: [ app_begin ] --END-- [ RunTime:0.000629s ]
SQL: SHOW COLUMNS FROM `user` [ RunTime:0.0012s ]
SQL: SELECT * FROM `user` WHERE `id` = '57d10a4c9abbd' LIMIT 1   [ RunTime:0.0007s ]
SQL: SHOW COLUMNS FROM `game` [ RunTime:0.0028s ]
SQL: SELECT * FROM `game` WHERE `name` = 'PC28' AND `statu` = 2 ORDER BY issue desc LIMIT 1   [ RunTime:0.0008s ]
SQL: SELECT * FROM `game` WHERE `name` = 'PC28' AND `issue` = 1 LIMIT 1   [ RunTime:0.0007s ]
NOTIC: [8] Undefined index: p D:\wamp64\www\waibao\Application\Home\Controller\NumController.class.php 第 41 行.
SQL: SELECT * FROM `game` WHERE `name` = 'PC28' ORDER BY issue desc LIMIT 0,20   [ RunTime:0.0007s ]
SQL: SELECT COUNT(*) AS tp_count FROM `game` WHERE `name` = 'PC28' LIMIT 1   [ RunTime:0.0005s ]
NOTIC: [2] urlencode() expects parameter 1 to be string, array given D:\wamp64\www\waibao\Application\Home\Controller\NumController.class.php 第 56 行.
INFO: [ view_parse ] --START--
INFO: [ template_filter ] --START--
INFO: Run Behavior\ContentReplaceBehavior [ RunTime:0.000184s ]
INFO: [ template_filter ] --END-- [ RunTime:0.000347s ]
NOTIC: [8] Undefined index: issue D:\wamp64\www\waibao\Application\Runtime\Cache\Home\0788b3a98a5a9b780e80671745c7ea72.php 第 121 行.
NOTIC: [8] Undefined index: issue D:\wamp64\www\waibao\Application\Runtime\Cache\Home\0788b3a98a5a9b780e80671745c7ea72.php 第 123 行.
NOTIC: [8] Undefined index: num1 D:\wamp64\www\waibao\Application\Runtime\Cache\Home\0788b3a98a5a9b780e80671745c7ea72.php 第 123 行.
NOTIC: [8] Undefined index: num2 D:\wamp64\www\waibao\Application\Runtime\Cache\Home\0788b3a98a5a9b780e80671745c7ea72.php 第 123 行.
NOTIC: [8] Undefined index: num3 D:\wamp64\www\waibao\Application\Runtime\Cache\Home\0788b3a98a5a9b780e80671745c7ea72.php 第 123 行.
NOTIC: [8] Undefined index: num1 D:\wamp64\www\waibao\Application\Runtime\Cache\Home\0788b3a98a5a9b780e80671745c7ea72.php 第 123 行.
NOTIC: [8] Undefined index: num2 D:\wamp64\www\waibao\Application\Runtime\Cache\Home\0788b3a98a5a9b780e80671745c7ea72.php 第 123 行.
NOTIC: [8] Undefined index: num3 D:\wamp64\www\waibao\Application\Runtime\Cache\Home\0788b3a98a5a9b780e80671745c7ea72.php 第 123 行.
NOTIC: [8] Undefined index: issue D:\wamp64\www\waibao\Application\Runtime\Cache\Home\0788b3a98a5a9b780e80671745c7ea72.php 第 128 行.
INFO: Run Behavior\ParseTemplateBehavior [ RunTime:0.078903s ]
INFO: [ view_parse ] --END-- [ RunTime:0.079087s ]
INFO: [ view_filter ] --START--
INFO: Run Behavior\WriteHtmlCacheBehavior [ RunTime:0.000318s ]
INFO: [ view_filter ] --END-- [ RunTime:0.000451s ]
INFO: [ app_end ] --START--
INFO: Run Behavior\ShowPageTraceBehavior [ RunTime:0.000821s ]
INFO: [ app_end ] --END-- [ RunTime:0.001067s ]

[ 2016-10-17T17:17:07+08:00 ] ::1 /waibao/index.php/Home/Num/getServerTime
INFO: [ app_init ] --START--
INFO: Run Behavior\BuildLiteBehavior [ RunTime:0.000054s ]
INFO: [ app_init ] --END-- [ RunTime:0.000802s ]
INFO: [ app_begin ] --START--
INFO: Run Behavior\ReadHtmlCacheBehavior [ RunTime:0.000902s ]
INFO: [ app_begin ] --END-- [ RunTime:0.001144s ]

[ 2016-10-17T17:17:08+08:00 ] ::1 /waibao/index.php/Home/Num/index.html
INFO: [ app_init ] --START--
INFO: Run Behavior\BuildLiteBehavior [ RunTime:0.000052s ]
INFO: [ app_init ] --END-- [ RunTime:0.000803s ]
INFO: [ app_begin ] --START--
INFO: Run Behavior\ReadHtmlCacheBehavior [ RunTime:0.001018s ]
INFO: [ app_begin ] --END-- [ RunTime:0.001307s ]
SQL: SHOW COLUMNS FROM `user` [ RunTime:0.0019s ]
SQL: SELECT * FROM `user` WHERE `id` = '57d10a4c9abbd' LIMIT 1   [ RunTime:0.0006s ]
SQL: SHOW COLUMNS FROM `game` [ RunTime:0.0023s ]
SQL: SELECT * FROM `game` WHERE `name` = 'PC28' AND `statu` = 2 ORDER BY issue desc LIMIT 1   [ RunTime:0.0006s ]
SQL: SELECT * FROM `game` WHERE `name` = 'PC28' AND `issue` = 1 LIMIT 1   [ RunTime:0.0004s ]
NOTIC: [8] Undefined index: p D:\wamp64\www\waibao\Application\Home\Controller\NumController.class.php 第 41 行.
SQL: SELECT * FROM `game` WHERE `name` = 'PC28' ORDER BY issue desc LIMIT 0,20   [ RunTime:0.0004s ]
SQL: SELECT COUNT(*) AS tp_count FROM `game` WHERE `name` = 'PC28' LIMIT 1   [ RunTime:0.0002s ]
NOTIC: [2] urlencode() expects parameter 1 to be string, array given D:\wamp64\www\waibao\Application\Home\Controller\NumController.class.php 第 56 行.
INFO: [ view_parse ] --START--
INFO: [ template_filter ] --START--
INFO: Run Behavior\ContentReplaceBehavior [ RunTime:0.000134s ]
INFO: [ template_filter ] --END-- [ RunTime:0.000275s ]
NOTIC: [8] Undefined index: issue D:\wamp64\www\waibao\Application\Runtime\Cache\Home\0788b3a98a5a9b780e80671745c7ea72.php 第 121 行.
NOTIC: [8] Undefined index: issue D:\wamp64\www\waibao\Application\Runtime\Cache\Home\0788b3a98a5a9b780e80671745c7ea72.php 第 123 行.
NOTIC: [8] Undefined index: num1 D:\wamp64\www\waibao\Application\Runtime\Cache\Home\0788b3a98a5a9b780e80671745c7ea72.php 第 123 行.
NOTIC: [8] Undefined index: num2 D:\wamp64\www\waibao\Application\Runtime\Cache\Home\0788b3a98a5a9b780e80671745c7ea72.php 第 123 行.
NOTIC: [8] Undefined index: num3 D:\wamp64\www\waibao\Application\Runtime\Cache\Home\0788b3a98a5a9b780e80671745c7ea72.php 第 123 行.
NOTIC: [8] Undefined index: num1 D:\wamp64\www\waibao\Application\Runtime\Cache\Home\0788b3a98a5a9b780e80671745c7ea72.php 第 123 行.
NOTIC: [8] Undefined index: num2 D:\wamp64\www\waibao\Application\Runtime\Cache\Home\0788b3a98a5a9b780e80671745c7ea72.php 第 123 行.
NOTIC: [8] Undefined index: num3 D:\wamp64\www\waibao\Application\Runtime\Cache\Home\0788b3a98a5a9b780e80671745c7ea72.php 第 123 行.
NOTIC: [8] Undefined index: issue D:\wamp64\www\waibao\Application\Runtime\Cache\Home\0788b3a98a5a9b780e80671745c7ea72.php 第 128 行.
INFO: Run Behavior\ParseTemplateBehavior [ RunTime:0.061679s ]
INFO: [ view_parse ] --END-- [ RunTime:0.061814s ]
INFO: [ view_filter ] --START--
INFO: Run Behavior\WriteHtmlCacheBehavior [ RunTime:0.000365s ]
INFO: [ view_filter ] --END-- [ RunTime:0.000490s ]
INFO: [ app_end ] --START--
INFO: Run Behavior\ShowPageTraceBehavior [ RunTime:0.000947s ]
INFO: [ app_end ] --END-- [ RunTime:0.001149s ]

[ 2016-10-17T17:17:08+08:00 ] ::1 /waibao/index.php/Home/Num/getServerTime
INFO: [ app_init ] --START--
INFO: Run Behavior\BuildLiteBehavior [ RunTime:0.000053s ]
INFO: [ app_init ] --END-- [ RunTime:0.000816s ]
INFO: [ app_begin ] --START--
INFO: Run Behavior\ReadHtmlCacheBehavior [ RunTime:0.000817s ]
INFO: [ app_begin ] --END-- [ RunTime:0.001057s ]

[ 2016-10-17T17:17:08+08:00 ] ::1 /waibao/index.php/Home/Num/index.html
INFO: [ app_init ] --START--
INFO: Run Behavior\BuildLiteBehavior [ RunTime:0.000031s ]
INFO: [ app_init ] --END-- [ RunTime:0.000525s ]
INFO: [ app_begin ] --START--
INFO: Run Behavior\ReadHtmlCacheBehavior [ RunTime:0.000662s ]
INFO: [ app_begin ] --END-- [ RunTime:0.000823s ]
SQL: SHOW COLUMNS FROM `user` [ RunTime:0.0027s ]
SQL: SELECT * FROM `user` WHERE `id` = '57d10a4c9abbd' LIMIT 1   [ RunTime:0.0003s ]
SQL: SHOW COLUMNS FROM `game` [ RunTime:0.0018s ]
SQL: SELECT * FROM `game` WHERE `name` = 'PC28' AND `statu` = 2 ORDER BY issue desc LIMIT 1   [ RunTime:0.0005s ]
SQL: SELECT * FROM `game` WHERE `name` = 'PC28' AND `issue` = 1 LIMIT 1   [ RunTime:0.0004s ]
NOTIC: [8] Undefined index: p D:\wamp64\www\waibao\Application\Home\Controller\NumController.class.php 第 41 行.
SQL: SELECT * FROM `game` WHERE `name` = 'PC28' ORDER BY issue desc LIMIT 0,20   [ RunTime:0.0006s ]
SQL: SELECT COUNT(*) AS tp_count FROM `game` WHERE `name` = 'PC28' LIMIT 1   [ RunTime:0.0003s ]
NOTIC: [2] urlencode() expects parameter 1 to be string, array given D:\wamp64\www\waibao\Application\Home\Controller\NumController.class.php 第 56 行.
INFO: [ view_parse ] --START--
INFO: [ template_filter ] --START--
INFO: Run Behavior\ContentReplaceBehavior [ RunTime:0.000139s ]
INFO: [ template_filter ] --END-- [ RunTime:0.000287s ]
NOTIC: [8] Undefined index: issue D:\wamp64\www\waibao\Application\Runtime\Cache\Home\0788b3a98a5a9b780e80671745c7ea72.php 第 121 行.
NOTIC: [8] Undefined index: issue D:\wamp64\www\waibao\Application\Runtime\Cache\Home\0788b3a98a5a9b780e80671745c7ea72.php 第 123 行.
NOTIC: [8] Undefined index: num1 D:\wamp64\www\waibao\Application\Runtime\Cache\Home\0788b3a98a5a9b780e80671745c7ea72.php 第 123 行.
NOTIC: [8] Undefined index: num2 D:\wamp64\www\waibao\Application\Runtime\Cache\Home\0788b3a98a5a9b780e80671745c7ea72.php 第 123 行.
NOTIC: [8] Undefined index: num3 D:\wamp64\www\waibao\Application\Runtime\Cache\Home\0788b3a98a5a9b780e80671745c7ea72.php 第 123 行.
NOTIC: [8] Undefined index: num1 D:\wamp64\www\waibao\Application\Runtime\Cache\Home\0788b3a98a5a9b780e80671745c7ea72.php 第 123 行.
NOTIC: [8] Undefined index: num2 D:\wamp64\www\waibao\Application\Runtime\Cache\Home\0788b3a98a5a9b780e80671745c7ea72.php 第 123 行.
NOTIC: [8] Undefined index: num3 D:\wamp64\www\waibao\Application\Runtime\Cache\Home\0788b3a98a5a9b780e80671745c7ea72.php 第 123 行.
NOTIC: [8] Undefined index: issue D:\wamp64\www\waibao\Application\Runtime\Cache\Home\0788b3a98a5a9b780e80671745c7ea72.php 第 128 行.
INFO: Run Behavior\ParseTemplateBehavior [ RunTime:0.064017s ]
INFO: [ view_parse ] --END-- [ RunTime:0.064212s ]
INFO: [ view_filter ] --START--
INFO: Run Behavior\WriteHtmlCacheBehavior [ RunTime:0.000296s ]
INFO: [ view_filter ] --END-- [ RunTime:0.000419s ]
INFO: [ app_end ] --START--
INFO: Run Behavior\ShowPageTraceBehavior [ RunTime:0.000971s ]
INFO: [ app_end ] --END-- [ RunTime:0.001253s ]

[ 2016-10-17T17:17:08+08:00 ] ::1 /waibao/index.php/Home/Num/getServerTime
INFO: [ app_init ] --START--
INFO: Run Behavior\BuildLiteBehavior [ RunTime:0.000031s ]
INFO: [ app_init ] --END-- [ RunTime:0.000517s ]
INFO: [ app_begin ] --START--
INFO: Run Behavior\ReadHtmlCacheBehavior [ RunTime:0.000499s ]
INFO: [ app_begin ] --END-- [ RunTime:0.000624s ]

[ 2016-10-17T17:17:39+08:00 ] ::1 /waibao/index.php/Home/Num/index.html
INFO: [ app_init ] --START--
INFO: Run Behavior\BuildLiteBehavior [ RunTime:0.000028s ]
INFO: [ app_init ] --END-- [ RunTime:0.000450s ]
INFO: [ app_begin ] --START--
INFO: Run Behavior\ReadHtmlCacheBehavior [ RunTime:0.000494s ]
INFO: [ app_begin ] --END-- [ RunTime:0.000651s ]
SQL: SHOW COLUMNS FROM `user` [ RunTime:0.0015s ]
SQL: SELECT * FROM `user` WHERE `id` = '57d10a4c9abbd' LIMIT 1   [ RunTime:0.0003s ]
SQL: SHOW COLUMNS FROM `game` [ RunTime:0.0014s ]
SQL: SELECT * FROM `game` WHERE `name` = 'PC28' AND `statu` = 2 ORDER BY issue desc LIMIT 1   [ RunTime:0.0005s ]
SQL: SELECT * FROM `game` WHERE `name` = 'PC28' AND `issue` = 1 LIMIT 1   [ RunTime:0.0003s ]
NOTIC: [8] Undefined index: p D:\wamp64\www\waibao\Application\Home\Controller\NumController.class.php 第 41 行.
SQL: SELECT * FROM `game` WHERE `name` = 'PC28' ORDER BY issue desc LIMIT 0,20   [ RunTime:0.0003s ]
SQL: SELECT COUNT(*) AS tp_count FROM `game` WHERE `name` = 'PC28' LIMIT 1   [ RunTime:0.0002s ]
NOTIC: [2] urlencode() expects parameter 1 to be string, array given D:\wamp64\www\waibao\Application\Home\Controller\NumController.class.php 第 56 行.
INFO: [ view_parse ] --START--
INFO: [ template_filter ] --START--
INFO: Run Behavior\ContentReplaceBehavior [ RunTime:0.000136s ]
INFO: [ template_filter ] --END-- [ RunTime:0.000284s ]
NOTIC: [8] Undefined index: issue D:\wamp64\www\waibao\Application\Runtime\Cache\Home\0788b3a98a5a9b780e80671745c7ea72.php 第 121 行.
NOTIC: [8] Undefined index: issue D:\wamp64\www\waibao\Application\Runtime\Cache\Home\0788b3a98a5a9b780e80671745c7ea72.php 第 123 行.
NOTIC: [8] Undefined index: num1 D:\wamp64\www\waibao\Application\Runtime\Cache\Home\0788b3a98a5a9b780e80671745c7ea72.php 第 123 行.
NOTIC: [8] Undefined index: num2 D:\wamp64\www\waibao\Application\Runtime\Cache\Home\0788b3a98a5a9b780e80671745c7ea72.php 第 123 行.
NOTIC: [8] Undefined index: num3 D:\wamp64\www\waibao\Application\Runtime\Cache\Home\0788b3a98a5a9b780e80671745c7ea72.php 第 123 行.
NOTIC: [8] Undefined index: num1 D:\wamp64\www\waibao\Application\Runtime\Cache\Home\0788b3a98a5a9b780e80671745c7ea72.php 第 123 行.
NOTIC: [8] Undefined index: num2 D:\wamp64\www\waibao\Application\Runtime\Cache\Home\0788b3a98a5a9b780e80671745c7ea72.php 第 123 行.
NOTIC: [8] Undefined index: num3 D:\wamp64\www\waibao\Application\Runtime\Cache\Home\0788b3a98a5a9b780e80671745c7ea72.php 第 123 行.
NOTIC: [8] Undefined index: issue D:\wamp64\www\waibao\Application\Runtime\Cache\Home\0788b3a98a5a9b780e80671745c7ea72.php 第 128 行.
INFO: Run Behavior\ParseTemplateBehavior [ RunTime:0.056825s ]
INFO: [ view_parse ] --END-- [ RunTime:0.057001s ]
INFO: [ view_filter ] --START--
INFO: Run Behavior\WriteHtmlCacheBehavior [ RunTime:0.000264s ]
INFO: [ view_filter ] --END-- [ RunTime:0.000384s ]
INFO: [ app_end ] --START--
INFO: Run Behavior\ShowPageTraceBehavior [ RunTime:0.001015s ]
INFO: [ app_end ] --END-- [ RunTime:0.001316s ]

[ 2016-10-17T17:17:39+08:00 ] ::1 /waibao/index.php/Home/Num/getServerTime
INFO: [ app_init ] --START--
INFO: Run Behavior\BuildLiteBehavior [ RunTime:0.000030s ]
INFO: [ app_init ] --END-- [ RunTime:0.000467s ]
INFO: [ app_begin ] --START--
INFO: Run Behavior\ReadHtmlCacheBehavior [ RunTime:0.000963s ]
INFO: [ app_begin ] --END-- [ RunTime:0.001201s ]

[ 2016-10-17T17:25:58+08:00 ] ::1 /waibao/
INFO: [ app_init ] --START--
INFO: Run Behavior\BuildLiteBehavior [ RunTime:0.000077s ]
INFO: [ app_init ] --END-- [ RunTime:0.001380s ]
INFO: [ app_begin ] --START--
INFO: Run Behavior\ReadHtmlCacheBehavior [ RunTime:0.000729s ]
INFO: [ app_begin ] --END-- [ RunTime:0.000903s ]
NOTIC: [8] Undefined index: page D:\wamp64\www\waibao\Application\Home\Controller\IndexController.class.php 第 7 行.
INFO: [ view_parse ] --START--
INFO: [ template_filter ] --START--
INFO: Run Behavior\ContentReplaceBehavior [ RunTime:0.000110s ]
INFO: [ template_filter ] --END-- [ RunTime:0.000291s ]
INFO: Run Behavior\ParseTemplateBehavior [ RunTime:0.012180s ]
INFO: [ view_parse ] --END-- [ RunTime:0.012372s ]
INFO: [ view_filter ] --START--
INFO: Run Behavior\WriteHtmlCacheBehavior [ RunTime:0.000415s ]
INFO: [ view_filter ] --END-- [ RunTime:0.000540s ]
INFO: [ app_end ] --START--
INFO: Run Behavior\ShowPageTraceBehavior [ RunTime:0.000567s ]
INFO: [ app_end ] --END-- [ RunTime:0.000703s ]

[ 2016-10-17T17:31:07+08:00 ] ::1 /waibao/index.php/Home/Index/login.html
INFO: [ app_init ] --START--
INFO: Run Behavior\BuildLiteBehavior [ RunTime:0.000030s ]
INFO: [ app_init ] --END-- [ RunTime:0.000503s ]
INFO: [ app_begin ] --START--
INFO: Run Behavior\ReadHtmlCacheBehavior [ RunTime:0.000558s ]
INFO: [ app_begin ] --END-- [ RunTime:0.000697s ]
SQL: SHOW COLUMNS FROM `user` [ RunTime:0.1069s ]
SQL: SELECT * FROM `user` WHERE `username` = 'xuyuanfan1' AND `password` = '123' LIMIT 1   [ RunTime:0.0179s ]

[ 2016-10-17T17:31:07+08:00 ] ::1 /waibao/index.php/Home/Num/index.html
INFO: [ app_init ] --START--
INFO: Run Behavior\BuildLiteBehavior [ RunTime:0.000042s ]
INFO: [ app_init ] --END-- [ RunTime:0.000668s ]
INFO: [ app_begin ] --START--
INFO: Run Behavior\ReadHtmlCacheBehavior [ RunTime:0.000960s ]
INFO: [ app_begin ] --END-- [ RunTime:0.001250s ]
SQL: SHOW COLUMNS FROM `user` [ RunTime:0.0014s ]
SQL: SELECT * FROM `user` WHERE `id` = '57d10a4c9abbd' LIMIT 1   [ RunTime:0.0004s ]
SQL: SHOW COLUMNS FROM `game` [ RunTime:0.0018s ]
SQL: SELECT * FROM `game` WHERE `name` = 'PC28' AND `statu` = 2 ORDER BY issue desc LIMIT 1   [ RunTime:0.0008s ]
SQL: SELECT * FROM `game` WHERE `name` = 'PC28' AND `issue` = 787088 LIMIT 1   [ RunTime:0.0004s ]
NOTIC: [8] Undefined index: p D:\wamp64\www\waibao\Application\Home\Controller\NumController.class.php 第 41 行.
SQL: SELECT * FROM `game` WHERE `name` = 'PC28' ORDER BY issue desc LIMIT 0,20   [ RunTime:0.0005s ]
SQL: SELECT COUNT(*) AS tp_count FROM `game` WHERE `name` = 'PC28' LIMIT 1   [ RunTime:0.0003s ]
NOTIC: [2] urlencode() expects parameter 1 to be string, array given D:\wamp64\www\waibao\Application\Home\Controller\NumController.class.php 第 56 行.
INFO: [ view_parse ] --START--
INFO: [ template_filter ] --START--
INFO: Run Behavior\ContentReplaceBehavior [ RunTime:0.000231s ]
INFO: [ template_filter ] --END-- [ RunTime:0.000476s ]
INFO: Run Behavior\ParseTemplateBehavior [ RunTime:0.053757s ]
INFO: [ view_parse ] --END-- [ RunTime:0.053904s ]
INFO: [ view_filter ] --START--
INFO: Run Behavior\WriteHtmlCacheBehavior [ RunTime:0.000359s ]
INFO: [ view_filter ] --END-- [ RunTime:0.000487s ]
INFO: [ app_end ] --START--
INFO: Run Behavior\ShowPageTraceBehavior [ RunTime:0.001092s ]
INFO: [ app_end ] --END-- [ RunTime:0.001360s ]

[ 2016-10-17T17:31:07+08:00 ] ::1 /waibao/index.php/Home/Num/getServerTime
INFO: [ app_init ] --START--
INFO: Run Behavior\BuildLiteBehavior [ RunTime:0.000060s ]
INFO: [ app_init ] --END-- [ RunTime:0.000863s ]
INFO: [ app_begin ] --START--
INFO: Run Behavior\ReadHtmlCacheBehavior [ RunTime:0.000747s ]
INFO: [ app_begin ] --END-- [ RunTime:0.000966s ]

[ 2016-10-17T17:31:14+08:00 ] ::1 /waibao/index.php/Home/Guess/index/issue/787088.html
INFO: [ app_init ] --START--
INFO: Run Behavior\BuildLiteBehavior [ RunTime:0.000147s ]
INFO: [ app_init ] --END-- [ RunTime:0.001061s ]
INFO: [ app_begin ] --START--
INFO: Run Behavior\ReadHtmlCacheBehavior [ RunTime:0.000540s ]
INFO: [ app_begin ] --END-- [ RunTime:0.000702s ]
SQL: SHOW COLUMNS FROM `user` [ RunTime:0.0013s ]
SQL: SELECT * FROM `user` WHERE `id` = '57d10a4c9abbd' LIMIT 1   [ RunTime:0.0006s ]
SQL: SHOW COLUMNS FROM `game` [ RunTime:0.0018s ]
SQL: SELECT * FROM `game` WHERE `name` = 'PC28' AND `statu` = 2 ORDER BY issue desc LIMIT 1   [ RunTime:0.0006s ]
SQL: SELECT * FROM `game` WHERE `name` = 'PC28' AND `issue` = '787088' LIMIT 1   [ RunTime:0.0004s ]
SQL: SELECT * FROM `game` WHERE `name` = 'PC28' AND `issue` = 787087 LIMIT 1   [ RunTime:0.0004s ]
INFO: [ view_parse ] --START--
INFO: [ template_filter ] --START--
INFO: Run Behavior\ContentReplaceBehavior [ RunTime:0.000343s ]
INFO: [ template_filter ] --END-- [ RunTime:0.000593s ]
INFO: Run Behavior\ParseTemplateBehavior [ RunTime:0.123496s ]
INFO: [ view_parse ] --END-- [ RunTime:0.123649s ]
INFO: [ view_filter ] --START--
INFO: Run Behavior\WriteHtmlCacheBehavior [ RunTime:0.000279s ]
INFO: [ view_filter ] --END-- [ RunTime:0.000404s ]
INFO: [ app_end ] --START--
INFO: Run Behavior\ShowPageTraceBehavior [ RunTime:0.001243s ]
INFO: [ app_end ] --END-- [ RunTime:0.001575s ]

[ 2016-10-17T17:31:40+08:00 ] ::1 /waibao/index.php/Home/Guess/index/issue/787088.html
INFO: [ app_init ] --START--
INFO: Run Behavior\BuildLiteBehavior [ RunTime:0.000033s ]
INFO: [ app_init ] --END-- [ RunTime:0.000502s ]
INFO: [ app_begin ] --START--
INFO: Run Behavior\ReadHtmlCacheBehavior [ RunTime:0.000899s ]
INFO: [ app_begin ] --END-- [ RunTime:0.001170s ]
SQL: SHOW COLUMNS FROM `user` [ RunTime:0.0013s ]
SQL: SELECT * FROM `user` WHERE `id` = '57d10a4c9abbd' LIMIT 1   [ RunTime:0.0003s ]
SQL: SHOW COLUMNS FROM `game` [ RunTime:0.0014s ]
SQL: SELECT * FROM `game` WHERE `name` = 'PC28' AND `statu` = 2 ORDER BY issue desc LIMIT 1   [ RunTime:0.0005s ]
SQL: SELECT * FROM `game` WHERE `name` = 'PC28' AND `issue` = '787088' LIMIT 1   [ RunTime:0.0003s ]
SQL: SELECT * FROM `game` WHERE `name` = 'PC28' AND `issue` = 787087 LIMIT 1   [ RunTime:0.0014s ]
INFO: [ view_parse ] --START--
INFO: [ template_filter ] --START--
INFO: Run Behavior\ContentReplaceBehavior [ RunTime:0.000202s ]
INFO: [ template_filter ] --END-- [ RunTime:0.000346s ]
INFO: Run Behavior\ParseTemplateBehavior [ RunTime:0.124051s ]
INFO: [ view_parse ] --END-- [ RunTime:0.124210s ]
INFO: [ view_filter ] --START--
INFO: Run Behavior\WriteHtmlCacheBehavior [ RunTime:0.000265s ]
INFO: [ view_filter ] --END-- [ RunTime:0.000389s ]
INFO: [ app_end ] --START--
INFO: Run Behavior\ShowPageTraceBehavior [ RunTime:0.001000s ]
INFO: [ app_end ] --END-- [ RunTime:0.001253s ]

[ 2016-10-17T17:32:26+08:00 ] ::1 /waibao/index.php/Home/Guess/index/issue/787088.html
INFO: [ app_init ] --START--
INFO: Run Behavior\BuildLiteBehavior [ RunTime:0.000042s ]
INFO: [ app_init ] --END-- [ RunTime:0.000507s ]
INFO: [ app_begin ] --START--
INFO: Run Behavior\ReadHtmlCacheBehavior [ RunTime:0.000652s ]
INFO: [ app_begin ] --END-- [ RunTime:0.000806s ]
SQL: SHOW COLUMNS FROM `user` [ RunTime:0.0019s ]
SQL: SELECT * FROM `user` WHERE `id` = '57d10a4c9abbd' LIMIT 1   [ RunTime:0.0004s ]
SQL: SHOW COLUMNS FROM `game` [ RunTime:0.0015s ]
SQL: SELECT * FROM `game` WHERE `name` = 'PC28' AND `statu` = 2 ORDER BY issue desc LIMIT 1   [ RunTime:0.0005s ]
SQL: SELECT * FROM `game` WHERE `name` = 'PC28' AND `issue` = '787088' LIMIT 1   [ RunTime:0.0007s ]
SQL: SELECT * FROM `game` WHERE `name` = 'PC28' AND `issue` = 787087 LIMIT 1   [ RunTime:0.0006s ]
INFO: [ view_parse ] --START--
INFO: [ template_filter ] --START--
INFO: Run Behavior\ContentReplaceBehavior [ RunTime:0.000196s ]
INFO: [ template_filter ] --END-- [ RunTime:0.000338s ]
INFO: Run Behavior\ParseTemplateBehavior [ RunTime:0.161060s ]
INFO: [ view_parse ] --END-- [ RunTime:0.161273s ]
INFO: [ view_filter ] --START--
INFO: Run Behavior\WriteHtmlCacheBehavior [ RunTime:0.000554s ]
INFO: [ view_filter ] --END-- [ RunTime:0.000746s ]
INFO: [ app_end ] --START--
INFO: Run Behavior\ShowPageTraceBehavior [ RunTime:0.001364s ]
INFO: [ app_end ] --END-- [ RunTime:0.001771s ]

[ 2016-10-17T17:32:48+08:00 ] ::1 /waibao/index.php/Home/Guess/index/issue/787088.html
INFO: [ app_init ] --START--
INFO: Run Behavior\BuildLiteBehavior [ RunTime:0.000036s ]
INFO: [ app_init ] --END-- [ RunTime:0.000494s ]
INFO: [ app_begin ] --START--
INFO: Run Behavior\ReadHtmlCacheBehavior [ RunTime:0.001115s ]
INFO: [ app_begin ] --END-- [ RunTime:0.001561s ]
SQL: SHOW COLUMNS FROM `user` [ RunTime:0.0014s ]
SQL: SELECT * FROM `user` WHERE `id` = '57d10a4c9abbd' LIMIT 1   [ RunTime:0.0003s ]
SQL: SHOW COLUMNS FROM `game` [ RunTime:0.0014s ]
SQL: SELECT * FROM `game` WHERE `name` = 'PC28' AND `statu` = 2 ORDER BY issue desc LIMIT 1   [ RunTime:0.0007s ]
SQL: SELECT * FROM `game` WHERE `name` = 'PC28' AND `issue` = '787088' LIMIT 1   [ RunTime:0.0007s ]
SQL: SELECT * FROM `game` WHERE `name` = 'PC28' AND `issue` = 787087 LIMIT 1   [ RunTime:0.0004s ]
INFO: [ view_parse ] --START--
INFO: [ template_filter ] --START--
INFO: Run Behavior\ContentReplaceBehavior [ RunTime:0.000205s ]
INFO: [ template_filter ] --END-- [ RunTime:0.000356s ]
INFO: Run Behavior\ParseTemplateBehavior [ RunTime:0.069280s ]
INFO: [ view_parse ] --END-- [ RunTime:0.069435s ]
INFO: [ view_filter ] --START--
INFO: Run Behavior\WriteHtmlCacheBehavior [ RunTime:0.000368s ]
INFO: [ view_filter ] --END-- [ RunTime:0.000498s ]
INFO: [ app_end ] --START--
INFO: Run Behavior\ShowPageTraceBehavior [ RunTime:0.001451s ]
INFO: [ app_end ] --END-- [ RunTime:0.001834s ]

[ 2016-10-17T17:33:17+08:00 ] ::1 /waibao/index.php/Home/Guess/index/issue/787088.html
INFO: [ app_init ] --START--
INFO: Run Behavior\BuildLiteBehavior [ RunTime:0.000030s ]
INFO: [ app_init ] --END-- [ RunTime:0.000533s ]
INFO: [ app_begin ] --START--
INFO: Run Behavior\ReadHtmlCacheBehavior [ RunTime:0.000673s ]
INFO: [ app_begin ] --END-- [ RunTime:0.000876s ]
SQL: SHOW COLUMNS FROM `user` [ RunTime:0.0022s ]
SQL: SELECT * FROM `user` WHERE `id` = '57d10a4c9abbd' LIMIT 1   [ RunTime:0.0006s ]
SQL: SHOW COLUMNS FROM `game` [ RunTime:0.0015s ]
SQL: SELECT * FROM `game` WHERE `name` = 'PC28' AND `statu` = 2 ORDER BY issue desc LIMIT 1   [ RunTime:0.0005s ]
SQL: SELECT * FROM `game` WHERE `name` = 'PC28' AND `issue` = '787088' LIMIT 1   [ RunTime:0.0004s ]
SQL: SELECT * FROM `game` WHERE `name` = 'PC28' AND `issue` = 787087 LIMIT 1   [ RunTime:0.0003s ]
INFO: [ view_parse ] --START--
INFO: [ template_filter ] --START--
INFO: Run Behavior\ContentReplaceBehavior [ RunTime:0.000195s ]
INFO: [ template_filter ] --END-- [ RunTime:0.000337s ]
INFO: Run Behavior\ParseTemplateBehavior [ RunTime:0.068690s ]
INFO: [ view_parse ] --END-- [ RunTime:0.068859s ]
INFO: [ view_filter ] --START--
INFO: Run Behavior\WriteHtmlCacheBehavior [ RunTime:0.000434s ]
INFO: [ view_filter ] --END-- [ RunTime:0.000569s ]
INFO: [ app_end ] --START--
INFO: Run Behavior\ShowPageTraceBehavior [ RunTime:0.002426s ]
INFO: [ app_end ] --END-- [ RunTime:0.002747s ]

[ 2016-10-17T17:34:55+08:00 ] ::1 /waibao/index.php/Home/Guess/index/issue/787088.html
INFO: [ app_init ] --START--
INFO: Run Behavior\BuildLiteBehavior [ RunTime:0.000029s ]
INFO: [ app_init ] --END-- [ RunTime:0.000456s ]
INFO: [ app_begin ] --START--
INFO: Run Behavior\ReadHtmlCacheBehavior [ RunTime:0.000657s ]
INFO: [ app_begin ] --END-- [ RunTime:0.000848s ]
SQL: SHOW COLUMNS FROM `user` [ RunTime:0.0015s ]
SQL: SELECT * FROM `user` WHERE `id` = '57d10a4c9abbd' LIMIT 1   [ RunTime:0.0003s ]
SQL: SHOW COLUMNS FROM `game` [ RunTime:0.0014s ]
SQL: SELECT * FROM `game` WHERE `name` = 'PC28' AND `statu` = 2 ORDER BY issue desc LIMIT 1   [ RunTime:0.0005s ]
SQL: SELECT * FROM `game` WHERE `name` = 'PC28' AND `issue` = '787088' LIMIT 1   [ RunTime:0.0007s ]
SQL: SELECT * FROM `game` WHERE `name` = 'PC28' AND `issue` = 787087 LIMIT 1   [ RunTime:0.0004s ]
INFO: [ view_parse ] --START--
INFO: [ template_filter ] --START--
INFO: Run Behavior\ContentReplaceBehavior [ RunTime:0.000219s ]
INFO: [ template_filter ] --END-- [ RunTime:0.000367s ]
INFO: Run Behavior\ParseTemplateBehavior [ RunTime:0.138282s ]
INFO: [ view_parse ] --END-- [ RunTime:0.138450s ]
INFO: [ view_filter ] --START--
INFO: Run Behavior\WriteHtmlCacheBehavior [ RunTime:0.000452s ]
INFO: [ view_filter ] --END-- [ RunTime:0.000584s ]
INFO: [ app_end ] --START--
INFO: Run Behavior\ShowPageTraceBehavior [ RunTime:0.001068s ]
INFO: [ app_end ] --END-- [ RunTime:0.001331s ]

[ 2016-10-17T17:36:32+08:00 ] ::1 /waibao/index.php/Home/Guess/index/issue/787088.html
INFO: [ app_init ] --START--
INFO: Run Behavior\BuildLiteBehavior [ RunTime:0.000031s ]
INFO: [ app_init ] --END-- [ RunTime:0.000476s ]
INFO: [ app_begin ] --START--
INFO: Run Behavior\ReadHtmlCacheBehavior [ RunTime:0.000606s ]
INFO: [ app_begin ] --END-- [ RunTime:0.000752s ]
SQL: SHOW COLUMNS FROM `user` [ RunTime:0.0016s ]
SQL: SELECT * FROM `user` WHERE `id` = '57d10a4c9abbd' LIMIT 1   [ RunTime:0.0003s ]
SQL: SHOW COLUMNS FROM `game` [ RunTime:0.0016s ]
SQL: SELECT * FROM `game` WHERE `name` = 'PC28' AND `statu` = 2 ORDER BY issue desc LIMIT 1   [ RunTime:0.0006s ]
SQL: SELECT * FROM `game` WHERE `name` = 'PC28' AND `issue` = '787088' LIMIT 1   [ RunTime:0.0004s ]
SQL: SELECT * FROM `game` WHERE `name` = 'PC28' AND `issue` = 787087 LIMIT 1   [ RunTime:0.0003s ]
INFO: [ view_parse ] --START--
INFO: [ template_filter ] --START--
INFO: Run Behavior\ContentReplaceBehavior [ RunTime:0.000202s ]
INFO: [ template_filter ] --END-- [ RunTime:0.000348s ]
INFO: Run Behavior\ParseTemplateBehavior [ RunTime:0.071463s ]
INFO: [ view_parse ] --END-- [ RunTime:0.071685s ]
INFO: [ view_filter ] --START--
INFO: Run Behavior\WriteHtmlCacheBehavior [ RunTime:0.000490s ]
INFO: [ view_filter ] --END-- [ RunTime:0.000626s ]
INFO: [ app_end ] --START--
INFO: Run Behavior\ShowPageTraceBehavior [ RunTime:0.000953s ]
INFO: [ app_end ] --END-- [ RunTime:0.001230s ]

[ 2016-10-17T17:38:09+08:00 ] ::1 /waibao/index.php/Home/Guess/index/issue/787088.html
INFO: [ app_init ] --START--
INFO: Run Behavior\BuildLiteBehavior [ RunTime:0.000066s ]
INFO: [ app_init ] --END-- [ RunTime:0.000546s ]
INFO: [ app_begin ] --START--
INFO: Run Behavior\ReadHtmlCacheBehavior [ RunTime:0.000922s ]
INFO: [ app_begin ] --END-- [ RunTime:0.001188s ]
SQL: SHOW COLUMNS FROM `user` [ RunTime:0.0021s ]
SQL: SELECT * FROM `user` WHERE `id` = '57d10a4c9abbd' LIMIT 1   [ RunTime:0.0007s ]
SQL: SHOW COLUMNS FROM `game` [ RunTime:0.0023s ]
SQL: SELECT * FROM `game` WHERE `name` = 'PC28' AND `statu` = 2 ORDER BY issue desc LIMIT 1   [ RunTime:0.0007s ]
SQL: SELECT * FROM `game` WHERE `name` = 'PC28' AND `issue` = '787088' LIMIT 1   [ RunTime:0.0005s ]
SQL: SELECT * FROM `game` WHERE `name` = 'PC28' AND `issue` = 787087 LIMIT 1   [ RunTime:0.0006s ]
INFO: [ view_parse ] --START--
INFO: [ template_filter ] --START--
INFO: Run Behavior\ContentReplaceBehavior [ RunTime:0.000416s ]
INFO: [ template_filter ] --END-- [ RunTime:0.000763s ]
INFO: Run Behavior\ParseTemplateBehavior [ RunTime:0.080095s ]
INFO: [ view_parse ] --END-- [ RunTime:0.080263s ]
INFO: [ view_filter ] --START--
INFO: Run Behavior\WriteHtmlCacheBehavior [ RunTime:0.000346s ]
INFO: [ view_filter ] --END-- [ RunTime:0.000474s ]
INFO: [ app_end ] --START--
INFO: Run Behavior\ShowPageTraceBehavior [ RunTime:0.001349s ]
INFO: [ app_end ] --END-- [ RunTime:0.001622s ]

[ 2016-10-17T17:39:47+08:00 ] ::1 /waibao/index.php/Home/Guess/index/issue/787088.html
INFO: [ app_init ] --START--
INFO: Run Behavior\BuildLiteBehavior [ RunTime:0.000032s ]
INFO: [ app_init ] --END-- [ RunTime:0.000488s ]
INFO: [ app_begin ] --START--
INFO: Run Behavior\ReadHtmlCacheBehavior [ RunTime:0.000702s ]
INFO: [ app_begin ] --END-- [ RunTime:0.000911s ]
SQL: SHOW COLUMNS FROM `user` [ RunTime:0.0029s ]
SQL: SELECT * FROM `user` WHERE `id` = '57d10a4c9abbd' LIMIT 1   [ RunTime:0.0007s ]
SQL: SHOW COLUMNS FROM `game` [ RunTime:0.0046s ]
SQL: SELECT * FROM `game` WHERE `name` = 'PC28' AND `statu` = 2 ORDER BY issue desc LIMIT 1   [ RunTime:0.0007s ]
SQL: SELECT * FROM `game` WHERE `name` = 'PC28' AND `issue` = '787088' LIMIT 1   [ RunTime:0.0005s ]
SQL: SELECT * FROM `game` WHERE `name` = 'PC28' AND `issue` = 787087 LIMIT 1   [ RunTime:0.0007s ]
INFO: [ view_parse ] --START--
INFO: [ template_filter ] --START--
INFO: Run Behavior\ContentReplaceBehavior [ RunTime:0.000325s ]
INFO: [ template_filter ] --END-- [ RunTime:0.000563s ]
INFO: Run Behavior\ParseTemplateBehavior [ RunTime:0.093941s ]
INFO: [ view_parse ] --END-- [ RunTime:0.094164s ]
INFO: [ view_filter ] --START--
INFO: Run Behavior\WriteHtmlCacheBehavior [ RunTime:0.000521s ]
INFO: [ view_filter ] --END-- [ RunTime:0.000657s ]
INFO: [ app_end ] --START--
INFO: Run Behavior\ShowPageTraceBehavior [ RunTime:0.001086s ]
INFO: [ app_end ] --END-- [ RunTime:0.001611s ]

[ 2016-10-17T17:40:49+08:00 ] ::1 /waibao/index.php/Home/Guess/index/issue/787088.html
INFO: [ app_init ] --START--
INFO: Run Behavior\BuildLiteBehavior [ RunTime:0.000050s ]
INFO: [ app_init ] --END-- [ RunTime:0.000868s ]
INFO: [ app_begin ] --START--
INFO: Run Behavior\ReadHtmlCacheBehavior [ RunTime:0.013116s ]
INFO: [ app_begin ] --END-- [ RunTime:0.013421s ]
SQL: SHOW COLUMNS FROM `user` [ RunTime:0.0019s ]
SQL: SELECT * FROM `user` WHERE `id` = '57d10a4c9abbd' LIMIT 1   [ RunTime:0.0005s ]
SQL: SHOW COLUMNS FROM `game` [ RunTime:0.0029s ]
SQL: SELECT * FROM `game` WHERE `name` = 'PC28' AND `statu` = 2 ORDER BY issue desc LIMIT 1   [ RunTime:0.0009s ]
SQL: SELECT * FROM `game` WHERE `name` = 'PC28' AND `issue` = '787088' LIMIT 1   [ RunTime:0.0006s ]
SQL: SELECT * FROM `game` WHERE `name` = 'PC28' AND `issue` = 787087 LIMIT 1   [ RunTime:0.0004s ]
INFO: [ view_parse ] --START--
INFO: [ template_filter ] --START--
INFO: Run Behavior\ContentReplaceBehavior [ RunTime:0.000207s ]
INFO: [ template_filter ] --END-- [ RunTime:0.000366s ]
INFO: Run Behavior\ParseTemplateBehavior [ RunTime:0.092362s ]
INFO: [ view_parse ] --END-- [ RunTime:0.092517s ]
INFO: [ view_filter ] --START--
INFO: Run Behavior\WriteHtmlCacheBehavior [ RunTime:0.000279s ]
INFO: [ view_filter ] --END-- [ RunTime:0.000403s ]
INFO: [ app_end ] --START--
INFO: Run Behavior\ShowPageTraceBehavior [ RunTime:0.000836s ]
INFO: [ app_end ] --END-- [ RunTime:0.001132s ]

[ 2016-10-17T17:41:24+08:00 ] ::1 /waibao/index.php/Home/Guess/index/issue/787088.html
INFO: [ app_init ] --START--
INFO: Run Behavior\BuildLiteBehavior [ RunTime:0.000032s ]
INFO: [ app_init ] --END-- [ RunTime:0.000524s ]
INFO: [ app_begin ] --START--
INFO: Run Behavior\ReadHtmlCacheBehavior [ RunTime:0.000948s ]
INFO: [ app_begin ] --END-- [ RunTime:0.001169s ]
SQL: SHOW COLUMNS FROM `user` [ RunTime:0.0024s ]
SQL: SELECT * FROM `user` WHERE `id` = '57d10a4c9abbd' LIMIT 1   [ RunTime:0.0007s ]
SQL: SHOW COLUMNS FROM `game` [ RunTime:0.0018s ]
SQL: SELECT * FROM `game` WHERE `name` = 'PC28' AND `statu` = 2 ORDER BY issue desc LIMIT 1   [ RunTime:0.0007s ]
SQL: SELECT * FROM `game` WHERE `name` = 'PC28' AND `issue` = '787088' LIMIT 1   [ RunTime:0.0004s ]
SQL: SELECT * FROM `game` WHERE `name` = 'PC28' AND `issue` = 787087 LIMIT 1   [ RunTime:0.0004s ]
INFO: [ view_parse ] --START--
INFO: [ template_filter ] --START--
INFO: Run Behavior\ContentReplaceBehavior [ RunTime:0.000205s ]
INFO: [ template_filter ] --END-- [ RunTime:0.000359s ]
INFO: Run Behavior\ParseTemplateBehavior [ RunTime:0.083693s ]
INFO: [ view_parse ] --END-- [ RunTime:0.084012s ]
INFO: [ view_filter ] --START--
INFO: Run Behavior\WriteHtmlCacheBehavior [ RunTime:0.000413s ]
INFO: [ view_filter ] --END-- [ RunTime:0.000546s ]
INFO: [ app_end ] --START--
INFO: Run Behavior\ShowPageTraceBehavior [ RunTime:0.001020s ]
INFO: [ app_end ] --END-- [ RunTime:0.001325s ]

[ 2016-10-17T17:41:40+08:00 ] ::1 /waibao/
INFO: [ app_init ] --START--
INFO: Run Behavior\BuildLiteBehavior [ RunTime:0.000052s ]
INFO: [ app_init ] --END-- [ RunTime:0.001045s ]
INFO: [ app_begin ] --START--
INFO: Run Behavior\ReadHtmlCacheBehavior [ RunTime:0.000576s ]
INFO: [ app_begin ] --END-- [ RunTime:0.000764s ]
NOTIC: [8] Undefined index: page D:\wamp64\www\waibao\Application\Home\Controller\IndexController.class.php 第 7 行.
INFO: [ view_parse ] --START--
INFO: [ template_filter ] --START--
INFO: Run Behavior\ContentReplaceBehavior [ RunTime:0.000099s ]
INFO: [ template_filter ] --END-- [ RunTime:0.000277s ]
INFO: Run Behavior\ParseTemplateBehavior [ RunTime:0.019585s ]
INFO: [ view_parse ] --END-- [ RunTime:0.019742s ]
INFO: [ view_filter ] --START--
INFO: Run Behavior\WriteHtmlCacheBehavior [ RunTime:0.000384s ]
INFO: [ view_filter ] --END-- [ RunTime:0.000517s ]
INFO: [ app_end ] --START--
INFO: Run Behavior\ShowPageTraceBehavior [ RunTime:0.000561s ]
INFO: [ app_end ] --END-- [ RunTime:0.000708s ]

[ 2016-10-17T17:41:49+08:00 ] ::1 /waibao/index.php/Home/Index/login.html
INFO: [ app_init ] --START--
INFO: Run Behavior\BuildLiteBehavior [ RunTime:0.000050s ]
INFO: [ app_init ] --END-- [ RunTime:0.000846s ]
INFO: [ app_begin ] --START--
INFO: Run Behavior\ReadHtmlCacheBehavior [ RunTime:0.000576s ]
INFO: [ app_begin ] --END-- [ RunTime:0.000726s ]
SQL: SHOW COLUMNS FROM `user` [ RunTime:0.0010s ]
SQL: SELECT * FROM `user` WHERE `username` = 'xuyuanfan1' AND `password` = '123' LIMIT 1   [ RunTime:0.0005s ]

[ 2016-10-17T17:41:49+08:00 ] ::1 /waibao/index.php/Home/Num/index.html
INFO: [ app_init ] --START--
INFO: Run Behavior\BuildLiteBehavior [ RunTime:0.000030s ]
INFO: [ app_init ] --END-- [ RunTime:0.000439s ]
INFO: [ app_begin ] --START--
INFO: Run Behavior\ReadHtmlCacheBehavior [ RunTime:0.000471s ]
INFO: [ app_begin ] --END-- [ RunTime:0.000608s ]
SQL: SHOW COLUMNS FROM `user` [ RunTime:0.0014s ]
SQL: SELECT * FROM `user` WHERE `id` = '57d10a4c9abbd' LIMIT 1   [ RunTime:0.0004s ]
SQL: SHOW COLUMNS FROM `game` [ RunTime:0.0010s ]
SQL: SELECT * FROM `game` WHERE `name` = 'PC28' AND `statu` = 2 ORDER BY issue desc LIMIT 1   [ RunTime:0.0005s ]
SQL: SELECT * FROM `game` WHERE `name` = 'PC28' AND `issue` = 787088 LIMIT 1   [ RunTime:0.0003s ]
NOTIC: [8] Undefined index: p D:\wamp64\www\waibao\Application\Home\Controller\NumController.class.php 第 41 行.
SQL: SELECT * FROM `game` WHERE `name` = 'PC28' ORDER BY issue desc LIMIT 0,20   [ RunTime:0.0005s ]
SQL: SELECT COUNT(*) AS tp_count FROM `game` WHERE `name` = 'PC28' LIMIT 1   [ RunTime:0.0002s ]
NOTIC: [2] urlencode() expects parameter 1 to be string, array given D:\wamp64\www\waibao\Application\Home\Controller\NumController.class.php 第 56 行.
INFO: [ view_parse ] --START--
INFO: [ template_filter ] --START--
INFO: Run Behavior\ContentReplaceBehavior [ RunTime:0.000135s ]
INFO: [ template_filter ] --END-- [ RunTime:0.000284s ]
INFO: Run Behavior\ParseTemplateBehavior [ RunTime:0.053918s ]
INFO: [ view_parse ] --END-- [ RunTime:0.054130s ]
INFO: [ view_filter ] --START--
INFO: Run Behavior\WriteHtmlCacheBehavior [ RunTime:0.000388s ]
INFO: [ view_filter ] --END-- [ RunTime:0.000590s ]
INFO: [ app_end ] --START--
INFO: Run Behavior\ShowPageTraceBehavior [ RunTime:0.000979s ]
INFO: [ app_end ] --END-- [ RunTime:0.001221s ]

[ 2016-10-17T17:41:49+08:00 ] ::1 /waibao/index.php/Home/Num/getServerTime
INFO: [ app_init ] --START--
INFO: Run Behavior\BuildLiteBehavior [ RunTime:0.000031s ]
INFO: [ app_init ] --END-- [ RunTime:0.000473s ]
INFO: [ app_begin ] --START--
INFO: Run Behavior\ReadHtmlCacheBehavior [ RunTime:0.000544s ]
INFO: [ app_begin ] --END-- [ RunTime:0.000704s ]

[ 2016-10-17T17:41:51+08:00 ] ::1 /waibao/index.php/Home/Guess/index/issue/787088.html
INFO: [ app_init ] --START--
INFO: Run Behavior\BuildLiteBehavior [ RunTime:0.000051s ]
INFO: [ app_init ] --END-- [ RunTime:0.000760s ]
INFO: [ app_begin ] --START--
INFO: Run Behavior\ReadHtmlCacheBehavior [ RunTime:0.000501s ]
INFO: [ app_begin ] --END-- [ RunTime:0.000643s ]
SQL: SHOW COLUMNS FROM `user` [ RunTime:0.0006s ]
SQL: SELECT * FROM `user` WHERE `id` = '57d10a4c9abbd' LIMIT 1   [ RunTime:0.0004s ]
SQL: SHOW COLUMNS FROM `game` [ RunTime:0.0009s ]
SQL: SELECT * FROM `game` WHERE `name` = 'PC28' AND `statu` = 2 ORDER BY issue desc LIMIT 1   [ RunTime:0.0006s ]
SQL: SELECT * FROM `game` WHERE `name` = 'PC28' AND `issue` = '787088' LIMIT 1   [ RunTime:0.0004s ]
SQL: SELECT * FROM `game` WHERE `name` = 'PC28' AND `issue` = 787087 LIMIT 1   [ RunTime:0.0003s ]
INFO: [ view_parse ] --START--
INFO: [ template_filter ] --START--
INFO: Run Behavior\ContentReplaceBehavior [ RunTime:0.000213s ]
INFO: [ template_filter ] --END-- [ RunTime:0.000401s ]
INFO: Run Behavior\ParseTemplateBehavior [ RunTime:0.070008s ]
INFO: [ view_parse ] --END-- [ RunTime:0.070219s ]
INFO: [ view_filter ] --START--
INFO: Run Behavior\WriteHtmlCacheBehavior [ RunTime:0.000450s ]
INFO: [ view_filter ] --END-- [ RunTime:0.000778s ]
INFO: [ app_end ] --START--
INFO: Run Behavior\ShowPageTraceBehavior [ RunTime:0.000720s ]
INFO: [ app_end ] --END-- [ RunTime:0.000988s ]

[ 2016-10-17T17:43:28+08:00 ] ::1 /waibao/index.php/Home/Guess/index/issue/787088.html
INFO: [ app_init ] --START--
INFO: Run Behavior\BuildLiteBehavior [ RunTime:0.000030s ]
INFO: [ app_init ] --END-- [ RunTime:0.000493s ]
INFO: [ app_begin ] --START--
INFO: Run Behavior\ReadHtmlCacheBehavior [ RunTime:0.000565s ]
INFO: [ app_begin ] --END-- [ RunTime:0.000705s ]
SQL: SHOW COLUMNS FROM `user` [ RunTime:0.0012s ]
SQL: SELECT * FROM `user` WHERE `id` = '57d10a4c9abbd' LIMIT 1   [ RunTime:0.0003s ]
SQL: SHOW COLUMNS FROM `game` [ RunTime:0.0008s ]
SQL: SELECT * FROM `game` WHERE `name` = 'PC28' AND `statu` = 2 ORDER BY issue desc LIMIT 1   [ RunTime:0.0006s ]
SQL: SELECT * FROM `game` WHERE `name` = 'PC28' AND `issue` = '787088' LIMIT 1   [ RunTime:0.0004s ]
SQL: SELECT * FROM `game` WHERE `name` = 'PC28' AND `issue` = 787087 LIMIT 1   [ RunTime:0.0003s ]
INFO: [ view_parse ] --START--
INFO: [ template_filter ] --START--
INFO: Run Behavior\ContentReplaceBehavior [ RunTime:0.000201s ]
INFO: [ template_filter ] --END-- [ RunTime:0.000348s ]
INFO: Run Behavior\ParseTemplateBehavior [ RunTime:0.153332s ]
INFO: [ view_parse ] --END-- [ RunTime:0.153497s ]
INFO: [ view_filter ] --START--
INFO: Run Behavior\WriteHtmlCacheBehavior [ RunTime:0.000407s ]
INFO: [ view_filter ] --END-- [ RunTime:0.000552s ]
INFO: [ app_end ] --START--
INFO: Run Behavior\ShowPageTraceBehavior [ RunTime:0.001374s ]
INFO: [ app_end ] --END-- [ RunTime:0.003764s ]

[ 2016-10-17T17:45:06+08:00 ] ::1 /waibao/index.php/Home/Guess/index/issue/787088.html
INFO: [ app_init ] --START--
INFO: Run Behavior\BuildLiteBehavior [ RunTime:0.000029s ]
INFO: [ app_init ] --END-- [ RunTime:0.000483s ]
INFO: [ app_begin ] --START--
INFO: Run Behavior\ReadHtmlCacheBehavior [ RunTime:0.000636s ]
INFO: [ app_begin ] --END-- [ RunTime:0.000893s ]
SQL: SHOW COLUMNS FROM `user` [ RunTime:0.0019s ]
SQL: SELECT * FROM `user` WHERE `id` = '57d10a4c9abbd' LIMIT 1   [ RunTime:0.0003s ]
SQL: SHOW COLUMNS FROM `game` [ RunTime:0.0016s ]
SQL: SELECT * FROM `game` WHERE `name` = 'PC28' AND `statu` = 2 ORDER BY issue desc LIMIT 1   [ RunTime:0.0011s ]
SQL: SELECT * FROM `game` WHERE `name` = 'PC28' AND `issue` = '787088' LIMIT 1   [ RunTime:0.0005s ]
SQL: SELECT * FROM `game` WHERE `name` = 'PC28' AND `issue` = 787087 LIMIT 1   [ RunTime:0.0005s ]
INFO: [ view_parse ] --START--
INFO: [ template_filter ] --START--
INFO: Run Behavior\ContentReplaceBehavior [ RunTime:0.000198s ]
INFO: [ template_filter ] --END-- [ RunTime:0.000343s ]
INFO: Run Behavior\ParseTemplateBehavior [ RunTime:0.080174s ]
INFO: [ view_parse ] --END-- [ RunTime:0.080353s ]
INFO: [ view_filter ] --START--
INFO: Run Behavior\WriteHtmlCacheBehavior [ RunTime:0.000438s ]
INFO: [ view_filter ] --END-- [ RunTime:0.000570s ]
INFO: [ app_end ] --START--
INFO: Run Behavior\ShowPageTraceBehavior [ RunTime:0.000898s ]
INFO: [ app_end ] --END-- [ RunTime:0.001148s ]

[ 2016-10-17T17:46:43+08:00 ] ::1 /waibao/index.php/Home/Guess/index/issue/787088.html
INFO: [ app_init ] --START--
INFO: Run Behavior\BuildLiteBehavior [ RunTime:0.000032s ]
INFO: [ app_init ] --END-- [ RunTime:0.000965s ]
INFO: [ app_begin ] --START--
INFO: Run Behavior\ReadHtmlCacheBehavior [ RunTime:0.000581s ]
INFO: [ app_begin ] --END-- [ RunTime:0.000734s ]
SQL: SHOW COLUMNS FROM `user` [ RunTime:0.0009s ]
SQL: SELECT * FROM `user` WHERE `id` = '57d10a4c9abbd' LIMIT 1   [ RunTime:0.0013s ]
SQL: SHOW COLUMNS FROM `game` [ RunTime:0.0017s ]
SQL: SELECT * FROM `game` WHERE `name` = 'PC28' AND `statu` = 2 ORDER BY issue desc LIMIT 1   [ RunTime:0.0006s ]
SQL: SELECT * FROM `game` WHERE `name` = 'PC28' AND `issue` = '787088' LIMIT 1   [ RunTime:0.0004s ]
SQL: SELECT * FROM `game` WHERE `name` = 'PC28' AND `issue` = 787087 LIMIT 1   [ RunTime:0.0003s ]
INFO: [ view_parse ] --START--
INFO: [ template_filter ] --START--
INFO: Run Behavior\ContentReplaceBehavior [ RunTime:0.000271s ]
INFO: [ template_filter ] --END-- [ RunTime:0.000510s ]
INFO: Run Behavior\ParseTemplateBehavior [ RunTime:0.113433s ]
INFO: [ view_parse ] --END-- [ RunTime:0.113583s ]
INFO: [ view_filter ] --START--
INFO: Run Behavior\WriteHtmlCacheBehavior [ RunTime:0.000349s ]
INFO: [ view_filter ] --END-- [ RunTime:0.000475s ]
INFO: [ app_end ] --START--
INFO: Run Behavior\ShowPageTraceBehavior [ RunTime:0.001129s ]
INFO: [ app_end ] --END-- [ RunTime:0.001427s ]

[ 2016-10-17T17:47:12+08:00 ] ::1 /waibao/index.php/Home/Guess/index/issue/787088.html
INFO: [ app_init ] --START--
INFO: Run Behavior\BuildLiteBehavior [ RunTime:0.000033s ]
INFO: [ app_init ] --END-- [ RunTime:0.000494s ]
INFO: [ app_begin ] --START--
INFO: Run Behavior\ReadHtmlCacheBehavior [ RunTime:0.000552s ]
INFO: [ app_begin ] --END-- [ RunTime:0.000721s ]
SQL: SHOW COLUMNS FROM `user` [ RunTime:0.0015s ]
SQL: SELECT * FROM `user` WHERE `id` = '57d10a4c9abbd' LIMIT 1   [ RunTime:0.0005s ]
SQL: SHOW COLUMNS FROM `game` [ RunTime:0.0017s ]
SQL: SELECT * FROM `game` WHERE `name` = 'PC28' AND `statu` = 2 ORDER BY issue desc LIMIT 1   [ RunTime:0.0009s ]
SQL: SELECT * FROM `game` WHERE `name` = 'PC28' AND `issue` = '787088' LIMIT 1   [ RunTime:0.0005s ]
SQL: SELECT * FROM `game` WHERE `name` = 'PC28' AND `issue` = 787087 LIMIT 1   [ RunTime:0.0003s ]
INFO: [ view_parse ] --START--
INFO: [ template_filter ] --START--
INFO: Run Behavior\ContentReplaceBehavior [ RunTime:0.000206s ]
INFO: [ template_filter ] --END-- [ RunTime:0.000359s ]
INFO: Run Behavior\ParseTemplateBehavior [ RunTime:0.119991s ]
INFO: [ view_parse ] --END-- [ RunTime:0.120256s ]
INFO: [ view_filter ] --START--
INFO: Run Behavior\WriteHtmlCacheBehavior [ RunTime:0.000391s ]
INFO: [ view_filter ] --END-- [ RunTime:0.000517s ]
INFO: [ app_end ] --START--
INFO: Run Behavior\ShowPageTraceBehavior [ RunTime:0.000987s ]
INFO: [ app_end ] --END-- [ RunTime:0.001282s ]

[ 2016-10-17T17:48:50+08:00 ] ::1 /waibao/index.php/Home/Guess/index/issue/787088.html
INFO: [ app_init ] --START--
INFO: Run Behavior\BuildLiteBehavior [ RunTime:0.000094s ]
INFO: [ app_init ] --END-- [ RunTime:0.000893s ]
INFO: [ app_begin ] --START--
INFO: Run Behavior\ReadHtmlCacheBehavior [ RunTime:0.001123s ]
INFO: [ app_begin ] --END-- [ RunTime:0.001402s ]
SQL: SHOW COLUMNS FROM `user` [ RunTime:0.0009s ]
SQL: SELECT * FROM `user` WHERE `id` = '57d10a4c9abbd' LIMIT 1   [ RunTime:0.0004s ]
SQL: SHOW COLUMNS FROM `game` [ RunTime:0.0010s ]
SQL: SELECT * FROM `game` WHERE `name` = 'PC28' AND `statu` = 2 ORDER BY issue desc LIMIT 1   [ RunTime:0.0007s ]
SQL: SELECT * FROM `game` WHERE `name` = 'PC28' AND `issue` = '787088' LIMIT 1   [ RunTime:0.0005s ]
SQL: SELECT * FROM `game` WHERE `name` = 'PC28' AND `issue` = 787087 LIMIT 1   [ RunTime:0.0007s ]
INFO: [ view_parse ] --START--
INFO: [ template_filter ] --START--
INFO: Run Behavior\ContentReplaceBehavior [ RunTime:0.000398s ]
INFO: [ template_filter ] --END-- [ RunTime:0.000743s ]
INFO: Run Behavior\ParseTemplateBehavior [ RunTime:0.153180s ]
INFO: [ view_parse ] --END-- [ RunTime:0.153602s ]
INFO: [ view_filter ] --START--
INFO: Run Behavior\WriteHtmlCacheBehavior [ RunTime:0.000537s ]
INFO: [ view_filter ] --END-- [ RunTime:0.000732s ]
INFO: [ app_end ] --START--
INFO: Run Behavior\ShowPageTraceBehavior [ RunTime:0.001023s ]
INFO: [ app_end ] --END-- [ RunTime:0.001278s ]

[ 2016-10-17T17:50:29+08:00 ] ::1 /waibao/index.php/Home/Guess/index/issue/787088.html
INFO: [ app_init ] --START--
INFO: Run Behavior\BuildLiteBehavior [ RunTime:0.000055s ]
INFO: [ app_init ] --END-- [ RunTime:0.001648s ]
INFO: [ app_begin ] --START--
INFO: Run Behavior\ReadHtmlCacheBehavior [ RunTime:0.001207s ]
INFO: [ app_begin ] --END-- [ RunTime:0.001511s ]
SQL: SHOW COLUMNS FROM `user` [ RunTime:0.0012s ]
SQL: SELECT * FROM `user` WHERE `id` = '57d10a4c9abbd' LIMIT 1   [ RunTime:0.0004s ]
SQL: SHOW COLUMNS FROM `game` [ RunTime:0.0010s ]
SQL: SELECT * FROM `game` WHERE `name` = 'PC28' AND `statu` = 2 ORDER BY issue desc LIMIT 1   [ RunTime:0.0011s ]
SQL: SELECT * FROM `game` WHERE `name` = 'PC28' AND `issue` = '787088' LIMIT 1   [ RunTime:0.0006s ]
SQL: SELECT * FROM `game` WHERE `name` = 'PC28' AND `issue` = 787087 LIMIT 1   [ RunTime:0.0006s ]
INFO: [ view_parse ] --START--
INFO: [ template_filter ] --START--
INFO: Run Behavior\ContentReplaceBehavior [ RunTime:0.000363s ]
INFO: [ template_filter ] --END-- [ RunTime:0.000672s ]
INFO: Run Behavior\ParseTemplateBehavior [ RunTime:0.399547s ]
INFO: [ view_parse ] --END-- [ RunTime:0.399854s ]
INFO: [ view_filter ] --START--
INFO: Run Behavior\WriteHtmlCacheBehavior [ RunTime:0.000513s ]
INFO: [ view_filter ] --END-- [ RunTime:0.000705s ]
INFO: [ app_end ] --START--
INFO: Run Behavior\ShowPageTraceBehavior [ RunTime:0.001671s ]
INFO: [ app_end ] --END-- [ RunTime:0.002203s ]

[ 2016-10-17T17:52:07+08:00 ] ::1 /waibao/index.php/Home/Guess/index/issue/787088.html
INFO: [ app_init ] --START--
INFO: Run Behavior\BuildLiteBehavior [ RunTime:0.000057s ]
INFO: [ app_init ] --END-- [ RunTime:0.001437s ]
INFO: [ app_begin ] --START--
INFO: Run Behavior\ReadHtmlCacheBehavior [ RunTime:0.001003s ]
INFO: [ app_begin ] --END-- [ RunTime:0.001284s ]
SQL: SHOW COLUMNS FROM `user` [ RunTime:0.0012s ]
SQL: SELECT * FROM `user` WHERE `id` = '57d10a4c9abbd' LIMIT 1   [ RunTime:0.0005s ]
SQL: SHOW COLUMNS FROM `game` [ RunTime:0.0018s ]
SQL: SELECT * FROM `game` WHERE `name` = 'PC28' AND `statu` = 2 ORDER BY issue desc LIMIT 1   [ RunTime:0.0008s ]
SQL: SELECT * FROM `game` WHERE `name` = 'PC28' AND `issue` = '787088' LIMIT 1   [ RunTime:0.0005s ]
SQL: SELECT * FROM `game` WHERE `name` = 'PC28' AND `issue` = 787087 LIMIT 1   [ RunTime:0.0004s ]
INFO: [ view_parse ] --START--
INFO: [ template_filter ] --START--
INFO: Run Behavior\ContentReplaceBehavior [ RunTime:0.000218s ]
INFO: [ template_filter ] --END-- [ RunTime:0.000386s ]
INFO: Run Behavior\ParseTemplateBehavior [ RunTime:0.073389s ]
INFO: [ view_parse ] --END-- [ RunTime:0.073610s ]
INFO: [ view_filter ] --START--
INFO: Run Behavior\WriteHtmlCacheBehavior [ RunTime:0.000276s ]
INFO: [ view_filter ] --END-- [ RunTime:0.000410s ]
INFO: [ app_end ] --START--
INFO: Run Behavior\ShowPageTraceBehavior [ RunTime:0.001061s ]
INFO: [ app_end ] --END-- [ RunTime:0.001325s ]

[ 2016-10-17T17:57:29+08:00 ] ::1 /waibao/index.php/Home/Guess/index/issue/787088.html
INFO: [ app_init ] --START--
INFO: Run Behavior\BuildLiteBehavior [ RunTime:0.000048s ]
INFO: [ app_init ] --END-- [ RunTime:0.000708s ]
INFO: [ app_begin ] --START--
INFO: Run Behavior\ReadHtmlCacheBehavior [ RunTime:0.000600s ]
INFO: [ app_begin ] --END-- [ RunTime:0.000746s ]

[ 2016-10-17T17:57:29+08:00 ] ::1 /waibao/index.php/Home/Index/index/page/login.html
INFO: [ app_init ] --START--
INFO: Run Behavior\BuildLiteBehavior [ RunTime:0.000030s ]
INFO: [ app_init ] --END-- [ RunTime:0.000435s ]
INFO: [ app_begin ] --START--
INFO: Run Behavior\ReadHtmlCacheBehavior [ RunTime:0.000545s ]
INFO: [ app_begin ] --END-- [ RunTime:0.000688s ]
INFO: [ view_parse ] --START--
INFO: [ template_filter ] --START--
INFO: Run Behavior\ContentReplaceBehavior [ RunTime:0.000082s ]
INFO: [ template_filter ] --END-- [ RunTime:0.000232s ]
INFO: Run Behavior\ParseTemplateBehavior [ RunTime:0.015654s ]
INFO: [ view_parse ] --END-- [ RunTime:0.015816s ]
INFO: [ view_filter ] --START--
INFO: Run Behavior\WriteHtmlCacheBehavior [ RunTime:0.000457s ]
INFO: [ view_filter ] --END-- [ RunTime:0.000596s ]
INFO: [ app_end ] --START--
INFO: Run Behavior\ShowPageTraceBehavior [ RunTime:0.000574s ]
INFO: [ app_end ] --END-- [ RunTime:0.000707s ]

[ 2016-10-17T17:58:50+08:00 ] ::1 /waibao/index.php/Home/Index/login.html
INFO: [ app_init ] --START--
INFO: Run Behavior\BuildLiteBehavior [ RunTime:0.000030s ]
INFO: [ app_init ] --END-- [ RunTime:0.000485s ]
INFO: [ app_begin ] --START--
INFO: Run Behavior\ReadHtmlCacheBehavior [ RunTime:0.000515s ]
INFO: [ app_begin ] --END-- [ RunTime:0.000722s ]
SQL: SHOW COLUMNS FROM `user` [ RunTime:0.0008s ]
SQL: SELECT * FROM `user` WHERE `username` = 'xuyuanfan1' AND `password` = '123' LIMIT 1   [ RunTime:0.0003s ]

[ 2016-10-17T17:58:50+08:00 ] ::1 /waibao/index.php/Home/Num/index.html
INFO: [ app_init ] --START--
INFO: Run Behavior\BuildLiteBehavior [ RunTime:0.000031s ]
INFO: [ app_init ] --END-- [ RunTime:0.000545s ]
INFO: [ app_begin ] --START--
INFO: Run Behavior\ReadHtmlCacheBehavior [ RunTime:0.000462s ]
INFO: [ app_begin ] --END-- [ RunTime:0.000599s ]
SQL: SHOW COLUMNS FROM `user` [ RunTime:0.0008s ]
SQL: SELECT * FROM `user` WHERE `id` = '57d10a4c9abbd' LIMIT 1   [ RunTime:0.0002s ]
SQL: SHOW COLUMNS FROM `game` [ RunTime:0.0011s ]
SQL: SELECT * FROM `game` WHERE `name` = 'PC28' AND `statu` = 2 ORDER BY issue desc LIMIT 1   [ RunTime:0.0006s ]
SQL: SELECT * FROM `game` WHERE `name` = 'PC28' AND `issue` = 787088 LIMIT 1   [ RunTime:0.0003s ]
NOTIC: [8] Undefined index: p D:\wamp64\www\waibao\Application\Home\Controller\NumController.class.php 第 41 行.
SQL: SELECT * FROM `game` WHERE `name` = 'PC28' ORDER BY issue desc LIMIT 0,20   [ RunTime:0.0004s ]
SQL: SELECT COUNT(*) AS tp_count FROM `game` WHERE `name` = 'PC28' LIMIT 1   [ RunTime:0.0002s ]
NOTIC: [2] urlencode() expects parameter 1 to be string, array given D:\wamp64\www\waibao\Application\Home\Controller\NumController.class.php 第 56 行.
INFO: [ view_parse ] --START--
INFO: [ template_filter ] --START--
INFO: Run Behavior\ContentReplaceBehavior [ RunTime:0.000143s ]
INFO: [ template_filter ] --END-- [ RunTime:0.000356s ]
INFO: Run Behavior\ParseTemplateBehavior [ RunTime:0.050526s ]
INFO: [ view_parse ] --END-- [ RunTime:0.050671s ]
INFO: [ view_filter ] --START--
INFO: Run Behavior\WriteHtmlCacheBehavior [ RunTime:0.000265s ]
INFO: [ view_filter ] --END-- [ RunTime:0.000391s ]
INFO: [ app_end ] --START--
INFO: Run Behavior\ShowPageTraceBehavior [ RunTime:0.000777s ]
INFO: [ app_end ] --END-- [ RunTime:0.001042s ]

[ 2016-10-17T17:58:50+08:00 ] ::1 /waibao/index.php/Home/Num/getServerTime
INFO: [ app_init ] --START--
INFO: Run Behavior\BuildLiteBehavior [ RunTime:0.000077s ]
INFO: [ app_init ] --END-- [ RunTime:0.000851s ]
INFO: [ app_begin ] --START--
INFO: Run Behavior\ReadHtmlCacheBehavior [ RunTime:0.000701s ]
INFO: [ app_begin ] --END-- [ RunTime:0.000840s ]

[ 2016-10-17T17:58:53+08:00 ] ::1 /waibao/index.php/Home/Guess/index/issue/787088.html
INFO: [ app_init ] --START--
INFO: Run Behavior\BuildLiteBehavior [ RunTime:0.000029s ]
INFO: [ app_init ] --END-- [ RunTime:0.000450s ]
INFO: [ app_begin ] --START--
INFO: Run Behavior\ReadHtmlCacheBehavior [ RunTime:0.000551s ]
INFO: [ app_begin ] --END-- [ RunTime:0.000703s ]
SQL: SHOW COLUMNS FROM `user` [ RunTime:0.0007s ]
SQL: SELECT * FROM `user` WHERE `id` = '57d10a4c9abbd' LIMIT 1   [ RunTime:0.0004s ]
SQL: SHOW COLUMNS FROM `game` [ RunTime:0.0009s ]
SQL: SELECT * FROM `game` WHERE `name` = 'PC28' AND `statu` = 2 ORDER BY issue desc LIMIT 1   [ RunTime:0.0006s ]
SQL: SELECT * FROM `game` WHERE `name` = 'PC28' AND `issue` = '787088' LIMIT 1   [ RunTime:0.0008s ]
SQL: SELECT * FROM `game` WHERE `name` = 'PC28' AND `issue` = 787087 LIMIT 1   [ RunTime:0.0004s ]
INFO: [ view_parse ] --START--
INFO: [ template_filter ] --START--
INFO: Run Behavior\ContentReplaceBehavior [ RunTime:0.000197s ]
INFO: [ template_filter ] --END-- [ RunTime:0.000338s ]
INFO: Run Behavior\ParseTemplateBehavior [ RunTime:0.065397s ]
INFO: [ view_parse ] --END-- [ RunTime:0.065555s ]
INFO: [ view_filter ] --START--
INFO: Run Behavior\WriteHtmlCacheBehavior [ RunTime:0.000302s ]
INFO: [ view_filter ] --END-- [ RunTime:0.000429s ]
INFO: [ app_end ] --START--
INFO: Run Behavior\ShowPageTraceBehavior [ RunTime:0.000617s ]
INFO: [ app_end ] --END-- [ RunTime:0.000759s ]

[ 2016-10-17T17:59:05+08:00 ] ::1 /waibao/index.php/Home/Guess/guess
INFO: [ app_init ] --START--
INFO: Run Behavior\BuildLiteBehavior [ RunTime:0.000029s ]
INFO: [ app_init ] --END-- [ RunTime:0.000450s ]
INFO: [ app_begin ] --START--
INFO: Run Behavior\ReadHtmlCacheBehavior [ RunTime:0.001349s ]
INFO: [ app_begin ] --END-- [ RunTime:0.001493s ]
SQL: SHOW COLUMNS FROM `user` [ RunTime:0.0006s ]
SQL: SELECT * FROM `user` WHERE `id` = '57d10a4c9abbd' LIMIT 1   [ RunTime:0.0003s ]
SQL: UPDATE `user` SET `username`='xuyuanfan1',`password`='123',`money`='99999000',`createtime`='2016-09-08 14:50:52' WHERE `id` = '57d10a4c9abbd' [ RunTime:0.0183s ]
SQL: SHOW COLUMNS FROM `guess` [ RunTime:0.0017s ]
NOTIC: [8] Undefined index: validate D:\wamp64\www\waibao\ThinkPHP\Library\Think\Model.class.php 第 1185 行.
NOTIC: [8] Undefined index: auto D:\wamp64\www\waibao\ThinkPHP\Library\Think\Model.class.php 第 1128 行.
SQL: INSERT INTO `guess` (`id`,`userid`,`gamename`,`gameissue`,`money0`,`money1`,`money2`,`money3`,`money4`,`money5`,`money6`,`money7`,`money8`,`money9`,`money10`,`money11`,`money12`,`money13`,`money14`,`money15`,`money16`,`money17`,`money18`,`money19`,`money20`,`money21`,`money22`,`money23`,`money24`,`money25`,`money26`,`money27`,`input`,`createtime`) VALUES ('5804a0e9d54e4','57d10a4c9abbd','PC28','787088','0','0','0','0','0','0','0','0','0','1000','0','0','0','0','0','0','0','0','0','0','0','0','0','0','0','0','0','0','1000','2016-10-17 17:59:05') [ RunTime:0.0118s ]
SQL: SHOW COLUMNS FROM `game` [ RunTime:0.0009s ]
SQL: SELECT * FROM `game` WHERE `id` = '57d10a4c9abbd' AND `issue` = 787088 LIMIT 1   [ RunTime:0.0005s ]
NOTIC: [8] Undefined index: money1 D:\wamp64\www\waibao\Application\Home\Controller\GuessController.class.php 第 98 行.
NOTIC: [8] Undefined index: money2 D:\wamp64\www\waibao\Application\Home\Controller\GuessController.class.php 第 98 行.
NOTIC: [8] Undefined index: money3 D:\wamp64\www\waibao\Application\Home\Controller\GuessController.class.php 第 98 行.
NOTIC: [8] Undefined index: money4 D:\wamp64\www\waibao\Application\Home\Controller\GuessController.class.php 第 98 行.
NOTIC: [8] Undefined index: money5 D:\wamp64\www\waibao\Application\Home\Controller\GuessController.class.php 第 98 行.
NOTIC: [8] Undefined index: money6 D:\wamp64\www\waibao\Application\Home\Controller\GuessController.class.php 第 98 行.
NOTIC: [8] Undefined index: money7 D:\wamp64\www\waibao\Application\Home\Controller\GuessController.class.php 第 98 行.
NOTIC: [8] Undefined index: money8 D:\wamp64\www\waibao\Application\Home\Controller\GuessController.class.php 第 98 行.
NOTIC: [8] Undefined index: money9 D:\wamp64\www\waibao\Application\Home\Controller\GuessController.class.php 第 98 行.
NOTIC: [8] Undefined index: money10 D:\wamp64\www\waibao\Application\Home\Controller\GuessController.class.php 第 98 行.
NOTIC: [8] Undefined index: money11 D:\wamp64\www\waibao\Application\Home\Controller\GuessController.class.php 第 98 行.
NOTIC: [8] Undefined index: money12 D:\wamp64\www\waibao\Application\Home\Controller\GuessController.class.php 第 98 行.
NOTIC: [8] Undefined index: money13 D:\wamp64\www\waibao\Application\Home\Controller\GuessController.class.php 第 98 行.
NOTIC: [8] Undefined index: money14 D:\wamp64\www\waibao\Application\Home\Controller\GuessController.class.php 第 98 行.
NOTIC: [8] Undefined index: money15 D:\wamp64\www\waibao\Application\Home\Controller\GuessController.class.php 第 98 行.
NOTIC: [8] Undefined index: money16 D:\wamp64\www\waibao\Application\Home\Controller\GuessController.class.php 第 98 行.
NOTIC: [8] Undefined index: money17 D:\wamp64\www\waibao\Application\Home\Controller\GuessController.class.php 第 98 行.
NOTIC: [8] Undefined index: money18 D:\wamp64\www\waibao\Application\Home\Controller\GuessController.class.php 第 98 行.
NOTIC: [8] Undefined index: money19 D:\wamp64\www\waibao\Application\Home\Controller\GuessController.class.php 第 98 行.
NOTIC: [8] Undefined index: money20 D:\wamp64\www\waibao\Application\Home\Controller\GuessController.class.php 第 98 行.
NOTIC: [8] Undefined index: money21 D:\wamp64\www\waibao\Application\Home\Controller\GuessController.class.php 第 98 行.
NOTIC: [8] Undefined index: money22 D:\wamp64\www\waibao\Application\Home\Controller\GuessController.class.php 第 98 行.
NOTIC: [8] Undefined index: money23 D:\wamp64\www\waibao\Application\Home\Controller\GuessController.class.php 第 98 行.
NOTIC: [8] Undefined index: money24 D:\wamp64\www\waibao\Application\Home\Controller\GuessController.class.php 第 98 行.
NOTIC: [8] Undefined index: money25 D:\wamp64\www\waibao\Application\Home\Controller\GuessController.class.php 第 98 行.
NOTIC: [8] Undefined index: money26 D:\wamp64\www\waibao\Application\Home\Controller\GuessController.class.php 第 98 行.
NOTIC: [8] Undefined index: money27 D:\wamp64\www\waibao\Application\Home\Controller\GuessController.class.php 第 98 行.
SQL: SELECT * FROM `guess` WHERE `id` = '57d10a4c9abbd' AND `gamename` = 'PC28' AND `userid` = '57d10a4c9abbd' LIMIT 1   [ RunTime:0.0003s ]
NOTIC: [8] Undefined index: peoplenum D:\wamp64\www\waibao\Application\Home\Controller\GuessController.class.php 第 107 行.
NOTIC: [8] Undefined index: jackpot D:\wamp64\www\waibao\Application\Home\Controller\GuessController.class.php 第 110 行.

[ 2016-10-17T17:59:07+08:00 ] ::1 /waibao/index.php/Home/Num/index.html
INFO: [ app_init ] --START--
INFO: Run Behavior\BuildLiteBehavior [ RunTime:0.000052s ]
INFO: [ app_init ] --END-- [ RunTime:0.000800s ]
INFO: [ app_begin ] --START--
INFO: Run Behavior\ReadHtmlCacheBehavior [ RunTime:0.000730s ]
INFO: [ app_begin ] --END-- [ RunTime:0.001001s ]
SQL: SHOW COLUMNS FROM `user` [ RunTime:0.0008s ]
SQL: SELECT * FROM `user` WHERE `id` = '57d10a4c9abbd' LIMIT 1   [ RunTime:0.0003s ]
SQL: SHOW COLUMNS FROM `game` [ RunTime:0.0008s ]
SQL: SELECT * FROM `game` WHERE `name` = 'PC28' AND `statu` = 2 ORDER BY issue desc LIMIT 1   [ RunTime:0.0005s ]
SQL: SELECT * FROM `game` WHERE `name` = 'PC28' AND `issue` = 787088 LIMIT 1   [ RunTime:0.0003s ]
NOTIC: [8] Undefined index: p D:\wamp64\www\waibao\Application\Home\Controller\NumController.class.php 第 41 行.
SQL: SELECT * FROM `game` WHERE `name` = 'PC28' ORDER BY issue desc LIMIT 0,20   [ RunTime:0.0005s ]
SQL: SELECT COUNT(*) AS tp_count FROM `game` WHERE `name` = 'PC28' LIMIT 1   [ RunTime:0.0002s ]
NOTIC: [2] urlencode() expects parameter 1 to be string, array given D:\wamp64\www\waibao\Application\Home\Controller\NumController.class.php 第 56 行.
INFO: [ view_parse ] --START--
INFO: [ template_filter ] --START--
INFO: Run Behavior\ContentReplaceBehavior [ RunTime:0.000135s ]
INFO: [ template_filter ] --END-- [ RunTime:0.000282s ]
INFO: Run Behavior\ParseTemplateBehavior [ RunTime:0.052026s ]
INFO: [ view_parse ] --END-- [ RunTime:0.052181s ]
INFO: [ view_filter ] --START--
INFO: Run Behavior\WriteHtmlCacheBehavior [ RunTime:0.000429s ]
INFO: [ view_filter ] --END-- [ RunTime:0.000566s ]
INFO: [ app_end ] --START--
INFO: Run Behavior\ShowPageTraceBehavior [ RunTime:0.000838s ]
INFO: [ app_end ] --END-- [ RunTime:0.001103s ]

[ 2016-10-17T17:59:07+08:00 ] ::1 /waibao/index.php/Home/Num/getServerTime
INFO: [ app_init ] --START--
INFO: Run Behavior\BuildLiteBehavior [ RunTime:0.000053s ]
INFO: [ app_init ] --END-- [ RunTime:0.000800s ]
INFO: [ app_begin ] --START--
INFO: Run Behavior\ReadHtmlCacheBehavior [ RunTime:0.000495s ]
INFO: [ app_begin ] --END-- [ RunTime:0.000624s ]

[ 2016-10-17T17:59:22+08:00 ] ::1 /waibao/index.php/Home/Guess/index/issue/787088.html
INFO: [ app_init ] --START--
INFO: Run Behavior\BuildLiteBehavior [ RunTime:0.000030s ]
INFO: [ app_init ] --END-- [ RunTime:0.000450s ]
INFO: [ app_begin ] --START--
INFO: Run Behavior\ReadHtmlCacheBehavior [ RunTime:0.000670s ]
INFO: [ app_begin ] --END-- [ RunTime:0.001135s ]
SQL: SHOW COLUMNS FROM `user` [ RunTime:0.0007s ]
SQL: SELECT * FROM `user` WHERE `id` = '57d10a4c9abbd' LIMIT 1   [ RunTime:0.0003s ]
SQL: SHOW COLUMNS FROM `game` [ RunTime:0.0008s ]
SQL: SELECT * FROM `game` WHERE `name` = 'PC28' AND `statu` = 2 ORDER BY issue desc LIMIT 1   [ RunTime:0.0006s ]
SQL: SELECT * FROM `game` WHERE `name` = 'PC28' AND `issue` = '787088' LIMIT 1   [ RunTime:0.0010s ]
SQL: SELECT * FROM `game` WHERE `name` = 'PC28' AND `issue` = 787087 LIMIT 1   [ RunTime:0.0005s ]
INFO: [ view_parse ] --START--
INFO: [ template_filter ] --START--
INFO: Run Behavior\ContentReplaceBehavior [ RunTime:0.000195s ]
INFO: [ template_filter ] --END-- [ RunTime:0.000334s ]
INFO: Run Behavior\ParseTemplateBehavior [ RunTime:0.065789s ]
INFO: [ view_parse ] --END-- [ RunTime:0.065941s ]
INFO: [ view_filter ] --START--
INFO: Run Behavior\WriteHtmlCacheBehavior [ RunTime:0.000284s ]
INFO: [ view_filter ] --END-- [ RunTime:0.000410s ]
INFO: [ app_end ] --START--
INFO: Run Behavior\ShowPageTraceBehavior [ RunTime:0.000871s ]
INFO: [ app_end ] --END-- [ RunTime:0.001137s ]

[ 2016-10-17T18:00:59+08:00 ] ::1 /waibao/index.php/Home/Guess/index/issue/787088.html
INFO: [ app_init ] --START--
INFO: Run Behavior\BuildLiteBehavior [ RunTime:0.000033s ]
INFO: [ app_init ] --END-- [ RunTime:0.000578s ]
INFO: [ app_begin ] --START--
INFO: Run Behavior\ReadHtmlCacheBehavior [ RunTime:0.000826s ]
INFO: [ app_begin ] --END-- [ RunTime:0.001046s ]
SQL: SHOW COLUMNS FROM `user` [ RunTime:0.0008s ]
SQL: SELECT * FROM `user` WHERE `id` = '57d10a4c9abbd' LIMIT 1   [ RunTime:0.0003s ]
SQL: SHOW COLUMNS FROM `game` [ RunTime:0.0008s ]
SQL: SELECT * FROM `game` WHERE `name` = 'PC28' AND `statu` = 2 ORDER BY issue desc LIMIT 1   [ RunTime:0.0007s ]
SQL: SELECT * FROM `game` WHERE `name` = 'PC28' AND `issue` = '787088' LIMIT 1   [ RunTime:0.0005s ]
SQL: SELECT * FROM `game` WHERE `name` = 'PC28' AND `issue` = 787087 LIMIT 1   [ RunTime:0.0003s ]
INFO: [ view_parse ] --START--
INFO: [ template_filter ] --START--
INFO: Run Behavior\ContentReplaceBehavior [ RunTime:0.000254s ]
INFO: [ template_filter ] --END-- [ RunTime:0.000402s ]
INFO: Run Behavior\ParseTemplateBehavior [ RunTime:0.072808s ]
INFO: [ view_parse ] --END-- [ RunTime:0.072959s ]
INFO: [ view_filter ] --START--
INFO: Run Behavior\WriteHtmlCacheBehavior [ RunTime:0.000356s ]
INFO: [ view_filter ] --END-- [ RunTime:0.000483s ]
INFO: [ app_end ] --START--
INFO: Run Behavior\ShowPageTraceBehavior [ RunTime:0.000891s ]
INFO: [ app_end ] --END-- [ RunTime:0.001157s ]

[ 2016-10-17T18:02:37+08:00 ] ::1 /waibao/index.php/Home/Guess/index/issue/787088.html
INFO: [ app_init ] --START--
INFO: Run Behavior\BuildLiteBehavior [ RunTime:0.000049s ]
INFO: [ app_init ] --END-- [ RunTime:0.000895s ]
INFO: [ app_begin ] --START--
INFO: Run Behavior\ReadHtmlCacheBehavior [ RunTime:0.001050s ]
INFO: [ app_begin ] --END-- [ RunTime:0.001370s ]
SQL: SHOW COLUMNS FROM `user` [ RunTime:0.0013s ]
SQL: SELECT * FROM `user` WHERE `id` = '57d10a4c9abbd' LIMIT 1   [ RunTime:0.0006s ]
SQL: SHOW COLUMNS FROM `game` [ RunTime:0.0014s ]
SQL: SELECT * FROM `game` WHERE `name` = 'PC28' AND `statu` = 2 ORDER BY issue desc LIMIT 1   [ RunTime:0.0009s ]
SQL: SELECT * FROM `game` WHERE `name` = 'PC28' AND `issue` = '787088' LIMIT 1   [ RunTime:0.0006s ]
SQL: SELECT * FROM `game` WHERE `name` = 'PC28' AND `issue` = 787087 LIMIT 1   [ RunTime:0.0005s ]
INFO: [ view_parse ] --START--
INFO: [ template_filter ] --START--
INFO: Run Behavior\ContentReplaceBehavior [ RunTime:0.000210s ]
INFO: [ template_filter ] --END-- [ RunTime:0.000378s ]
INFO: Run Behavior\ParseTemplateBehavior [ RunTime:0.185743s ]
INFO: [ view_parse ] --END-- [ RunTime:0.186019s ]
INFO: [ view_filter ] --START--
INFO: Run Behavior\WriteHtmlCacheBehavior [ RunTime:0.000671s ]
INFO: [ view_filter ] --END-- [ RunTime:0.000910s ]
INFO: [ app_end ] --START--
INFO: Run Behavior\ShowPageTraceBehavior [ RunTime:0.001841s ]
INFO: [ app_end ] --END-- [ RunTime:0.002555s ]

