[ 2016-10-25T10:21:41+08:00 ] ::1 /waibao/time.php
INFO: [ app_init ] --START--
INFO: Run Behavior\BuildLiteBehavior [ RunTime:0.000053s ]
INFO: [ app_init ] --END-- [ RunTime:0.000817s ]
ERR: 无法加载模块:Time

[ 2016-10-25T11:23:39+08:00 ] ::1 /waibao/Public/front/icon.png
INFO: [ app_init ] --START--
INFO: Run Behavior\BuildLiteBehavior [ RunTime:0.000053s ]
INFO: [ app_init ] --END-- [ RunTime:0.000756s ]
ERR: 无法加载模块:Public

[ 2016-10-25T11:23:41+08:00 ] ::1 /waibao/Public/front/icon.png
INFO: [ app_init ] --START--
INFO: Run Behavior\BuildLiteBehavior [ RunTime:0.000054s ]
INFO: [ app_init ] --END-- [ RunTime:0.000790s ]
ERR: 无法加载模块:Public

[ 2016-10-25T11:25:01+08:00 ] ::1 /waibao/Public/front/icon.png
INFO: [ app_init ] --START--
INFO: Run Behavior\BuildLiteBehavior [ RunTime:0.000054s ]
INFO: [ app_init ] --END-- [ RunTime:0.000774s ]
ERR: 无法加载模块:Public

[ 2016-10-25T11:25:01+08:00 ] ::1 /waibao/Public/front/fk28_icon.png
INFO: [ app_init ] --START--
INFO: Run Behavior\BuildLiteBehavior [ RunTime:0.000050s ]
INFO: [ app_init ] --END-- [ RunTime:0.000842s ]
ERR: 无法加载模块:Public

ic

[ 2016-10-25T11:25:01+08:00 ] ::1 /waibao/Public/front/fk36_icon.png
INFO: [ app_init ] --START--
INFO: Run Behavior\BuildLiteBehavior [ RunTime:0.000051s ]
INFO: [ app_init ] --END-- [ RunTime:0.000836s ]
ERR: 无法加载模块:Public

[ 2016-10-25T11:25:07+08:00 ] ::1 /waibao/Public/front/icon.png
INFO: [ app_init ] --START--
INFO: Run Behavior\BuildLiteBehavior [ RunTime:0.000048s ]
INFO: [ app_init ] --END-- [ RunTime:0.000719s ]
ERR: 无法加载模块:Public

[ 2016-10-25T11:25:07+08:00 ] ::1 /waibao/Public/front/fk28_icon.png?v=1.0
INFO: [ app_init ] --START--
INFO: Run Behavior\BuildLiteBehavior [ RunTime:0.000059s ]
INFO: [ app_init ] --END-- [ RunTime:0.000744s ]
ERR: 无法加载模块:Public

[ 2016-10-25T11:25:07+08:00 ] ::1 /waibao/Public/front/fk28_icon.png
INFO: [ app_init ] --START--
INFO: Run Behavior\BuildLiteBehavior [ RunTime:0.000053s ]
INFO: [ app_init ] --END-- [ RunTime:0.000915s ]
ERR: 无法加载模块:Public

[ 2016-10-25T11:25:07+08:00 ] ::1 /waibao/Public/front/fk36_icon.png
INFO: [ app_init ] --START--
INFO: Run Behavior\BuildLiteBehavior [ RunTime:0.000050s ]
INFO: [ app_init ] --END-- [ RunTime:0.000725s ]
ERR: 无法加载模块:Public

[ 2016-10-25T11:25:11+08:00 ] ::1 /waibao/Public/front/icon.png
INFO: [ app_init ] --START--
INFO: Run Behavior\BuildLiteBehavior [ RunTime:0.000054s ]
INFO: [ app_init ] --END-- [ RunTime:0.000861s ]
ERR: 无法加载模块:Public

[ 2016-10-25T11:26:01+08:00 ] ::1 /waibao/Public/front/icon.png
INFO: [ app_init ] --START--
INFO: Run Behavior\BuildLiteBehavior [ RunTime:0.000071s ]
INFO: [ app_init ] --END-- [ RunTime:0.001000s ]
ERR: 无法加载模块:Public

[ 2016-10-25T11:28:36+08:00 ] ::1 /waibao/Public/front/icon.png
INFO: [ app_init ] --START--
INFO: Run Behavior\BuildLiteBehavior [ RunTime:0.000056s ]
INFO: [ app_init ] --END-- [ RunTime:0.000773s ]
ERR: 无法加载模块:Public

[ 2016-10-25T11:28:36+08:00 ] ::1 /waibao/Public/front/fk36_icon.png
INFO: [ app_init ] --START--
INFO: Run Behavior\BuildLiteBehavior [ RunTime:0.000062s ]
INFO: [ app_init ] --END-- [ RunTime:0.000963s ]
ERR: 无法加载模块:Public

[ 2016-10-25T11:29:31+08:00 ] ::1 /waibao/Public/front/icon.png
INFO: [ app_init ] --START--
INFO: Run Behavior\BuildLiteBehavior [ RunTime:0.000061s ]
INFO: [ app_init ] --END-- [ RunTime:0.000745s ]
ERR: 无法加载模块:Public

[ 2016-10-25T11:29:31+08:00 ] ::1 /waibao/Public/front/fk36_icon.png
INFO: [ app_init ] --START--
INFO: Run Behavior\BuildLiteBehavior [ RunTime:0.000031s ]
INFO: [ app_init ] --END-- [ RunTime:0.000510s ]
ERR: 无法加载模块:Public

[ 2016-10-25T11:30:28+08:00 ] ::1 /waibao/Public/front/fk36_icon.png
INFO: [ app_init ] --START--
INFO: Run Behavior\BuildLiteBehavior [ RunTime:0.000041s ]
INFO: [ app_init ] --END-- [ RunTime:0.000648s ]
ERR: 无法加载模块:Public

[ 2016-10-25T11:31:01+08:00 ] ::1 /waibao/Public/front/icon.png
INFO: [ app_init ] --START--
INFO: Run Behavior\BuildLiteBehavior [ RunTime:0.000051s ]
INFO: [ app_init ] --END-- [ RunTime:0.000862s ]
ERR: 无法加载模块:Public

[ 2016-10-25T11:31:01+08:00 ] ::1 /waibao/Public/front/fk36_icon.png
INFO: [ app_init ] --START--
INFO: Run Behavior\BuildLiteBehavior [ RunTime:0.000056s ]
INFO: [ app_init ] --END-- [ RunTime:0.000947s ]
ERR: 无法加载模块:Public

[ 2016-10-25T11:32:19+08:00 ] ::1 /waibao/Public/front/icon.png
INFO: [ app_init ] --START--
INFO: Run Behavior\BuildLiteBehavior [ RunTime:0.000044s ]
INFO: [ app_init ] --END-- [ RunTime:0.000695s ]
ERR: 无法加载模块:Public

[ 2016-10-25T11:33:05+08:00 ] ::1 /waibao/Public/front/icon.png
INFO: [ app_init ] --START--
INFO: Run Behavior\BuildLiteBehavior [ RunTime:0.000053s ]
INFO: [ app_init ] --END-- [ RunTime:0.000671s ]
ERR: 无法加载模块:Public

[ 2016-10-25T11:34:47+08:00 ] ::1 /waibao/Public/front/icon.png
INFO: [ app_init ] --START--
INFO: Run Behavior\BuildLiteBehavior [ RunTime:0.000030s ]
INFO: [ app_init ] --END-- [ RunTime:0.000503s ]
ERR: 无法加载模块:Public

[ 2016-10-25T11:35:02+08:00 ] ::1 /waibao/Public/front/icon.png
INFO: [ app_init ] --START--
INFO: Run Behavior\BuildLiteBehavior [ RunTime:0.000033s ]
INFO: [ app_init ] --END-- [ RunTime:0.000523s ]
ERR: 无法加载模块:Public

[ 2016-10-25T11:37:02+08:00 ] ::1 /waibao/Public/front/icon.png
INFO: [ app_init ] --START--
INFO: Run Behavior\BuildLiteBehavior [ RunTime:0.000032s ]
INFO: [ app_init ] --END-- [ RunTime:0.000565s ]
ERR: 无法加载模块:Public

[ 2016-10-25T11:38:12+08:00 ] ::1 /waibao/Public/front/icon.png
INFO: [ app_init ] --START--
INFO: Run Behavior\BuildLiteBehavior [ RunTime:0.000054s ]
INFO: [ app_init ] --END-- [ RunTime:0.000775s ]
ERR: 无法加载模块:Public

[ 2016-10-25T11:38:20+08:00 ] ::1 /waibao/Public/front/icon.png
INFO: [ app_init ] --START--
INFO: Run Behavior\BuildLiteBehavior [ RunTime:0.000052s ]
INFO: [ app_init ] --END-- [ RunTime:0.000791s ]
ERR: 无法加载模块:Public

[ 2016-10-25T11:38:24+08:00 ] ::1 /waibao/Public/front/icon.png
INFO: [ app_init ] --START--
INFO: Run Behavior\BuildLiteBehavior [ RunTime:0.000053s ]
INFO: [ app_init ] --END-- [ RunTime:0.000737s ]
ERR: 无法加载模块:Public

[ 2016-10-25T11:39:31+08:00 ] ::1 /waibao/Public/front/icon.png
INFO: [ app_init ] --START--
INFO: Run Behavior\BuildLiteBehavior [ RunTime:0.000044s ]
INFO: [ app_init ] --END-- [ RunTime:0.000509s ]
ERR: 无法加载模块:Public

[ 2016-10-25T11:39:34+08:00 ] ::1 /waibao/Public/front/icon.png
INFO: [ app_init ] --START--
INFO: Run Behavior\BuildLiteBehavior [ RunTime:0.000032s ]
INFO: [ app_init ] --END-- [ RunTime:0.000527s ]
ERR: 无法加载模块:Public

[ 2016-10-25T11:39:38+08:00 ] ::1 /waibao/Public/front/icon.png
INFO: [ app_init ] --START--
INFO: Run Behavior\BuildLiteBehavior [ RunTime:0.000034s ]
INFO: [ app_init ] --END-- [ RunTime:0.000790s ]
ERR: 无法加载模块:Public

[ 2016-10-25T11:39:42+08:00 ] ::1 /waibao/Public/front/icon.png
INFO: [ app_init ] --START--
INFO: Run Behavior\BuildLiteBehavior [ RunTime:0.000054s ]
INFO: [ app_init ] --END-- [ RunTime:0.000525s ]
ERR: 无法加载模块:Public

[ 2016-10-25T11:40:03+08:00 ] ::1 /waibao/Public/front/icon.png
INFO: [ app_init ] --START--
INFO: Run Behavior\BuildLiteBehavior [ RunTime:0.000030s ]
INFO: [ app_init ] --END-- [ RunTime:0.000502s ]
ERR: 无法加载模块:Public

[ 2016-10-25T11:40:14+08:00 ] ::1 /waibao/Public/front/icon.png
INFO: [ app_init ] --START--
INFO: Run Behavior\BuildLiteBehavior [ RunTime:0.000030s ]
INFO: [ app_init ] --END-- [ RunTime:0.000492s ]
ERR: 无法加载模块:Public

[ 2016-10-25T11:40:49+08:00 ] ::1 /waibao/Public/front/icon.png
INFO: [ app_init ] --START--
INFO: Run Behavior\BuildLiteBehavior [ RunTime:0.000034s ]
INFO: [ app_init ] --END-- [ RunTime:0.000562s ]
ERR: 无法加载模块:Public

[ 2016-10-25T11:40:51+08:00 ] ::1 /waibao/Public/front/icon.png
INFO: [ app_init ] --START--
INFO: Run Behavior\BuildLiteBehavior [ RunTime:0.000050s ]
INFO: [ app_init ] --END-- [ RunTime:0.000736s ]
ERR: 无法加载模块:Public

[ 2016-10-25T11:41:01+08:00 ] ::1 /waibao/Public/front/icon.png
INFO: [ app_init ] --START--
INFO: Run Behavior\BuildLiteBehavior [ RunTime:0.000033s ]
INFO: [ app_init ] --END-- [ RunTime:0.000569s ]
ERR: 无法加载模块:Public

[ 2016-10-25T11:41:05+08:00 ] ::1 /waibao/Public/front/icon.png
INFO: [ app_init ] --START--
INFO: Run Behavior\BuildLiteBehavior [ RunTime:0.000053s ]
INFO: [ app_init ] --END-- [ RunTime:0.000897s ]
ERR: 无法加载模块:Public

[ 2016-10-25T11:41:06+08:00 ] ::1 /waibao/Public/front/icon.png
INFO: [ app_init ] --START--
INFO: Run Behavior\BuildLiteBehavior [ RunTime:0.000049s ]
INFO: [ app_init ] --END-- [ RunTime:0.000747s ]
ERR: 无法加载模块:Public

[ 2016-10-25T11:41:53+08:00 ] ::1 /waibao/Public/front/icon.png
INFO: [ app_init ] --START--
INFO: Run Behavior\BuildLiteBehavior [ RunTime:0.000031s ]
INFO: [ app_init ] --END-- [ RunTime:0.000488s ]
ERR: 无法加载模块:Public

[ 2016-10-25T11:41:56+08:00 ] ::1 /waibao/Public/front/icon.png
INFO: [ app_init ] --START--
INFO: Run Behavior\BuildLiteBehavior [ RunTime:0.000057s ]
INFO: [ app_init ] --END-- [ RunTime:0.000783s ]
ERR: 无法加载模块:Public

[ 2016-10-25T11:41:59+08:00 ] ::1 /waibao/Public/front/icon.png
INFO: [ app_init ] --START--
INFO: Run Behavior\BuildLiteBehavior [ RunTime:0.000054s ]
INFO: [ app_init ] --END-- [ RunTime:0.000805s ]
ERR: 无法加载模块:Public

[ 2016-10-25T11:42:01+08:00 ] ::1 /waibao/Public/front/icon.png
INFO: [ app_init ] --START--
INFO: Run Behavior\BuildLiteBehavior [ RunTime:0.000032s ]
INFO: [ app_init ] --END-- [ RunTime:0.000561s ]
ERR: 无法加载模块:Public

[ 2016-10-25T11:42:04+08:00 ] ::1 /waibao/Public/front/icon.png
INFO: [ app_init ] --START--
INFO: Run Behavior\BuildLiteBehavior [ RunTime:0.000031s ]
INFO: [ app_init ] --END-- [ RunTime:0.000516s ]
ERR: 无法加载模块:Public

[ 2016-10-25T11:42:05+08:00 ] ::1 /waibao/Public/front/icon.png
INFO: [ app_init ] --START--
INFO: Run Behavior\BuildLiteBehavior [ RunTime:0.000051s ]
INFO: [ app_init ] --END-- [ RunTime:0.000757s ]
ERR: 无法加载模块:Public

[ 2016-10-25T11:42:09+08:00 ] ::1 /waibao/Public/front/icon.png
INFO: [ app_init ] --START--
INFO: Run Behavior\BuildLiteBehavior [ RunTime:0.000044s ]
INFO: [ app_init ] --END-- [ RunTime:0.000782s ]
ERR: 无法加载模块:Public

[ 2016-10-25T11:42:11+08:00 ] ::1 /waibao/Public/front/icon.png
INFO: [ app_init ] --START--
INFO: Run Behavior\BuildLiteBehavior [ RunTime:0.000049s ]
INFO: [ app_init ] --END-- [ RunTime:0.000753s ]
ERR: 无法加载模块:Public

[ 2016-10-25T11:42:13+08:00 ] ::1 /waibao/Public/front/icon.png
INFO: [ app_init ] --START--
INFO: Run Behavior\BuildLiteBehavior [ RunTime:0.000042s ]
INFO: [ app_init ] --END-- [ RunTime:0.000527s ]
ERR: 无法加载模块:Public

[ 2016-10-25T11:42:16+08:00 ] ::1 /waibao/Public/front/icon.png
INFO: [ app_init ] --START--
INFO: Run Behavior\BuildLiteBehavior [ RunTime:0.000064s ]
INFO: [ app_init ] --END-- [ RunTime:0.000861s ]
ERR: 无法加载模块:Public

[ 2016-10-25T11:42:21+08:00 ] ::1 /waibao/Public/front/icon.png
INFO: [ app_init ] --START--
INFO: Run Behavior\BuildLiteBehavior [ RunTime:0.000036s ]
INFO: [ app_init ] --END-- [ RunTime:0.000602s ]
ERR: 无法加载模块:Public

[ 2016-10-25T11:42:32+08:00 ] ::1 /waibao/Public/front/icon.png
INFO: [ app_init ] --START--
INFO: Run Behavior\BuildLiteBehavior [ RunTime:0.000031s ]
INFO: [ app_init ] --END-- [ RunTime:0.000553s ]
ERR: 无法加载模块:Public

[ 2016-10-25T11:44:31+08:00 ] ::1 /waibao/Public/front/icon.png
INFO: [ app_init ] --START--
INFO: Run Behavior\BuildLiteBehavior [ RunTime:0.000040s ]
INFO: [ app_init ] --END-- [ RunTime:0.000671s ]
ERR: 无法加载模块:Public

[ 2016-10-25T11:46:01+08:00 ] ::1 /waibao/Public/front/icon.png
INFO: [ app_init ] --START--
INFO: Run Behavior\BuildLiteBehavior [ RunTime:0.000051s ]
INFO: [ app_init ] --END-- [ RunTime:0.000774s ]
ERR: 无法加载模块:Public

[ 2016-10-25T11:47:00+08:00 ] ::1 /waibao/Public/front/icon.png
INFO: [ app_init ] --START--
INFO: Run Behavior\BuildLiteBehavior [ RunTime:0.000051s ]
INFO: [ app_init ] --END-- [ RunTime:0.000753s ]
ERR: 无法加载模块:Public

[ 2016-10-25T11:47:00+08:00 ] ::1 /waibao/Public/front/touzhu_multip_bg.png
INFO: [ app_init ] --START--
INFO: Run Behavior\BuildLiteBehavior [ RunTime:0.000052s ]
INFO: [ app_init ] --END-- [ RunTime:0.000823s ]
ERR: 无法加载模块:Public

[ 2016-10-25T11:47:00+08:00 ] ::1 /waibao/Public/img/touzhu_num_bg.png
INFO: [ app_init ] --START--
INFO: Run Behavior\BuildLiteBehavior [ RunTime:0.000053s ]
INFO: [ app_init ] --END-- [ RunTime:0.000873s ]
ERR: 无法加载模块:Public

[ 2016-10-25T11:47:03+08:00 ] ::1 /waibao/Public/img/touzhu_num_bg.png
INFO: [ app_init ] --START--
INFO: Run Behavior\BuildLiteBehavior [ RunTime:0.000051s ]
INFO: [ app_init ] --END-- [ RunTime:0.000739s ]
ERR: 无法加载模块:Public

[ 2016-10-25T11:47:03+08:00 ] ::1 /waibao/Public/front/icon.png
INFO: [ app_init ] --START--
INFO: Run Behavior\BuildLiteBehavior [ RunTime:0.000050s ]
INFO: [ app_init ] --END-- [ RunTime:0.000757s ]
ERR: 无法加载模块:Public

[ 2016-10-25T11:47:03+08:00 ] ::1 /waibao/Public/front/touzhu_multip_bg.png
INFO: [ app_init ] --START--
INFO: Run Behavior\BuildLiteBehavior [ RunTime:0.000051s ]
INFO: [ app_init ] --END-- [ RunTime:0.000773s ]
ERR: 无法加载模块:Public

[ 2016-10-25T11:47:22+08:00 ] ::1 /waibao/Public/img/touzhu_num_bg.png
INFO: [ app_init ] --START--
INFO: Run Behavior\BuildLiteBehavior [ RunTime:0.000050s ]
INFO: [ app_init ] --END-- [ RunTime:0.000754s ]
ERR: 无法加载模块:Public

[ 2016-10-25T11:48:20+08:00 ] ::1 /waibao/Public/front/icon.png
INFO: [ app_init ] --START--
INFO: Run Behavior\BuildLiteBehavior [ RunTime:0.000053s ]
INFO: [ app_init ] --END-- [ RunTime:0.000823s ]
ERR: 无法加载模块:Public

[ 2016-10-25T11:48:20+08:00 ] ::1 /waibao/Public/front/touzhu_multip_bg.png
INFO: [ app_init ] --START--
INFO: Run Behavior\BuildLiteBehavior [ RunTime:0.000051s ]
INFO: [ app_init ] --END-- [ RunTime:0.000781s ]
ERR: 无法加载模块:Public

[ 2016-10-25T11:48:32+08:00 ] ::1 /waibao/Public/front/icon.png
INFO: [ app_init ] --START--
INFO: Run Behavior\BuildLiteBehavior [ RunTime:0.000051s ]
INFO: [ app_init ] --END-- [ RunTime:0.000754s ]
ERR: 无法加载模块:Public

[ 2016-10-25T11:48:32+08:00 ] ::1 /waibao/Public/front/touzhu_multip_bg.png
INFO: [ app_init ] --START--
INFO: Run Behavior\BuildLiteBehavior [ RunTime:0.000068s ]
INFO: [ app_init ] --END-- [ RunTime:0.000797s ]
ERR: 无法加载模块:Public

[ 2016-10-25T11:49:22+08:00 ] ::1 /waibao/Public/front/icon.png
INFO: [ app_init ] --START--
INFO: Run Behavior\BuildLiteBehavior [ RunTime:0.000030s ]
INFO: [ app_init ] --END-- [ RunTime:0.000488s ]
ERR: 无法加载模块:Public

[ 2016-10-25T11:49:24+08:00 ] ::1 /waibao/Public/front/icon.png
INFO: [ app_init ] --START--
INFO: Run Behavior\BuildLiteBehavior [ RunTime:0.000054s ]
INFO: [ app_init ] --END-- [ RunTime:0.000732s ]
ERR: 无法加载模块:Public

[ 2016-10-25T11:49:24+08:00 ] ::1 /waibao/Public/front/touzhu_multip_bg.png
INFO: [ app_init ] --START--
INFO: Run Behavior\BuildLiteBehavior [ RunTime:0.000051s ]
INFO: [ app_init ] --END-- [ RunTime:0.000746s ]
ERR: 无法加载模块:Public

[ 2016-10-25T11:49:31+08:00 ] ::1 /waibao/Public/front/close_fc.png
INFO: [ app_init ] --START--
INFO: Run Behavior\BuildLiteBehavior [ RunTime:0.000029s ]
INFO: [ app_init ] --END-- [ RunTime:0.000455s ]
ERR: 无法加载模块:Public

[ 2016-10-25T11:49:33+08:00 ] ::1 /waibao/Public/front/icon.png
INFO: [ app_init ] --START--
INFO: Run Behavior\BuildLiteBehavior [ RunTime:0.000066s ]
INFO: [ app_init ] --END-- [ RunTime:0.000794s ]
ERR: 无法加载模块:Public

[ 2016-10-25T11:49:37+08:00 ] ::1 /waibao/Public/front/icon.png
INFO: [ app_init ] --START--
INFO: Run Behavior\BuildLiteBehavior [ RunTime:0.000030s ]
INFO: [ app_init ] --END-- [ RunTime:0.000485s ]
ERR: 无法加载模块:Public

[ 2016-10-25T11:49:39+08:00 ] ::1 /waibao/Public/front/icon.png
INFO: [ app_init ] --START--
INFO: Run Behavior\BuildLiteBehavior [ RunTime:0.000051s ]
INFO: [ app_init ] --END-- [ RunTime:0.000747s ]
ERR: 无法加载模块:Public

[ 2016-10-25T11:50:01+08:00 ] ::1 /waibao/Public/front/icon.png
INFO: [ app_init ] --START--
INFO: Run Behavior\BuildLiteBehavior [ RunTime:0.000053s ]
INFO: [ app_init ] --END-- [ RunTime:0.000787s ]
ERR: 无法加载模块:Public

[ 2016-10-25T11:52:01+08:00 ] ::1 /waibao/Public/front/icon.png
INFO: [ app_init ] --START--
INFO: Run Behavior\BuildLiteBehavior [ RunTime:0.000034s ]
INFO: [ app_init ] --END-- [ RunTime:0.000697s ]
ERR: 无法加载模块:Public

[ 2016-10-25T11:53:30+08:00 ] ::1 /waibao/Public/front/icon.png
INFO: [ app_init ] --START--
INFO: Run Behavior\BuildLiteBehavior [ RunTime:0.000052s ]
INFO: [ app_init ] --END-- [ RunTime:0.000816s ]
ERR: 无法加载模块:Public

[ 2016-10-25T11:53:36+08:00 ] ::1 /waibao/Public/front/icon.png
INFO: [ app_init ] --START--
INFO: Run Behavior\BuildLiteBehavior [ RunTime:0.000050s ]
INFO: [ app_init ] --END-- [ RunTime:0.000751s ]
ERR: 无法加载模块:Public

[ 2016-10-25T11:53:41+08:00 ] ::1 /waibao/Public/front/icon.png
INFO: [ app_init ] --START--
INFO: Run Behavior\BuildLiteBehavior [ RunTime:0.000034s ]
INFO: [ app_init ] --END-- [ RunTime:0.000554s ]
ERR: 无法加载模块:Public

[ 2016-10-25T11:53:46+08:00 ] ::1 /waibao/Public/front/icon.png
INFO: [ app_init ] --START--
INFO: Run Behavior\BuildLiteBehavior [ RunTime:0.000030s ]
INFO: [ app_init ] --END-- [ RunTime:0.000473s ]
ERR: 无法加载模块:Public

[ 2016-10-25T11:53:52+08:00 ] ::1 /waibao/Public/front/icon.png
INFO: [ app_init ] --START--
INFO: Run Behavior\BuildLiteBehavior [ RunTime:0.000031s ]
INFO: [ app_init ] --END-- [ RunTime:0.000472s ]
ERR: 无法加载模块:Public

[ 2016-10-25T11:53:57+08:00 ] ::1 /waibao/Public/front/icon.png
INFO: [ app_init ] --START--
INFO: Run Behavior\BuildLiteBehavior [ RunTime:0.000061s ]
INFO: [ app_init ] --END-- [ RunTime:0.000838s ]
ERR: 无法加载模块:Public

[ 2016-10-25T11:54:02+08:00 ] ::1 /waibao/Public/front/icon.png
INFO: [ app_init ] --START--
INFO: Run Behavior\BuildLiteBehavior [ RunTime:0.000055s ]
INFO: [ app_init ] --END-- [ RunTime:0.000816s ]
ERR: 无法加载模块:Public

[ 2016-10-25T11:54:15+08:00 ] ::1 /waibao/Public/front/icon.png
INFO: [ app_init ] --START--
INFO: Run Behavior\BuildLiteBehavior [ RunTime:0.000050s ]
INFO: [ app_init ] --END-- [ RunTime:0.000729s ]
ERR: 无法加载模块:Public

[ 2016-10-25T11:54:15+08:00 ] ::1 /waibao/Public/front/touzhu_multip_bg.png
INFO: [ app_init ] --START--
INFO: Run Behavior\BuildLiteBehavior [ RunTime:0.000051s ]
INFO: [ app_init ] --END-- [ RunTime:0.000725s ]
ERR: 无法加载模块:Public

[ 2016-10-25T11:54:19+08:00 ] ::1 /waibao/Public/front/close_fc.png
INFO: [ app_init ] --START--
INFO: Run Behavior\BuildLiteBehavior [ RunTime:0.000058s ]
INFO: [ app_init ] --END-- [ RunTime:0.000771s ]
ERR: 无法加载模块:Public

[ 2016-10-25T11:54:21+08:00 ] ::1 /waibao/Public/front/icon.png
INFO: [ app_init ] --START--
INFO: Run Behavior\BuildLiteBehavior [ RunTime:0.000055s ]
INFO: [ app_init ] --END-- [ RunTime:0.000791s ]
ERR: 无法加载模块:Public

[ 2016-10-25T11:54:31+08:00 ] ::1 /waibao/Public/front/icon.png
INFO: [ app_init ] --START--
INFO: Run Behavior\BuildLiteBehavior [ RunTime:0.000056s ]
INFO: [ app_init ] --END-- [ RunTime:0.000831s ]
ERR: 无法加载模块:Public

[ 2016-10-25T11:56:31+08:00 ] ::1 /waibao/Public/front/icon.png
INFO: [ app_init ] --START--
INFO: Run Behavior\BuildLiteBehavior [ RunTime:0.000056s ]
INFO: [ app_init ] --END-- [ RunTime:0.000874s ]
ERR: 无法加载模块:Public

[ 2016-10-25T11:56:37+08:00 ] ::1 /waibao/Public/front/icon.png
INFO: [ app_init ] --START--
INFO: Run Behavior\BuildLiteBehavior [ RunTime:0.000030s ]
INFO: [ app_init ] --END-- [ RunTime:0.000466s ]
ERR: 无法加载模块:Public

[ 2016-10-25T11:57:13+08:00 ] ::1 /waibao/Public/front/icon.png
INFO: [ app_init ] --START--
INFO: Run Behavior\BuildLiteBehavior [ RunTime:0.000033s ]
INFO: [ app_init ] --END-- [ RunTime:0.000628s ]
ERR: 无法加载模块:Public

[ 2016-10-25T11:57:14+08:00 ] ::1 /waibao/Public/front/icon.png
INFO: [ app_init ] --START--
INFO: Run Behavior\BuildLiteBehavior [ RunTime:0.000053s ]
INFO: [ app_init ] --END-- [ RunTime:0.000798s ]
ERR: 无法加载模块:Public

[ 2016-10-25T11:57:17+08:00 ] ::1 /waibao/Public/front/icon.png
INFO: [ app_init ] --START--
INFO: Run Behavior\BuildLiteBehavior [ RunTime:0.000053s ]
INFO: [ app_init ] --END-- [ RunTime:0.000865s ]
ERR: 无法加载模块:Public

[ 2016-10-25T11:57:18+08:00 ] ::1 /waibao/Public/front/icon.png
INFO: [ app_init ] --START--
INFO: Run Behavior\BuildLiteBehavior [ RunTime:0.000050s ]
INFO: [ app_init ] --END-- [ RunTime:0.000762s ]
ERR: 无法加载模块:Public

[ 2016-10-25T11:57:18+08:00 ] ::1 /waibao/Public/front/touzhu_multip_bg.png
INFO: [ app_init ] --START--
INFO: Run Behavior\BuildLiteBehavior [ RunTime:0.000054s ]
INFO: [ app_init ] --END-- [ RunTime:0.000847s ]
ERR: 无法加载模块:Public

[ 2016-10-25T11:57:22+08:00 ] ::1 /waibao/Public/front/icon.png
INFO: [ app_init ] --START--
INFO: Run Behavior\BuildLiteBehavior [ RunTime:0.000050s ]
INFO: [ app_init ] --END-- [ RunTime:0.000799s ]
ERR: 无法加载模块:Public

[ 2016-10-25T11:57:25+08:00 ] ::1 /waibao/Public/front/icon.png
INFO: [ app_init ] --START--
INFO: Run Behavior\BuildLiteBehavior [ RunTime:0.000031s ]
INFO: [ app_init ] --END-- [ RunTime:0.000482s ]
ERR: 无法加载模块:Public

[ 2016-10-25T11:57:32+08:00 ] ::1 /waibao/Public/front/icon.png
INFO: [ app_init ] --START--
INFO: Run Behavior\BuildLiteBehavior [ RunTime:0.000031s ]
INFO: [ app_init ] --END-- [ RunTime:0.000476s ]
ERR: 无法加载模块:Public

[ 2016-10-25T11:59:30+08:00 ] ::1 /waibao/Public/front/icon.png
INFO: [ app_init ] --START--
INFO: Run Behavior\BuildLiteBehavior [ RunTime:0.000052s ]
INFO: [ app_init ] --END-- [ RunTime:0.000787s ]
ERR: 无法加载模块:Public

[ 2016-10-25T12:01:01+08:00 ] ::1 /waibao/Public/front/icon.png
INFO: [ app_init ] --START--
INFO: Run Behavior\BuildLiteBehavior [ RunTime:0.000052s ]
INFO: [ app_init ] --END-- [ RunTime:0.000755s ]
ERR: 无法加载模块:Public

[ 2016-10-25T12:02:31+08:00 ] ::1 /waibao/Public/front/icon.png
INFO: [ app_init ] --START--
INFO: Run Behavior\BuildLiteBehavior [ RunTime:0.000035s ]
INFO: [ app_init ] --END-- [ RunTime:0.000551s ]
ERR: 无法加载模块:Public

[ 2016-10-25T12:04:00+08:00 ] ::1 /waibao/Public/front/icon.png
INFO: [ app_init ] --START--
INFO: Run Behavior\BuildLiteBehavior [ RunTime:0.000032s ]
INFO: [ app_init ] --END-- [ RunTime:0.000553s ]
ERR: 无法加载模块:Public

[ 2016-10-25T12:05:31+08:00 ] ::1 /waibao/Public/front/icon.png
INFO: [ app_init ] --START--
INFO: Run Behavior\BuildLiteBehavior [ RunTime:0.000049s ]
INFO: [ app_init ] --END-- [ RunTime:0.000753s ]
ERR: 无法加载模块:Public

[ 2016-10-25T12:07:01+08:00 ] ::1 /waibao/Public/front/icon.png
INFO: [ app_init ] --START--
INFO: Run Behavior\BuildLiteBehavior [ RunTime:0.000057s ]
INFO: [ app_init ] --END-- [ RunTime:0.000811s ]
ERR: 无法加载模块:Public

[ 2016-10-25T12:08:31+08:00 ] ::1 /waibao/Public/front/icon.png
INFO: [ app_init ] --START--
INFO: Run Behavior\BuildLiteBehavior [ RunTime:0.000030s ]
INFO: [ app_init ] --END-- [ RunTime:0.000662s ]
ERR: 无法加载模块:Public

[ 2016-10-25T12:10:01+08:00 ] ::1 /waibao/Public/front/icon.png
INFO: [ app_init ] --START--
INFO: Run Behavior\BuildLiteBehavior [ RunTime:0.000056s ]
INFO: [ app_init ] --END-- [ RunTime:0.000777s ]
ERR: 无法加载模块:Public

[ 2016-10-25T12:11:30+08:00 ] ::1 /waibao/Public/front/icon.png
INFO: [ app_init ] --START--
INFO: Run Behavior\BuildLiteBehavior [ RunTime:0.000030s ]
INFO: [ app_init ] --END-- [ RunTime:0.000533s ]
ERR: 无法加载模块:Public

[ 2016-10-25T12:13:01+08:00 ] ::1 /waibao/Public/front/icon.png
INFO: [ app_init ] --START--
INFO: Run Behavior\BuildLiteBehavior [ RunTime:0.000032s ]
INFO: [ app_init ] --END-- [ RunTime:0.000579s ]
ERR: 无法加载模块:Public

[ 2016-10-25T12:14:31+08:00 ] ::1 /waibao/Public/front/icon.png
INFO: [ app_init ] --START--
INFO: Run Behavior\BuildLiteBehavior [ RunTime:0.000031s ]
INFO: [ app_init ] --END-- [ RunTime:0.000569s ]
ERR: 无法加载模块:Public

[ 2016-10-25T12:16:01+08:00 ] ::1 /waibao/Public/front/icon.png
INFO: [ app_init ] --START--
INFO: Run Behavior\BuildLiteBehavior [ RunTime:0.000032s ]
INFO: [ app_init ] --END-- [ RunTime:0.000500s ]
ERR: 无法加载模块:Public

[ 2016-10-25T12:17:31+08:00 ] ::1 /waibao/Public/front/icon.png
INFO: [ app_init ] --START--
INFO: Run Behavior\BuildLiteBehavior [ RunTime:0.000050s ]
INFO: [ app_init ] --END-- [ RunTime:0.000736s ]
ERR: 无法加载模块:Public

[ 2016-10-25T12:19:01+08:00 ] ::1 /waibao/Public/front/icon.png
INFO: [ app_init ] --START--
INFO: Run Behavior\BuildLiteBehavior [ RunTime:0.000033s ]
INFO: [ app_init ] --END-- [ RunTime:0.000564s ]
ERR: 无法加载模块:Public

[ 2016-10-25T12:20:31+08:00 ] ::1 /waibao/Public/front/icon.png
INFO: [ app_init ] --START--
INFO: Run Behavior\BuildLiteBehavior [ RunTime:0.000050s ]
INFO: [ app_init ] --END-- [ RunTime:0.000653s ]
ERR: 无法加载模块:Public

[ 2016-10-25T12:22:00+08:00 ] ::1 /waibao/Public/front/icon.png
INFO: [ app_init ] --START--
INFO: Run Behavior\BuildLiteBehavior [ RunTime:0.000064s ]
INFO: [ app_init ] --END-- [ RunTime:0.000789s ]
ERR: 无法加载模块:Public

[ 2016-10-25T12:23:31+08:00 ] ::1 /waibao/Public/front/icon.png
INFO: [ app_init ] --START--
INFO: Run Behavior\BuildLiteBehavior [ RunTime:0.000030s ]
INFO: [ app_init ] --END-- [ RunTime:0.000470s ]
ERR: 无法加载模块:Public

[ 2016-10-25T12:25:01+08:00 ] ::1 /waibao/Public/front/icon.png
INFO: [ app_init ] --START--
INFO: Run Behavior\BuildLiteBehavior [ RunTime:0.000031s ]
INFO: [ app_init ] --END-- [ RunTime:0.000494s ]
ERR: 无法加载模块:Public

[ 2016-10-25T12:26:30+08:00 ] ::1 /waibao/Public/front/icon.png
INFO: [ app_init ] --START--
INFO: Run Behavior\BuildLiteBehavior [ RunTime:0.000037s ]
INFO: [ app_init ] --END-- [ RunTime:0.000497s ]
ERR: 无法加载模块:Public

[ 2016-10-25T12:31:33+08:00 ] ::1 /waibao/Public/front/icon.png
INFO: [ app_init ] --START--
INFO: Run Behavior\BuildLiteBehavior [ RunTime:0.000054s ]
INFO: [ app_init ] --END-- [ RunTime:0.000811s ]
ERR: 无法加载模块:Public

[ 2016-10-25T12:31:38+08:00 ] ::1 /waibao/Public/front/icon.png
INFO: [ app_init ] --START--
INFO: Run Behavior\BuildLiteBehavior [ RunTime:0.000038s ]
INFO: [ app_init ] --END-- [ RunTime:0.000499s ]
ERR: 无法加载模块:Public

[ 2016-10-25T12:31:44+08:00 ] ::1 /waibao/Public/front/icon.png
INFO: [ app_init ] --START--
INFO: Run Behavior\BuildLiteBehavior [ RunTime:0.000036s ]
INFO: [ app_init ] --END-- [ RunTime:0.000562s ]
ERR: 无法加载模块:Public

[ 2016-10-25T12:31:56+08:00 ] ::1 /waibao/Public/front/icon.png
INFO: [ app_init ] --START--
INFO: Run Behavior\BuildLiteBehavior [ RunTime:0.000031s ]
INFO: [ app_init ] --END-- [ RunTime:0.000525s ]
ERR: 无法加载模块:Public

[ 2016-10-25T12:32:01+08:00 ] ::1 /waibao/Public/front/icon.png
INFO: [ app_init ] --START--
INFO: Run Behavior\BuildLiteBehavior [ RunTime:0.000052s ]
INFO: [ app_init ] --END-- [ RunTime:0.000740s ]
ERR: 无法加载模块:Public

[ 2016-10-25T12:32:25+08:00 ] ::1 /waibao/Public/front/icon.png
INFO: [ app_init ] --START--
INFO: Run Behavior\BuildLiteBehavior [ RunTime:0.000037s ]
INFO: [ app_init ] --END-- [ RunTime:0.000585s ]
ERR: 无法加载模块:Public

[ 2016-10-25T12:34:01+08:00 ] ::1 /waibao/Public/front/icon.png
INFO: [ app_init ] --START--
INFO: Run Behavior\BuildLiteBehavior [ RunTime:0.000029s ]
INFO: [ app_init ] --END-- [ RunTime:0.000468s ]
ERR: 无法加载模块:Public

[ 2016-10-25T12:35:32+08:00 ] ::1 /waibao/Public/front/icon.png
INFO: [ app_init ] --START--
INFO: Run Behavior\BuildLiteBehavior [ RunTime:0.000032s ]
INFO: [ app_init ] --END-- [ RunTime:0.000509s ]
ERR: 无法加载模块:Public

[ 2016-10-25T12:37:02+08:00 ] ::1 /waibao/Public/front/icon.png
INFO: [ app_init ] --START--
INFO: Run Behavior\BuildLiteBehavior [ RunTime:0.000031s ]
INFO: [ app_init ] --END-- [ RunTime:0.000528s ]
ERR: 无法加载模块:Public

[ 2016-10-25T12:38:32+08:00 ] ::1 /waibao/Public/front/icon.png
INFO: [ app_init ] --START--
INFO: Run Behavior\BuildLiteBehavior [ RunTime:0.000030s ]
INFO: [ app_init ] --END-- [ RunTime:0.000598s ]
ERR: 无法加载模块:Public

[ 2016-10-25T12:42:41+08:00 ] ::1 /waibao/Public/front/icon.png
INFO: [ app_init ] --START--
INFO: Run Behavior\BuildLiteBehavior [ RunTime:0.000030s ]
INFO: [ app_init ] --END-- [ RunTime:0.000459s ]
ERR: 无法加载模块:Public

[ 2016-10-25T12:44:32+08:00 ] ::1 /waibao/Public/front/icon.png
INFO: [ app_init ] --START--
INFO: Run Behavior\BuildLiteBehavior [ RunTime:0.000051s ]
INFO: [ app_init ] --END-- [ RunTime:0.000809s ]
ERR: 无法加载模块:Public

[ 2016-10-25T12:46:02+08:00 ] ::1 /waibao/Public/front/icon.png
INFO: [ app_init ] --START--
INFO: Run Behavior\BuildLiteBehavior [ RunTime:0.000054s ]
INFO: [ app_init ] --END-- [ RunTime:0.000714s ]
ERR: 无法加载模块:Public

[ 2016-10-25T13:39:00+08:00 ] ::1 /waibao/Public/front/icon.png
INFO: [ app_init ] --START--
INFO: Run Behavior\BuildLiteBehavior [ RunTime:0.000035s ]
INFO: [ app_init ] --END-- [ RunTime:0.000525s ]
ERR: 无法加载模块:Public

[ 2016-10-25T13:40:02+08:00 ] ::1 /waibao/Public/front/icon.png
INFO: [ app_init ] --START--
INFO: Run Behavior\BuildLiteBehavior [ RunTime:0.000052s ]
INFO: [ app_init ] --END-- [ RunTime:0.000746s ]
ERR: 无法加载模块:Public

[ 2016-10-25T13:41:32+08:00 ] ::1 /waibao/Public/front/icon.png
INFO: [ app_init ] --START--
INFO: Run Behavior\BuildLiteBehavior [ RunTime:0.000030s ]
INFO: [ app_init ] --END-- [ RunTime:0.000517s ]
ERR: 无法加载模块:Public

[ 2016-10-25T13:43:02+08:00 ] ::1 /waibao/Public/front/icon.png
INFO: [ app_init ] --START--
INFO: Run Behavior\BuildLiteBehavior [ RunTime:0.000050s ]
INFO: [ app_init ] --END-- [ RunTime:0.000755s ]
ERR: 无法加载模块:Public

[ 2016-10-25T13:44:32+08:00 ] ::1 /waibao/Public/front/icon.png
INFO: [ app_init ] --START--
INFO: Run Behavior\BuildLiteBehavior [ RunTime:0.000052s ]
INFO: [ app_init ] --END-- [ RunTime:0.000802s ]
ERR: 无法加载模块:Public

[ 2016-10-25T13:45:01+08:00 ] ::1 /waibao/Public/css/manager/layout.css
INFO: [ app_init ] --START--
INFO: Run Behavior\BuildLiteBehavior [ RunTime:0.000053s ]
INFO: [ app_init ] --END-- [ RunTime:0.000771s ]
ERR: 无法加载模块:Public

[ 2016-10-25T13:45:01+08:00 ] ::1 /waibao/Public/javascript/jquery-1.12.4.js
INFO: [ app_init ] --START--
INFO: Run Behavior\BuildLiteBehavior [ RunTime:0.000060s ]
INFO: [ app_init ] --END-- [ RunTime:0.000809s ]
ERR: 无法加载模块:Public

[ 2016-10-25T13:46:02+08:00 ] ::1 /waibao/Public/front/icon.png
INFO: [ app_init ] --START--
INFO: Run Behavior\BuildLiteBehavior [ RunTime:0.000032s ]
INFO: [ app_init ] --END-- [ RunTime:0.000518s ]
ERR: 无法加载模块:Public

[ 2016-10-25T13:47:32+08:00 ] ::1 /waibao/Public/front/icon.png
INFO: [ app_init ] --START--
INFO: Run Behavior\BuildLiteBehavior [ RunTime:0.000030s ]
INFO: [ app_init ] --END-- [ RunTime:0.000491s ]
ERR: 无法加载模块:Public

[ 2016-10-25T13:49:01+08:00 ] ::1 /waibao/Public/front/icon.png
INFO: [ app_init ] --START--
INFO: Run Behavior\BuildLiteBehavior [ RunTime:0.000031s ]
INFO: [ app_init ] --END-- [ RunTime:0.000470s ]
ERR: 无法加载模块:Public

[ 2016-10-25T13:50:32+08:00 ] ::1 /waibao/Public/front/icon.png
INFO: [ app_init ] --START--
INFO: Run Behavior\BuildLiteBehavior [ RunTime:0.000033s ]
INFO: [ app_init ] --END-- [ RunTime:0.000472s ]
ERR: 无法加载模块:Public

[ 2016-10-25T13:52:02+08:00 ] ::1 /waibao/Public/front/icon.png
INFO: [ app_init ] --START--
INFO: Run Behavior\BuildLiteBehavior [ RunTime:0.000031s ]
INFO: [ app_init ] --END-- [ RunTime:0.000484s ]
ERR: 无法加载模块:Public

[ 2016-10-25T13:52:55+08:00 ] ::1 /waibao/Public/javascript/jquery-1.12.4.js
INFO: [ app_init ] --START--
INFO: Run Behavior\BuildLiteBehavior [ RunTime:0.000033s ]
INFO: [ app_init ] --END-- [ RunTime:0.000483s ]
ERR: 无法加载模块:Public

[ 2016-10-25T13:52:55+08:00 ] ::1 /waibao/Public/css/manager/layout.css
INFO: [ app_init ] --START--
INFO: Run Behavior\BuildLiteBehavior [ RunTime:0.000099s ]
INFO: [ app_init ] --END-- [ RunTime:0.000838s ]
ERR: 无法加载模块:Public

[ 2016-10-25T13:53:32+08:00 ] ::1 /waibao/Public/front/icon.png
INFO: [ app_init ] --START--
INFO: Run Behavior\BuildLiteBehavior [ RunTime:0.000052s ]
INFO: [ app_init ] --END-- [ RunTime:0.000742s ]
ERR: 无法加载模块:Public

[ 2016-10-25T13:55:01+08:00 ] ::1 /waibao/Public/front/icon.png
INFO: [ app_init ] --START--
INFO: Run Behavior\BuildLiteBehavior [ RunTime:0.000037s ]
INFO: [ app_init ] --END-- [ RunTime:0.000520s ]
ERR: 无法加载模块:Public

[ 2016-10-25T13:56:31+08:00 ] ::1 /waibao/Public/front/icon.png
INFO: [ app_init ] --START--
INFO: Run Behavior\BuildLiteBehavior [ RunTime:0.000049s ]
INFO: [ app_init ] --END-- [ RunTime:0.000720s ]
ERR: 无法加载模块:Public

[ 2016-10-25T13:58:01+08:00 ] ::1 /waibao/Public/front/icon.png
INFO: [ app_init ] --START--
INFO: Run Behavior\BuildLiteBehavior [ RunTime:0.000030s ]
INFO: [ app_init ] --END-- [ RunTime:0.000489s ]
ERR: 无法加载模块:Public

[ 2016-10-25T13:59:31+08:00 ] ::1 /waibao/Public/front/icon.png
INFO: [ app_init ] --START--
INFO: Run Behavior\BuildLiteBehavior [ RunTime:0.000055s ]
INFO: [ app_init ] --END-- [ RunTime:0.000773s ]
ERR: 无法加载模块:Public

[ 2016-10-25T14:01:01+08:00 ] ::1 /waibao/Public/front/icon.png
INFO: [ app_init ] --START--
INFO: Run Behavior\BuildLiteBehavior [ RunTime:0.000037s ]
INFO: [ app_init ] --END-- [ RunTime:0.000678s ]
ERR: 无法加载模块:Public

[ 2016-10-25T14:02:31+08:00 ] ::1 /waibao/Public/front/icon.png
INFO: [ app_init ] --START--
INFO: Run Behavior\BuildLiteBehavior [ RunTime:0.000036s ]
INFO: [ app_init ] --END-- [ RunTime:0.000748s ]
ERR: 无法加载模块:Public

[ 2016-10-25T14:04:01+08:00 ] ::1 /waibao/Public/front/icon.png
INFO: [ app_init ] --START--
INFO: Run Behavior\BuildLiteBehavior [ RunTime:0.000060s ]
INFO: [ app_init ] --END-- [ RunTime:0.000832s ]
ERR: 无法加载模块:Public

[ 2016-10-25T14:05:31+08:00 ] ::1 /waibao/Public/front/icon.png
INFO: [ app_init ] --START--
INFO: Run Behavior\BuildLiteBehavior [ RunTime:0.000034s ]
INFO: [ app_init ] --END-- [ RunTime:0.000619s ]
ERR: 无法加载模块:Public

[ 2016-10-25T14:07:01+08:00 ] ::1 /waibao/Public/front/icon.png
INFO: [ app_init ] --START--
INFO: Run Behavior\BuildLiteBehavior [ RunTime:0.000052s ]
INFO: [ app_init ] --END-- [ RunTime:0.000710s ]
ERR: 无法加载模块:Public

[ 2016-10-25T14:08:17+08:00 ] ::1 /waibao/Public/css/manager/layout.css
INFO: [ app_init ] --START--
INFO: Run Behavior\BuildLiteBehavior [ RunTime:0.000030s ]
INFO: [ app_init ] --END-- [ RunTime:0.000484s ]
ERR: 无法加载模块:Public

[ 2016-10-25T14:08:17+08:00 ] ::1 /waibao/Public/javascript/jquery-1.12.4.js
INFO: [ app_init ] --START--
INFO: Run Behavior\BuildLiteBehavior [ RunTime:0.000072s ]
INFO: [ app_init ] --END-- [ RunTime:0.000774s ]
ERR: 无法加载模块:Public

[ 2016-10-25T14:08:31+08:00 ] ::1 /waibao/Public/front/icon.png
INFO: [ app_init ] --START--
INFO: Run Behavior\BuildLiteBehavior [ RunTime:0.000030s ]
INFO: [ app_init ] --END-- [ RunTime:0.000560s ]
ERR: 无法加载模块:Public

[ 2016-10-25T14:08:54+08:00 ] ::1 /waibao/Public/css/manager/layout.css
INFO: [ app_init ] --START--
INFO: Run Behavior\BuildLiteBehavior [ RunTime:0.000031s ]
INFO: [ app_init ] --END-- [ RunTime:0.000468s ]
ERR: 无法加载模块:Public

[ 2016-10-25T14:08:54+08:00 ] ::1 /waibao/Public/javascript/jquery-1.12.4.js
INFO: [ app_init ] --START--
INFO: Run Behavior\BuildLiteBehavior [ RunTime:0.000051s ]
INFO: [ app_init ] --END-- [ RunTime:0.000732s ]
ERR: 无法加载模块:Public

[ 2016-10-25T14:08:59+08:00 ] ::1 /waibao/Public/javascript/jquery-1.12.4.js
INFO: [ app_init ] --START--
INFO: Run Behavior\BuildLiteBehavior [ RunTime:0.000038s ]
INFO: [ app_init ] --END-- [ RunTime:0.000470s ]
ERR: 无法加载模块:Public

[ 2016-10-25T14:08:59+08:00 ] ::1 /waibao/Public/css/manager/layout.css
INFO: [ app_init ] --START--
INFO: Run Behavior\BuildLiteBehavior [ RunTime:0.000049s ]
INFO: [ app_init ] --END-- [ RunTime:0.000740s ]
ERR: 无法加载模块:Public

[ 2016-10-25T14:09:04+08:00 ] ::1 /waibao/Public/javascript/jquery-1.12.4.js
INFO: [ app_init ] --START--
INFO: Run Behavior\BuildLiteBehavior [ RunTime:0.000030s ]
INFO: [ app_init ] --END-- [ RunTime:0.000472s ]
ERR: 无法加载模块:Public

[ 2016-10-25T14:09:04+08:00 ] ::1 /waibao/Public/css/manager/layout.css
INFO: [ app_init ] --START--
INFO: Run Behavior\BuildLiteBehavior [ RunTime:0.000051s ]
INFO: [ app_init ] --END-- [ RunTime:0.000751s ]
ERR: 无法加载模块:Public

[ 2016-10-25T14:09:07+08:00 ] ::1 /waibao/Public/css/manager/layout.css
INFO: [ app_init ] --START--
INFO: Run Behavior\BuildLiteBehavior [ RunTime:0.000052s ]
INFO: [ app_init ] --END-- [ RunTime:0.000676s ]
ERR: 无法加载模块:Public

[ 2016-10-25T14:09:07+08:00 ] ::1 /waibao/Public/javascript/jquery-1.12.4.js
INFO: [ app_init ] --START--
INFO: Run Behavior\BuildLiteBehavior [ RunTime:0.000047s ]
INFO: [ app_init ] --END-- [ RunTime:0.000613s ]
ERR: 无法加载模块:Public

[ 2016-10-25T14:09:12+08:00 ] ::1 /waibao/Public/css/manager/layout.css
INFO: [ app_init ] --START--
INFO: Run Behavior\BuildLiteBehavior [ RunTime:0.000059s ]
INFO: [ app_init ] --END-- [ RunTime:0.000884s ]
ERR: 无法加载模块:Public

[ 2016-10-25T14:09:12+08:00 ] ::1 /waibao/Public/javascript/jquery-1.12.4.js
INFO: [ app_init ] --START--
INFO: Run Behavior\BuildLiteBehavior [ RunTime:0.000055s ]
INFO: [ app_init ] --END-- [ RunTime:0.000897s ]
ERR: 无法加载模块:Public

[ 2016-10-25T14:09:15+08:00 ] ::1 /waibao/Public/css/manager/layout.css
INFO: [ app_init ] --START--
INFO: Run Behavior\BuildLiteBehavior [ RunTime:0.000053s ]
INFO: [ app_init ] --END-- [ RunTime:0.000737s ]
ERR: 无法加载模块:Public

[ 2016-10-25T14:09:15+08:00 ] ::1 /waibao/Public/javascript/jquery-1.12.4.js
INFO: [ app_init ] --START--
INFO: Run Behavior\BuildLiteBehavior [ RunTime:0.000029s ]
INFO: [ app_init ] --END-- [ RunTime:0.000524s ]
ERR: 无法加载模块:Public

[ 2016-10-25T14:12:36+08:00 ] ::1 /waibao/Public/css/manager/layout.css
INFO: [ app_init ] --START--
INFO: Run Behavior\BuildLiteBehavior [ RunTime:0.000032s ]
INFO: [ app_init ] --END-- [ RunTime:0.000476s ]
ERR: 无法加载模块:Public

[ 2016-10-25T14:12:36+08:00 ] ::1 /waibao/Public/javascript/jquery-1.12.4.js
INFO: [ app_init ] --START--
INFO: Run Behavior\BuildLiteBehavior [ RunTime:0.000050s ]
INFO: [ app_init ] --END-- [ RunTime:0.000774s ]
ERR: 无法加载模块:Public

[ 2016-10-25T14:12:37+08:00 ] ::1 /waibao/Public/javascript/jquery-1.12.4.js
INFO: [ app_init ] --START--
INFO: Run Behavior\BuildLiteBehavior [ RunTime:0.000048s ]
INFO: [ app_init ] --END-- [ RunTime:0.000573s ]
ERR: 无法加载模块:Public

[ 2016-10-25T14:12:37+08:00 ] ::1 /waibao/Public/css/manager/layout.css
INFO: [ app_init ] --START--
INFO: Run Behavior\BuildLiteBehavior [ RunTime:0.000051s ]
INFO: [ app_init ] --END-- [ RunTime:0.000739s ]
ERR: 无法加载模块:Public

[ 2016-10-25T14:12:38+08:00 ] ::1 /waibao/Public/javascript/jquery-1.12.4.js
INFO: [ app_init ] --START--
INFO: Run Behavior\BuildLiteBehavior [ RunTime:0.000032s ]
INFO: [ app_init ] --END-- [ RunTime:0.000484s ]
ERR: 无法加载模块:Public

[ 2016-10-25T14:12:38+08:00 ] ::1 /waibao/Public/css/manager/layout.css
INFO: [ app_init ] --START--
INFO: Run Behavior\BuildLiteBehavior [ RunTime:0.000053s ]
INFO: [ app_init ] --END-- [ RunTime:0.000750s ]
ERR: 无法加载模块:Public

[ 2016-10-25T14:20:44+08:00 ] ::1 /waibao/Public/javascript/jquery-1.12.4.js
INFO: [ app_init ] --START--
INFO: Run Behavior\BuildLiteBehavior [ RunTime:0.000030s ]
INFO: [ app_init ] --END-- [ RunTime:0.000504s ]
ERR: 无法加载模块:Public

[ 2016-10-25T14:20:44+08:00 ] ::1 /waibao/Public/css/manager/layout.css
INFO: [ app_init ] --START--
INFO: Run Behavior\BuildLiteBehavior [ RunTime:0.000051s ]
INFO: [ app_init ] --END-- [ RunTime:0.000731s ]
ERR: 无法加载模块:Public

[ 2016-10-25T14:20:48+08:00 ] ::1 /waibao/Public/css/manager/layout.css
INFO: [ app_init ] --START--
INFO: Run Behavior\BuildLiteBehavior [ RunTime:0.000052s ]
INFO: [ app_init ] --END-- [ RunTime:0.000710s ]
ERR: 无法加载模块:Public

[ 2016-10-25T14:20:48+08:00 ] ::1 /waibao/Public/javascript/jquery-1.12.4.js
INFO: [ app_init ] --START--
INFO: Run Behavior\BuildLiteBehavior [ RunTime:0.000053s ]
INFO: [ app_init ] --END-- [ RunTime:0.000759s ]
ERR: 无法加载模块:Public

[ 2016-10-25T14:20:54+08:00 ] ::1 /waibao/Public/css/manager/layout.css
INFO: [ app_init ] --START--
INFO: Run Behavior\BuildLiteBehavior [ RunTime:0.000046s ]
INFO: [ app_init ] --END-- [ RunTime:0.000748s ]
ERR: 无法加载模块:Public

[ 2016-10-25T14:20:54+08:00 ] ::1 /waibao/Public/javascript/jquery-1.12.4.js
INFO: [ app_init ] --START--
INFO: Run Behavior\BuildLiteBehavior [ RunTime:0.000051s ]
INFO: [ app_init ] --END-- [ RunTime:0.000736s ]
ERR: 无法加载模块:Public

[ 2016-10-25T14:27:53+08:00 ] ::1 /waibao/Public/javascript/jquery-1.12.4.js
INFO: [ app_init ] --START--
INFO: Run Behavior\BuildLiteBehavior [ RunTime:0.000056s ]
INFO: [ app_init ] --END-- [ RunTime:0.000812s ]
ERR: 无法加载模块:Public

[ 2016-10-25T14:27:53+08:00 ] ::1 /waibao/Public/css/manager/layout.css
INFO: [ app_init ] --START--
INFO: Run Behavior\BuildLiteBehavior [ RunTime:0.000035s ]
INFO: [ app_init ] --END-- [ RunTime:0.000584s ]
ERR: 无法加载模块:Public

[ 2016-10-25T14:28:17+08:00 ] ::1 /waibao/Public/javascript/jquery-1.12.4.js
INFO: [ app_init ] --START--
INFO: Run Behavior\BuildLiteBehavior [ RunTime:0.000032s ]
INFO: [ app_init ] --END-- [ RunTime:0.000555s ]
ERR: 无法加载模块:Public

[ 2016-10-25T14:28:17+08:00 ] ::1 /waibao/Public/css/manager/layout.css
INFO: [ app_init ] --START--
INFO: Run Behavior\BuildLiteBehavior [ RunTime:0.000218s ]
INFO: [ app_init ] --END-- [ RunTime:0.000897s ]
ERR: 无法加载模块:Public

[ 2016-10-25T14:30:01+08:00 ] ::1 /waibao/Public/css/manager/layout.css
INFO: [ app_init ] --START--
INFO: Run Behavior\BuildLiteBehavior [ RunTime:0.000030s ]
INFO: [ app_init ] --END-- [ RunTime:0.000511s ]
ERR: 无法加载模块:Public

[ 2016-10-25T14:30:01+08:00 ] ::1 /waibao/Public/javascript/jquery-1.12.4.js
INFO: [ app_init ] --START--
INFO: Run Behavior\BuildLiteBehavior [ RunTime:0.000055s ]
INFO: [ app_init ] --END-- [ RunTime:0.000974s ]
ERR: 无法加载模块:Public

[ 2016-10-25T14:30:03+08:00 ] ::1 /waibao/Public/css/manager/layout.css
INFO: [ app_init ] --START--
INFO: Run Behavior\BuildLiteBehavior [ RunTime:0.000053s ]
INFO: [ app_init ] --END-- [ RunTime:0.000821s ]
ERR: 无法加载模块:Public

c

[ 2016-10-25T14:30:52+08:00 ] ::1 /waibao/Public/css/manager/layout.css
INFO: [ app_init ] --START--
INFO: Run Behavior\BuildLiteBehavior [ RunTime:0.000031s ]
INFO: [ app_init ] --END-- [ RunTime:0.000469s ]
ERR: 无法加载模块:Public

[ 2016-10-25T14:30:52+08:00 ] ::1 /waibao/Public/javascript/jquery-1.12.4.js
INFO: [ app_init ] --START--
INFO: Run Behavior\BuildLiteBehavior [ RunTime:0.000061s ]
INFO: [ app_init ] --END-- [ RunTime:0.001984s ]
ERR: 无法加载模块:Public

[ 2016-10-25T14:30:54+08:00 ] ::1 /waibao/Public/css/manager/layout.css
INFO: [ app_init ] --START--
INFO: Run Behavior\BuildLiteBehavior [ RunTime:0.000052s ]
INFO: [ app_init ] --END-- [ RunTime:0.000754s ]
ERR: 无法加载模块:Public

[ 2016-10-25T14:30:54+08:00 ] ::1 /waibao/Public/javascript/jquery-1.12.4.js
INFO: [ app_init ] --START--
INFO: Run Behavior\BuildLiteBehavior [ RunTime:0.000030s ]
INFO: [ app_init ] --END-- [ RunTime:0.000478s ]
ERR: 无法加载模块:Public

[ 2016-10-25T14:36:08+08:00 ] ::1 /waibao/Public/css/manager/layout.css
INFO: [ app_init ] --START--
INFO: Run Behavior\BuildLiteBehavior [ RunTime:0.000032s ]
INFO: [ app_init ] --END-- [ RunTime:0.000565s ]
ERR: 无法加载模块:Public

[ 2016-10-25T14:36:08+08:00 ] ::1 /waibao/Public/javascript/jquery-1.12.4.js
INFO: [ app_init ] --START--
INFO: Run Behavior\BuildLiteBehavior [ RunTime:0.000051s ]
INFO: [ app_init ] --END-- [ RunTime:0.000722s ]
ERR: 无法加载模块:Public

[ 2016-10-25T14:41:09+08:00 ] ::1 /waibao/Public/css/manager/layout.css
INFO: [ app_init ] --START--
INFO: Run Behavior\BuildLiteBehavior [ RunTime:0.000050s ]
INFO: [ app_init ] --END-- [ RunTime:0.000722s ]
ERR: 无法加载模块:Public

[ 2016-10-25T14:41:09+08:00 ] ::1 /waibao/Public/javascript/jquery-1.12.4.js
INFO: [ app_init ] --START--
INFO: Run Behavior\BuildLiteBehavior [ RunTime:0.000050s ]
INFO: [ app_init ] --END-- [ RunTime:0.000763s ]
ERR: 无法加载模块:Public

[ 2016-10-25T14:45:19+08:00 ] ::1 /waibao/Public/css/manager/layout.css
INFO: [ app_init ] --START--
INFO: Run Behavior\BuildLiteBehavior [ RunTime:0.000030s ]
INFO: [ app_init ] --END-- [ RunTime:0.000491s ]
ERR: 无法加载模块:Public

[ 2016-10-25T14:45:19+08:00 ] ::1 /waibao/Public/javascript/jquery-1.12.4.js
INFO: [ app_init ] --START--
INFO: Run Behavior\BuildLiteBehavior [ RunTime:0.000053s ]
INFO: [ app_init ] --END-- [ RunTime:0.000856s ]
ERR: 无法加载模块:Public

[ 2016-10-25T14:46:16+08:00 ] ::1 /waibao/Public/javascript/jquery-1.12.4.js
INFO: [ app_init ] --START--
INFO: Run Behavior\BuildLiteBehavior [ RunTime:0.000031s ]
INFO: [ app_init ] --END-- [ RunTime:0.000492s ]
ERR: 无法加载模块:Public

[ 2016-10-25T14:46:16+08:00 ] ::1 /waibao/Public/css/manager/layout.css
INFO: [ app_init ] --START--
INFO: Run Behavior\BuildLiteBehavior [ RunTime:0.000052s ]
INFO: [ app_init ] --END-- [ RunTime:0.000749s ]
ERR: 无法加载模块:Public

[ 2016-10-25T14:46:17+08:00 ] ::1 /waibao/Public/css/manager/layout.css
INFO: [ app_init ] --START--
INFO: Run Behavior\BuildLiteBehavior [ RunTime:0.000049s ]
INFO: [ app_init ] --END-- [ RunTime:0.000699s ]
ERR: 无法加载模块:Public

[ 2016-10-25T14:46:17+08:00 ] ::1 /waibao/Public/javascript/jquery-1.12.4.js
INFO: [ app_init ] --START--
INFO: Run Behavior\BuildLiteBehavior [ RunTime:0.000089s ]
INFO: [ app_init ] --END-- [ RunTime:0.000974s ]
ERR: 无法加载模块:Public

[ 2016-10-25T14:46:31+08:00 ] ::1 /waibao/Public/css/manager/layout.css
INFO: [ app_init ] --START--
INFO: Run Behavior\BuildLiteBehavior [ RunTime:0.000053s ]
INFO: [ app_init ] --END-- [ RunTime:0.000760s ]
ERR: 无法加载模块:Public

[ 2016-10-25T14:46:31+08:00 ] ::1 /waibao/Public/javascript/jquery-1.12.4.js
INFO: [ app_init ] --START--
INFO: Run Behavior\BuildLiteBehavior [ RunTime:0.000051s ]
INFO: [ app_init ] --END-- [ RunTime:0.001323s ]
ERR: 无法加载模块:Public

[ 2016-10-25T15:22:03+08:00 ] ::1 /waibao/Public/javascript/jquery-1.12.4.js
INFO: [ app_init ] --START--
INFO: Run Behavior\BuildLiteBehavior [ RunTime:0.000053s ]
INFO: [ app_init ] --END-- [ RunTime:0.000811s ]
ERR: 无法加载模块:Public

[ 2016-10-25T15:22:03+08:00 ] ::1 /waibao/Public/css/manager/layout.css
INFO: [ app_init ] --START--
INFO: Run Behavior\BuildLiteBehavior [ RunTime:0.000054s ]
INFO: [ app_init ] --END-- [ RunTime:0.000711s ]
ERR: 无法加载模块:Public

[ 2016-10-25T15:22:39+08:00 ] ::1 /waibao/Public/javascript/jquery-1.12.4.js
INFO: [ app_init ] --START--
INFO: Run Behavior\BuildLiteBehavior [ RunTime:0.000032s ]
INFO: [ app_init ] --END-- [ RunTime:0.000604s ]
ERR: 无法加载模块:Public

[ 2016-10-25T15:22:39+08:00 ] ::1 /waibao/Public/css/manager/layout.css
INFO: [ app_init ] --START--
INFO: Run Behavior\BuildLiteBehavior [ RunTime:0.000049s ]
INFO: [ app_init ] --END-- [ RunTime:0.000814s ]
ERR: 无法加载模块:Public

[ 2016-10-25T15:22:41+08:00 ] ::1 /waibao/Public/javascript/jquery-1.12.4.js
INFO: [ app_init ] --START--
INFO: Run Behavior\BuildLiteBehavior [ RunTime:0.000030s ]
INFO: [ app_init ] --END-- [ RunTime:0.000475s ]
ERR: 无法加载模块:Public

[ 2016-10-25T15:22:41+08:00 ] ::1 /waibao/Public/css/manager/layout.css
INFO: [ app_init ] --START--
INFO: Run Behavior\BuildLiteBehavior [ RunTime:0.000055s ]
INFO: [ app_init ] --END-- [ RunTime:0.000805s ]
ERR: 无法加载模块:Public

[ 2016-10-25T15:22:44+08:00 ] ::1 /waibao/Public/javascript/jquery-1.12.4.js
INFO: [ app_init ] --START--
INFO: Run Behavior\BuildLiteBehavior [ RunTime:0.000050s ]
INFO: [ app_init ] --END-- [ RunTime:0.000721s ]
ERR: 无法加载模块:Public

[ 2016-10-25T15:22:44+08:00 ] ::1 /waibao/Public/css/manager/layout.css
INFO: [ app_init ] --START--
INFO: Run Behavior\BuildLiteBehavior [ RunTime:0.000090s ]
INFO: [ app_init ] --END-- [ RunTime:0.001023s ]
ERR: 无法加载模块:Public

[ 2016-10-25T15:43:25+08:00 ] ::1 /waibao/Public/css/manager/layout.css
INFO: [ app_init ] --START--
INFO: Run Behavior\BuildLiteBehavior [ RunTime:0.000030s ]
INFO: [ app_init ] --END-- [ RunTime:0.000476s ]
ERR: 无法加载模块:Public

[ 2016-10-25T15:43:25+08:00 ] ::1 /waibao/Public/javascript/jquery-1.12.4.js
INFO: [ app_init ] --START--
INFO: Run Behavior\BuildLiteBehavior [ RunTime:0.000050s ]
INFO: [ app_init ] --END-- [ RunTime:0.000996s ]
ERR: 无法加载模块:Public

[ 2016-10-25T16:01:17+08:00 ] ::1 /waibao/Public/javascript/jquery-1.12.4.js
INFO: [ app_init ] --START--
INFO: Run Behavior\BuildLiteBehavior [ RunTime:0.000030s ]
INFO: [ app_init ] --END-- [ RunTime:0.000514s ]
ERR: 无法加载模块:Public

[ 2016-10-25T16:01:17+08:00 ] ::1 /waibao/Public/css/manager/layout.css
INFO: [ app_init ] --START--
INFO: Run Behavior\BuildLiteBehavior [ RunTime:0.000048s ]
INFO: [ app_init ] --END-- [ RunTime:0.000748s ]
ERR: 无法加载模块:Public

[ 2016-10-25T16:24:20+08:00 ] ::1 /waibao/Public/css/manager/layout.css
INFO: [ app_init ] --START--
INFO: Run Behavior\BuildLiteBehavior [ RunTime:0.000052s ]
INFO: [ app_init ] --END-- [ RunTime:0.000705s ]
ERR: 无法加载模块:Public

[ 2016-10-25T16:24:20+08:00 ] ::1 /waibao/Public/javascript/jquery-1.12.4.js
INFO: [ app_init ] --START--
INFO: Run Behavior\BuildLiteBehavior [ RunTime:0.000063s ]
INFO: [ app_init ] --END-- [ RunTime:0.001551s ]
ERR: 无法加载模块:Public

[ 2016-10-25T16:24:49+08:00 ] ::1 /waibao/Public/javascript/jquery-1.12.4.js
INFO: [ app_init ] --START--
INFO: Run Behavior\BuildLiteBehavior [ RunTime:0.000051s ]
INFO: [ app_init ] --END-- [ RunTime:0.000629s ]
ERR: 无法加载模块:Public

[ 2016-10-25T16:24:49+08:00 ] ::1 /waibao/Public/css/manager/layout.css
INFO: [ app_init ] --START--
INFO: Run Behavior\BuildLiteBehavior [ RunTime:0.000058s ]
INFO: [ app_init ] --END-- [ RunTime:0.000812s ]
ERR: 无法加载模块:Public

[ 2016-10-25T16:27:29+08:00 ] ::1 /waibao/Public/css/manager/layout.css
INFO: [ app_init ] --START--
INFO: Run Behavior\BuildLiteBehavior [ RunTime:0.000050s ]
INFO: [ app_init ] --END-- [ RunTime:0.000683s ]
ERR: 无法加载模块:Public

[ 2016-10-25T16:27:29+08:00 ] ::1 /waibao/Public/javascript/jquery-1.12.4.js
INFO: [ app_init ] --START--
INFO: Run Behavior\BuildLiteBehavior [ RunTime:0.000057s ]
INFO: [ app_init ] --END-- [ RunTime:0.000932s ]
ERR: 无法加载模块:Public

[ 2016-10-25T16:28:38+08:00 ] ::1 /waibao/Public/css/manager/layout.css
INFO: [ app_init ] --START--
INFO: Run Behavior\BuildLiteBehavior [ RunTime:0.000032s ]
INFO: [ app_init ] --END-- [ RunTime:0.000546s ]
ERR: 无法加载模块:Public

[ 2016-10-25T16:28:38+08:00 ] ::1 /waibao/Public/javascript/jquery-1.12.4.js
INFO: [ app_init ] --START--
INFO: Run Behavior\BuildLiteBehavior [ RunTime:0.000052s ]
INFO: [ app_init ] --END-- [ RunTime:0.000739s ]
ERR: 无法加载模块:Public

[ 2016-10-25T16:28:39+08:00 ] ::1 /waibao/Public/javascript/jquery-1.12.4.js
INFO: [ app_init ] --START--
INFO: Run Behavior\BuildLiteBehavior [ RunTime:0.000031s ]
INFO: [ app_init ] --END-- [ RunTime:0.000504s ]
ERR: 无法加载模块:Public

[ 2016-10-25T16:28:39+08:00 ] ::1 /waibao/Public/css/manager/layout.css
INFO: [ app_init ] --START--
INFO: Run Behavior\BuildLiteBehavior [ RunTime:0.000055s ]
INFO: [ app_init ] --END-- [ RunTime:0.000796s ]
ERR: 无法加载模块:Public

[ 2016-10-25T16:29:45+08:00 ] ::1 /waibao/Public/javascript/jquery-1.12.4.js
INFO: [ app_init ] --START--
INFO: Run Behavior\BuildLiteBehavior [ RunTime:0.000030s ]
INFO: [ app_init ] --END-- [ RunTime:0.000463s ]
ERR: 无法加载模块:Public

[ 2016-10-25T16:29:45+08:00 ] ::1 /waibao/Public/css/manager/layout.css
INFO: [ app_init ] --START--
INFO: Run Behavior\BuildLiteBehavior [ RunTime:0.000057s ]
INFO: [ app_init ] --END-- [ RunTime:0.001171s ]
ERR: 无法加载模块:Public

[ 2016-10-25T16:30:03+08:00 ] ::1 /waibao/Public/javascript/jquery-1.12.4.js
INFO: [ app_init ] --START--
INFO: Run Behavior\BuildLiteBehavior [ RunTime:0.000048s ]
INFO: [ app_init ] --END-- [ RunTime:0.000624s ]
ERR: 无法加载模块:Public

[ 2016-10-25T16:30:03+08:00 ] ::1 /waibao/Public/css/manager/layout.css
INFO: [ app_init ] --START--
INFO: Run Behavior\BuildLiteBehavior [ RunTime:0.000042s ]
INFO: [ app_init ] --END-- [ RunTime:0.000593s ]
ERR: 无法加载模块:Public

[ 2016-10-25T16:42:56+08:00 ] ::1 /waibao/Public/css/manager/layout.css
INFO: [ app_init ] --START--
INFO: Run Behavior\BuildLiteBehavior [ RunTime:0.000031s ]
INFO: [ app_init ] --END-- [ RunTime:0.000487s ]
ERR: 无法加载模块:Public

[ 2016-10-25T16:42:56+08:00 ] ::1 /waibao/Public/javascript/jquery-1.12.4.js
INFO: [ app_init ] --START--
INFO: Run Behavior\BuildLiteBehavior [ RunTime:0.000053s ]
INFO: [ app_init ] --END-- [ RunTime:0.000873s ]
ERR: 无法加载模块:Public

[ 2016-10-25T16:47:45+08:00 ] ::1 /waibao/Public/css/manager/layout.css
INFO: [ app_init ] --START--
INFO: Run Behavior\BuildLiteBehavior [ RunTime:0.000050s ]
INFO: [ app_init ] --END-- [ RunTime:0.000789s ]
ERR: 无法加载模块:Public

[ 2016-10-25T16:47:45+08:00 ] ::1 /waibao/Public/javascript/jquery-1.12.4.js
INFO: [ app_init ] --START--
INFO: Run Behavior\BuildLiteBehavior [ RunTime:0.000058s ]
INFO: [ app_init ] --END-- [ RunTime:0.000912s ]
ERR: 无法加载模块:Public

[ 2016-10-25T16:47:49+08:00 ] ::1 /waibao/Public/javascript/jquery-1.12.4.js
INFO: [ app_init ] --START--
INFO: Run Behavior\BuildLiteBehavior [ RunTime:0.000052s ]
INFO: [ app_init ] --END-- [ RunTime:0.000744s ]
ERR: 无法加载模块:Public

[ 2016-10-25T16:47:49+08:00 ] ::1 /waibao/Public/css/manager/layout.css
INFO: [ app_init ] --START--
INFO: Run Behavior\BuildLiteBehavior [ RunTime:0.000049s ]
INFO: [ app_init ] --END-- [ RunTime:0.000747s ]
ERR: 无法加载模块:Public

[ 2016-10-25T16:47:52+08:00 ] ::1 /waibao/Public/javascript/jquery-1.12.4.js
INFO: [ app_init ] --START--
INFO: Run Behavior\BuildLiteBehavior [ RunTime:0.000050s ]
INFO: [ app_init ] --END-- [ RunTime:0.000704s ]
ERR: 无法加载模块:Public

[ 2016-10-25T16:47:52+08:00 ] ::1 /waibao/Public/css/manager/layout.css
INFO: [ app_init ] --START--
INFO: Run Behavior\BuildLiteBehavior [ RunTime:0.000048s ]
INFO: [ app_init ] --END-- [ RunTime:0.000706s ]
ERR: 无法加载模块:Public

[ 2016-10-25T16:50:14+08:00 ] ::1 /waibao/Public/javascript/jquery-1.12.4.js
INFO: [ app_init ] --START--
INFO: Run Behavior\BuildLiteBehavior [ RunTime:0.000050s ]
INFO: [ app_init ] --END-- [ RunTime:0.000756s ]
ERR: 无法加载模块:Public

[ 2016-10-25T16:50:14+08:00 ] ::1 /waibao/Public/css/manager/layout.css
INFO: [ app_init ] --START--
INFO: Run Behavior\BuildLiteBehavior [ RunTime:0.000030s ]
INFO: [ app_init ] --END-- [ RunTime:0.000498s ]
ERR: 无法加载模块:Public

[ 2016-10-25T16:50:17+08:00 ] ::1 /waibao/Public/css/manager/layout.css
INFO: [ app_init ] --START--
INFO: Run Behavior\BuildLiteBehavior [ RunTime:0.000051s ]
INFO: [ app_init ] --END-- [ RunTime:0.000739s ]
ERR: 无法加载模块:Public

[ 2016-10-25T16:50:17+08:00 ] ::1 /waibao/Public/javascript/jquery-1.12.4.js
INFO: [ app_init ] --START--
INFO: Run Behavior\BuildLiteBehavior [ RunTime:0.000051s ]
INFO: [ app_init ] --END-- [ RunTime:0.000723s ]
ERR: 无法加载模块:Public

[ 2016-10-25T16:52:50+08:00 ] ::1 /waibao/Public/css/manager/layout.css
INFO: [ app_init ] --START--
INFO: Run Behavior\BuildLiteBehavior [ RunTime:0.000030s ]
INFO: [ app_init ] --END-- [ RunTime:0.000490s ]
ERR: 无法加载模块:Public

[ 2016-10-25T16:52:50+08:00 ] ::1 /waibao/Public/javascript/jquery-1.12.4.js
INFO: [ app_init ] --START--
INFO: Run Behavior\BuildLiteBehavior [ RunTime:0.000056s ]
INFO: [ app_init ] --END-- [ RunTime:0.000845s ]
ERR: 无法加载模块:Public

[ 2016-10-25T16:58:24+08:00 ] ::1 /waibao/Public/css/manager/layout.css
INFO: [ app_init ] --START--
INFO: Run Behavior\BuildLiteBehavior [ RunTime:0.000047s ]
INFO: [ app_init ] --END-- [ RunTime:0.000958s ]
ERR: 无法加载模块:Public

[ 2016-10-25T16:58:24+08:00 ] ::1 /waibao/Public/javascript/jquery-1.12.4.js
INFO: [ app_init ] --START--
INFO: Run Behavior\BuildLiteBehavior [ RunTime:0.000049s ]
INFO: [ app_init ] --END-- [ RunTime:0.000714s ]
ERR: 无法加载模块:Public

[ 2016-10-25T16:58:57+08:00 ] ::1 /waibao/Public/css/manager/layout.css
INFO: [ app_init ] --START--
INFO: Run Behavior\BuildLiteBehavior [ RunTime:0.000049s ]
INFO: [ app_init ] --END-- [ RunTime:0.000781s ]
ERR: 无法加载模块:Public

[ 2016-10-25T16:58:57+08:00 ] ::1 /waibao/Public/javascript/jquery-1.12.4.js
INFO: [ app_init ] --START--
INFO: Run Behavior\BuildLiteBehavior [ RunTime:0.000047s ]
INFO: [ app_init ] --END-- [ RunTime:0.000748s ]
ERR: 无法加载模块:Public

[ 2016-10-25T17:03:52+08:00 ] ::1 /waibao/Public/css/manager/layout.css
INFO: [ app_init ] --START--
INFO: Run Behavior\BuildLiteBehavior [ RunTime:0.000052s ]
INFO: [ app_init ] --END-- [ RunTime:0.000806s ]
ERR: 无法加载模块:Public

[ 2016-10-25T17:03:52+08:00 ] ::1 /waibao/Public/javascript/jquery-1.12.4.js
INFO: [ app_init ] --START--
INFO: Run Behavior\BuildLiteBehavior [ RunTime:0.000053s ]
INFO: [ app_init ] --END-- [ RunTime:0.000768s ]
ERR: 无法加载模块:Public

[ 2016-10-25T17:06:00+08:00 ] ::1 /waibao/Public/javascript/jquery-1.12.4.js
INFO: [ app_init ] --START--
INFO: Run Behavior\BuildLiteBehavior [ RunTime:0.000051s ]
INFO: [ app_init ] --END-- [ RunTime:0.000718s ]
ERR: 无法加载模块:Public

[ 2016-10-25T17:06:00+08:00 ] ::1 /waibao/Public/css/manager/layout.css
INFO: [ app_init ] --START--
INFO: Run Behavior\BuildLiteBehavior [ RunTime:0.000056s ]
INFO: [ app_init ] --END-- [ RunTime:0.001473s ]
ERR: 无法加载模块:Public

[ 2016-10-25T17:06:57+08:00 ] ::1 /waibao/Public/css/manager/layout.css
INFO: [ app_init ] --START--
INFO: Run Behavior\BuildLiteBehavior [ RunTime:0.000053s ]
INFO: [ app_init ] --END-- [ RunTime:0.000748s ]
ERR: 无法加载模块:Public

[ 2016-10-25T17:06:57+08:00 ] ::1 /waibao/Public/javascript/jquery-1.12.4.js
INFO: [ app_init ] --START--
INFO: Run Behavior\BuildLiteBehavior [ RunTime:0.000032s ]
INFO: [ app_init ] --END-- [ RunTime:0.000546s ]
ERR: 无法加载模块:Public

[ 2016-10-25T17:08:23+08:00 ] ::1 /waibao/Public/javascript/jquery-1.12.4.js
INFO: [ app_init ] --START--
INFO: Run Behavior\BuildLiteBehavior [ RunTime:0.000051s ]
INFO: [ app_init ] --END-- [ RunTime:0.000704s ]
ERR: 无法加载模块:Public

[ 2016-10-25T17:08:23+08:00 ] ::1 /waibao/Public/css/manager/layout.css
INFO: [ app_init ] --START--
INFO: Run Behavior\BuildLiteBehavior [ RunTime:0.000030s ]
INFO: [ app_init ] --END-- [ RunTime:0.000549s ]
ERR: 无法加载模块:Public

[ 2016-10-25T17:08:42+08:00 ] ::1 /waibao/Public/css/manager/layout.css
INFO: [ app_init ] --START--
INFO: Run Behavior\BuildLiteBehavior [ RunTime:0.000059s ]
INFO: [ app_init ] --END-- [ RunTime:0.000720s ]
ERR: 无法加载模块:Public

[ 2016-10-25T17:08:42+08:00 ] ::1 /waibao/Public/javascript/jquery-1.12.4.js
INFO: [ app_init ] --START--
INFO: Run Behavior\BuildLiteBehavior [ RunTime:0.000049s ]
INFO: [ app_init ] --END-- [ RunTime:0.000754s ]
ERR: 无法加载模块:Public

[ 2016-10-25T17:14:27+08:00 ] ::1 /waibao/Public/css/manager/layout.css
INFO: [ app_init ] --START--
INFO: Run Behavior\BuildLiteBehavior [ RunTime:0.000051s ]
INFO: [ app_init ] --END-- [ RunTime:0.000734s ]
ERR: 无法加载模块:Public

[ 2016-10-25T17:14:27+08:00 ] ::1 /waibao/Public/javascript/jquery-1.12.4.js
INFO: [ app_init ] --START--
INFO: Run Behavior\BuildLiteBehavior [ RunTime:0.000031s ]
INFO: [ app_init ] --END-- [ RunTime:0.000537s ]
ERR: 无法加载模块:Public

[ 2016-10-25T17:15:33+08:00 ] ::1 /waibao/Public/css/manager/layout.css
INFO: [ app_init ] --START--
INFO: Run Behavior\BuildLiteBehavior [ RunTime:0.000054s ]
INFO: [ app_init ] --END-- [ RunTime:0.000788s ]
ERR: 无法加载模块:Public

[ 2016-10-25T17:15:33+08:00 ] ::1 /waibao/Public/javascript/jquery-1.12.4.js
INFO: [ app_init ] --START--
INFO: Run Behavior\BuildLiteBehavior [ RunTime:0.000048s ]
INFO: [ app_init ] --END-- [ RunTime:0.000708s ]
ERR: 无法加载模块:Public

[ 2016-10-25T17:18:53+08:00 ] ::1 /waibao/Public/css/manager/layout.css
INFO: [ app_init ] --START--
INFO: Run Behavior\BuildLiteBehavior [ RunTime:0.000055s ]
INFO: [ app_init ] --END-- [ RunTime:0.000937s ]
ERR: 无法加载模块:Public

[ 2016-10-25T17:18:53+08:00 ] ::1 /waibao/Public/javascript/jquery-1.12.4.js
INFO: [ app_init ] --START--
INFO: Run Behavior\BuildLiteBehavior [ RunTime:0.000058s ]
INFO: [ app_init ] --END-- [ RunTime:0.000978s ]
ERR: 无法加载模块:Public

[ 2016-10-25T17:19:27+08:00 ] ::1 /waibao/Public/css/manager/layout.css
INFO: [ app_init ] --START--
INFO: Run Behavior\BuildLiteBehavior [ RunTime:0.000060s ]
INFO: [ app_init ] --END-- [ RunTime:0.000949s ]
ERR: 无法加载模块:Public

[ 2016-10-25T17:19:27+08:00 ] ::1 /waibao/Public/javascript/jquery-1.12.4.js
INFO: [ app_init ] --START--
INFO: Run Behavior\BuildLiteBehavior [ RunTime:0.000058s ]
INFO: [ app_init ] --END-- [ RunTime:0.000902s ]
ERR: 无法加载模块:Public

[ 2016-10-25T17:40:03+08:00 ] ::1 /waibao/Public/javascript/jquery-1.12.4.js
INFO: [ app_init ] --START--
INFO: Run Behavior\BuildLiteBehavior [ RunTime:0.000056s ]
INFO: [ app_init ] --END-- [ RunTime:0.000894s ]
ERR: 无法加载模块:Public

[ 2016-10-25T17:40:03+08:00 ] ::1 /waibao/Public/css/manager/layout.css
INFO: [ app_init ] --START--
INFO: Run Behavior\BuildLiteBehavior [ RunTime:0.000051s ]
INFO: [ app_init ] --END-- [ RunTime:0.000792s ]
ERR: 无法加载模块:Public

[ 2016-10-25T17:43:55+08:00 ] ::1 /waibao/Public/css/manager/layout.css
INFO: [ app_init ] --START--
INFO: Run Behavior\BuildLiteBehavior [ RunTime:0.000052s ]
INFO: [ app_init ] --END-- [ RunTime:0.000724s ]
ERR: 无法加载模块:Public

[ 2016-10-25T17:43:55+08:00 ] ::1 /waibao/Public/javascript/jquery-1.12.4.js
INFO: [ app_init ] --START--
INFO: Run Behavior\BuildLiteBehavior [ RunTime:0.000031s ]
INFO: [ app_init ] --END-- [ RunTime:0.000667s ]
ERR: 无法加载模块:Public

[ 2016-10-25T17:45:04+08:00 ] ::1 /waibao/Public/javascript/jquery-1.12.4.js
INFO: [ app_init ] --START--
INFO: Run Behavior\BuildLiteBehavior [ RunTime:0.000059s ]
INFO: [ app_init ] --END-- [ RunTime:0.000887s ]
ERR: 无法加载模块:Public

[ 2016-10-25T17:45:04+08:00 ] ::1 /waibao/Public/css/manager/layout.css
INFO: [ app_init ] --START--
INFO: Run Behavior\BuildLiteBehavior [ RunTime:0.000051s ]
INFO: [ app_init ] --END-- [ RunTime:0.000658s ]
ERR: 无法加载模块:Public

[ 2016-10-25T17:47:02+08:00 ] ::1 /waibao/Public/javascript/jquery-1.12.4.js
INFO: [ app_init ] --START--
INFO: Run Behavior\BuildLiteBehavior [ RunTime:0.000055s ]
INFO: [ app_init ] --END-- [ RunTime:0.000759s ]
ERR: 无法加载模块:Public

[ 2016-10-25T17:47:02+08:00 ] ::1 /waibao/Public/css/manager/layout.css
INFO: [ app_init ] --START--
INFO: Run Behavior\BuildLiteBehavior [ RunTime:0.000057s ]
INFO: [ app_init ] --END-- [ RunTime:0.000944s ]
ERR: 无法加载模块:Public

[ 2016-10-25T17:56:41+08:00 ] ::1 /waibao/Public/javascript/jquery-1.12.4.js
INFO: [ app_init ] --START--
INFO: Run Behavior\BuildLiteBehavior [ RunTime:0.000050s ]
INFO: [ app_init ] --END-- [ RunTime:0.000727s ]
ERR: 无法加载模块:Public

[ 2016-10-25T17:56:41+08:00 ] ::1 /waibao/Public/css/manager/layout.css
INFO: [ app_init ] --START--
INFO: Run Behavior\BuildLiteBehavior [ RunTime:0.000049s ]
INFO: [ app_init ] --END-- [ RunTime:0.000848s ]
ERR: 无法加载模块:Public

[ 2016-10-25T17:56:50+08:00 ] ::1 /waibao/Public/css/manager/layout.css
INFO: [ app_init ] --START--
INFO: Run Behavior\BuildLiteBehavior [ RunTime:0.000052s ]
INFO: [ app_init ] --END-- [ RunTime:0.000725s ]
ERR: 无法加载模块:Public

[ 2016-10-25T17:56:50+08:00 ] ::1 /waibao/Public/javascript/jquery-1.12.4.js
INFO: [ app_init ] --START--
INFO: Run Behavior\BuildLiteBehavior [ RunTime:0.000057s ]
INFO: [ app_init ] --END-- [ RunTime:0.000814s ]
ERR: 无法加载模块:Public

