[ 2016-11-09T10:34:04+08:00 ] 127.0.0.1 /waibao/index.php/Manager/Trigger/test
INFO: [ app_init ] --START--
INFO: Run Behavior\BuildLiteBehavior [ RunTime:0.000053s ]
INFO: [ app_init ] --END-- [ RunTime:0.024763s ]
INFO: [ app_begin ] --START--
INFO: Run Behavior\ReadHtmlCacheBehavior [ RunTime:0.024847s ]
INFO: [ app_begin ] --END-- [ RunTime:0.025036s ]
NOTIC: [8192] Non-static method Service\Transform::getRuntime() should not be called statically, assuming $this from incompatible context D:\wamp64\www\waibao\Application\Manager\Controller\TriggerController.class.php 第 65 行.
NOTIC: [8] Undefined variable: runtime D:\wamp64\www\waibao\Application\Manager\Controller\TriggerController.class.php 第 66 行.
INFO: [ app_end ] --START--
INFO: Run Behavior\ShowPageTraceBehavior [ RunTime:0.024641s ]
INFO: [ app_end ] --END-- [ RunTime:0.024826s ]

[ 2016-11-09T10:34:26+08:00 ] 127.0.0.1 /waibao/index.php/Manager/Trigger/test
INFO: [ app_init ] --START--
INFO: Run Behavior\BuildLiteBehavior [ RunTime:0.000056s ]
INFO: [ app_init ] --END-- [ RunTime:0.000756s ]
INFO: [ app_begin ] --START--
INFO: Run Behavior\ReadHtmlCacheBehavior [ RunTime:0.000670s ]
INFO: [ app_begin ] --END-- [ RunTime:0.000844s ]
NOTIC: [8192] Non-static method Service\Transform::getRuntime() should not be called statically, assuming $this from incompatible context D:\wamp64\www\waibao\Application\Manager\Controller\TriggerController.class.php 第 65 行.
INFO: [ app_end ] --START--
INFO: Run Behavior\ShowPageTraceBehavior [ RunTime:0.000691s ]
INFO: [ app_end ] --END-- [ RunTime:0.000854s ]

[ 2016-11-09T10:34:57+08:00 ] 127.0.0.1 /waibao/index.php/Manager/Trigger/test
INFO: [ app_init ] --START--
INFO: Run Behavior\BuildLiteBehavior [ RunTime:0.000044s ]
INFO: [ app_init ] --END-- [ RunTime:0.001192s ]
INFO: [ app_begin ] --START--
INFO: Run Behavior\ReadHtmlCacheBehavior [ RunTime:0.000479s ]
INFO: [ app_begin ] --END-- [ RunTime:0.000634s ]
NOTIC: [8192] Non-static method Service\Transform::getRuntime() should not be called statically, assuming $this from incompatible context D:\wamp64\www\waibao\Application\Manager\Controller\TriggerController.class.php 第 65 行.
INFO: [ app_end ] --START--
INFO: Run Behavior\ShowPageTraceBehavior [ RunTime:0.000752s ]
INFO: [ app_end ] --END-- [ RunTime:0.000960s ]

[ 2016-11-09T10:45:36+08:00 ] 127.0.0.1 /waibao/index.php/Manager/Trigger/test
INFO: [ app_init ] --START--
INFO: Run Behavior\BuildLiteBehavior [ RunTime:0.000028s ]
INFO: [ app_init ] --END-- [ RunTime:0.000469s ]
INFO: [ app_begin ] --START--
INFO: Run Behavior\ReadHtmlCacheBehavior [ RunTime:0.000686s ]
INFO: [ app_begin ] --END-- [ RunTime:0.000859s ]
NOTIC: [8192] Non-static method Service\Transform::getRuntime() should not be called statically, assuming $this from incompatible context D:\wamp64\www\waibao\Application\Manager\Controller\TriggerController.class.php 第 65 行.
INFO: [ app_end ] --START--
INFO: Run Behavior\ShowPageTraceBehavior [ RunTime:0.000632s ]
INFO: [ app_end ] --END-- [ RunTime:0.000776s ]

[ 2016-11-09T10:45:52+08:00 ] 127.0.0.1 /waibao/index.php/Manager/Trigger/test
INFO: [ app_init ] --START--
INFO: Run Behavior\BuildLiteBehavior [ RunTime:0.000031s ]
INFO: [ app_init ] --END-- [ RunTime:0.000594s ]
INFO: [ app_begin ] --START--
INFO: Run Behavior\ReadHtmlCacheBehavior [ RunTime:0.000460s ]
INFO: [ app_begin ] --END-- [ RunTime:0.000596s ]
NOTIC: [8192] Non-static method Service\Transform::getRuntime() should not be called statically, assuming $this from incompatible context D:\wamp64\www\waibao\Application\Manager\Controller\TriggerController.class.php 第 65 行.
INFO: [ app_end ] --START--
INFO: Run Behavior\ShowPageTraceBehavior [ RunTime:0.000469s ]
INFO: [ app_end ] --END-- [ RunTime:0.000600s ]

[ 2016-11-09T10:45:53+08:00 ] 127.0.0.1 /waibao/index.php/Manager/Trigger/test
INFO: [ app_init ] --START--
INFO: Run Behavior\BuildLiteBehavior [ RunTime:0.000030s ]
INFO: [ app_init ] --END-- [ RunTime:0.000454s ]
INFO: [ app_begin ] --START--
INFO: Run Behavior\ReadHtmlCacheBehavior [ RunTime:0.000479s ]
INFO: [ app_begin ] --END-- [ RunTime:0.000619s ]
NOTIC: [8192] Non-static method Service\Transform::getRuntime() should not be called statically, assuming $this from incompatible context D:\wamp64\www\waibao\Application\Manager\Controller\TriggerController.class.php 第 65 行.
INFO: [ app_end ] --START--
INFO: Run Behavior\ShowPageTraceBehavior [ RunTime:0.000467s ]
INFO: [ app_end ] --END-- [ RunTime:0.000600s ]

[ 2016-11-09T10:45:53+08:00 ] 127.0.0.1 /waibao/index.php/Manager/Trigger/test
INFO: [ app_init ] --START--
INFO: Run Behavior\BuildLiteBehavior [ RunTime:0.000029s ]
INFO: [ app_init ] --END-- [ RunTime:0.000427s ]
INFO: [ app_begin ] --START--
INFO: Run Behavior\ReadHtmlCacheBehavior [ RunTime:0.000449s ]
INFO: [ app_begin ] --END-- [ RunTime:0.000583s ]
NOTIC: [8192] Non-static method Service\Transform::getRuntime() should not be called statically, assuming $this from incompatible context D:\wamp64\www\waibao\Application\Manager\Controller\TriggerController.class.php 第 65 行.
INFO: [ app_end ] --START--
INFO: Run Behavior\ShowPageTraceBehavior [ RunTime:0.000862s ]
INFO: [ app_end ] --END-- [ RunTime:0.001074s ]

[ 2016-11-09T10:54:36+08:00 ] 127.0.0.1 /waibao/index.php/Manager/Trigger/test
INFO: [ app_init ] --START--
INFO: Run Behavior\BuildLiteBehavior [ RunTime:0.000029s ]
INFO: [ app_init ] --END-- [ RunTime:0.000486s ]
INFO: [ app_begin ] --START--
INFO: Run Behavior\ReadHtmlCacheBehavior [ RunTime:0.000545s ]
INFO: [ app_begin ] --END-- [ RunTime:0.000682s ]
NOTIC: [8192] Non-static method Service\Transform::getRuntime() should not be called statically, assuming $this from incompatible context D:\wamp64\www\waibao\Application\Manager\Controller\TriggerController.class.php 第 65 行.
INFO: [ app_end ] --START--
INFO: Run Behavior\ShowPageTraceBehavior [ RunTime:0.000939s ]
INFO: [ app_end ] --END-- [ RunTime:0.001194s ]

[ 2016-11-09T11:06:16+08:00 ] 127.0.0.1 /waibao/index.php/Manager/Trigger/test
INFO: [ app_init ] --START--
INFO: Run Behavior\BuildLiteBehavior [ RunTime:0.000031s ]
INFO: [ app_init ] --END-- [ RunTime:0.000685s ]
INFO: [ app_begin ] --START--
INFO: Run Behavior\ReadHtmlCacheBehavior [ RunTime:0.000553s ]
INFO: [ app_begin ] --END-- [ RunTime:0.000693s ]
NOTIC: [8192] Non-static method Service\Transform::getRuntime() should not be called statically, assuming $this from incompatible context D:\wamp64\www\waibao\Application\Manager\Controller\TriggerController.class.php 第 65 行.
INFO: [ app_end ] --START--
INFO: Run Behavior\ShowPageTraceBehavior [ RunTime:0.000552s ]
INFO: [ app_end ] --END-- [ RunTime:0.000686s ]

[ 2016-11-09T11:20:40+08:00 ] 127.0.0.1 /waibao/index.php/Manager/Trigger/test
INFO: [ app_init ] --START--
INFO: Run Behavior\BuildLiteBehavior [ RunTime:0.000052s ]
INFO: [ app_init ] --END-- [ RunTime:0.001615s ]
INFO: [ app_begin ] --START--
INFO: Run Behavior\ReadHtmlCacheBehavior [ RunTime:0.031929s ]
INFO: [ app_begin ] --END-- [ RunTime:0.032151s ]
NOTIC: [8192] Non-static method Service\Transform::getRuntime() should not be called statically, assuming $this from incompatible context D:\wamp64\www\waibao\Application\Manager\Controller\TriggerController.class.php 第 65 行.
INFO: [ app_end ] --START--
INFO: Run Behavior\ShowPageTraceBehavior [ RunTime:0.008944s ]
INFO: [ app_end ] --END-- [ RunTime:0.009182s ]

[ 2016-11-09T11:20:48+08:00 ] 127.0.0.1 /waibao/index.php/Manager/Trigger/test
INFO: [ app_init ] --START--
INFO: Run Behavior\BuildLiteBehavior [ RunTime:0.000029s ]
INFO: [ app_init ] --END-- [ RunTime:0.000476s ]
INFO: [ app_begin ] --START--
INFO: Run Behavior\ReadHtmlCacheBehavior [ RunTime:0.000450s ]
INFO: [ app_begin ] --END-- [ RunTime:0.000589s ]
NOTIC: [8192] Non-static method Service\Transform::getRuntime() should not be called statically, assuming $this from incompatible context D:\wamp64\www\waibao\Application\Manager\Controller\TriggerController.class.php 第 65 行.
INFO: [ app_end ] --START--
INFO: Run Behavior\ShowPageTraceBehavior [ RunTime:0.000738s ]
INFO: [ app_end ] --END-- [ RunTime:0.000971s ]

[ 2016-11-09T11:27:24+08:00 ] 127.0.0.1 /waibao/index.php/Manager/Trigger/test
INFO: [ app_init ] --START--
INFO: Run Behavior\BuildLiteBehavior [ RunTime:0.000029s ]
INFO: [ app_init ] --END-- [ RunTime:0.000474s ]
INFO: [ app_begin ] --START--
INFO: Run Behavior\ReadHtmlCacheBehavior [ RunTime:0.000557s ]
INFO: [ app_begin ] --END-- [ RunTime:0.000708s ]
NOTIC: [8192] Non-static method Service\Transform::getRuntime() should not be called statically, assuming $this from incompatible context D:\wamp64\www\waibao\Application\Manager\Controller\TriggerController.class.php 第 65 行.
INFO: [ app_end ] --START--
INFO: Run Behavior\ShowPageTraceBehavior [ RunTime:0.000557s ]
INFO: [ app_end ] --END-- [ RunTime:0.000800s ]

[ 2016-11-09T11:27:25+08:00 ] 127.0.0.1 /waibao/index.php/Manager/Trigger/test
INFO: [ app_init ] --START--
INFO: Run Behavior\BuildLiteBehavior [ RunTime:0.000028s ]
INFO: [ app_init ] --END-- [ RunTime:0.000432s ]
INFO: [ app_begin ] --START--
INFO: Run Behavior\ReadHtmlCacheBehavior [ RunTime:0.000445s ]
INFO: [ app_begin ] --END-- [ RunTime:0.000580s ]
NOTIC: [8192] Non-static method Service\Transform::getRuntime() should not be called statically, assuming $this from incompatible context D:\wamp64\www\waibao\Application\Manager\Controller\TriggerController.class.php 第 65 行.
INFO: [ app_end ] --START--
INFO: Run Behavior\ShowPageTraceBehavior [ RunTime:0.000468s ]
INFO: [ app_end ] --END-- [ RunTime:0.000601s ]

[ 2016-11-09T11:27:26+08:00 ] 127.0.0.1 /waibao/index.php/Manager/Trigger/test
INFO: [ app_init ] --START--
INFO: Run Behavior\BuildLiteBehavior [ RunTime:0.000029s ]
INFO: [ app_init ] --END-- [ RunTime:0.000430s ]
INFO: [ app_begin ] --START--
INFO: Run Behavior\ReadHtmlCacheBehavior [ RunTime:0.000448s ]
INFO: [ app_begin ] --END-- [ RunTime:0.000584s ]
NOTIC: [8192] Non-static method Service\Transform::getRuntime() should not be called statically, assuming $this from incompatible context D:\wamp64\www\waibao\Application\Manager\Controller\TriggerController.class.php 第 65 行.
INFO: [ app_end ] --START--
INFO: Run Behavior\ShowPageTraceBehavior [ RunTime:0.000667s ]
INFO: [ app_end ] --END-- [ RunTime:0.000889s ]

[ 2016-11-09T11:27:26+08:00 ] 127.0.0.1 /waibao/index.php/Manager/Trigger/test
INFO: [ app_init ] --START--
INFO: Run Behavior\BuildLiteBehavior [ RunTime:0.000029s ]
INFO: [ app_init ] --END-- [ RunTime:0.000436s ]
INFO: [ app_begin ] --START--
INFO: Run Behavior\ReadHtmlCacheBehavior [ RunTime:0.000447s ]
INFO: [ app_begin ] --END-- [ RunTime:0.000582s ]
NOTIC: [8192] Non-static method Service\Transform::getRuntime() should not be called statically, assuming $this from incompatible context D:\wamp64\www\waibao\Application\Manager\Controller\TriggerController.class.php 第 65 行.
INFO: [ app_end ] --START--
INFO: Run Behavior\ShowPageTraceBehavior [ RunTime:0.000470s ]
INFO: [ app_end ] --END-- [ RunTime:0.000602s ]

[ 2016-11-09T11:27:26+08:00 ] 127.0.0.1 /waibao/index.php/Manager/Trigger/test
INFO: [ app_init ] --START--
INFO: Run Behavior\BuildLiteBehavior [ RunTime:0.000028s ]
INFO: [ app_init ] --END-- [ RunTime:0.000430s ]
INFO: [ app_begin ] --START--
INFO: Run Behavior\ReadHtmlCacheBehavior [ RunTime:0.000777s ]
INFO: [ app_begin ] --END-- [ RunTime:0.001050s ]
NOTIC: [8192] Non-static method Service\Transform::getRuntime() should not be called statically, assuming $this from incompatible context D:\wamp64\www\waibao\Application\Manager\Controller\TriggerController.class.php 第 65 行.
INFO: [ app_end ] --START--
INFO: Run Behavior\ShowPageTraceBehavior [ RunTime:0.000492s ]
INFO: [ app_end ] --END-- [ RunTime:0.000629s ]

[ 2016-11-09T11:27:27+08:00 ] 127.0.0.1 /waibao/index.php/Manager/Trigger/test
INFO: [ app_init ] --START--
INFO: Run Behavior\BuildLiteBehavior [ RunTime:0.000046s ]
INFO: [ app_init ] --END-- [ RunTime:0.000573s ]
INFO: [ app_begin ] --START--
INFO: Run Behavior\ReadHtmlCacheBehavior [ RunTime:0.000504s ]
INFO: [ app_begin ] --END-- [ RunTime:0.000681s ]
NOTIC: [8192] Non-static method Service\Transform::getRuntime() should not be called statically, assuming $this from incompatible context D:\wamp64\www\waibao\Application\Manager\Controller\TriggerController.class.php 第 65 行.
INFO: [ app_end ] --START--
INFO: Run Behavior\ShowPageTraceBehavior [ RunTime:0.000468s ]
INFO: [ app_end ] --END-- [ RunTime:0.000599s ]

[ 2016-11-09T11:27:27+08:00 ] 127.0.0.1 /waibao/index.php/Manager/Trigger/test
INFO: [ app_init ] --START--
INFO: Run Behavior\BuildLiteBehavior [ RunTime:0.000030s ]
INFO: [ app_init ] --END-- [ RunTime:0.000452s ]
INFO: [ app_begin ] --START--
INFO: Run Behavior\ReadHtmlCacheBehavior [ RunTime:0.000700s ]
INFO: [ app_begin ] --END-- [ RunTime:0.000942s ]
NOTIC: [8192] Non-static method Service\Transform::getRuntime() should not be called statically, assuming $this from incompatible context D:\wamp64\www\waibao\Application\Manager\Controller\TriggerController.class.php 第 65 行.
INFO: [ app_end ] --START--
INFO: Run Behavior\ShowPageTraceBehavior [ RunTime:0.000687s ]
INFO: [ app_end ] --END-- [ RunTime:0.000916s ]

[ 2016-11-09T11:34:47+08:00 ] 127.0.0.1 /waibao/index.php/Manager/Trigger/test
INFO: [ app_init ] --START--
INFO: Run Behavior\BuildLiteBehavior [ RunTime:0.000029s ]
INFO: [ app_init ] --END-- [ RunTime:0.000471s ]
INFO: [ app_begin ] --START--
INFO: Run Behavior\ReadHtmlCacheBehavior [ RunTime:0.000690s ]
INFO: [ app_begin ] --END-- [ RunTime:0.000842s ]

[ 2016-11-09T11:35:05+08:00 ] 127.0.0.1 /waibao/index.php/Manager/Trigger/test
INFO: [ app_init ] --START--
INFO: Run Behavior\BuildLiteBehavior [ RunTime:0.000036s ]
INFO: [ app_init ] --END-- [ RunTime:0.000610s ]
INFO: [ app_begin ] --START--
INFO: Run Behavior\ReadHtmlCacheBehavior [ RunTime:0.000558s ]
INFO: [ app_begin ] --END-- [ RunTime:0.000732s ]
NOTIC: [8192] Non-static method Service\Transform::getRuntime() should not be called statically, assuming $this from incompatible context D:\wamp64\www\waibao\Application\Manager\Controller\TriggerController.class.php 第 65 行.
INFO: [ app_end ] --START--
INFO: Run Behavior\ShowPageTraceBehavior [ RunTime:0.000692s ]
INFO: [ app_end ] --END-- [ RunTime:0.000868s ]

[ 2016-11-09T11:35:36+08:00 ] 127.0.0.1 /waibao/index.php/Manager/Trigger/test
INFO: [ app_init ] --START--
INFO: Run Behavior\BuildLiteBehavior [ RunTime:0.000033s ]
INFO: [ app_init ] --END-- [ RunTime:0.000486s ]
INFO: [ app_begin ] --START--
INFO: Run Behavior\ReadHtmlCacheBehavior [ RunTime:0.000453s ]
INFO: [ app_begin ] --END-- [ RunTime:0.000591s ]
NOTIC: [8192] Non-static method Service\Transform::getRuntime() should not be called statically, assuming $this from incompatible context D:\wamp64\www\waibao\Application\Manager\Controller\TriggerController.class.php 第 65 行.
INFO: [ app_end ] --START--
INFO: Run Behavior\ShowPageTraceBehavior [ RunTime:0.000559s ]
INFO: [ app_end ] --END-- [ RunTime:0.000696s ]

[ 2016-11-09T11:35:46+08:00 ] 127.0.0.1 /waibao/index.php/Manager/Trigger/test
INFO: [ app_init ] --START--
INFO: Run Behavior\BuildLiteBehavior [ RunTime:0.000028s ]
INFO: [ app_init ] --END-- [ RunTime:0.000428s ]
INFO: [ app_begin ] --START--
INFO: Run Behavior\ReadHtmlCacheBehavior [ RunTime:0.000446s ]
INFO: [ app_begin ] --END-- [ RunTime:0.000582s ]
NOTIC: [8192] Non-static method Service\Transform::getRuntime() should not be called statically, assuming $this from incompatible context D:\wamp64\www\waibao\Application\Manager\Controller\TriggerController.class.php 第 65 行.
INFO: [ app_end ] --START--
INFO: Run Behavior\ShowPageTraceBehavior [ RunTime:0.000603s ]
INFO: [ app_end ] --END-- [ RunTime:0.000752s ]

[ 2016-11-09T11:36:00+08:00 ] 127.0.0.1 /waibao/index.php/Manager/Trigger/test
INFO: [ app_init ] --START--
INFO: Run Behavior\BuildLiteBehavior [ RunTime:0.000030s ]
INFO: [ app_init ] --END-- [ RunTime:0.000443s ]
INFO: [ app_begin ] --START--
INFO: Run Behavior\ReadHtmlCacheBehavior [ RunTime:0.000453s ]
INFO: [ app_begin ] --END-- [ RunTime:0.000589s ]
NOTIC: [8192] Non-static method Service\Transform::getRuntime() should not be called statically, assuming $this from incompatible context D:\wamp64\www\waibao\Application\Manager\Controller\TriggerController.class.php 第 65 行.
INFO: [ app_end ] --START--
INFO: Run Behavior\ShowPageTraceBehavior [ RunTime:0.000474s ]
INFO: [ app_end ] --END-- [ RunTime:0.000609s ]

[ 2016-11-09T11:36:51+08:00 ] 127.0.0.1 /waibao/index.php/Manager/Trigger/test
INFO: [ app_init ] --START--
INFO: Run Behavior\BuildLiteBehavior [ RunTime:0.000030s ]
INFO: [ app_init ] --END-- [ RunTime:0.000475s ]
INFO: [ app_begin ] --START--
INFO: Run Behavior\ReadHtmlCacheBehavior [ RunTime:0.000550s ]
INFO: [ app_begin ] --END-- [ RunTime:0.000688s ]
NOTIC: [8192] Non-static method Service\Transform::getRuntime() should not be called statically, assuming $this from incompatible context D:\wamp64\www\waibao\Application\Manager\Controller\TriggerController.class.php 第 65 行.
NOTIC: [8] Undefined variable: days D:\wamp64\www\waibao\Application\Manager\Controller\transform.php 第 168 行.
INFO: [ app_end ] --START--
INFO: Run Behavior\ShowPageTraceBehavior [ RunTime:0.000520s ]
INFO: [ app_end ] --END-- [ RunTime:0.000657s ]

[ 2016-11-09T11:37:43+08:00 ] 127.0.0.1 /waibao/index.php/Manager/Trigger/test
INFO: [ app_init ] --START--
INFO: Run Behavior\BuildLiteBehavior [ RunTime:0.000029s ]
INFO: [ app_init ] --END-- [ RunTime:0.000443s ]
INFO: [ app_begin ] --START--
INFO: Run Behavior\ReadHtmlCacheBehavior [ RunTime:0.000452s ]
INFO: [ app_begin ] --END-- [ RunTime:0.000588s ]
NOTIC: [8192] Non-static method Service\Transform::getRuntime() should not be called statically, assuming $this from incompatible context D:\wamp64\www\waibao\Application\Manager\Controller\TriggerController.class.php 第 65 行.
NOTIC: [8] Undefined variable: days D:\wamp64\www\waibao\Application\Manager\Controller\transform.php 第 168 行.
INFO: [ app_end ] --START--
INFO: Run Behavior\ShowPageTraceBehavior [ RunTime:0.000554s ]
INFO: [ app_end ] --END-- [ RunTime:0.000693s ]

[ 2016-11-09T11:38:07+08:00 ] 127.0.0.1 /waibao/index.php/Manager/Trigger/test
INFO: [ app_init ] --START--
INFO: Run Behavior\BuildLiteBehavior [ RunTime:0.000053s ]
INFO: [ app_init ] --END-- [ RunTime:0.000675s ]
INFO: [ app_begin ] --START--
INFO: Run Behavior\ReadHtmlCacheBehavior [ RunTime:0.000454s ]
INFO: [ app_begin ] --END-- [ RunTime:0.000592s ]
NOTIC: [8192] Non-static method Service\Transform::getRuntime() should not be called statically, assuming $this from incompatible context D:\wamp64\www\waibao\Application\Manager\Controller\TriggerController.class.php 第 65 行.
NOTIC: [8] Undefined variable: days D:\wamp64\www\waibao\Application\Manager\Controller\transform.php 第 168 行.
INFO: [ app_end ] --START--
INFO: Run Behavior\ShowPageTraceBehavior [ RunTime:0.000490s ]
INFO: [ app_end ] --END-- [ RunTime:0.000620s ]

