[ 2016-12-05T13:45:43+08:00 ] 127.0.0.1 /waibao/index.php/Manager/Index/index
INFO: [ app_init ] --START--
INFO: Run Behavior\BuildLiteBehavior [ RunTime:0.000030s ]
INFO: [ app_init ] --END-- [ RunTime:0.000505s ]
INFO: [ app_begin ] --START--
INFO: Run Behavior\ReadHtmlCacheBehavior [ RunTime:0.001643s ]
INFO: [ app_begin ] --END-- [ RunTime:0.002245s ]

[ 2016-12-05T13:47:26+08:00 ] 127.0.0.1 /waibao/index.php/Manager/Index/index
INFO: [ app_init ] --START--
INFO: Run Behavior\BuildLiteBehavior [ RunTime:0.000038s ]
INFO: [ app_init ] --END-- [ RunTime:0.000847s ]
INFO: [ app_begin ] --START--
INFO: Run Behavior\ReadHtmlCacheBehavior [ RunTime:0.001134s ]
INFO: [ app_begin ] --END-- [ RunTime:0.001317s ]

[ 2016-12-05T13:51:32+08:00 ] 127.0.0.1 /waibao/index.php/Manager/Account/index
INFO: [ app_init ] --START--
INFO: Run Behavior\BuildLiteBehavior [ RunTime:0.000035s ]
INFO: [ app_init ] --END-- [ RunTime:0.000546s ]
INFO: [ app_begin ] --START--
INFO: Run Behavior\ReadHtmlCacheBehavior [ RunTime:0.000686s ]
INFO: [ app_begin ] --END-- [ RunTime:0.000890s ]
INFO: [ view_parse ] --START--
INFO: [ template_filter ] --START--
INFO: Run Behavior\ContentReplaceBehavior [ RunTime:0.000106s ]
INFO: [ template_filter ] --END-- [ RunTime:0.000271s ]
NOTIC: [8] Undefined variable: navbarColor D:\wamp64\www\waibao\Application\Runtime\Cache\Manager\60db7d3fe1a79d4805f39def7d288eff.php 第 24 行.
NOTIC: [8] Undefined variable: navbarColor D:\wamp64\www\waibao\Application\Runtime\Cache\Manager\60db7d3fe1a79d4805f39def7d288eff.php 第 25 行.
NOTIC: [8] Undefined variable: navbarColor D:\wamp64\www\waibao\Application\Runtime\Cache\Manager\60db7d3fe1a79d4805f39def7d288eff.php 第 26 行.
NOTIC: [8] Undefined variable: navbarColor D:\wamp64\www\waibao\Application\Runtime\Cache\Manager\60db7d3fe1a79d4805f39def7d288eff.php 第 27 行.
NOTIC: [8] Undefined variable: navbarColor D:\wamp64\www\waibao\Application\Runtime\Cache\Manager\60db7d3fe1a79d4805f39def7d288eff.php 第 28 行.
INFO: Run Behavior\ParseTemplateBehavior [ RunTime:0.060138s ]
INFO: [ view_parse ] --END-- [ RunTime:0.060284s ]
INFO: [ view_filter ] --START--
INFO: Run Behavior\WriteHtmlCacheBehavior [ RunTime:0.000628s ]
INFO: [ view_filter ] --END-- [ RunTime:0.000796s ]
INFO: [ app_end ] --START--
INFO: Run Behavior\ShowPageTraceBehavior [ RunTime:0.001057s ]
INFO: [ app_end ] --END-- [ RunTime:0.001302s ]

[ 2016-12-05T13:51:47+08:00 ] 127.0.0.1 /waibao/index.php/Manager/Account/login.html
INFO: [ app_init ] --START--
INFO: Run Behavior\BuildLiteBehavior [ RunTime:0.000058s ]
INFO: [ app_init ] --END-- [ RunTime:0.000890s ]
INFO: [ app_begin ] --START--
INFO: Run Behavior\ReadHtmlCacheBehavior [ RunTime:0.001027s ]
INFO: [ app_begin ] --END-- [ RunTime:0.001315s ]
SQL: SHOW COLUMNS FROM `admin` [ RunTime:0.0219s ]
SQL: SELECT * FROM `admin` WHERE `username` = 'xuyuanfan1' AND `password` = '123' LIMIT 1   [ RunTime:0.0004s ]

[ 2016-12-05T13:51:48+08:00 ] 127.0.0.1 /waibao/index.php/Manager/Account/index.html
INFO: [ app_init ] --START--
INFO: Run Behavior\BuildLiteBehavior [ RunTime:0.000051s ]
INFO: [ app_init ] --END-- [ RunTime:0.000764s ]
INFO: [ app_begin ] --START--
INFO: Run Behavior\ReadHtmlCacheBehavior [ RunTime:0.000859s ]
INFO: [ app_begin ] --END-- [ RunTime:0.001103s ]
INFO: [ view_parse ] --START--
INFO: [ template_filter ] --START--
INFO: Run Behavior\ContentReplaceBehavior [ RunTime:0.000092s ]
INFO: [ template_filter ] --END-- [ RunTime:0.000255s ]
NOTIC: [8] Undefined variable: navbarColor D:\wamp64\www\waibao\Application\Runtime\Cache\Manager\60db7d3fe1a79d4805f39def7d288eff.php 第 24 行.
NOTIC: [8] Undefined variable: navbarColor D:\wamp64\www\waibao\Application\Runtime\Cache\Manager\60db7d3fe1a79d4805f39def7d288eff.php 第 25 行.
NOTIC: [8] Undefined variable: navbarColor D:\wamp64\www\waibao\Application\Runtime\Cache\Manager\60db7d3fe1a79d4805f39def7d288eff.php 第 26 行.
NOTIC: [8] Undefined variable: navbarColor D:\wamp64\www\waibao\Application\Runtime\Cache\Manager\60db7d3fe1a79d4805f39def7d288eff.php 第 27 行.
NOTIC: [8] Undefined variable: navbarColor D:\wamp64\www\waibao\Application\Runtime\Cache\Manager\60db7d3fe1a79d4805f39def7d288eff.php 第 28 行.
INFO: Run Behavior\ParseTemplateBehavior [ RunTime:0.020215s ]
INFO: [ view_parse ] --END-- [ RunTime:0.020373s ]
INFO: [ view_filter ] --START--
INFO: Run Behavior\WriteHtmlCacheBehavior [ RunTime:0.000591s ]
INFO: [ view_filter ] --END-- [ RunTime:0.000748s ]
INFO: [ app_end ] --START--
INFO: Run Behavior\ShowPageTraceBehavior [ RunTime:0.000804s ]
INFO: [ app_end ] --END-- [ RunTime:0.000932s ]

[ 2016-12-05T13:52:24+08:00 ] 127.0.0.1 /waibao/index.php/Manager/Account/login.html
INFO: [ app_init ] --START--
INFO: Run Behavior\BuildLiteBehavior [ RunTime:0.000030s ]
INFO: [ app_init ] --END-- [ RunTime:0.000464s ]
INFO: [ app_begin ] --START--
INFO: Run Behavior\ReadHtmlCacheBehavior [ RunTime:0.000652s ]
INFO: [ app_begin ] --END-- [ RunTime:0.000814s ]
SQL: SHOW COLUMNS FROM `admin` [ RunTime:0.0010s ]
SQL: SELECT * FROM `admin` WHERE `username` = 'admin' AND `password` = '123' LIMIT 1   [ RunTime:0.0004s ]

[ 2016-12-05T13:52:24+08:00 ] 127.0.0.1 /waibao/index.php/Manager/Collect/index.html
INFO: [ app_init ] --START--
INFO: Run Behavior\BuildLiteBehavior [ RunTime:0.000028s ]
INFO: [ app_init ] --END-- [ RunTime:0.000443s ]
INFO: [ app_begin ] --START--
INFO: Run Behavior\ReadHtmlCacheBehavior [ RunTime:0.000483s ]
INFO: [ app_begin ] --END-- [ RunTime:0.000625s ]
INFO: [ view_parse ] --START--
INFO: [ template_filter ] --START--
INFO: Run Behavior\ContentReplaceBehavior [ RunTime:0.000093s ]
INFO: [ template_filter ] --END-- [ RunTime:0.000259s ]
NOTIC: [8] Undefined variable: pageShow D:\wamp64\www\waibao\Application\Runtime\Cache\Manager\5dcb3baa0ed527d598adceedf305806e.php 第 69 行.
INFO: Run Behavior\ParseTemplateBehavior [ RunTime:0.067881s ]
INFO: [ view_parse ] --END-- [ RunTime:0.068073s ]
INFO: [ view_filter ] --START--
INFO: Run Behavior\WriteHtmlCacheBehavior [ RunTime:0.000440s ]
INFO: [ view_filter ] --END-- [ RunTime:0.000573s ]
INFO: [ app_end ] --START--
INFO: Run Behavior\ShowPageTraceBehavior [ RunTime:0.000612s ]
INFO: [ app_end ] --END-- [ RunTime:0.000743s ]

[ 2016-12-05T13:52:33+08:00 ] 127.0.0.1 /waibao/index.php/Manager/Guess/index.html
INFO: [ app_init ] --START--
INFO: Run Behavior\BuildLiteBehavior [ RunTime:0.000030s ]
INFO: [ app_init ] --END-- [ RunTime:0.000481s ]
INFO: [ app_begin ] --START--
INFO: Run Behavior\ReadHtmlCacheBehavior [ RunTime:0.000514s ]
INFO: [ app_begin ] --END-- [ RunTime:0.000663s ]
INFO: [ view_parse ] --START--
INFO: [ template_filter ] --START--
INFO: Run Behavior\ContentReplaceBehavior [ RunTime:0.000135s ]
INFO: [ template_filter ] --END-- [ RunTime:0.000347s ]
NOTIC: [8] Undefined offset: 19 D:\wamp64\www\waibao\Application\Runtime\Cache\Manager\89e377e994c972504e8e4abbd6e8bce7.php 第 71 行.
NOTIC: [8] Undefined offset: 20 D:\wamp64\www\waibao\Application\Runtime\Cache\Manager\89e377e994c972504e8e4abbd6e8bce7.php 第 72 行.
NOTIC: [8] Undefined offset: 21 D:\wamp64\www\waibao\Application\Runtime\Cache\Manager\89e377e994c972504e8e4abbd6e8bce7.php 第 72 行.
NOTIC: [8] Undefined offset: 22 D:\wamp64\www\waibao\Application\Runtime\Cache\Manager\89e377e994c972504e8e4abbd6e8bce7.php 第 73 行.
NOTIC: [8] Undefined offset: 23 D:\wamp64\www\waibao\Application\Runtime\Cache\Manager\89e377e994c972504e8e4abbd6e8bce7.php 第 73 行.
NOTIC: [8] Undefined offset: 24 D:\wamp64\www\waibao\Application\Runtime\Cache\Manager\89e377e994c972504e8e4abbd6e8bce7.php 第 74 行.
NOTIC: [8] Undefined offset: 25 D:\wamp64\www\waibao\Application\Runtime\Cache\Manager\89e377e994c972504e8e4abbd6e8bce7.php 第 74 行.
NOTIC: [8] Undefined offset: 26 D:\wamp64\www\waibao\Application\Runtime\Cache\Manager\89e377e994c972504e8e4abbd6e8bce7.php 第 75 行.
NOTIC: [8] Undefined offset: 27 D:\wamp64\www\waibao\Application\Runtime\Cache\Manager\89e377e994c972504e8e4abbd6e8bce7.php 第 75 行.
NOTIC: [8] Undefined offset: 11 D:\wamp64\www\waibao\Application\Runtime\Cache\Manager\89e377e994c972504e8e4abbd6e8bce7.php 第 67 行.
NOTIC: [8] Undefined offset: 12 D:\wamp64\www\waibao\Application\Runtime\Cache\Manager\89e377e994c972504e8e4abbd6e8bce7.php 第 68 行.
NOTIC: [8] Undefined offset: 13 D:\wamp64\www\waibao\Application\Runtime\Cache\Manager\89e377e994c972504e8e4abbd6e8bce7.php 第 68 行.
NOTIC: [8] Undefined offset: 14 D:\wamp64\www\waibao\Application\Runtime\Cache\Manager\89e377e994c972504e8e4abbd6e8bce7.php 第 69 行.
NOTIC: [8] Undefined offset: 15 D:\wamp64\www\waibao\Application\Runtime\Cache\Manager\89e377e994c972504e8e4abbd6e8bce7.php 第 69 行.
NOTIC: [8] Undefined offset: 16 D:\wamp64\www\waibao\Application\Runtime\Cache\Manager\89e377e994c972504e8e4abbd6e8bce7.php 第 70 行.
NOTIC: [8] Undefined offset: 17 D:\wamp64\www\waibao\Application\Runtime\Cache\Manager\89e377e994c972504e8e4abbd6e8bce7.php 第 70 行.
NOTIC: [8] Undefined offset: 18 D:\wamp64\www\waibao\Application\Runtime\Cache\Manager\89e377e994c972504e8e4abbd6e8bce7.php 第 71 行.
NOTIC: [8] Undefined offset: 19 D:\wamp64\www\waibao\Application\Runtime\Cache\Manager\89e377e994c972504e8e4abbd6e8bce7.php 第 71 行.
NOTIC: [8] Undefined offset: 20 D:\wamp64\www\waibao\Application\Runtime\Cache\Manager\89e377e994c972504e8e4abbd6e8bce7.php 第 72 行.
NOTIC: [8] Undefined offset: 21 D:\wamp64\www\waibao\Application\Runtime\Cache\Manager\89e377e994c972504e8e4abbd6e8bce7.php 第 72 行.
NOTIC: [8] Undefined offset: 22 D:\wamp64\www\waibao\Application\Runtime\Cache\Manager\89e377e994c972504e8e4abbd6e8bce7.php 第 73 行.
NOTIC: [8] Undefined offset: 23 D:\wamp64\www\waibao\Application\Runtime\Cache\Manager\89e377e994c972504e8e4abbd6e8bce7.php 第 73 行.
NOTIC: [8] Undefined offset: 24 D:\wamp64\www\waibao\Application\Runtime\Cache\Manager\89e377e994c972504e8e4abbd6e8bce7.php 第 74 行.
NOTIC: [8] Undefined offset: 25 D:\wamp64\www\waibao\Application\Runtime\Cache\Manager\89e377e994c972504e8e4abbd6e8bce7.php 第 74 行.
NOTIC: [8] Undefined offset: 26 D:\wamp64\www\waibao\Application\Runtime\Cache\Manager\89e377e994c972504e8e4abbd6e8bce7.php 第 75 行.
NOTIC: [8] Undefined offset: 27 D:\wamp64\www\waibao\Application\Runtime\Cache\Manager\89e377e994c972504e8e4abbd6e8bce7.php 第 75 行.
NOTIC: [8] Undefined variable: pageShow D:\wamp64\www\waibao\Application\Runtime\Cache\Manager\89e377e994c972504e8e4abbd6e8bce7.php 第 79 行.
INFO: Run Behavior\ParseTemplateBehavior [ RunTime:0.070214s ]
INFO: [ view_parse ] --END-- [ RunTime:0.070575s ]
INFO: [ view_filter ] --START--
INFO: Run Behavior\WriteHtmlCacheBehavior [ RunTime:0.000574s ]
INFO: [ view_filter ] --END-- [ RunTime:0.000755s ]
INFO: [ app_end ] --START--
INFO: Run Behavior\ShowPageTraceBehavior [ RunTime:0.000700s ]
INFO: [ app_end ] --END-- [ RunTime:0.000927s ]

[ 2016-12-05T13:52:38+08:00 ] 127.0.0.1 /waibao/index.php/Manager/Transform/index.html
INFO: [ app_init ] --START--
INFO: Run Behavior\BuildLiteBehavior [ RunTime:0.000051s ]
INFO: [ app_init ] --END-- [ RunTime:0.000733s ]
INFO: [ app_begin ] --START--
INFO: Run Behavior\ReadHtmlCacheBehavior [ RunTime:0.000729s ]
INFO: [ app_begin ] --END-- [ RunTime:0.000881s ]
INFO: [ view_parse ] --START--
INFO: [ template_filter ] --START--
INFO: Run Behavior\ContentReplaceBehavior [ RunTime:0.000092s ]
INFO: [ template_filter ] --END-- [ RunTime:0.000256s ]
NOTIC: [8] Undefined variable: pageShow D:\wamp64\www\waibao\Application\Runtime\Cache\Manager\d950cb49b196fc936d473d01f6740649.php 第 63 行.
INFO: Run Behavior\ParseTemplateBehavior [ RunTime:0.054005s ]
INFO: [ view_parse ] --END-- [ RunTime:0.054210s ]
INFO: [ view_filter ] --START--
INFO: Run Behavior\WriteHtmlCacheBehavior [ RunTime:0.000446s ]
INFO: [ view_filter ] --END-- [ RunTime:0.000592s ]
INFO: [ app_end ] --START--
INFO: Run Behavior\ShowPageTraceBehavior [ RunTime:0.000616s ]
INFO: [ app_end ] --END-- [ RunTime:0.000744s ]

[ 2016-12-05T13:52:40+08:00 ] 127.0.0.1 /waibao/index.php/Manager/Collect/index.html
INFO: [ app_init ] --START--
INFO: Run Behavior\BuildLiteBehavior [ RunTime:0.000063s ]
INFO: [ app_init ] --END-- [ RunTime:0.001057s ]
INFO: [ app_begin ] --START--
INFO: Run Behavior\ReadHtmlCacheBehavior [ RunTime:0.000620s ]
INFO: [ app_begin ] --END-- [ RunTime:0.000780s ]
INFO: [ view_parse ] --START--
INFO: [ template_filter ] --START--
INFO: Run Behavior\ContentReplaceBehavior [ RunTime:0.000095s ]
INFO: [ template_filter ] --END-- [ RunTime:0.000258s ]
NOTIC: [8] Undefined variable: pageShow D:\wamp64\www\waibao\Application\Runtime\Cache\Manager\5dcb3baa0ed527d598adceedf305806e.php 第 69 行.
INFO: Run Behavior\ParseTemplateBehavior [ RunTime:0.013367s ]
INFO: [ view_parse ] --END-- [ RunTime:0.013573s ]
INFO: [ view_filter ] --START--
INFO: Run Behavior\WriteHtmlCacheBehavior [ RunTime:0.000837s ]
INFO: [ view_filter ] --END-- [ RunTime:0.001058s ]
INFO: [ app_end ] --START--
INFO: Run Behavior\ShowPageTraceBehavior [ RunTime:0.000690s ]
INFO: [ app_end ] --END-- [ RunTime:0.000874s ]

[ 2016-12-05T14:08:44+08:00 ] 127.0.0.1 /waibao/index.php/Manager/Collect/index.html
INFO: [ app_init ] --START--
INFO: Run Behavior\BuildLiteBehavior [ RunTime:0.000191s ]
INFO: [ app_init ] --END-- [ RunTime:0.002682s ]
INFO: [ app_begin ] --START--
INFO: Run Behavior\ReadHtmlCacheBehavior [ RunTime:0.000587s ]
INFO: [ app_begin ] --END-- [ RunTime:0.000753s ]
INFO: [ view_parse ] --START--
INFO: [ template_filter ] --START--
INFO: Run Behavior\ContentReplaceBehavior [ RunTime:0.000230s ]
INFO: [ template_filter ] --END-- [ RunTime:0.000535s ]
NOTIC: [8] Undefined variable: pageShow D:\wamp64\www\waibao\Application\Runtime\Cache\Manager\5dcb3baa0ed527d598adceedf305806e.php 第 69 行.
INFO: Run Behavior\ParseTemplateBehavior [ RunTime:0.034218s ]
INFO: [ view_parse ] --END-- [ RunTime:0.034355s ]
INFO: [ view_filter ] --START--
INFO: Run Behavior\WriteHtmlCacheBehavior [ RunTime:0.000570s ]
INFO: [ view_filter ] --END-- [ RunTime:0.000735s ]
INFO: [ app_end ] --START--
INFO: Run Behavior\ShowPageTraceBehavior [ RunTime:0.000940s ]
INFO: [ app_end ] --END-- [ RunTime:0.001140s ]

[ 2016-12-05T14:10:00+08:00 ] 127.0.0.1 /waibao/index.php/Manager/Collect/index.html
INFO: [ app_init ] --START--
INFO: Run Behavior\BuildLiteBehavior [ RunTime:0.000035s ]
INFO: [ app_init ] --END-- [ RunTime:0.000557s ]
INFO: [ app_begin ] --START--
INFO: Run Behavior\ReadHtmlCacheBehavior [ RunTime:0.001061s ]
INFO: [ app_begin ] --END-- [ RunTime:0.001297s ]
INFO: [ view_parse ] --START--
INFO: [ template_filter ] --START--
INFO: Run Behavior\ContentReplaceBehavior [ RunTime:0.000179s ]
INFO: [ template_filter ] --END-- [ RunTime:0.000530s ]
NOTIC: [8] Undefined variable: pageShow D:\wamp64\www\waibao\Application\Runtime\Cache\Manager\5dcb3baa0ed527d598adceedf305806e.php 第 69 行.
INFO: Run Behavior\ParseTemplateBehavior [ RunTime:0.035409s ]
INFO: [ view_parse ] --END-- [ RunTime:0.035679s ]
INFO: [ view_filter ] --START--
INFO: Run Behavior\WriteHtmlCacheBehavior [ RunTime:0.000744s ]
INFO: [ view_filter ] --END-- [ RunTime:0.000993s ]
INFO: [ app_end ] --START--
INFO: Run Behavior\ShowPageTraceBehavior [ RunTime:0.000986s ]
INFO: [ app_end ] --END-- [ RunTime:0.001227s ]

[ 2016-12-05T14:10:02+08:00 ] 127.0.0.1 /waibao/index.php/Manager/Fengkong/index.html
INFO: [ app_init ] --START--
INFO: Run Behavior\BuildLiteBehavior [ RunTime:0.000051s ]
INFO: [ app_init ] --END-- [ RunTime:0.000758s ]
INFO: [ app_begin ] --START--
INFO: Run Behavior\ReadHtmlCacheBehavior [ RunTime:0.000591s ]
INFO: [ app_begin ] --END-- [ RunTime:0.000733s ]
SQL: SHOW COLUMNS FROM `user` [ RunTime:0.0016s ]
SQL: SELECT * FROM `user` WHERE `control` = 1  [ RunTime:0.0003s ]
INFO: [ view_parse ] --START--
INFO: [ template_filter ] --START--
INFO: Run Behavior\ContentReplaceBehavior [ RunTime:0.000132s ]
INFO: [ template_filter ] --END-- [ RunTime:0.000330s ]
NOTIC: [8] Undefined variable: pageShow D:\wamp64\www\waibao\Application\Runtime\Cache\Manager\cd5c6d95126800073cdfc2fa71d37c6c.php 第 59 行.
INFO: Run Behavior\ParseTemplateBehavior [ RunTime:0.025607s ]
INFO: [ view_parse ] --END-- [ RunTime:0.025828s ]
INFO: [ view_filter ] --START--
INFO: Run Behavior\WriteHtmlCacheBehavior [ RunTime:0.000675s ]
INFO: [ view_filter ] --END-- [ RunTime:0.000901s ]
INFO: [ app_end ] --START--
INFO: Run Behavior\ShowPageTraceBehavior [ RunTime:0.000771s ]
INFO: [ app_end ] --END-- [ RunTime:0.000915s ]

[ 2016-12-05T14:13:43+08:00 ] 127.0.0.1 /waibao/index.php/Manager/Fengkong/index.html
INFO: [ app_init ] --START--
INFO: Run Behavior\BuildLiteBehavior [ RunTime:0.000030s ]
INFO: [ app_init ] --END-- [ RunTime:0.000632s ]
INFO: [ app_begin ] --START--
INFO: Run Behavior\ReadHtmlCacheBehavior [ RunTime:0.000571s ]
INFO: [ app_begin ] --END-- [ RunTime:0.000727s ]
SQL: SHOW COLUMNS FROM `user` [ RunTime:0.0024s ]
SQL: SELECT * FROM `user` WHERE `control` = 1  [ RunTime:0.0003s ]
INFO: [ view_parse ] --START--
INFO: [ template_filter ] --START--
INFO: Run Behavior\ContentReplaceBehavior [ RunTime:0.000090s ]
INFO: [ template_filter ] --END-- [ RunTime:0.000231s ]
NOTIC: [8] Undefined variable: pageShow D:\wamp64\www\waibao\Application\Runtime\Cache\Manager\cd5c6d95126800073cdfc2fa71d37c6c.php 第 59 行.
INFO: Run Behavior\ParseTemplateBehavior [ RunTime:0.012301s ]
INFO: [ view_parse ] --END-- [ RunTime:0.012456s ]
INFO: [ view_filter ] --START--
INFO: Run Behavior\WriteHtmlCacheBehavior [ RunTime:0.000443s ]
INFO: [ view_filter ] --END-- [ RunTime:0.000567s ]
INFO: [ app_end ] --START--
INFO: Run Behavior\ShowPageTraceBehavior [ RunTime:0.000960s ]
INFO: [ app_end ] --END-- [ RunTime:0.001106s ]

[ 2016-12-05T14:13:46+08:00 ] 127.0.0.1 /waibao/index.php/Manager/Robot/index.html
INFO: [ app_init ] --START--
INFO: Run Behavior\BuildLiteBehavior [ RunTime:0.000031s ]
INFO: [ app_init ] --END-- [ RunTime:0.000500s ]
INFO: [ app_begin ] --START--
INFO: Run Behavior\ReadHtmlCacheBehavior [ RunTime:0.000488s ]
INFO: [ app_begin ] --END-- [ RunTime:0.000696s ]
SQL: SHOW COLUMNS FROM `robotconfig` [ RunTime:0.0513s ]
SQL: SELECT * FROM `robotconfig`  [ RunTime:0.0004s ]
INFO: [ view_parse ] --START--
INFO: [ template_filter ] --START--
INFO: Run Behavior\ContentReplaceBehavior [ RunTime:0.000327s ]
INFO: [ template_filter ] --END-- [ RunTime:0.000773s ]
NOTIC: [8] Undefined variable: pageShow D:\wamp64\www\waibao\Application\Runtime\Cache\Manager\61e79034e385c788ed4ae524fc53b5e3.php 第 81 行.
INFO: Run Behavior\ParseTemplateBehavior [ RunTime:0.090134s ]
INFO: [ view_parse ] --END-- [ RunTime:0.090303s ]
INFO: [ view_filter ] --START--
INFO: Run Behavior\WriteHtmlCacheBehavior [ RunTime:0.000433s ]
INFO: [ view_filter ] --END-- [ RunTime:0.000605s ]
INFO: [ app_end ] --START--
INFO: Run Behavior\ShowPageTraceBehavior [ RunTime:0.000674s ]
INFO: [ app_end ] --END-- [ RunTime:0.000857s ]

[ 2016-12-05T14:13:47+08:00 ] 127.0.0.1 /waibao/index.php/Manager/Fengkong/index.html
INFO: [ app_init ] --START--
INFO: Run Behavior\BuildLiteBehavior [ RunTime:0.000050s ]
INFO: [ app_init ] --END-- [ RunTime:0.000751s ]
INFO: [ app_begin ] --START--
INFO: Run Behavior\ReadHtmlCacheBehavior [ RunTime:0.000814s ]
INFO: [ app_begin ] --END-- [ RunTime:0.001026s ]
SQL: SHOW COLUMNS FROM `user` [ RunTime:0.0015s ]
SQL: SELECT * FROM `user` WHERE `control` = 1  [ RunTime:0.0003s ]
INFO: [ view_parse ] --START--
INFO: [ template_filter ] --START--
INFO: Run Behavior\ContentReplaceBehavior [ RunTime:0.000093s ]
INFO: [ template_filter ] --END-- [ RunTime:0.000243s ]
NOTIC: [8] Undefined variable: pageShow D:\wamp64\www\waibao\Application\Runtime\Cache\Manager\cd5c6d95126800073cdfc2fa71d37c6c.php 第 59 行.
INFO: Run Behavior\ParseTemplateBehavior [ RunTime:0.011967s ]
INFO: [ view_parse ] --END-- [ RunTime:0.012133s ]
INFO: [ view_filter ] --START--
INFO: Run Behavior\WriteHtmlCacheBehavior [ RunTime:0.000655s ]
INFO: [ view_filter ] --END-- [ RunTime:0.000843s ]
INFO: [ app_end ] --START--
INFO: Run Behavior\ShowPageTraceBehavior [ RunTime:0.000859s ]
INFO: [ app_end ] --END-- [ RunTime:0.001008s ]

[ 2016-12-05T14:13:50+08:00 ] 127.0.0.1 /waibao/index.php/Manager/Fengkong/del/userid/57d10a83b5acc.html
INFO: [ app_init ] --START--
INFO: Run Behavior\BuildLiteBehavior [ RunTime:0.000030s ]
INFO: [ app_init ] --END-- [ RunTime:0.000473s ]
INFO: [ app_begin ] --START--
INFO: Run Behavior\ReadHtmlCacheBehavior [ RunTime:0.000711s ]
INFO: [ app_begin ] --END-- [ RunTime:0.000911s ]
SQL: SHOW COLUMNS FROM `user` [ RunTime:0.0017s ]
NOTIC: [8] Use of undefined constant _GET - assumed '_GET' D:\wamp64\www\waibao\Application\Manager\Controller\FengkongController.class.php 第 20 行.
NOTIC: [2] Illegal string offset 'userid' D:\wamp64\www\waibao\Application\Manager\Controller\FengkongController.class.php 第 20 行.
SQL: SELECT * FROM `user` WHERE `id` = '_' LIMIT 1   [ RunTime:0.0004s ]

[ 2016-12-05T14:13:50+08:00 ] 127.0.0.1 /waibao/index.php/Manager/Fengkong/index.html
INFO: [ app_init ] --START--
INFO: Run Behavior\BuildLiteBehavior [ RunTime:0.000029s ]
INFO: [ app_init ] --END-- [ RunTime:0.000481s ]
INFO: [ app_begin ] --START--
INFO: Run Behavior\ReadHtmlCacheBehavior [ RunTime:0.000604s ]
INFO: [ app_begin ] --END-- [ RunTime:0.000784s ]
SQL: SHOW COLUMNS FROM `user` [ RunTime:0.0016s ]
SQL: SELECT * FROM `user` WHERE `control` = 1  [ RunTime:0.0003s ]
INFO: [ view_parse ] --START--
INFO: [ template_filter ] --START--
INFO: Run Behavior\ContentReplaceBehavior [ RunTime:0.000091s ]
INFO: [ template_filter ] --END-- [ RunTime:0.000238s ]
NOTIC: [8] Undefined variable: pageShow D:\wamp64\www\waibao\Application\Runtime\Cache\Manager\cd5c6d95126800073cdfc2fa71d37c6c.php 第 59 行.
INFO: Run Behavior\ParseTemplateBehavior [ RunTime:0.012003s ]
INFO: [ view_parse ] --END-- [ RunTime:0.012144s ]
INFO: [ view_filter ] --START--
INFO: Run Behavior\WriteHtmlCacheBehavior [ RunTime:0.000586s ]
INFO: [ view_filter ] --END-- [ RunTime:0.000723s ]
INFO: [ app_end ] --START--
INFO: Run Behavior\ShowPageTraceBehavior [ RunTime:0.000637s ]
INFO: [ app_end ] --END-- [ RunTime:0.000769s ]

[ 2016-12-05T14:13:53+08:00 ] 127.0.0.1 /waibao/index.php/Manager/Fengkong/index.html
INFO: [ app_init ] --START--
INFO: Run Behavior\BuildLiteBehavior [ RunTime:0.000029s ]
INFO: [ app_init ] --END-- [ RunTime:0.000444s ]
INFO: [ app_begin ] --START--
INFO: Run Behavior\ReadHtmlCacheBehavior [ RunTime:0.000580s ]
INFO: [ app_begin ] --END-- [ RunTime:0.000729s ]
SQL: SHOW COLUMNS FROM `user` [ RunTime:0.0017s ]
SQL: SELECT * FROM `user` WHERE `control` = 1  [ RunTime:0.0003s ]
INFO: [ view_parse ] --START--
INFO: [ template_filter ] --START--
INFO: Run Behavior\ContentReplaceBehavior [ RunTime:0.000125s ]
INFO: [ template_filter ] --END-- [ RunTime:0.000321s ]
NOTIC: [8] Undefined variable: pageShow D:\wamp64\www\waibao\Application\Runtime\Cache\Manager\cd5c6d95126800073cdfc2fa71d37c6c.php 第 59 行.
INFO: Run Behavior\ParseTemplateBehavior [ RunTime:0.012894s ]
INFO: [ view_parse ] --END-- [ RunTime:0.013089s ]
INFO: [ view_filter ] --START--
INFO: Run Behavior\WriteHtmlCacheBehavior [ RunTime:0.000499s ]
INFO: [ view_filter ] --END-- [ RunTime:0.000669s ]
INFO: [ app_end ] --START--
INFO: Run Behavior\ShowPageTraceBehavior [ RunTime:0.000642s ]
INFO: [ app_end ] --END-- [ RunTime:0.000779s ]

[ 2016-12-05T14:15:25+08:00 ] 127.0.0.1 /waibao/index.php/Manager/Fengkong/del/userid/57d10a83b5acc.html
INFO: [ app_init ] --START--
INFO: Run Behavior\BuildLiteBehavior [ RunTime:0.000040s ]
INFO: [ app_init ] --END-- [ RunTime:0.000731s ]
INFO: [ app_begin ] --START--
INFO: Run Behavior\ReadHtmlCacheBehavior [ RunTime:0.000594s ]
INFO: [ app_begin ] --END-- [ RunTime:0.000742s ]
SQL: SHOW COLUMNS FROM `user` [ RunTime:0.0017s ]
NOTIC: [8] Use of undefined constant _GET - assumed '_GET' D:\wamp64\www\waibao\Application\Manager\Controller\FengkongController.class.php 第 20 行.
NOTIC: [2] Illegal string offset 'userid' D:\wamp64\www\waibao\Application\Manager\Controller\FengkongController.class.php 第 20 行.
SQL: SELECT * FROM `user` WHERE `id` = '_' LIMIT 1   [ RunTime:0.0003s ]

[ 2016-12-05T14:15:25+08:00 ] 127.0.0.1 /waibao/index.php/Manager/Fengkong/index.html
INFO: [ app_init ] --START--
INFO: Run Behavior\BuildLiteBehavior [ RunTime:0.000031s ]
INFO: [ app_init ] --END-- [ RunTime:0.000461s ]
INFO: [ app_begin ] --START--
INFO: Run Behavior\ReadHtmlCacheBehavior [ RunTime:0.000476s ]
INFO: [ app_begin ] --END-- [ RunTime:0.000614s ]
SQL: SHOW COLUMNS FROM `user` [ RunTime:0.0015s ]
SQL: SELECT * FROM `user` WHERE `control` = 1  [ RunTime:0.0003s ]
INFO: [ view_parse ] --START--
INFO: [ template_filter ] --START--
INFO: Run Behavior\ContentReplaceBehavior [ RunTime:0.000149s ]
INFO: [ template_filter ] --END-- [ RunTime:0.000435s ]
NOTIC: [8] Undefined variable: pageShow D:\wamp64\www\waibao\Application\Runtime\Cache\Manager\cd5c6d95126800073cdfc2fa71d37c6c.php 第 59 行.
INFO: Run Behavior\ParseTemplateBehavior [ RunTime:0.012596s ]
INFO: [ view_parse ] --END-- [ RunTime:0.012758s ]
INFO: [ view_filter ] --START--
INFO: Run Behavior\WriteHtmlCacheBehavior [ RunTime:0.000449s ]
INFO: [ view_filter ] --END-- [ RunTime:0.000588s ]
INFO: [ app_end ] --START--
INFO: Run Behavior\ShowPageTraceBehavior [ RunTime:0.000628s ]
INFO: [ app_end ] --END-- [ RunTime:0.000757s ]

[ 2016-12-05T14:19:18+08:00 ] 127.0.0.1 /waibao/index.php/Manager/Fengkong/index.html
INFO: [ app_init ] --START--
INFO: Run Behavior\BuildLiteBehavior [ RunTime:0.000030s ]
INFO: [ app_init ] --END-- [ RunTime:0.000509s ]
INFO: [ app_begin ] --START--
INFO: Run Behavior\ReadHtmlCacheBehavior [ RunTime:0.000664s ]
INFO: [ app_begin ] --END-- [ RunTime:0.000813s ]
SQL: SHOW COLUMNS FROM `user` [ RunTime:0.0016s ]
SQL: SELECT * FROM `user` WHERE `control` = 1  [ RunTime:0.0004s ]
INFO: [ view_parse ] --START--
INFO: [ template_filter ] --START--
INFO: Run Behavior\ContentReplaceBehavior [ RunTime:0.000097s ]
INFO: [ template_filter ] --END-- [ RunTime:0.000269s ]
NOTIC: [8] Undefined variable: pageShow D:\wamp64\www\waibao\Application\Runtime\Cache\Manager\cd5c6d95126800073cdfc2fa71d37c6c.php 第 59 行.
INFO: Run Behavior\ParseTemplateBehavior [ RunTime:0.013387s ]
INFO: [ view_parse ] --END-- [ RunTime:0.013539s ]
INFO: [ view_filter ] --START--
INFO: Run Behavior\WriteHtmlCacheBehavior [ RunTime:0.000461s ]
INFO: [ view_filter ] --END-- [ RunTime:0.000586s ]
INFO: [ app_end ] --START--
INFO: Run Behavior\ShowPageTraceBehavior [ RunTime:0.000720s ]
INFO: [ app_end ] --END-- [ RunTime:0.000857s ]

[ 2016-12-05T14:19:23+08:00 ] 127.0.0.1 /waibao/index.php/Manager/Fengkong/del/userid/57d10a83b5acc.html
INFO: [ app_init ] --START--
INFO: Run Behavior\BuildLiteBehavior [ RunTime:0.000053s ]
INFO: [ app_init ] --END-- [ RunTime:0.000912s ]
INFO: [ app_begin ] --START--
INFO: Run Behavior\ReadHtmlCacheBehavior [ RunTime:0.000637s ]
INFO: [ app_begin ] --END-- [ RunTime:0.000824s ]
SQL: SHOW COLUMNS FROM `user` [ RunTime:0.0016s ]
NOTIC: [8] Use of undefined constant _GET - assumed '_GET' D:\wamp64\www\waibao\Application\Manager\Controller\FengkongController.class.php 第 20 行.
NOTIC: [2] Illegal string offset 'userid' D:\wamp64\www\waibao\Application\Manager\Controller\FengkongController.class.php 第 20 行.
NOTIC: [8] Use of undefined constant _GET - assumed '_GET' D:\wamp64\www\waibao\Application\Manager\Controller\FengkongController.class.php 第 21 行.
NOTIC: [2] Illegal string offset 'userid' D:\wamp64\www\waibao\Application\Manager\Controller\FengkongController.class.php 第 21 行.
SQL: SELECT * FROM `user` WHERE `id` = '_' LIMIT 1   [ RunTime:0.0004s ]
INFO: [ app_end ] --START--
INFO: Run Behavior\ShowPageTraceBehavior [ RunTime:0.000786s ]
INFO: [ app_end ] --END-- [ RunTime:0.000954s ]

[ 2016-12-05T14:20:05+08:00 ] 127.0.0.1 /waibao/index.php/Manager/Fengkong/del/userid/57d10a83b5acc.html
INFO: [ app_init ] --START--
INFO: Run Behavior\BuildLiteBehavior [ RunTime:0.000032s ]
INFO: [ app_init ] --END-- [ RunTime:0.000559s ]
INFO: [ app_begin ] --START--
INFO: Run Behavior\ReadHtmlCacheBehavior [ RunTime:0.000624s ]
INFO: [ app_begin ] --END-- [ RunTime:0.000779s ]
SQL: SHOW COLUMNS FROM `user` [ RunTime:0.0015s ]
SQL: SELECT * FROM `user` WHERE `id` = '57d10a83b5acc' LIMIT 1   [ RunTime:0.0003s ]
SQL: UPDATE `user` SET `username`='xuyuanfan2',`password`='123',`money`='99729972',`control`='0',`createtime`='2016-09-08 14:51:47' WHERE `id` = '57d10a83b5acc' [ RunTime:0.1346s ]

[ 2016-12-05T14:20:05+08:00 ] 127.0.0.1 /waibao/index.php/Manager/Fengkong/index.html
INFO: [ app_init ] --START--
INFO: Run Behavior\BuildLiteBehavior [ RunTime:0.000051s ]
INFO: [ app_init ] --END-- [ RunTime:0.000715s ]
INFO: [ app_begin ] --START--
INFO: Run Behavior\ReadHtmlCacheBehavior [ RunTime:0.000517s ]
INFO: [ app_begin ] --END-- [ RunTime:0.000669s ]
SQL: SHOW COLUMNS FROM `user` [ RunTime:0.0008s ]
SQL: SELECT * FROM `user` WHERE `control` = 1  [ RunTime:0.0004s ]
INFO: [ view_parse ] --START--
INFO: [ template_filter ] --START--
INFO: Run Behavior\ContentReplaceBehavior [ RunTime:0.000160s ]
INFO: [ template_filter ] --END-- [ RunTime:0.000428s ]
NOTIC: [8] Undefined variable: pageShow D:\wamp64\www\waibao\Application\Runtime\Cache\Manager\cd5c6d95126800073cdfc2fa71d37c6c.php 第 59 行.
INFO: Run Behavior\ParseTemplateBehavior [ RunTime:0.018984s ]
INFO: [ view_parse ] --END-- [ RunTime:0.019169s ]
INFO: [ view_filter ] --START--
INFO: Run Behavior\WriteHtmlCacheBehavior [ RunTime:0.000481s ]
INFO: [ view_filter ] --END-- [ RunTime:0.000606s ]
INFO: [ app_end ] --START--
INFO: Run Behavior\ShowPageTraceBehavior [ RunTime:0.000707s ]
INFO: [ app_end ] --END-- [ RunTime:0.000858s ]

[ 2016-12-05T14:20:40+08:00 ] 127.0.0.1 /waibao/index.php/Manager/Fengkong/index.html
INFO: [ app_init ] --START--
INFO: Run Behavior\BuildLiteBehavior [ RunTime:0.000030s ]
INFO: [ app_init ] --END-- [ RunTime:0.000477s ]
INFO: [ app_begin ] --START--
INFO: Run Behavior\ReadHtmlCacheBehavior [ RunTime:0.000580s ]
INFO: [ app_begin ] --END-- [ RunTime:0.000750s ]
SQL: SHOW COLUMNS FROM `user` [ RunTime:0.0016s ]
SQL: SELECT * FROM `user` WHERE `control` = 1  [ RunTime:0.0003s ]
INFO: [ view_parse ] --START--
INFO: [ template_filter ] --START--
INFO: Run Behavior\ContentReplaceBehavior [ RunTime:0.000125s ]
INFO: [ template_filter ] --END-- [ RunTime:0.000336s ]
NOTIC: [8] Undefined variable: pageShow D:\wamp64\www\waibao\Application\Runtime\Cache\Manager\cd5c6d95126800073cdfc2fa71d37c6c.php 第 59 行.
INFO: Run Behavior\ParseTemplateBehavior [ RunTime:0.013979s ]
INFO: [ view_parse ] --END-- [ RunTime:0.014129s ]
INFO: [ view_filter ] --START--
INFO: Run Behavior\WriteHtmlCacheBehavior [ RunTime:0.000423s ]
INFO: [ view_filter ] --END-- [ RunTime:0.000552s ]
INFO: [ app_end ] --START--
INFO: Run Behavior\ShowPageTraceBehavior [ RunTime:0.000625s ]
INFO: [ app_end ] --END-- [ RunTime:0.000801s ]

[ 2016-12-05T14:20:45+08:00 ] 127.0.0.1 /waibao/index.php/Manager/Fengkong/del/userid/57d1049d88231.html
INFO: [ app_init ] --START--
INFO: Run Behavior\BuildLiteBehavior [ RunTime:0.000032s ]
INFO: [ app_init ] --END-- [ RunTime:0.000669s ]
INFO: [ app_begin ] --START--
INFO: Run Behavior\ReadHtmlCacheBehavior [ RunTime:0.001041s ]
INFO: [ app_begin ] --END-- [ RunTime:0.001346s ]
SQL: SHOW COLUMNS FROM `user` [ RunTime:0.0018s ]
SQL: SELECT * FROM `user` WHERE `id` = '57d1049d88231' LIMIT 1   [ RunTime:0.0004s ]
SQL: UPDATE `user` SET `username`='xuyuanfan5',`password`='123',`money`='100000000',`control`='0',`createtime`='2016-09-08 14:26:37' WHERE `id` = '57d1049d88231' [ RunTime:0.1305s ]

[ 2016-12-05T14:20:45+08:00 ] 127.0.0.1 /waibao/index.php/Manager/Fengkong/index.html
INFO: [ app_init ] --START--
INFO: Run Behavior\BuildLiteBehavior [ RunTime:0.000040s ]
INFO: [ app_init ] --END-- [ RunTime:0.000608s ]
INFO: [ app_begin ] --START--
INFO: Run Behavior\ReadHtmlCacheBehavior [ RunTime:0.000470s ]
INFO: [ app_begin ] --END-- [ RunTime:0.000610s ]
SQL: SHOW COLUMNS FROM `user` [ RunTime:0.0007s ]
SQL: SELECT * FROM `user` WHERE `control` = 1  [ RunTime:0.0003s ]
INFO: [ view_parse ] --START--
INFO: [ template_filter ] --START--
INFO: Run Behavior\ContentReplaceBehavior [ RunTime:0.000088s ]
INFO: [ template_filter ] --END-- [ RunTime:0.000227s ]
NOTIC: [8] Undefined variable: pageShow D:\wamp64\www\waibao\Application\Runtime\Cache\Manager\cd5c6d95126800073cdfc2fa71d37c6c.php 第 59 行.
INFO: Run Behavior\ParseTemplateBehavior [ RunTime:0.013606s ]
INFO: [ view_parse ] --END-- [ RunTime:0.013800s ]
INFO: [ view_filter ] --START--
INFO: Run Behavior\WriteHtmlCacheBehavior [ RunTime:0.000616s ]
INFO: [ view_filter ] --END-- [ RunTime:0.000780s ]
INFO: [ app_end ] --START--
INFO: Run Behavior\ShowPageTraceBehavior [ RunTime:0.000647s ]
INFO: [ app_end ] --END-- [ RunTime:0.000773s ]

[ 2016-12-05T14:20:47+08:00 ] 127.0.0.1 /waibao/index.php/Manager/Fengkong/del/userid/57d10a4c9abbd.html
INFO: [ app_init ] --START--
INFO: Run Behavior\BuildLiteBehavior [ RunTime:0.000050s ]
INFO: [ app_init ] --END-- [ RunTime:0.000752s ]
INFO: [ app_begin ] --START--
INFO: Run Behavior\ReadHtmlCacheBehavior [ RunTime:0.000667s ]
INFO: [ app_begin ] --END-- [ RunTime:0.000929s ]
SQL: SHOW COLUMNS FROM `user` [ RunTime:0.0009s ]
SQL: SELECT * FROM `user` WHERE `id` = '57d10a4c9abbd' LIMIT 1   [ RunTime:0.0004s ]
SQL: UPDATE `user` SET `username`='xuyuanfan1',`password`='123',`money`='99849510',`control`='0',`createtime`='2016-09-08 14:50:52' WHERE `id` = '57d10a4c9abbd' [ RunTime:0.0885s ]

[ 2016-12-05T14:20:48+08:00 ] 127.0.0.1 /waibao/index.php/Manager/Fengkong/index.html
INFO: [ app_init ] --START--
INFO: Run Behavior\BuildLiteBehavior [ RunTime:0.000059s ]
INFO: [ app_init ] --END-- [ RunTime:0.000911s ]
INFO: [ app_begin ] --START--
INFO: Run Behavior\ReadHtmlCacheBehavior [ RunTime:0.000960s ]
INFO: [ app_begin ] --END-- [ RunTime:0.001202s ]
SQL: SHOW COLUMNS FROM `user` [ RunTime:0.0008s ]
SQL: SELECT * FROM `user` WHERE `control` = 1  [ RunTime:0.0005s ]
INFO: [ view_parse ] --START--
INFO: [ template_filter ] --START--
INFO: Run Behavior\ContentReplaceBehavior [ RunTime:0.000092s ]
INFO: [ template_filter ] --END-- [ RunTime:0.000245s ]
NOTIC: [8] Undefined variable: pageShow D:\wamp64\www\waibao\Application\Runtime\Cache\Manager\cd5c6d95126800073cdfc2fa71d37c6c.php 第 59 行.
INFO: Run Behavior\ParseTemplateBehavior [ RunTime:0.012128s ]
INFO: [ view_parse ] --END-- [ RunTime:0.012274s ]
INFO: [ view_filter ] --START--
INFO: Run Behavior\WriteHtmlCacheBehavior [ RunTime:0.000440s ]
INFO: [ view_filter ] --END-- [ RunTime:0.000566s ]
INFO: [ app_end ] --START--
INFO: Run Behavior\ShowPageTraceBehavior [ RunTime:0.000612s ]
INFO: [ app_end ] --END-- [ RunTime:0.000764s ]

[ 2016-12-05T14:20:57+08:00 ] 127.0.0.1 /waibao/index.php/Manager/Fengkong/del/userid/57d10a83b5acc.html
INFO: [ app_init ] --START--
INFO: Run Behavior\BuildLiteBehavior [ RunTime:0.000045s ]
INFO: [ app_init ] --END-- [ RunTime:0.000514s ]
INFO: [ app_begin ] --START--
INFO: Run Behavior\ReadHtmlCacheBehavior [ RunTime:0.000669s ]
INFO: [ app_begin ] --END-- [ RunTime:0.000895s ]
SQL: SHOW COLUMNS FROM `user` [ RunTime:0.0015s ]
SQL: SELECT * FROM `user` WHERE `id` = '57d10a83b5acc' LIMIT 1   [ RunTime:0.0003s ]
SQL: UPDATE `user` SET `username`='xuyuanfan2',`password`='123',`money`='99729972',`control`='0',`createtime`='2016-09-08 14:51:47' WHERE `id` = '57d10a83b5acc' [ RunTime:0.0488s ]

[ 2016-12-05T14:20:57+08:00 ] 127.0.0.1 /waibao/index.php/Manager/Fengkong/index.html
INFO: [ app_init ] --START--
INFO: Run Behavior\BuildLiteBehavior [ RunTime:0.000040s ]
INFO: [ app_init ] --END-- [ RunTime:0.000627s ]
INFO: [ app_begin ] --START--
INFO: Run Behavior\ReadHtmlCacheBehavior [ RunTime:0.000688s ]
INFO: [ app_begin ] --END-- [ RunTime:0.000897s ]
SQL: SHOW COLUMNS FROM `user` [ RunTime:0.0007s ]
SQL: SELECT * FROM `user` WHERE `control` = 1  [ RunTime:0.0004s ]
INFO: [ view_parse ] --START--
INFO: [ template_filter ] --START--
INFO: Run Behavior\ContentReplaceBehavior [ RunTime:0.000091s ]
INFO: [ template_filter ] --END-- [ RunTime:0.000254s ]
NOTIC: [8] Undefined variable: pageShow D:\wamp64\www\waibao\Application\Runtime\Cache\Manager\cd5c6d95126800073cdfc2fa71d37c6c.php 第 59 行.
INFO: Run Behavior\ParseTemplateBehavior [ RunTime:0.012879s ]
INFO: [ view_parse ] --END-- [ RunTime:0.013055s ]
INFO: [ view_filter ] --START--
INFO: Run Behavior\WriteHtmlCacheBehavior [ RunTime:0.000455s ]
INFO: [ view_filter ] --END-- [ RunTime:0.000591s ]
INFO: [ app_end ] --START--
INFO: Run Behavior\ShowPageTraceBehavior [ RunTime:0.000675s ]
INFO: [ app_end ] --END-- [ RunTime:0.000802s ]

[ 2016-12-05T14:21:05+08:00 ] 127.0.0.1 /waibao/index.php/Manager/Fengkongform/index.html
INFO: [ app_init ] --START--
INFO: Run Behavior\BuildLiteBehavior [ RunTime:0.000030s ]
INFO: [ app_init ] --END-- [ RunTime:0.000461s ]
INFO: [ app_begin ] --START--
INFO: Run Behavior\ReadHtmlCacheBehavior [ RunTime:0.000507s ]
INFO: [ app_begin ] --END-- [ RunTime:0.000699s ]
INFO: [ app_end ] --START--
INFO: Run Behavior\ShowPageTraceBehavior [ RunTime:0.000687s ]
INFO: [ app_end ] --END-- [ RunTime:0.000865s ]

[ 2016-12-05T14:29:59+08:00 ] 127.0.0.1 /waibao/index.php/Manager/Fengkong/index.html
INFO: [ app_init ] --START--
INFO: Run Behavior\BuildLiteBehavior [ RunTime:0.000030s ]
INFO: [ app_init ] --END-- [ RunTime:0.000520s ]
INFO: [ app_begin ] --START--
INFO: Run Behavior\ReadHtmlCacheBehavior [ RunTime:0.000574s ]
INFO: [ app_begin ] --END-- [ RunTime:0.000757s ]
SQL: SHOW COLUMNS FROM `user` [ RunTime:0.0009s ]
SQL: SELECT * FROM `user` WHERE `control` = 1  [ RunTime:0.0003s ]
INFO: [ view_parse ] --START--
INFO: [ template_filter ] --START--
INFO: Run Behavior\ContentReplaceBehavior [ RunTime:0.000094s ]
INFO: [ template_filter ] --END-- [ RunTime:0.000292s ]
NOTIC: [8] Undefined variable: pageShow D:\wamp64\www\waibao\Application\Runtime\Cache\Manager\cd5c6d95126800073cdfc2fa71d37c6c.php 第 59 行.
INFO: Run Behavior\ParseTemplateBehavior [ RunTime:0.026762s ]
INFO: [ view_parse ] --END-- [ RunTime:0.026901s ]
INFO: [ view_filter ] --START--
INFO: Run Behavior\WriteHtmlCacheBehavior [ RunTime:0.000443s ]
INFO: [ view_filter ] --END-- [ RunTime:0.000566s ]
INFO: [ app_end ] --START--
INFO: Run Behavior\ShowPageTraceBehavior [ RunTime:0.000628s ]
INFO: [ app_end ] --END-- [ RunTime:0.000769s ]

[ 2016-12-05T14:30:01+08:00 ] 127.0.0.1 /waibao/index.php/Manager/Fengkong/index.html
INFO: [ app_init ] --START--
INFO: Run Behavior\BuildLiteBehavior [ RunTime:0.000029s ]
INFO: [ app_init ] --END-- [ RunTime:0.000445s ]
INFO: [ app_begin ] --START--
INFO: Run Behavior\ReadHtmlCacheBehavior [ RunTime:0.000715s ]
INFO: [ app_begin ] --END-- [ RunTime:0.000866s ]
SQL: SHOW COLUMNS FROM `user` [ RunTime:0.0007s ]
SQL: SELECT * FROM `user` WHERE `control` = 1  [ RunTime:0.0003s ]
INFO: [ view_parse ] --START--
INFO: [ template_filter ] --START--
INFO: Run Behavior\ContentReplaceBehavior [ RunTime:0.000144s ]
INFO: [ template_filter ] --END-- [ RunTime:0.000387s ]
NOTIC: [8] Undefined variable: pageShow D:\wamp64\www\waibao\Application\Runtime\Cache\Manager\cd5c6d95126800073cdfc2fa71d37c6c.php 第 59 行.
INFO: Run Behavior\ParseTemplateBehavior [ RunTime:0.014158s ]
INFO: [ view_parse ] --END-- [ RunTime:0.014311s ]
INFO: [ view_filter ] --START--
INFO: Run Behavior\WriteHtmlCacheBehavior [ RunTime:0.000423s ]
INFO: [ view_filter ] --END-- [ RunTime:0.000554s ]
INFO: [ app_end ] --START--
INFO: Run Behavior\ShowPageTraceBehavior [ RunTime:0.000626s ]
INFO: [ app_end ] --END-- [ RunTime:0.000781s ]

[ 2016-12-05T14:30:03+08:00 ] 127.0.0.1 /waibao/index.php/Manager/Fengkongform/index.html
INFO: [ app_init ] --START--
INFO: Run Behavior\BuildLiteBehavior [ RunTime:0.000031s ]
INFO: [ app_init ] --END-- [ RunTime:0.000518s ]
INFO: [ app_begin ] --START--
INFO: Run Behavior\ReadHtmlCacheBehavior [ RunTime:0.000706s ]
INFO: [ app_begin ] --END-- [ RunTime:0.000959s ]
INFO: [ app_end ] --START--
INFO: Run Behavior\ShowPageTraceBehavior [ RunTime:0.000863s ]
INFO: [ app_end ] --END-- [ RunTime:0.001184s ]

[ 2016-12-05T14:30:50+08:00 ] 127.0.0.1 /waibao/index.php/Manager/Fengkong/index.html
INFO: [ app_init ] --START--
INFO: Run Behavior\BuildLiteBehavior [ RunTime:0.000030s ]
INFO: [ app_init ] --END-- [ RunTime:0.000559s ]
INFO: [ app_begin ] --START--
INFO: Run Behavior\ReadHtmlCacheBehavior [ RunTime:0.000571s ]
INFO: [ app_begin ] --END-- [ RunTime:0.000714s ]
SQL: SHOW COLUMNS FROM `user` [ RunTime:0.0011s ]
SQL: SELECT * FROM `user` WHERE `control` = 1  [ RunTime:0.0004s ]
INFO: [ view_parse ] --START--
INFO: [ template_filter ] --START--
INFO: Run Behavior\ContentReplaceBehavior [ RunTime:0.000095s ]
INFO: [ template_filter ] --END-- [ RunTime:0.000246s ]
NOTIC: [8] Undefined variable: pageShow D:\wamp64\www\waibao\Application\Runtime\Cache\Manager\cd5c6d95126800073cdfc2fa71d37c6c.php 第 59 行.
INFO: Run Behavior\ParseTemplateBehavior [ RunTime:0.012882s ]
INFO: [ view_parse ] --END-- [ RunTime:0.013078s ]
INFO: [ view_filter ] --START--
INFO: Run Behavior\WriteHtmlCacheBehavior [ RunTime:0.000427s ]
INFO: [ view_filter ] --END-- [ RunTime:0.000582s ]
INFO: [ app_end ] --START--
INFO: Run Behavior\ShowPageTraceBehavior [ RunTime:0.000602s ]
INFO: [ app_end ] --END-- [ RunTime:0.000731s ]

[ 2016-12-05T14:30:53+08:00 ] 127.0.0.1 /waibao/index.php/Manager/Fengkongform/index.html
INFO: [ app_init ] --START--
INFO: Run Behavior\BuildLiteBehavior [ RunTime:0.000051s ]
INFO: [ app_init ] --END-- [ RunTime:0.000821s ]
INFO: [ app_begin ] --START--
INFO: Run Behavior\ReadHtmlCacheBehavior [ RunTime:0.000560s ]
INFO: [ app_begin ] --END-- [ RunTime:0.000710s ]
INFO: [ view_parse ] --START--
INFO: [ template_filter ] --START--
INFO: Run Behavior\ContentReplaceBehavior [ RunTime:0.000089s ]
INFO: [ template_filter ] --END-- [ RunTime:0.000239s ]
INFO: Run Behavior\ParseTemplateBehavior [ RunTime:0.068931s ]
INFO: [ view_parse ] --END-- [ RunTime:0.069125s ]
INFO: [ view_filter ] --START--
INFO: Run Behavior\WriteHtmlCacheBehavior [ RunTime:0.000594s ]
INFO: [ view_filter ] --END-- [ RunTime:0.000790s ]
INFO: [ app_end ] --START--
INFO: Run Behavior\ShowPageTraceBehavior [ RunTime:0.000761s ]
INFO: [ app_end ] --END-- [ RunTime:0.000892s ]

[ 2016-12-05T14:31:01+08:00 ] 127.0.0.1 /waibao/index.php/Manager/Fengkong/index.html
INFO: [ app_init ] --START--
INFO: Run Behavior\BuildLiteBehavior [ RunTime:0.000047s ]
INFO: [ app_init ] --END-- [ RunTime:0.000660s ]
INFO: [ app_begin ] --START--
INFO: Run Behavior\ReadHtmlCacheBehavior [ RunTime:0.000792s ]
INFO: [ app_begin ] --END-- [ RunTime:0.000954s ]
SQL: SHOW COLUMNS FROM `user` [ RunTime:0.0010s ]
SQL: SELECT * FROM `user` WHERE `control` = 1  [ RunTime:0.0004s ]
INFO: [ view_parse ] --START--
INFO: [ template_filter ] --START--
INFO: Run Behavior\ContentReplaceBehavior [ RunTime:0.000097s ]
INFO: [ template_filter ] --END-- [ RunTime:0.000304s ]
NOTIC: [8] Undefined variable: pageShow D:\wamp64\www\waibao\Application\Runtime\Cache\Manager\cd5c6d95126800073cdfc2fa71d37c6c.php 第 59 行.
INFO: Run Behavior\ParseTemplateBehavior [ RunTime:0.021586s ]
INFO: [ view_parse ] --END-- [ RunTime:0.021738s ]
INFO: [ view_filter ] --START--
INFO: Run Behavior\WriteHtmlCacheBehavior [ RunTime:0.000482s ]
INFO: [ view_filter ] --END-- [ RunTime:0.000614s ]
INFO: [ app_end ] --START--
INFO: Run Behavior\ShowPageTraceBehavior [ RunTime:0.000634s ]
INFO: [ app_end ] --END-- [ RunTime:0.000761s ]

[ 2016-12-05T14:31:02+08:00 ] 127.0.0.1 /waibao/index.php/Manager/Fengkongform/index.html
INFO: [ app_init ] --START--
INFO: Run Behavior\BuildLiteBehavior [ RunTime:0.000034s ]
INFO: [ app_init ] --END-- [ RunTime:0.000841s ]
INFO: [ app_begin ] --START--
INFO: Run Behavior\ReadHtmlCacheBehavior [ RunTime:0.000690s ]
INFO: [ app_begin ] --END-- [ RunTime:0.000894s ]
INFO: [ view_parse ] --START--
INFO: [ template_filter ] --START--
INFO: Run Behavior\ContentReplaceBehavior [ RunTime:0.000094s ]
INFO: [ template_filter ] --END-- [ RunTime:0.000264s ]
INFO: Run Behavior\ParseTemplateBehavior [ RunTime:0.012570s ]
INFO: [ view_parse ] --END-- [ RunTime:0.012721s ]
INFO: [ view_filter ] --START--
INFO: Run Behavior\WriteHtmlCacheBehavior [ RunTime:0.000478s ]
INFO: [ view_filter ] --END-- [ RunTime:0.000604s ]
INFO: [ app_end ] --START--
INFO: Run Behavior\ShowPageTraceBehavior [ RunTime:0.000689s ]
INFO: [ app_end ] --END-- [ RunTime:0.000860s ]

[ 2016-12-05T14:33:43+08:00 ] 127.0.0.1 /waibao/index.php/Manager/Fengkong/index.html
INFO: [ app_init ] --START--
INFO: Run Behavior\BuildLiteBehavior [ RunTime:0.000049s ]
INFO: [ app_init ] --END-- [ RunTime:0.000845s ]
INFO: [ app_begin ] --START--
INFO: Run Behavior\ReadHtmlCacheBehavior [ RunTime:0.000922s ]
INFO: [ app_begin ] --END-- [ RunTime:0.001140s ]
SQL: SHOW COLUMNS FROM `user` [ RunTime:0.0010s ]
SQL: SELECT * FROM `user` WHERE `control` = 1  [ RunTime:0.0004s ]
INFO: [ view_parse ] --START--
INFO: [ template_filter ] --START--
INFO: Run Behavior\ContentReplaceBehavior [ RunTime:0.000096s ]
INFO: [ template_filter ] --END-- [ RunTime:0.000249s ]
NOTIC: [8] Undefined variable: pageShow D:\wamp64\www\waibao\Application\Runtime\Cache\Manager\cd5c6d95126800073cdfc2fa71d37c6c.php 第 59 行.
INFO: Run Behavior\ParseTemplateBehavior [ RunTime:0.014968s ]
INFO: [ view_parse ] --END-- [ RunTime:0.015169s ]
INFO: [ view_filter ] --START--
INFO: Run Behavior\WriteHtmlCacheBehavior [ RunTime:0.000715s ]
INFO: [ view_filter ] --END-- [ RunTime:0.000961s ]
INFO: [ app_end ] --START--
INFO: Run Behavior\ShowPageTraceBehavior [ RunTime:0.000867s ]
INFO: [ app_end ] --END-- [ RunTime:0.001073s ]

[ 2016-12-05T14:33:48+08:00 ] 127.0.0.1 /waibao/index.php/Manager/Fengkongform/index.html
INFO: [ app_init ] --START--
INFO: Run Behavior\BuildLiteBehavior [ RunTime:0.000058s ]
INFO: [ app_init ] --END-- [ RunTime:0.000900s ]
INFO: [ app_begin ] --START--
INFO: Run Behavior\ReadHtmlCacheBehavior [ RunTime:0.000765s ]
INFO: [ app_begin ] --END-- [ RunTime:0.001049s ]
INFO: [ view_parse ] --START--
INFO: [ template_filter ] --START--
INFO: Run Behavior\ContentReplaceBehavior [ RunTime:0.000089s ]
INFO: [ template_filter ] --END-- [ RunTime:0.000261s ]
INFO: Run Behavior\ParseTemplateBehavior [ RunTime:0.013794s ]
INFO: [ view_parse ] --END-- [ RunTime:0.014013s ]
INFO: [ view_filter ] --START--
INFO: Run Behavior\WriteHtmlCacheBehavior [ RunTime:0.000687s ]
INFO: [ view_filter ] --END-- [ RunTime:0.000923s ]
INFO: [ app_end ] --START--
INFO: Run Behavior\ShowPageTraceBehavior [ RunTime:0.000979s ]
INFO: [ app_end ] --END-- [ RunTime:0.001225s ]

[ 2016-12-05T14:33:53+08:00 ] 127.0.0.1 /waibao/index.php/Manager/Fengkongform/save.html
INFO: [ app_init ] --START--
INFO: Run Behavior\BuildLiteBehavior [ RunTime:0.000079s ]
INFO: [ app_init ] --END-- [ RunTime:0.001262s ]
INFO: [ app_begin ] --START--
INFO: Run Behavior\ReadHtmlCacheBehavior [ RunTime:0.000576s ]
INFO: [ app_begin ] --END-- [ RunTime:0.000732s ]
SQL: SHOW COLUMNS FROM `user` [ RunTime:0.0013s ]
NOTIC: [8] Undefined index: username D:\wamp64\www\waibao\Application\Manager\Controller\FengkongformController.class.php 第 16 行.
SQL: SELECT * FROM `user` WHERE `username` = null LIMIT 1   [ RunTime:0.0004s ]

[ 2016-12-05T14:33:53+08:00 ] 127.0.0.1 /waibao/index.php/Manager/Robot/index.html
INFO: [ app_init ] --START--
INFO: Run Behavior\BuildLiteBehavior [ RunTime:0.000029s ]
INFO: [ app_init ] --END-- [ RunTime:0.000499s ]
INFO: [ app_begin ] --START--
INFO: Run Behavior\ReadHtmlCacheBehavior [ RunTime:0.000468s ]
INFO: [ app_begin ] --END-- [ RunTime:0.000621s ]
SQL: SHOW COLUMNS FROM `robotconfig` [ RunTime:0.0012s ]
SQL: SELECT * FROM `robotconfig`  [ RunTime:0.0003s ]
INFO: [ view_parse ] --START--
INFO: [ template_filter ] --START--
INFO: Run Behavior\ContentReplaceBehavior [ RunTime:0.000108s ]
INFO: [ template_filter ] --END-- [ RunTime:0.000274s ]
NOTIC: [8] Undefined variable: pageShow D:\wamp64\www\waibao\Application\Runtime\Cache\Manager\61e79034e385c788ed4ae524fc53b5e3.php 第 81 行.
INFO: Run Behavior\ParseTemplateBehavior [ RunTime:0.040708s ]
INFO: [ view_parse ] --END-- [ RunTime:0.040857s ]
INFO: [ view_filter ] --START--
INFO: Run Behavior\WriteHtmlCacheBehavior [ RunTime:0.000502s ]
INFO: [ view_filter ] --END-- [ RunTime:0.000635s ]
INFO: [ app_end ] --START--
INFO: Run Behavior\ShowPageTraceBehavior [ RunTime:0.000601s ]
INFO: [ app_end ] --END-- [ RunTime:0.000728s ]

[ 2016-12-05T14:34:08+08:00 ] 127.0.0.1 /waibao/index.php/Manager/Fengkong/index.html
INFO: [ app_init ] --START--
INFO: Run Behavior\BuildLiteBehavior [ RunTime:0.000029s ]
INFO: [ app_init ] --END-- [ RunTime:0.000448s ]
INFO: [ app_begin ] --START--
INFO: Run Behavior\ReadHtmlCacheBehavior [ RunTime:0.000503s ]
INFO: [ app_begin ] --END-- [ RunTime:0.000683s ]
SQL: SHOW COLUMNS FROM `user` [ RunTime:0.0007s ]
SQL: SELECT * FROM `user` WHERE `control` = 1  [ RunTime:0.0003s ]
INFO: [ view_parse ] --START--
INFO: [ template_filter ] --START--
INFO: Run Behavior\ContentReplaceBehavior [ RunTime:0.000089s ]
INFO: [ template_filter ] --END-- [ RunTime:0.000231s ]
NOTIC: [8] Undefined variable: pageShow D:\wamp64\www\waibao\Application\Runtime\Cache\Manager\cd5c6d95126800073cdfc2fa71d37c6c.php 第 59 行.
INFO: Run Behavior\ParseTemplateBehavior [ RunTime:0.012982s ]
INFO: [ view_parse ] --END-- [ RunTime:0.013135s ]
INFO: [ view_filter ] --START--
INFO: Run Behavior\WriteHtmlCacheBehavior [ RunTime:0.000505s ]
INFO: [ view_filter ] --END-- [ RunTime:0.000690s ]
INFO: [ app_end ] --START--
INFO: Run Behavior\ShowPageTraceBehavior [ RunTime:0.000690s ]
INFO: [ app_end ] --END-- [ RunTime:0.000865s ]

[ 2016-12-05T14:34:10+08:00 ] 127.0.0.1 /waibao/index.php/Manager/Fengkongform/index.html
INFO: [ app_init ] --START--
INFO: Run Behavior\BuildLiteBehavior [ RunTime:0.000050s ]
INFO: [ app_init ] --END-- [ RunTime:0.000797s ]
INFO: [ app_begin ] --START--
INFO: Run Behavior\ReadHtmlCacheBehavior [ RunTime:0.000507s ]
INFO: [ app_begin ] --END-- [ RunTime:0.000703s ]
INFO: [ view_parse ] --START--
INFO: [ template_filter ] --START--
INFO: Run Behavior\ContentReplaceBehavior [ RunTime:0.000087s ]
INFO: [ template_filter ] --END-- [ RunTime:0.000238s ]
INFO: Run Behavior\ParseTemplateBehavior [ RunTime:0.011934s ]
INFO: [ view_parse ] --END-- [ RunTime:0.012207s ]
INFO: [ view_filter ] --START--
INFO: Run Behavior\WriteHtmlCacheBehavior [ RunTime:0.000771s ]
INFO: [ view_filter ] --END-- [ RunTime:0.001009s ]
INFO: [ app_end ] --START--
INFO: Run Behavior\ShowPageTraceBehavior [ RunTime:0.000662s ]
INFO: [ app_end ] --END-- [ RunTime:0.000805s ]

[ 2016-12-05T14:34:14+08:00 ] 127.0.0.1 /waibao/index.php/Manager/Fengkongform/save.html
INFO: [ app_init ] --START--
INFO: Run Behavior\BuildLiteBehavior [ RunTime:0.000089s ]
INFO: [ app_init ] --END-- [ RunTime:0.000989s ]
INFO: [ app_begin ] --START--
INFO: Run Behavior\ReadHtmlCacheBehavior [ RunTime:0.000899s ]
INFO: [ app_begin ] --END-- [ RunTime:0.001118s ]
SQL: SHOW COLUMNS FROM `user` [ RunTime:0.0008s ]
NOTIC: [8] Undefined index: username D:\wamp64\www\waibao\Application\Manager\Controller\FengkongformController.class.php 第 16 行.
SQL: SELECT * FROM `user` WHERE `username` = null LIMIT 1   [ RunTime:0.0003s ]

[ 2016-12-05T14:34:14+08:00 ] 127.0.0.1 /waibao/index.php/Manager/Fengkong/index.html
INFO: [ app_init ] --START--
INFO: Run Behavior\BuildLiteBehavior [ RunTime:0.000029s ]
INFO: [ app_init ] --END-- [ RunTime:0.000461s ]
INFO: [ app_begin ] --START--
INFO: Run Behavior\ReadHtmlCacheBehavior [ RunTime:0.000811s ]
INFO: [ app_begin ] --END-- [ RunTime:0.000954s ]
SQL: SHOW COLUMNS FROM `user` [ RunTime:0.0011s ]
SQL: SELECT * FROM `user` WHERE `control` = 1  [ RunTime:0.0003s ]
INFO: [ view_parse ] --START--
INFO: [ template_filter ] --START--
INFO: Run Behavior\ContentReplaceBehavior [ RunTime:0.000106s ]
INFO: [ template_filter ] --END-- [ RunTime:0.000291s ]
NOTIC: [8] Undefined variable: pageShow D:\wamp64\www\waibao\Application\Runtime\Cache\Manager\cd5c6d95126800073cdfc2fa71d37c6c.php 第 59 行.
INFO: Run Behavior\ParseTemplateBehavior [ RunTime:0.013727s ]
INFO: [ view_parse ] --END-- [ RunTime:0.013931s ]
INFO: [ view_filter ] --START--
INFO: Run Behavior\WriteHtmlCacheBehavior [ RunTime:0.000470s ]
INFO: [ view_filter ] --END-- [ RunTime:0.000609s ]
INFO: [ app_end ] --START--
INFO: Run Behavior\ShowPageTraceBehavior [ RunTime:0.000724s ]
INFO: [ app_end ] --END-- [ RunTime:0.000855s ]

[ 2016-12-05T14:35:29+08:00 ] 127.0.0.1 /waibao/index.php/Manager/Fengkong/index.html
INFO: [ app_init ] --START--
INFO: Run Behavior\BuildLiteBehavior [ RunTime:0.000029s ]
INFO: [ app_init ] --END-- [ RunTime:0.000465s ]
INFO: [ app_begin ] --START--
INFO: Run Behavior\ReadHtmlCacheBehavior [ RunTime:0.000675s ]
INFO: [ app_begin ] --END-- [ RunTime:0.000842s ]
SQL: SHOW COLUMNS FROM `user` [ RunTime:0.0010s ]
SQL: SELECT * FROM `user` WHERE `control` = 1  [ RunTime:0.0004s ]
INFO: [ view_parse ] --START--
INFO: [ template_filter ] --START--
INFO: Run Behavior\ContentReplaceBehavior [ RunTime:0.000119s ]
INFO: [ template_filter ] --END-- [ RunTime:0.000301s ]
NOTIC: [8] Undefined variable: pageShow D:\wamp64\www\waibao\Application\Runtime\Cache\Manager\cd5c6d95126800073cdfc2fa71d37c6c.php 第 59 行.
INFO: Run Behavior\ParseTemplateBehavior [ RunTime:0.013525s ]
INFO: [ view_parse ] --END-- [ RunTime:0.013678s ]
INFO: [ view_filter ] --START--
INFO: Run Behavior\WriteHtmlCacheBehavior [ RunTime:0.000644s ]
INFO: [ view_filter ] --END-- [ RunTime:0.000816s ]
INFO: [ app_end ] --START--
INFO: Run Behavior\ShowPageTraceBehavior [ RunTime:0.000690s ]
INFO: [ app_end ] --END-- [ RunTime:0.000820s ]

[ 2016-12-05T14:35:32+08:00 ] 127.0.0.1 /waibao/index.php/Manager/Fengkongform/index.html
INFO: [ app_init ] --START--
INFO: Run Behavior\BuildLiteBehavior [ RunTime:0.000030s ]
INFO: [ app_init ] --END-- [ RunTime:0.000476s ]
INFO: [ app_begin ] --START--
INFO: Run Behavior\ReadHtmlCacheBehavior [ RunTime:0.000763s ]
INFO: [ app_begin ] --END-- [ RunTime:0.000918s ]
INFO: [ view_parse ] --START--
INFO: [ template_filter ] --START--
INFO: Run Behavior\ContentReplaceBehavior [ RunTime:0.000085s ]
INFO: [ template_filter ] --END-- [ RunTime:0.000282s ]
INFO: Run Behavior\ParseTemplateBehavior [ RunTime:0.011395s ]
INFO: [ view_parse ] --END-- [ RunTime:0.011556s ]
INFO: [ view_filter ] --START--
INFO: Run Behavior\WriteHtmlCacheBehavior [ RunTime:0.000524s ]
INFO: [ view_filter ] --END-- [ RunTime:0.000659s ]
INFO: [ app_end ] --START--
INFO: Run Behavior\ShowPageTraceBehavior [ RunTime:0.000655s ]
INFO: [ app_end ] --END-- [ RunTime:0.000786s ]

[ 2016-12-05T14:35:35+08:00 ] 127.0.0.1 /waibao/index.php/Manager/Fengkongform/save.html
INFO: [ app_init ] --START--
INFO: Run Behavior\BuildLiteBehavior [ RunTime:0.000056s ]
INFO: [ app_init ] --END-- [ RunTime:0.001104s ]
INFO: [ app_begin ] --START--
INFO: Run Behavior\ReadHtmlCacheBehavior [ RunTime:0.001485s ]
INFO: [ app_begin ] --END-- [ RunTime:0.001815s ]
SQL: SHOW COLUMNS FROM `user` [ RunTime:0.0012s ]
SQL: SELECT * FROM `user` WHERE `username` = 'xuyuanfan2' LIMIT 1   [ RunTime:0.0007s ]
SQL: UPDATE `user` SET `username`='xuyuanfan2',`password`='123',`money`='99729972',`control`='1',`createtime`='2016-09-08 14:51:47' WHERE `id` = '57d10a83b5acc' [ RunTime:0.0570s ]

[ 2016-12-05T14:35:35+08:00 ] 127.0.0.1 /waibao/index.php/Manager/Fengkong/index.html
INFO: [ app_init ] --START--
INFO: Run Behavior\BuildLiteBehavior [ RunTime:0.000029s ]
INFO: [ app_init ] --END-- [ RunTime:0.000451s ]
INFO: [ app_begin ] --START--
INFO: Run Behavior\ReadHtmlCacheBehavior [ RunTime:0.000921s ]
INFO: [ app_begin ] --END-- [ RunTime:0.001117s ]
SQL: SHOW COLUMNS FROM `user` [ RunTime:0.0007s ]
SQL: SELECT * FROM `user` WHERE `control` = 1  [ RunTime:0.0003s ]
INFO: [ view_parse ] --START--
INFO: [ template_filter ] --START--
INFO: Run Behavior\ContentReplaceBehavior [ RunTime:0.000090s ]
INFO: [ template_filter ] --END-- [ RunTime:0.000235s ]
NOTIC: [8] Undefined variable: pageShow D:\wamp64\www\waibao\Application\Runtime\Cache\Manager\cd5c6d95126800073cdfc2fa71d37c6c.php 第 59 行.
INFO: Run Behavior\ParseTemplateBehavior [ RunTime:0.013230s ]
INFO: [ view_parse ] --END-- [ RunTime:0.013381s ]
INFO: [ view_filter ] --START--
INFO: Run Behavior\WriteHtmlCacheBehavior [ RunTime:0.000527s ]
INFO: [ view_filter ] --END-- [ RunTime:0.000665s ]
INFO: [ app_end ] --START--
INFO: Run Behavior\ShowPageTraceBehavior [ RunTime:0.000638s ]
INFO: [ app_end ] --END-- [ RunTime:0.000767s ]

[ 2016-12-05T14:35:41+08:00 ] 127.0.0.1 /waibao/index.php/Manager/Fengkong/del/userid/57d10a83b5acc.html
INFO: [ app_init ] --START--
INFO: Run Behavior\BuildLiteBehavior [ RunTime:0.000049s ]
INFO: [ app_init ] --END-- [ RunTime:0.000583s ]
INFO: [ app_begin ] --START--
INFO: Run Behavior\ReadHtmlCacheBehavior [ RunTime:0.000605s ]
INFO: [ app_begin ] --END-- [ RunTime:0.000804s ]
SQL: SHOW COLUMNS FROM `user` [ RunTime:0.0006s ]
SQL: SELECT * FROM `user` WHERE `id` = '57d10a83b5acc' LIMIT 1   [ RunTime:0.0003s ]
SQL: UPDATE `user` SET `username`='xuyuanfan2',`password`='123',`money`='99729972',`control`='0',`createtime`='2016-09-08 14:51:47' WHERE `id` = '57d10a83b5acc' [ RunTime:0.0287s ]

[ 2016-12-05T14:35:41+08:00 ] 127.0.0.1 /waibao/index.php/Manager/Fengkong/index.html
INFO: [ app_init ] --START--
INFO: Run Behavior\BuildLiteBehavior [ RunTime:0.000033s ]
INFO: [ app_init ] --END-- [ RunTime:0.000506s ]
INFO: [ app_begin ] --START--
INFO: Run Behavior\ReadHtmlCacheBehavior [ RunTime:0.000542s ]
INFO: [ app_begin ] --END-- [ RunTime:0.000705s ]
SQL: SHOW COLUMNS FROM `user` [ RunTime:0.0008s ]
SQL: SELECT * FROM `user` WHERE `control` = 1  [ RunTime:0.0003s ]
INFO: [ view_parse ] --START--
INFO: [ template_filter ] --START--
INFO: Run Behavior\ContentReplaceBehavior [ RunTime:0.000087s ]
INFO: [ template_filter ] --END-- [ RunTime:0.000228s ]
NOTIC: [8] Undefined variable: pageShow D:\wamp64\www\waibao\Application\Runtime\Cache\Manager\cd5c6d95126800073cdfc2fa71d37c6c.php 第 59 行.
INFO: Run Behavior\ParseTemplateBehavior [ RunTime:0.012856s ]
INFO: [ view_parse ] --END-- [ RunTime:0.013061s ]
INFO: [ view_filter ] --START--
INFO: Run Behavior\WriteHtmlCacheBehavior [ RunTime:0.000474s ]
INFO: [ view_filter ] --END-- [ RunTime:0.000598s ]
INFO: [ app_end ] --START--
INFO: Run Behavior\ShowPageTraceBehavior [ RunTime:0.000678s ]
INFO: [ app_end ] --END-- [ RunTime:0.000807s ]

[ 2016-12-05T14:38:59+08:00 ] 127.0.0.1 /waibao/index.php/Manager/Robot/index.html
INFO: [ app_init ] --START--
INFO: Run Behavior\BuildLiteBehavior [ RunTime:0.000031s ]
INFO: [ app_init ] --END-- [ RunTime:0.000559s ]
INFO: [ app_begin ] --START--
INFO: Run Behavior\ReadHtmlCacheBehavior [ RunTime:0.000636s ]
INFO: [ app_begin ] --END-- [ RunTime:0.000792s ]
SQL: SHOW COLUMNS FROM `robotconfig` [ RunTime:0.0015s ]
SQL: SELECT * FROM `robotconfig`  [ RunTime:0.0004s ]
INFO: [ view_parse ] --START--
INFO: [ template_filter ] --START--
INFO: Run Behavior\ContentReplaceBehavior [ RunTime:0.000099s ]
INFO: [ template_filter ] --END-- [ RunTime:0.000268s ]
NOTIC: [8] Undefined variable: pageShow D:\wamp64\www\waibao\Application\Runtime\Cache\Manager\61e79034e385c788ed4ae524fc53b5e3.php 第 81 行.
INFO: Run Behavior\ParseTemplateBehavior [ RunTime:0.016332s ]
INFO: [ view_parse ] --END-- [ RunTime:0.016472s ]
INFO: [ view_filter ] --START--
INFO: Run Behavior\WriteHtmlCacheBehavior [ RunTime:0.000475s ]
INFO: [ view_filter ] --END-- [ RunTime:0.000634s ]
INFO: [ app_end ] --START--
INFO: Run Behavior\ShowPageTraceBehavior [ RunTime:0.000671s ]
INFO: [ app_end ] --END-- [ RunTime:0.000805s ]

[ 2016-12-05T14:39:01+08:00 ] 127.0.0.1 /waibao/index.php/Manager/Guess/index.html
INFO: [ app_init ] --START--
INFO: Run Behavior\BuildLiteBehavior [ RunTime:0.000030s ]
INFO: [ app_init ] --END-- [ RunTime:0.000456s ]
INFO: [ app_begin ] --START--
INFO: Run Behavior\ReadHtmlCacheBehavior [ RunTime:0.000463s ]
INFO: [ app_begin ] --END-- [ RunTime:0.000614s ]
INFO: [ view_parse ] --START--
INFO: [ template_filter ] --START--
INFO: Run Behavior\ContentReplaceBehavior [ RunTime:0.000127s ]
INFO: [ template_filter ] --END-- [ RunTime:0.000314s ]
NOTIC: [8] Undefined offset: 19 D:\wamp64\www\waibao\Application\Runtime\Cache\Manager\89e377e994c972504e8e4abbd6e8bce7.php 第 71 行.
NOTIC: [8] Undefined offset: 20 D:\wamp64\www\waibao\Application\Runtime\Cache\Manager\89e377e994c972504e8e4abbd6e8bce7.php 第 72 行.
NOTIC: [8] Undefined offset: 21 D:\wamp64\www\waibao\Application\Runtime\Cache\Manager\89e377e994c972504e8e4abbd6e8bce7.php 第 72 行.
NOTIC: [8] Undefined offset: 22 D:\wamp64\www\waibao\Application\Runtime\Cache\Manager\89e377e994c972504e8e4abbd6e8bce7.php 第 73 行.
NOTIC: [8] Undefined offset: 23 D:\wamp64\www\waibao\Application\Runtime\Cache\Manager\89e377e994c972504e8e4abbd6e8bce7.php 第 73 行.
NOTIC: [8] Undefined offset: 24 D:\wamp64\www\waibao\Application\Runtime\Cache\Manager\89e377e994c972504e8e4abbd6e8bce7.php 第 74 行.
NOTIC: [8] Undefined offset: 25 D:\wamp64\www\waibao\Application\Runtime\Cache\Manager\89e377e994c972504e8e4abbd6e8bce7.php 第 74 行.
NOTIC: [8] Undefined offset: 26 D:\wamp64\www\waibao\Application\Runtime\Cache\Manager\89e377e994c972504e8e4abbd6e8bce7.php 第 75 行.
NOTIC: [8] Undefined offset: 27 D:\wamp64\www\waibao\Application\Runtime\Cache\Manager\89e377e994c972504e8e4abbd6e8bce7.php 第 75 行.
NOTIC: [8] Undefined offset: 11 D:\wamp64\www\waibao\Application\Runtime\Cache\Manager\89e377e994c972504e8e4abbd6e8bce7.php 第 67 行.
NOTIC: [8] Undefined offset: 12 D:\wamp64\www\waibao\Application\Runtime\Cache\Manager\89e377e994c972504e8e4abbd6e8bce7.php 第 68 行.
NOTIC: [8] Undefined offset: 13 D:\wamp64\www\waibao\Application\Runtime\Cache\Manager\89e377e994c972504e8e4abbd6e8bce7.php 第 68 行.
NOTIC: [8] Undefined offset: 14 D:\wamp64\www\waibao\Application\Runtime\Cache\Manager\89e377e994c972504e8e4abbd6e8bce7.php 第 69 行.
NOTIC: [8] Undefined offset: 15 D:\wamp64\www\waibao\Application\Runtime\Cache\Manager\89e377e994c972504e8e4abbd6e8bce7.php 第 69 行.
NOTIC: [8] Undefined offset: 16 D:\wamp64\www\waibao\Application\Runtime\Cache\Manager\89e377e994c972504e8e4abbd6e8bce7.php 第 70 行.
NOTIC: [8] Undefined offset: 17 D:\wamp64\www\waibao\Application\Runtime\Cache\Manager\89e377e994c972504e8e4abbd6e8bce7.php 第 70 行.
NOTIC: [8] Undefined offset: 18 D:\wamp64\www\waibao\Application\Runtime\Cache\Manager\89e377e994c972504e8e4abbd6e8bce7.php 第 71 行.
NOTIC: [8] Undefined offset: 19 D:\wamp64\www\waibao\Application\Runtime\Cache\Manager\89e377e994c972504e8e4abbd6e8bce7.php 第 71 行.
NOTIC: [8] Undefined offset: 20 D:\wamp64\www\waibao\Application\Runtime\Cache\Manager\89e377e994c972504e8e4abbd6e8bce7.php 第 72 行.
NOTIC: [8] Undefined offset: 21 D:\wamp64\www\waibao\Application\Runtime\Cache\Manager\89e377e994c972504e8e4abbd6e8bce7.php 第 72 行.
NOTIC: [8] Undefined offset: 22 D:\wamp64\www\waibao\Application\Runtime\Cache\Manager\89e377e994c972504e8e4abbd6e8bce7.php 第 73 行.
NOTIC: [8] Undefined offset: 23 D:\wamp64\www\waibao\Application\Runtime\Cache\Manager\89e377e994c972504e8e4abbd6e8bce7.php 第 73 行.
NOTIC: [8] Undefined offset: 24 D:\wamp64\www\waibao\Application\Runtime\Cache\Manager\89e377e994c972504e8e4abbd6e8bce7.php 第 74 行.
NOTIC: [8] Undefined offset: 25 D:\wamp64\www\waibao\Application\Runtime\Cache\Manager\89e377e994c972504e8e4abbd6e8bce7.php 第 74 行.
NOTIC: [8] Undefined offset: 26 D:\wamp64\www\waibao\Application\Runtime\Cache\Manager\89e377e994c972504e8e4abbd6e8bce7.php 第 75 行.
NOTIC: [8] Undefined offset: 27 D:\wamp64\www\waibao\Application\Runtime\Cache\Manager\89e377e994c972504e8e4abbd6e8bce7.php 第 75 行.
NOTIC: [8] Undefined variable: pageShow D:\wamp64\www\waibao\Application\Runtime\Cache\Manager\89e377e994c972504e8e4abbd6e8bce7.php 第 79 行.
INFO: Run Behavior\ParseTemplateBehavior [ RunTime:0.060274s ]
INFO: [ view_parse ] --END-- [ RunTime:0.060412s ]
INFO: [ view_filter ] --START--
INFO: Run Behavior\WriteHtmlCacheBehavior [ RunTime:0.000441s ]
INFO: [ view_filter ] --END-- [ RunTime:0.000566s ]
INFO: [ app_end ] --START--
INFO: Run Behavior\ShowPageTraceBehavior [ RunTime:0.000835s ]
INFO: [ app_end ] --END-- [ RunTime:0.001015s ]

[ 2016-12-05T14:39:03+08:00 ] 127.0.0.1 /waibao/index.php/Manager/Transform/index.html
INFO: [ app_init ] --START--
INFO: Run Behavior\BuildLiteBehavior [ RunTime:0.000086s ]
INFO: [ app_init ] --END-- [ RunTime:0.000984s ]
INFO: [ app_begin ] --START--
INFO: Run Behavior\ReadHtmlCacheBehavior [ RunTime:0.000574s ]
INFO: [ app_begin ] --END-- [ RunTime:0.000741s ]
INFO: [ view_parse ] --START--
INFO: [ template_filter ] --START--
INFO: Run Behavior\ContentReplaceBehavior [ RunTime:0.000090s ]
INFO: [ template_filter ] --END-- [ RunTime:0.000233s ]
NOTIC: [8] Undefined variable: pageShow D:\wamp64\www\waibao\Application\Runtime\Cache\Manager\d950cb49b196fc936d473d01f6740649.php 第 63 行.
INFO: Run Behavior\ParseTemplateBehavior [ RunTime:0.038856s ]
INFO: [ view_parse ] --END-- [ RunTime:0.039064s ]
INFO: [ view_filter ] --START--
INFO: Run Behavior\WriteHtmlCacheBehavior [ RunTime:0.000849s ]
INFO: [ view_filter ] --END-- [ RunTime:0.001092s ]
INFO: [ app_end ] --START--
INFO: Run Behavior\ShowPageTraceBehavior [ RunTime:0.001120s ]
INFO: [ app_end ] --END-- [ RunTime:0.001370s ]

[ 2016-12-05T14:39:04+08:00 ] 127.0.0.1 /waibao/index.php/Manager/Collect/index.html
INFO: [ app_init ] --START--
INFO: Run Behavior\BuildLiteBehavior [ RunTime:0.000050s ]
INFO: [ app_init ] --END-- [ RunTime:0.000772s ]
INFO: [ app_begin ] --START--
INFO: Run Behavior\ReadHtmlCacheBehavior [ RunTime:0.000822s ]
INFO: [ app_begin ] --END-- [ RunTime:0.001082s ]
INFO: [ view_parse ] --START--
INFO: [ template_filter ] --START--
INFO: Run Behavior\ContentReplaceBehavior [ RunTime:0.000093s ]
INFO: [ template_filter ] --END-- [ RunTime:0.000238s ]
NOTIC: [8] Undefined variable: pageShow D:\wamp64\www\waibao\Application\Runtime\Cache\Manager\5dcb3baa0ed527d598adceedf305806e.php 第 69 行.
INFO: Run Behavior\ParseTemplateBehavior [ RunTime:0.030851s ]
INFO: [ view_parse ] --END-- [ RunTime:0.030994s ]
INFO: [ view_filter ] --START--
INFO: Run Behavior\WriteHtmlCacheBehavior [ RunTime:0.000482s ]
INFO: [ view_filter ] --END-- [ RunTime:0.000607s ]
INFO: [ app_end ] --START--
INFO: Run Behavior\ShowPageTraceBehavior [ RunTime:0.000692s ]
INFO: [ app_end ] --END-- [ RunTime:0.000825s ]

[ 2016-12-05T14:39:05+08:00 ] 127.0.0.1 /waibao/index.php/Manager/Fengkong/index.html
INFO: [ app_init ] --START--
INFO: Run Behavior\BuildLiteBehavior [ RunTime:0.000032s ]
INFO: [ app_init ] --END-- [ RunTime:0.000485s ]
INFO: [ app_begin ] --START--
INFO: Run Behavior\ReadHtmlCacheBehavior [ RunTime:0.000976s ]
INFO: [ app_begin ] --END-- [ RunTime:0.001260s ]
SQL: SHOW COLUMNS FROM `user` [ RunTime:0.0008s ]
SQL: SELECT * FROM `user` WHERE `control` = 1  [ RunTime:0.0003s ]
INFO: [ view_parse ] --START--
INFO: [ template_filter ] --START--
INFO: Run Behavior\ContentReplaceBehavior [ RunTime:0.000090s ]
INFO: [ template_filter ] --END-- [ RunTime:0.000234s ]
NOTIC: [8] Undefined variable: pageShow D:\wamp64\www\waibao\Application\Runtime\Cache\Manager\cd5c6d95126800073cdfc2fa71d37c6c.php 第 59 行.
INFO: Run Behavior\ParseTemplateBehavior [ RunTime:0.013593s ]
INFO: [ view_parse ] --END-- [ RunTime:0.013742s ]
INFO: [ view_filter ] --START--
INFO: Run Behavior\WriteHtmlCacheBehavior [ RunTime:0.000420s ]
INFO: [ view_filter ] --END-- [ RunTime:0.000550s ]
INFO: [ app_end ] --START--
INFO: Run Behavior\ShowPageTraceBehavior [ RunTime:0.000703s ]
INFO: [ app_end ] --END-- [ RunTime:0.000862s ]

[ 2016-12-05T14:39:20+08:00 ] 127.0.0.1 /waibao/index.php/Manager/Fengkongform/index.html
INFO: [ app_init ] --START--
INFO: Run Behavior\BuildLiteBehavior [ RunTime:0.000050s ]
INFO: [ app_init ] --END-- [ RunTime:0.000762s ]
INFO: [ app_begin ] --START--
INFO: Run Behavior\ReadHtmlCacheBehavior [ RunTime:0.000724s ]
INFO: [ app_begin ] --END-- [ RunTime:0.000974s ]
INFO: [ view_parse ] --START--
INFO: [ template_filter ] --START--
INFO: Run Behavior\ContentReplaceBehavior [ RunTime:0.000146s ]
INFO: [ template_filter ] --END-- [ RunTime:0.000393s ]
INFO: Run Behavior\ParseTemplateBehavior [ RunTime:0.014228s ]
INFO: [ view_parse ] --END-- [ RunTime:0.014486s ]
INFO: [ view_filter ] --START--
INFO: Run Behavior\WriteHtmlCacheBehavior [ RunTime:0.000433s ]
INFO: [ view_filter ] --END-- [ RunTime:0.000560s ]
INFO: [ app_end ] --START--
INFO: Run Behavior\ShowPageTraceBehavior [ RunTime:0.000603s ]
INFO: [ app_end ] --END-- [ RunTime:0.000731s ]

[ 2016-12-05T14:39:25+08:00 ] 127.0.0.1 /waibao/index.php/Manager/Fengkong/index.html
INFO: [ app_init ] --START--
INFO: Run Behavior\BuildLiteBehavior [ RunTime:0.000049s ]
INFO: [ app_init ] --END-- [ RunTime:0.000733s ]
INFO: [ app_begin ] --START--
INFO: Run Behavior\ReadHtmlCacheBehavior [ RunTime:0.000653s ]
INFO: [ app_begin ] --END-- [ RunTime:0.000810s ]
SQL: SHOW COLUMNS FROM `user` [ RunTime:0.0010s ]
SQL: SELECT * FROM `user` WHERE `control` = 1  [ RunTime:0.0003s ]
INFO: [ view_parse ] --START--
INFO: [ template_filter ] --START--
INFO: Run Behavior\ContentReplaceBehavior [ RunTime:0.000152s ]
INFO: [ template_filter ] --END-- [ RunTime:0.000403s ]
NOTIC: [8] Undefined variable: pageShow D:\wamp64\www\waibao\Application\Runtime\Cache\Manager\cd5c6d95126800073cdfc2fa71d37c6c.php 第 59 行.
INFO: Run Behavior\ParseTemplateBehavior [ RunTime:0.014077s ]
INFO: [ view_parse ] --END-- [ RunTime:0.014268s ]
INFO: [ view_filter ] --START--
INFO: Run Behavior\WriteHtmlCacheBehavior [ RunTime:0.000728s ]
INFO: [ view_filter ] --END-- [ RunTime:0.001005s ]
INFO: [ app_end ] --START--
INFO: Run Behavior\ShowPageTraceBehavior [ RunTime:0.001006s ]
INFO: [ app_end ] --END-- [ RunTime:0.001245s ]

[ 2016-12-05T14:40:31+08:00 ] 127.0.0.1 /waibao/index.php/Manager/Robot/index.html
INFO: [ app_init ] --START--
INFO: Run Behavior\BuildLiteBehavior [ RunTime:0.000050s ]
INFO: [ app_init ] --END-- [ RunTime:0.000581s ]
INFO: [ app_begin ] --START--
INFO: Run Behavior\ReadHtmlCacheBehavior [ RunTime:0.000644s ]
INFO: [ app_begin ] --END-- [ RunTime:0.000788s ]
SQL: SHOW COLUMNS FROM `robotconfig` [ RunTime:0.0012s ]
SQL: SELECT * FROM `robotconfig`  [ RunTime:0.0004s ]
INFO: [ view_parse ] --START--
INFO: [ template_filter ] --START--
INFO: Run Behavior\ContentReplaceBehavior [ RunTime:0.000096s ]
INFO: [ template_filter ] --END-- [ RunTime:0.000242s ]
NOTIC: [8] Undefined variable: pageShow D:\wamp64\www\waibao\Application\Runtime\Cache\Manager\61e79034e385c788ed4ae524fc53b5e3.php 第 81 行.
INFO: Run Behavior\ParseTemplateBehavior [ RunTime:0.017072s ]
INFO: [ view_parse ] --END-- [ RunTime:0.017217s ]
INFO: [ view_filter ] --START--
INFO: Run Behavior\WriteHtmlCacheBehavior [ RunTime:0.000469s ]
INFO: [ view_filter ] --END-- [ RunTime:0.000597s ]
INFO: [ app_end ] --START--
INFO: Run Behavior\ShowPageTraceBehavior [ RunTime:0.000692s ]
INFO: [ app_end ] --END-- [ RunTime:0.000830s ]

[ 2016-12-05T14:40:32+08:00 ] 127.0.0.1 /waibao/index.php/Manager/Fengkong/index.html
INFO: [ app_init ] --START--
INFO: Run Behavior\BuildLiteBehavior [ RunTime:0.000050s ]
INFO: [ app_init ] --END-- [ RunTime:0.000844s ]
INFO: [ app_begin ] --START--
INFO: Run Behavior\ReadHtmlCacheBehavior [ RunTime:0.000856s ]
INFO: [ app_begin ] --END-- [ RunTime:0.001035s ]
SQL: SHOW COLUMNS FROM `user` [ RunTime:0.0007s ]
SQL: SELECT * FROM `user` WHERE `control` = 1  [ RunTime:0.0003s ]
INFO: [ view_parse ] --START--
INFO: [ template_filter ] --START--
INFO: Run Behavior\ContentReplaceBehavior [ RunTime:0.000088s ]
INFO: [ template_filter ] --END-- [ RunTime:0.000228s ]
NOTIC: [8] Undefined variable: pageShow D:\wamp64\www\waibao\Application\Runtime\Cache\Manager\cd5c6d95126800073cdfc2fa71d37c6c.php 第 59 行.
INFO: Run Behavior\ParseTemplateBehavior [ RunTime:0.012177s ]
INFO: [ view_parse ] --END-- [ RunTime:0.012381s ]
INFO: [ view_filter ] --START--
INFO: Run Behavior\WriteHtmlCacheBehavior [ RunTime:0.000697s ]
INFO: [ view_filter ] --END-- [ RunTime:0.000913s ]
INFO: [ app_end ] --START--
INFO: Run Behavior\ShowPageTraceBehavior [ RunTime:0.000658s ]
INFO: [ app_end ] --END-- [ RunTime:0.000789s ]

[ 2016-12-05T14:40:33+08:00 ] 127.0.0.1 /waibao/index.php/Manager/Guess/index.html
INFO: [ app_init ] --START--
INFO: Run Behavior\BuildLiteBehavior [ RunTime:0.000082s ]
INFO: [ app_init ] --END-- [ RunTime:0.000773s ]
INFO: [ app_begin ] --START--
INFO: Run Behavior\ReadHtmlCacheBehavior [ RunTime:0.000671s ]
INFO: [ app_begin ] --END-- [ RunTime:0.000830s ]
INFO: [ view_parse ] --START--
INFO: [ template_filter ] --START--
INFO: Run Behavior\ContentReplaceBehavior [ RunTime:0.000105s ]
INFO: [ template_filter ] --END-- [ RunTime:0.000265s ]
NOTIC: [8] Undefined offset: 19 D:\wamp64\www\waibao\Application\Runtime\Cache\Manager\89e377e994c972504e8e4abbd6e8bce7.php 第 71 行.
NOTIC: [8] Undefined offset: 20 D:\wamp64\www\waibao\Application\Runtime\Cache\Manager\89e377e994c972504e8e4abbd6e8bce7.php 第 72 行.
NOTIC: [8] Undefined offset: 21 D:\wamp64\www\waibao\Application\Runtime\Cache\Manager\89e377e994c972504e8e4abbd6e8bce7.php 第 72 行.
NOTIC: [8] Undefined offset: 22 D:\wamp64\www\waibao\Application\Runtime\Cache\Manager\89e377e994c972504e8e4abbd6e8bce7.php 第 73 行.
NOTIC: [8] Undefined offset: 23 D:\wamp64\www\waibao\Application\Runtime\Cache\Manager\89e377e994c972504e8e4abbd6e8bce7.php 第 73 行.
NOTIC: [8] Undefined offset: 24 D:\wamp64\www\waibao\Application\Runtime\Cache\Manager\89e377e994c972504e8e4abbd6e8bce7.php 第 74 行.
NOTIC: [8] Undefined offset: 25 D:\wamp64\www\waibao\Application\Runtime\Cache\Manager\89e377e994c972504e8e4abbd6e8bce7.php 第 74 行.
NOTIC: [8] Undefined offset: 26 D:\wamp64\www\waibao\Application\Runtime\Cache\Manager\89e377e994c972504e8e4abbd6e8bce7.php 第 75 行.
NOTIC: [8] Undefined offset: 27 D:\wamp64\www\waibao\Application\Runtime\Cache\Manager\89e377e994c972504e8e4abbd6e8bce7.php 第 75 行.
NOTIC: [8] Undefined offset: 11 D:\wamp64\www\waibao\Application\Runtime\Cache\Manager\89e377e994c972504e8e4abbd6e8bce7.php 第 67 行.
NOTIC: [8] Undefined offset: 12 D:\wamp64\www\waibao\Application\Runtime\Cache\Manager\89e377e994c972504e8e4abbd6e8bce7.php 第 68 行.
NOTIC: [8] Undefined offset: 13 D:\wamp64\www\waibao\Application\Runtime\Cache\Manager\89e377e994c972504e8e4abbd6e8bce7.php 第 68 行.
NOTIC: [8] Undefined offset: 14 D:\wamp64\www\waibao\Application\Runtime\Cache\Manager\89e377e994c972504e8e4abbd6e8bce7.php 第 69 行.
NOTIC: [8] Undefined offset: 15 D:\wamp64\www\waibao\Application\Runtime\Cache\Manager\89e377e994c972504e8e4abbd6e8bce7.php 第 69 行.
NOTIC: [8] Undefined offset: 16 D:\wamp64\www\waibao\Application\Runtime\Cache\Manager\89e377e994c972504e8e4abbd6e8bce7.php 第 70 行.
NOTIC: [8] Undefined offset: 17 D:\wamp64\www\waibao\Application\Runtime\Cache\Manager\89e377e994c972504e8e4abbd6e8bce7.php 第 70 行.
NOTIC: [8] Undefined offset: 18 D:\wamp64\www\waibao\Application\Runtime\Cache\Manager\89e377e994c972504e8e4abbd6e8bce7.php 第 71 行.
NOTIC: [8] Undefined offset: 19 D:\wamp64\www\waibao\Application\Runtime\Cache\Manager\89e377e994c972504e8e4abbd6e8bce7.php 第 71 行.
NOTIC: [8] Undefined offset: 20 D:\wamp64\www\waibao\Application\Runtime\Cache\Manager\89e377e994c972504e8e4abbd6e8bce7.php 第 72 行.
NOTIC: [8] Undefined offset: 21 D:\wamp64\www\waibao\Application\Runtime\Cache\Manager\89e377e994c972504e8e4abbd6e8bce7.php 第 72 行.
NOTIC: [8] Undefined offset: 22 D:\wamp64\www\waibao\Application\Runtime\Cache\Manager\89e377e994c972504e8e4abbd6e8bce7.php 第 73 行.
NOTIC: [8] Undefined offset: 23 D:\wamp64\www\waibao\Application\Runtime\Cache\Manager\89e377e994c972504e8e4abbd6e8bce7.php 第 73 行.
NOTIC: [8] Undefined offset: 24 D:\wamp64\www\waibao\Application\Runtime\Cache\Manager\89e377e994c972504e8e4abbd6e8bce7.php 第 74 行.
NOTIC: [8] Undefined offset: 25 D:\wamp64\www\waibao\Application\Runtime\Cache\Manager\89e377e994c972504e8e4abbd6e8bce7.php 第 74 行.
NOTIC: [8] Undefined offset: 26 D:\wamp64\www\waibao\Application\Runtime\Cache\Manager\89e377e994c972504e8e4abbd6e8bce7.php 第 75 行.
NOTIC: [8] Undefined offset: 27 D:\wamp64\www\waibao\Application\Runtime\Cache\Manager\89e377e994c972504e8e4abbd6e8bce7.php 第 75 行.
NOTIC: [8] Undefined variable: pageShow D:\wamp64\www\waibao\Application\Runtime\Cache\Manager\89e377e994c972504e8e4abbd6e8bce7.php 第 79 行.
INFO: Run Behavior\ParseTemplateBehavior [ RunTime:0.029329s ]
INFO: [ view_parse ] --END-- [ RunTime:0.029482s ]
INFO: [ view_filter ] --START--
INFO: Run Behavior\WriteHtmlCacheBehavior [ RunTime:0.000524s ]
INFO: [ view_filter ] --END-- [ RunTime:0.000768s ]
INFO: [ app_end ] --START--
INFO: Run Behavior\ShowPageTraceBehavior [ RunTime:0.000811s ]
INFO: [ app_end ] --END-- [ RunTime:0.000987s ]

[ 2016-12-05T14:40:34+08:00 ] 127.0.0.1 /waibao/index.php/Manager/Robot/index.html
INFO: [ app_init ] --START--
INFO: Run Behavior\BuildLiteBehavior [ RunTime:0.000052s ]
INFO: [ app_init ] --END-- [ RunTime:0.000853s ]
INFO: [ app_begin ] --START--
INFO: Run Behavior\ReadHtmlCacheBehavior [ RunTime:0.001079s ]
INFO: [ app_begin ] --END-- [ RunTime:0.001349s ]
SQL: SHOW COLUMNS FROM `robotconfig` [ RunTime:0.0015s ]
SQL: SELECT * FROM `robotconfig`  [ RunTime:0.0004s ]
INFO: [ view_parse ] --START--
INFO: [ template_filter ] --START--
INFO: Run Behavior\ContentReplaceBehavior [ RunTime:0.000097s ]
INFO: [ template_filter ] --END-- [ RunTime:0.000244s ]
NOTIC: [8] Undefined variable: pageShow D:\wamp64\www\waibao\Application\Runtime\Cache\Manager\61e79034e385c788ed4ae524fc53b5e3.php 第 81 行.
INFO: Run Behavior\ParseTemplateBehavior [ RunTime:0.016222s ]
INFO: [ view_parse ] --END-- [ RunTime:0.016418s ]
INFO: [ view_filter ] --START--
INFO: Run Behavior\WriteHtmlCacheBehavior [ RunTime:0.000444s ]
INFO: [ view_filter ] --END-- [ RunTime:0.000571s ]
INFO: [ app_end ] --START--
INFO: Run Behavior\ShowPageTraceBehavior [ RunTime:0.000808s ]
INFO: [ app_end ] --END-- [ RunTime:0.000984s ]

[ 2016-12-05T14:40:37+08:00 ] 127.0.0.1 /waibao/index.php/Manager/Transform/index.html
INFO: [ app_init ] --START--
INFO: Run Behavior\BuildLiteBehavior [ RunTime:0.000030s ]
INFO: [ app_init ] --END-- [ RunTime:0.000469s ]
INFO: [ app_begin ] --START--
INFO: Run Behavior\ReadHtmlCacheBehavior [ RunTime:0.000996s ]
INFO: [ app_begin ] --END-- [ RunTime:0.001282s ]
INFO: [ view_parse ] --START--
INFO: [ template_filter ] --START--
INFO: Run Behavior\ContentReplaceBehavior [ RunTime:0.000104s ]
INFO: [ template_filter ] --END-- [ RunTime:0.000255s ]
NOTIC: [8] Undefined variable: pageShow D:\wamp64\www\waibao\Application\Runtime\Cache\Manager\d950cb49b196fc936d473d01f6740649.php 第 63 行.
INFO: Run Behavior\ParseTemplateBehavior [ RunTime:0.013500s ]
INFO: [ view_parse ] --END-- [ RunTime:0.013641s ]
INFO: [ view_filter ] --START--
INFO: Run Behavior\WriteHtmlCacheBehavior [ RunTime:0.000465s ]
INFO: [ view_filter ] --END-- [ RunTime:0.000594s ]
INFO: [ app_end ] --START--
INFO: Run Behavior\ShowPageTraceBehavior [ RunTime:0.000632s ]
INFO: [ app_end ] --END-- [ RunTime:0.000764s ]

[ 2016-12-05T14:40:38+08:00 ] 127.0.0.1 /waibao/index.php/Manager/Collect/index.html
INFO: [ app_init ] --START--
INFO: Run Behavior\BuildLiteBehavior [ RunTime:0.000051s ]
INFO: [ app_init ] --END-- [ RunTime:0.000750s ]
INFO: [ app_begin ] --START--
INFO: Run Behavior\ReadHtmlCacheBehavior [ RunTime:0.000726s ]
INFO: [ app_begin ] --END-- [ RunTime:0.000901s ]
INFO: [ view_parse ] --START--
INFO: [ template_filter ] --START--
INFO: Run Behavior\ContentReplaceBehavior [ RunTime:0.000092s ]
INFO: [ template_filter ] --END-- [ RunTime:0.000260s ]
NOTIC: [8] Undefined variable: pageShow D:\wamp64\www\waibao\Application\Runtime\Cache\Manager\5dcb3baa0ed527d598adceedf305806e.php 第 69 行.
INFO: Run Behavior\ParseTemplateBehavior [ RunTime:0.015013s ]
INFO: [ view_parse ] --END-- [ RunTime:0.015201s ]
INFO: [ view_filter ] --START--
INFO: Run Behavior\WriteHtmlCacheBehavior [ RunTime:0.000514s ]
INFO: [ view_filter ] --END-- [ RunTime:0.000685s ]
INFO: [ app_end ] --START--
INFO: Run Behavior\ShowPageTraceBehavior [ RunTime:0.000722s ]
INFO: [ app_end ] --END-- [ RunTime:0.000894s ]

[ 2016-12-05T14:40:39+08:00 ] 127.0.0.1 /waibao/index.php/Manager/Guess/index.html
INFO: [ app_init ] --START--
INFO: Run Behavior\BuildLiteBehavior [ RunTime:0.000049s ]
INFO: [ app_init ] --END-- [ RunTime:0.000744s ]
INFO: [ app_begin ] --START--
INFO: Run Behavior\ReadHtmlCacheBehavior [ RunTime:0.001185s ]
INFO: [ app_begin ] --END-- [ RunTime:0.001448s ]
INFO: [ view_parse ] --START--
INFO: [ template_filter ] --START--
INFO: Run Behavior\ContentReplaceBehavior [ RunTime:0.000096s ]
INFO: [ template_filter ] --END-- [ RunTime:0.000257s ]
NOTIC: [8] Undefined offset: 19 D:\wamp64\www\waibao\Application\Runtime\Cache\Manager\89e377e994c972504e8e4abbd6e8bce7.php 第 71 行.
NOTIC: [8] Undefined offset: 20 D:\wamp64\www\waibao\Application\Runtime\Cache\Manager\89e377e994c972504e8e4abbd6e8bce7.php 第 72 行.
NOTIC: [8] Undefined offset: 21 D:\wamp64\www\waibao\Application\Runtime\Cache\Manager\89e377e994c972504e8e4abbd6e8bce7.php 第 72 行.
NOTIC: [8] Undefined offset: 22 D:\wamp64\www\waibao\Application\Runtime\Cache\Manager\89e377e994c972504e8e4abbd6e8bce7.php 第 73 行.
NOTIC: [8] Undefined offset: 23 D:\wamp64\www\waibao\Application\Runtime\Cache\Manager\89e377e994c972504e8e4abbd6e8bce7.php 第 73 行.
NOTIC: [8] Undefined offset: 24 D:\wamp64\www\waibao\Application\Runtime\Cache\Manager\89e377e994c972504e8e4abbd6e8bce7.php 第 74 行.
NOTIC: [8] Undefined offset: 25 D:\wamp64\www\waibao\Application\Runtime\Cache\Manager\89e377e994c972504e8e4abbd6e8bce7.php 第 74 行.
NOTIC: [8] Undefined offset: 26 D:\wamp64\www\waibao\Application\Runtime\Cache\Manager\89e377e994c972504e8e4abbd6e8bce7.php 第 75 行.
NOTIC: [8] Undefined offset: 27 D:\wamp64\www\waibao\Application\Runtime\Cache\Manager\89e377e994c972504e8e4abbd6e8bce7.php 第 75 行.
NOTIC: [8] Undefined offset: 11 D:\wamp64\www\waibao\Application\Runtime\Cache\Manager\89e377e994c972504e8e4abbd6e8bce7.php 第 67 行.
NOTIC: [8] Undefined offset: 12 D:\wamp64\www\waibao\Application\Runtime\Cache\Manager\89e377e994c972504e8e4abbd6e8bce7.php 第 68 行.
NOTIC: [8] Undefined offset: 13 D:\wamp64\www\waibao\Application\Runtime\Cache\Manager\89e377e994c972504e8e4abbd6e8bce7.php 第 68 行.
NOTIC: [8] Undefined offset: 14 D:\wamp64\www\waibao\Application\Runtime\Cache\Manager\89e377e994c972504e8e4abbd6e8bce7.php 第 69 行.
NOTIC: [8] Undefined offset: 15 D:\wamp64\www\waibao\Application\Runtime\Cache\Manager\89e377e994c972504e8e4abbd6e8bce7.php 第 69 行.
NOTIC: [8] Undefined offset: 16 D:\wamp64\www\waibao\Application\Runtime\Cache\Manager\89e377e994c972504e8e4abbd6e8bce7.php 第 70 行.
NOTIC: [8] Undefined offset: 17 D:\wamp64\www\waibao\Application\Runtime\Cache\Manager\89e377e994c972504e8e4abbd6e8bce7.php 第 70 行.
NOTIC: [8] Undefined offset: 18 D:\wamp64\www\waibao\Application\Runtime\Cache\Manager\89e377e994c972504e8e4abbd6e8bce7.php 第 71 行.
NOTIC: [8] Undefined offset: 19 D:\wamp64\www\waibao\Application\Runtime\Cache\Manager\89e377e994c972504e8e4abbd6e8bce7.php 第 71 行.
NOTIC: [8] Undefined offset: 20 D:\wamp64\www\waibao\Application\Runtime\Cache\Manager\89e377e994c972504e8e4abbd6e8bce7.php 第 72 行.
NOTIC: [8] Undefined offset: 21 D:\wamp64\www\waibao\Application\Runtime\Cache\Manager\89e377e994c972504e8e4abbd6e8bce7.php 第 72 行.
NOTIC: [8] Undefined offset: 22 D:\wamp64\www\waibao\Application\Runtime\Cache\Manager\89e377e994c972504e8e4abbd6e8bce7.php 第 73 行.
NOTIC: [8] Undefined offset: 23 D:\wamp64\www\waibao\Application\Runtime\Cache\Manager\89e377e994c972504e8e4abbd6e8bce7.php 第 73 行.
NOTIC: [8] Undefined offset: 24 D:\wamp64\www\waibao\Application\Runtime\Cache\Manager\89e377e994c972504e8e4abbd6e8bce7.php 第 74 行.
NOTIC: [8] Undefined offset: 25 D:\wamp64\www\waibao\Application\Runtime\Cache\Manager\89e377e994c972504e8e4abbd6e8bce7.php 第 74 行.
NOTIC: [8] Undefined offset: 26 D:\wamp64\www\waibao\Application\Runtime\Cache\Manager\89e377e994c972504e8e4abbd6e8bce7.php 第 75 行.
NOTIC: [8] Undefined offset: 27 D:\wamp64\www\waibao\Application\Runtime\Cache\Manager\89e377e994c972504e8e4abbd6e8bce7.php 第 75 行.
NOTIC: [8] Undefined variable: pageShow D:\wamp64\www\waibao\Application\Runtime\Cache\Manager\89e377e994c972504e8e4abbd6e8bce7.php 第 79 行.
INFO: Run Behavior\ParseTemplateBehavior [ RunTime:0.021261s ]
INFO: [ view_parse ] --END-- [ RunTime:0.021473s ]
INFO: [ view_filter ] --START--
INFO: Run Behavior\WriteHtmlCacheBehavior [ RunTime:0.000648s ]
INFO: [ view_filter ] --END-- [ RunTime:0.000808s ]
INFO: [ app_end ] --START--
INFO: Run Behavior\ShowPageTraceBehavior [ RunTime:0.000636s ]
INFO: [ app_end ] --END-- [ RunTime:0.000764s ]

[ 2016-12-05T14:40:39+08:00 ] 127.0.0.1 /waibao/index.php/Manager/Robot/index.html
INFO: [ app_init ] --START--
INFO: Run Behavior\BuildLiteBehavior [ RunTime:0.000051s ]
INFO: [ app_init ] --END-- [ RunTime:0.000756s ]
INFO: [ app_begin ] --START--
INFO: Run Behavior\ReadHtmlCacheBehavior [ RunTime:0.000999s ]
INFO: [ app_begin ] --END-- [ RunTime:0.001282s ]
SQL: SHOW COLUMNS FROM `robotconfig` [ RunTime:0.0012s ]
SQL: SELECT * FROM `robotconfig`  [ RunTime:0.0004s ]
INFO: [ view_parse ] --START--
INFO: [ template_filter ] --START--
INFO: Run Behavior\ContentReplaceBehavior [ RunTime:0.000095s ]
INFO: [ template_filter ] --END-- [ RunTime:0.000252s ]
NOTIC: [8] Undefined variable: pageShow D:\wamp64\www\waibao\Application\Runtime\Cache\Manager\61e79034e385c788ed4ae524fc53b5e3.php 第 81 行.
INFO: Run Behavior\ParseTemplateBehavior [ RunTime:0.016637s ]
INFO: [ view_parse ] --END-- [ RunTime:0.016790s ]
INFO: [ view_filter ] --START--
INFO: Run Behavior\WriteHtmlCacheBehavior [ RunTime:0.000477s ]
INFO: [ view_filter ] --END-- [ RunTime:0.000612s ]
INFO: [ app_end ] --START--
INFO: Run Behavior\ShowPageTraceBehavior [ RunTime:0.000614s ]
INFO: [ app_end ] --END-- [ RunTime:0.000757s ]

