[ 2017-01-15T16:43:09+08:00 ] ::1 /waibao/index.php/Manager/Account/index
INFO: [ app_init ] --START--
INFO: Run Behavior\BuildLiteBehavior [ RunTime:0.000000s ]
INFO: [ app_init ] --END-- [ RunTime:0.001000s ]
INFO: [ app_begin ] --START--
INFO: Run Behavior\ReadHtmlCacheBehavior [ RunTime:0.003000s ]
INFO: [ app_begin ] --END-- [ RunTime:0.003000s ]
INFO: [ view_parse ] --START--
INFO: [ template_filter ] --START--
INFO: Run Behavior\ContentReplaceBehavior [ RunTime:0.000000s ]
INFO: [ template_filter ] --END-- [ RunTime:0.001000s ]
NOTIC: [8] Undefined variable: navbarColor G:\wamp\www\waibao\Application\Runtime\Cache\Manager\60db7d3fe1a79d4805f39def7d288eff.php 第 24 行.
NOTIC: [8] Undefined variable: navbarColor G:\wamp\www\waibao\Application\Runtime\Cache\Manager\60db7d3fe1a79d4805f39def7d288eff.php 第 25 行.
NOTIC: [8] Undefined variable: navbarColor G:\wamp\www\waibao\Application\Runtime\Cache\Manager\60db7d3fe1a79d4805f39def7d288eff.php 第 26 行.
NOTIC: [8] Undefined variable: navbarColor G:\wamp\www\waibao\Application\Runtime\Cache\Manager\60db7d3fe1a79d4805f39def7d288eff.php 第 27 行.
NOTIC: [8] Undefined variable: navbarColor G:\wamp\www\waibao\Application\Runtime\Cache\Manager\60db7d3fe1a79d4805f39def7d288eff.php 第 28 行.
INFO: Run Behavior\ParseTemplateBehavior [ RunTime:0.066004s ]
INFO: [ view_parse ] --END-- [ RunTime:0.067004s ]
INFO: [ view_filter ] --START--
INFO: Run Behavior\WriteHtmlCacheBehavior [ RunTime:0.001000s ]
INFO: [ view_filter ] --END-- [ RunTime:0.002000s ]
INFO: [ app_end ] --START--
INFO: Run Behavior\ShowPageTraceBehavior [ RunTime:0.002000s ]
INFO: [ app_end ] --END-- [ RunTime:0.002000s ]

[ 2017-01-15T16:43:19+08:00 ] ::1 /waibao/index.php/Manager/Account/login.html
INFO: [ app_init ] --START--
INFO: Run Behavior\BuildLiteBehavior [ RunTime:0.000000s ]
INFO: [ app_init ] --END-- [ RunTime:0.001000s ]
INFO: [ app_begin ] --START--
INFO: Run Behavior\ReadHtmlCacheBehavior [ RunTime:0.000000s ]
INFO: [ app_begin ] --END-- [ RunTime:0.000000s ]
SQL: SHOW COLUMNS FROM `admin` [ RunTime:0.3950s ]
SQL: SELECT * FROM `admin` WHERE `username` = 'admin' AND `password` = '123' LIMIT 1   [ RunTime:0.0010s ]

[ 2017-01-15T16:43:19+08:00 ] ::1 /waibao/index.php/Manager/Collect/index.html
INFO: [ app_init ] --START--
INFO: Run Behavior\BuildLiteBehavior [ RunTime:0.000000s ]
INFO: [ app_init ] --END-- [ RunTime:0.001000s ]
INFO: [ app_begin ] --START--
INFO: Run Behavior\ReadHtmlCacheBehavior [ RunTime:0.001000s ]
INFO: [ app_begin ] --END-- [ RunTime:0.001000s ]
INFO: [ view_parse ] --START--
INFO: [ template_filter ] --START--
INFO: Run Behavior\ContentReplaceBehavior [ RunTime:0.000000s ]
INFO: [ template_filter ] --END-- [ RunTime:0.001000s ]
NOTIC: [8] Undefined variable: pageShow G:\wamp\www\waibao\Application\Runtime\Cache\Manager\5dcb3baa0ed527d598adceedf305806e.php 第 69 行.
INFO: Run Behavior\ParseTemplateBehavior [ RunTime:0.183010s ]
INFO: [ view_parse ] --END-- [ RunTime:0.183010s ]
INFO: [ view_filter ] --START--
INFO: Run Behavior\WriteHtmlCacheBehavior [ RunTime:0.001000s ]
INFO: [ view_filter ] --END-- [ RunTime:0.002000s ]
INFO: [ app_end ] --START--
INFO: Run Behavior\ShowPageTraceBehavior [ RunTime:0.001000s ]
INFO: [ app_end ] --END-- [ RunTime:0.003000s ]

[ 2017-01-15T16:43:27+08:00 ] ::1 /waibao/index.php/Manager/Guess/index.html
INFO: [ app_init ] --START--
INFO: Run Behavior\BuildLiteBehavior [ RunTime:0.000000s ]
INFO: [ app_init ] --END-- [ RunTime:0.000000s ]
INFO: [ app_begin ] --START--
INFO: Run Behavior\ReadHtmlCacheBehavior [ RunTime:0.001000s ]
INFO: [ app_begin ] --END-- [ RunTime:0.001000s ]
INFO: [ view_parse ] --START--
INFO: [ template_filter ] --START--
INFO: Run Behavior\ContentReplaceBehavior [ RunTime:0.000000s ]
INFO: [ template_filter ] --END-- [ RunTime:0.001000s ]
NOTIC: [8] Undefined offset: 19 G:\wamp\www\waibao\Application\Runtime\Cache\Manager\89e377e994c972504e8e4abbd6e8bce7.php 第 71 行.
NOTIC: [8] Undefined offset: 20 G:\wamp\www\waibao\Application\Runtime\Cache\Manager\89e377e994c972504e8e4abbd6e8bce7.php 第 72 行.
NOTIC: [8] Undefined offset: 21 G:\wamp\www\waibao\Application\Runtime\Cache\Manager\89e377e994c972504e8e4abbd6e8bce7.php 第 72 行.
NOTIC: [8] Undefined offset: 22 G:\wamp\www\waibao\Application\Runtime\Cache\Manager\89e377e994c972504e8e4abbd6e8bce7.php 第 73 行.
NOTIC: [8] Undefined offset: 23 G:\wamp\www\waibao\Application\Runtime\Cache\Manager\89e377e994c972504e8e4abbd6e8bce7.php 第 73 行.
NOTIC: [8] Undefined offset: 24 G:\wamp\www\waibao\Application\Runtime\Cache\Manager\89e377e994c972504e8e4abbd6e8bce7.php 第 74 行.
NOTIC: [8] Undefined offset: 25 G:\wamp\www\waibao\Application\Runtime\Cache\Manager\89e377e994c972504e8e4abbd6e8bce7.php 第 74 行.
NOTIC: [8] Undefined offset: 26 G:\wamp\www\waibao\Application\Runtime\Cache\Manager\89e377e994c972504e8e4abbd6e8bce7.php 第 75 行.
NOTIC: [8] Undefined offset: 27 G:\wamp\www\waibao\Application\Runtime\Cache\Manager\89e377e994c972504e8e4abbd6e8bce7.php 第 75 行.
NOTIC: [8] Undefined offset: 11 G:\wamp\www\waibao\Application\Runtime\Cache\Manager\89e377e994c972504e8e4abbd6e8bce7.php 第 67 行.
NOTIC: [8] Undefined offset: 12 G:\wamp\www\waibao\Application\Runtime\Cache\Manager\89e377e994c972504e8e4abbd6e8bce7.php 第 68 行.
NOTIC: [8] Undefined offset: 13 G:\wamp\www\waibao\Application\Runtime\Cache\Manager\89e377e994c972504e8e4abbd6e8bce7.php 第 68 行.
NOTIC: [8] Undefined offset: 14 G:\wamp\www\waibao\Application\Runtime\Cache\Manager\89e377e994c972504e8e4abbd6e8bce7.php 第 69 行.
NOTIC: [8] Undefined offset: 15 G:\wamp\www\waibao\Application\Runtime\Cache\Manager\89e377e994c972504e8e4abbd6e8bce7.php 第 69 行.
NOTIC: [8] Undefined offset: 16 G:\wamp\www\waibao\Application\Runtime\Cache\Manager\89e377e994c972504e8e4abbd6e8bce7.php 第 70 行.
NOTIC: [8] Undefined offset: 17 G:\wamp\www\waibao\Application\Runtime\Cache\Manager\89e377e994c972504e8e4abbd6e8bce7.php 第 70 行.
NOTIC: [8] Undefined offset: 18 G:\wamp\www\waibao\Application\Runtime\Cache\Manager\89e377e994c972504e8e4abbd6e8bce7.php 第 71 行.
NOTIC: [8] Undefined offset: 19 G:\wamp\www\waibao\Application\Runtime\Cache\Manager\89e377e994c972504e8e4abbd6e8bce7.php 第 71 行.
NOTIC: [8] Undefined offset: 20 G:\wamp\www\waibao\Application\Runtime\Cache\Manager\89e377e994c972504e8e4abbd6e8bce7.php 第 72 行.
NOTIC: [8] Undefined offset: 21 G:\wamp\www\waibao\Application\Runtime\Cache\Manager\89e377e994c972504e8e4abbd6e8bce7.php 第 72 行.
NOTIC: [8] Undefined offset: 22 G:\wamp\www\waibao\Application\Runtime\Cache\Manager\89e377e994c972504e8e4abbd6e8bce7.php 第 73 行.
NOTIC: [8] Undefined offset: 23 G:\wamp\www\waibao\Application\Runtime\Cache\Manager\89e377e994c972504e8e4abbd6e8bce7.php 第 73 行.
NOTIC: [8] Undefined offset: 24 G:\wamp\www\waibao\Application\Runtime\Cache\Manager\89e377e994c972504e8e4abbd6e8bce7.php 第 74 行.
NOTIC: [8] Undefined offset: 25 G:\wamp\www\waibao\Application\Runtime\Cache\Manager\89e377e994c972504e8e4abbd6e8bce7.php 第 74 行.
NOTIC: [8] Undefined offset: 26 G:\wamp\www\waibao\Application\Runtime\Cache\Manager\89e377e994c972504e8e4abbd6e8bce7.php 第 75 行.
NOTIC: [8] Undefined offset: 27 G:\wamp\www\waibao\Application\Runtime\Cache\Manager\89e377e994c972504e8e4abbd6e8bce7.php 第 75 行.
NOTIC: [8] Undefined variable: pageShow G:\wamp\www\waibao\Application\Runtime\Cache\Manager\89e377e994c972504e8e4abbd6e8bce7.php 第 79 行.
INFO: Run Behavior\ParseTemplateBehavior [ RunTime:0.044002s ]
INFO: [ view_parse ] --END-- [ RunTime:0.044002s ]
INFO: [ view_filter ] --START--
INFO: Run Behavior\WriteHtmlCacheBehavior [ RunTime:0.000000s ]
INFO: [ view_filter ] --END-- [ RunTime:0.001000s ]
INFO: [ app_end ] --START--
INFO: Run Behavior\ShowPageTraceBehavior [ RunTime:0.001000s ]
INFO: [ app_end ] --END-- [ RunTime:0.001000s ]

[ 2017-01-15T17:07:36+08:00 ] ::1 /waibao/index.php/Manager/Guess/index.html
INFO: [ app_init ] --START--
INFO: Run Behavior\BuildLiteBehavior [ RunTime:0.000000s ]
INFO: [ app_init ] --END-- [ RunTime:0.001000s ]
INFO: [ app_begin ] --START--
INFO: Run Behavior\ReadHtmlCacheBehavior [ RunTime:0.001000s ]
INFO: [ app_begin ] --END-- [ RunTime:0.001000s ]
INFO: [ view_parse ] --START--
INFO: [ template_filter ] --START--
INFO: Run Behavior\ContentReplaceBehavior [ RunTime:0.000000s ]
INFO: [ template_filter ] --END-- [ RunTime:0.000000s ]
NOTIC: [8] Undefined offset: 28 G:\wamp\www\waibao\Application\Runtime\Cache\Manager\89e377e994c972504e8e4abbd6e8bce7.php 第 81 行.
NOTIC: [8] Undefined offset: 29 G:\wamp\www\waibao\Application\Runtime\Cache\Manager\89e377e994c972504e8e4abbd6e8bce7.php 第 81 行.
NOTIC: [8] Undefined offset: 30 G:\wamp\www\waibao\Application\Runtime\Cache\Manager\89e377e994c972504e8e4abbd6e8bce7.php 第 82 行.
NOTIC: [8] Undefined offset: 31 G:\wamp\www\waibao\Application\Runtime\Cache\Manager\89e377e994c972504e8e4abbd6e8bce7.php 第 82 行.
NOTIC: [8] Undefined offset: 32 G:\wamp\www\waibao\Application\Runtime\Cache\Manager\89e377e994c972504e8e4abbd6e8bce7.php 第 83 行.
NOTIC: [8] Undefined offset: 33 G:\wamp\www\waibao\Application\Runtime\Cache\Manager\89e377e994c972504e8e4abbd6e8bce7.php 第 83 行.
NOTIC: [8] Undefined offset: 34 G:\wamp\www\waibao\Application\Runtime\Cache\Manager\89e377e994c972504e8e4abbd6e8bce7.php 第 84 行.
NOTIC: [8] Undefined offset: 35 G:\wamp\www\waibao\Application\Runtime\Cache\Manager\89e377e994c972504e8e4abbd6e8bce7.php 第 84 行.
NOTIC: [8] Undefined offset: 36 G:\wamp\www\waibao\Application\Runtime\Cache\Manager\89e377e994c972504e8e4abbd6e8bce7.php 第 85 行.
NOTIC: [8] Undefined offset: 37 G:\wamp\www\waibao\Application\Runtime\Cache\Manager\89e377e994c972504e8e4abbd6e8bce7.php 第 85 行.
NOTIC: [8] Undefined offset: 28 G:\wamp\www\waibao\Application\Runtime\Cache\Manager\89e377e994c972504e8e4abbd6e8bce7.php 第 81 行.
NOTIC: [8] Undefined offset: 29 G:\wamp\www\waibao\Application\Runtime\Cache\Manager\89e377e994c972504e8e4abbd6e8bce7.php 第 81 行.
NOTIC: [8] Undefined offset: 30 G:\wamp\www\waibao\Application\Runtime\Cache\Manager\89e377e994c972504e8e4abbd6e8bce7.php 第 82 行.
NOTIC: [8] Undefined offset: 31 G:\wamp\www\waibao\Application\Runtime\Cache\Manager\89e377e994c972504e8e4abbd6e8bce7.php 第 82 行.
NOTIC: [8] Undefined offset: 32 G:\wamp\www\waibao\Application\Runtime\Cache\Manager\89e377e994c972504e8e4abbd6e8bce7.php 第 83 行.
NOTIC: [8] Undefined offset: 33 G:\wamp\www\waibao\Application\Runtime\Cache\Manager\89e377e994c972504e8e4abbd6e8bce7.php 第 83 行.
NOTIC: [8] Undefined offset: 34 G:\wamp\www\waibao\Application\Runtime\Cache\Manager\89e377e994c972504e8e4abbd6e8bce7.php 第 84 行.
NOTIC: [8] Undefined offset: 35 G:\wamp\www\waibao\Application\Runtime\Cache\Manager\89e377e994c972504e8e4abbd6e8bce7.php 第 84 行.
NOTIC: [8] Undefined offset: 36 G:\wamp\www\waibao\Application\Runtime\Cache\Manager\89e377e994c972504e8e4abbd6e8bce7.php 第 85 行.
NOTIC: [8] Undefined offset: 37 G:\wamp\www\waibao\Application\Runtime\Cache\Manager\89e377e994c972504e8e4abbd6e8bce7.php 第 85 行.
NOTIC: [8] Undefined offset: 19 G:\wamp\www\waibao\Application\Runtime\Cache\Manager\89e377e994c972504e8e4abbd6e8bce7.php 第 76 行.
NOTIC: [8] Undefined offset: 20 G:\wamp\www\waibao\Application\Runtime\Cache\Manager\89e377e994c972504e8e4abbd6e8bce7.php 第 77 行.
NOTIC: [8] Undefined offset: 21 G:\wamp\www\waibao\Application\Runtime\Cache\Manager\89e377e994c972504e8e4abbd6e8bce7.php 第 77 行.
NOTIC: [8] Undefined offset: 22 G:\wamp\www\waibao\Application\Runtime\Cache\Manager\89e377e994c972504e8e4abbd6e8bce7.php 第 78 行.
NOTIC: [8] Undefined offset: 23 G:\wamp\www\waibao\Application\Runtime\Cache\Manager\89e377e994c972504e8e4abbd6e8bce7.php 第 78 行.
NOTIC: [8] Undefined offset: 24 G:\wamp\www\waibao\Application\Runtime\Cache\Manager\89e377e994c972504e8e4abbd6e8bce7.php 第 79 行.
NOTIC: [8] Undefined offset: 25 G:\wamp\www\waibao\Application\Runtime\Cache\Manager\89e377e994c972504e8e4abbd6e8bce7.php 第 79 行.
NOTIC: [8] Undefined offset: 26 G:\wamp\www\waibao\Application\Runtime\Cache\Manager\89e377e994c972504e8e4abbd6e8bce7.php 第 80 行.
NOTIC: [8] Undefined offset: 27 G:\wamp\www\waibao\Application\Runtime\Cache\Manager\89e377e994c972504e8e4abbd6e8bce7.php 第 80 行.
NOTIC: [8] Undefined offset: 28 G:\wamp\www\waibao\Application\Runtime\Cache\Manager\89e377e994c972504e8e4abbd6e8bce7.php 第 81 行.
NOTIC: [8] Undefined offset: 29 G:\wamp\www\waibao\Application\Runtime\Cache\Manager\89e377e994c972504e8e4abbd6e8bce7.php 第 81 行.
NOTIC: [8] Undefined offset: 30 G:\wamp\www\waibao\Application\Runtime\Cache\Manager\89e377e994c972504e8e4abbd6e8bce7.php 第 82 行.
NOTIC: [8] Undefined offset: 31 G:\wamp\www\waibao\Application\Runtime\Cache\Manager\89e377e994c972504e8e4abbd6e8bce7.php 第 82 行.
NOTIC: [8] Undefined offset: 32 G:\wamp\www\waibao\Application\Runtime\Cache\Manager\89e377e994c972504e8e4abbd6e8bce7.php 第 83 行.
NOTIC: [8] Undefined offset: 33 G:\wamp\www\waibao\Application\Runtime\Cache\Manager\89e377e994c972504e8e4abbd6e8bce7.php 第 83 行.
NOTIC: [8] Undefined offset: 34 G:\wamp\www\waibao\Application\Runtime\Cache\Manager\89e377e994c972504e8e4abbd6e8bce7.php 第 84 行.
NOTIC: [8] Undefined offset: 35 G:\wamp\www\waibao\Application\Runtime\Cache\Manager\89e377e994c972504e8e4abbd6e8bce7.php 第 84 行.
NOTIC: [8] Undefined offset: 36 G:\wamp\www\waibao\Application\Runtime\Cache\Manager\89e377e994c972504e8e4abbd6e8bce7.php 第 85 行.
NOTIC: [8] Undefined offset: 37 G:\wamp\www\waibao\Application\Runtime\Cache\Manager\89e377e994c972504e8e4abbd6e8bce7.php 第 85 行.
NOTIC: [8] Undefined offset: 28 G:\wamp\www\waibao\Application\Runtime\Cache\Manager\89e377e994c972504e8e4abbd6e8bce7.php 第 81 行.
NOTIC: [8] Undefined offset: 29 G:\wamp\www\waibao\Application\Runtime\Cache\Manager\89e377e994c972504e8e4abbd6e8bce7.php 第 81 行.
NOTIC: [8] Undefined offset: 30 G:\wamp\www\waibao\Application\Runtime\Cache\Manager\89e377e994c972504e8e4abbd6e8bce7.php 第 82 行.
NOTIC: [8] Undefined offset: 31 G:\wamp\www\waibao\Application\Runtime\Cache\Manager\89e377e994c972504e8e4abbd6e8bce7.php 第 82 行.
NOTIC: [8] Undefined offset: 32 G:\wamp\www\waibao\Application\Runtime\Cache\Manager\89e377e994c972504e8e4abbd6e8bce7.php 第 83 行.
NOTIC: [8] Undefined offset: 33 G:\wamp\www\waibao\Application\Runtime\Cache\Manager\89e377e994c972504e8e4abbd6e8bce7.php 第 83 行.
NOTIC: [8] Undefined offset: 34 G:\wamp\www\waibao\Application\Runtime\Cache\Manager\89e377e994c972504e8e4abbd6e8bce7.php 第 84 行.
NOTIC: [8] Undefined offset: 35 G:\wamp\www\waibao\Application\Runtime\Cache\Manager\89e377e994c972504e8e4abbd6e8bce7.php 第 84 行.
NOTIC: [8] Undefined offset: 36 G:\wamp\www\waibao\Application\Runtime\Cache\Manager\89e377e994c972504e8e4abbd6e8bce7.php 第 85 行.
NOTIC: [8] Undefined offset: 37 G:\wamp\www\waibao\Application\Runtime\Cache\Manager\89e377e994c972504e8e4abbd6e8bce7.php 第 85 行.
NOTIC: [8] Undefined offset: 11 G:\wamp\www\waibao\Application\Runtime\Cache\Manager\89e377e994c972504e8e4abbd6e8bce7.php 第 72 行.
NOTIC: [8] Undefined offset: 12 G:\wamp\www\waibao\Application\Runtime\Cache\Manager\89e377e994c972504e8e4abbd6e8bce7.php 第 73 行.
NOTIC: [8] Undefined offset: 13 G:\wamp\www\waibao\Application\Runtime\Cache\Manager\89e377e994c972504e8e4abbd6e8bce7.php 第 73 行.
NOTIC: [8] Undefined offset: 14 G:\wamp\www\waibao\Application\Runtime\Cache\Manager\89e377e994c972504e8e4abbd6e8bce7.php 第 74 行.
NOTIC: [8] Undefined offset: 15 G:\wamp\www\waibao\Application\Runtime\Cache\Manager\89e377e994c972504e8e4abbd6e8bce7.php 第 74 行.
NOTIC: [8] Undefined offset: 16 G:\wamp\www\waibao\Application\Runtime\Cache\Manager\89e377e994c972504e8e4abbd6e8bce7.php 第 75 行.
NOTIC: [8] Undefined offset: 17 G:\wamp\www\waibao\Application\Runtime\Cache\Manager\89e377e994c972504e8e4abbd6e8bce7.php 第 75 行.
NOTIC: [8] Undefined offset: 18 G:\wamp\www\waibao\Application\Runtime\Cache\Manager\89e377e994c972504e8e4abbd6e8bce7.php 第 76 行.
NOTIC: [8] Undefined offset: 19 G:\wamp\www\waibao\Application\Runtime\Cache\Manager\89e377e994c972504e8e4abbd6e8bce7.php 第 76 行.
NOTIC: [8] Undefined offset: 20 G:\wamp\www\waibao\Application\Runtime\Cache\Manager\89e377e994c972504e8e4abbd6e8bce7.php 第 77 行.
NOTIC: [8] Undefined offset: 21 G:\wamp\www\waibao\Application\Runtime\Cache\Manager\89e377e994c972504e8e4abbd6e8bce7.php 第 77 行.
NOTIC: [8] Undefined offset: 22 G:\wamp\www\waibao\Application\Runtime\Cache\Manager\89e377e994c972504e8e4abbd6e8bce7.php 第 78 行.
NOTIC: [8] Undefined offset: 23 G:\wamp\www\waibao\Application\Runtime\Cache\Manager\89e377e994c972504e8e4abbd6e8bce7.php 第 78 行.
NOTIC: [8] Undefined offset: 24 G:\wamp\www\waibao\Application\Runtime\Cache\Manager\89e377e994c972504e8e4abbd6e8bce7.php 第 79 行.
NOTIC: [8] Undefined offset: 25 G:\wamp\www\waibao\Application\Runtime\Cache\Manager\89e377e994c972504e8e4abbd6e8bce7.php 第 79 行.
NOTIC: [8] Undefined offset: 26 G:\wamp\www\waibao\Application\Runtime\Cache\Manager\89e377e994c972504e8e4abbd6e8bce7.php 第 80 行.
NOTIC: [8] Undefined offset: 27 G:\wamp\www\waibao\Application\Runtime\Cache\Manager\89e377e994c972504e8e4abbd6e8bce7.php 第 80 行.
NOTIC: [8] Undefined offset: 28 G:\wamp\www\waibao\Application\Runtime\Cache\Manager\89e377e994c972504e8e4abbd6e8bce7.php 第 81 行.
NOTIC: [8] Undefined offset: 29 G:\wamp\www\waibao\Application\Runtime\Cache\Manager\89e377e994c972504e8e4abbd6e8bce7.php 第 81 行.
NOTIC: [8] Undefined offset: 30 G:\wamp\www\waibao\Application\Runtime\Cache\Manager\89e377e994c972504e8e4abbd6e8bce7.php 第 82 行.
NOTIC: [8] Undefined offset: 31 G:\wamp\www\waibao\Application\Runtime\Cache\Manager\89e377e994c972504e8e4abbd6e8bce7.php 第 82 行.
NOTIC: [8] Undefined offset: 32 G:\wamp\www\waibao\Application\Runtime\Cache\Manager\89e377e994c972504e8e4abbd6e8bce7.php 第 83 行.
NOTIC: [8] Undefined offset: 33 G:\wamp\www\waibao\Application\Runtime\Cache\Manager\89e377e994c972504e8e4abbd6e8bce7.php 第 83 行.
NOTIC: [8] Undefined offset: 34 G:\wamp\www\waibao\Application\Runtime\Cache\Manager\89e377e994c972504e8e4abbd6e8bce7.php 第 84 行.
NOTIC: [8] Undefined offset: 35 G:\wamp\www\waibao\Application\Runtime\Cache\Manager\89e377e994c972504e8e4abbd6e8bce7.php 第 84 行.
NOTIC: [8] Undefined offset: 36 G:\wamp\www\waibao\Application\Runtime\Cache\Manager\89e377e994c972504e8e4abbd6e8bce7.php 第 85 行.
NOTIC: [8] Undefined offset: 37 G:\wamp\www\waibao\Application\Runtime\Cache\Manager\89e377e994c972504e8e4abbd6e8bce7.php 第 85 行.
NOTIC: [8] Undefined offset: 28 G:\wamp\www\waibao\Application\Runtime\Cache\Manager\89e377e994c972504e8e4abbd6e8bce7.php 第 81 行.
NOTIC: [8] Undefined offset: 29 G:\wamp\www\waibao\Application\Runtime\Cache\Manager\89e377e994c972504e8e4abbd6e8bce7.php 第 81 行.
NOTIC: [8] Undefined offset: 30 G:\wamp\www\waibao\Application\Runtime\Cache\Manager\89e377e994c972504e8e4abbd6e8bce7.php 第 82 行.
NOTIC: [8] Undefined offset: 31 G:\wamp\www\waibao\Application\Runtime\Cache\Manager\89e377e994c972504e8e4abbd6e8bce7.php 第 82 行.
NOTIC: [8] Undefined offset: 32 G:\wamp\www\waibao\Application\Runtime\Cache\Manager\89e377e994c972504e8e4abbd6e8bce7.php 第 83 行.
NOTIC: [8] Undefined offset: 33 G:\wamp\www\waibao\Application\Runtime\Cache\Manager\89e377e994c972504e8e4abbd6e8bce7.php 第 83 行.
NOTIC: [8] Undefined offset: 34 G:\wamp\www\waibao\Application\Runtime\Cache\Manager\89e377e994c972504e8e4abbd6e8bce7.php 第 84 行.
NOTIC: [8] Undefined offset: 35 G:\wamp\www\waibao\Application\Runtime\Cache\Manager\89e377e994c972504e8e4abbd6e8bce7.php 第 84 行.
NOTIC: [8] Undefined offset: 36 G:\wamp\www\waibao\Application\Runtime\Cache\Manager\89e377e994c972504e8e4abbd6e8bce7.php 第 85 行.
NOTIC: [8] Undefined offset: 37 G:\wamp\www\waibao\Application\Runtime\Cache\Manager\89e377e994c972504e8e4abbd6e8bce7.php 第 85 行.
NOTIC: [8] Undefined variable: pageShow G:\wamp\www\waibao\Application\Runtime\Cache\Manager\89e377e994c972504e8e4abbd6e8bce7.php 第 89 行.
INFO: Run Behavior\ParseTemplateBehavior [ RunTime:0.031002s ]
INFO: [ view_parse ] --END-- [ RunTime:0.031002s ]
INFO: [ view_filter ] --START--
INFO: Run Behavior\WriteHtmlCacheBehavior [ RunTime:0.001000s ]
INFO: [ view_filter ] --END-- [ RunTime:0.001000s ]
INFO: [ app_end ] --START--
INFO: Run Behavior\ShowPageTraceBehavior [ RunTime:0.001000s ]
INFO: [ app_end ] --END-- [ RunTime:0.002000s ]

[ 2017-01-15T17:07:56+08:00 ] ::1 /waibao/index.php/Manager/Guessform/index.html
INFO: [ app_init ] --START--
INFO: Run Behavior\BuildLiteBehavior [ RunTime:0.000000s ]
INFO: [ app_init ] --END-- [ RunTime:0.001000s ]
INFO: [ app_begin ] --START--
INFO: Run Behavior\ReadHtmlCacheBehavior [ RunTime:0.001000s ]
INFO: [ app_begin ] --END-- [ RunTime:0.001000s ]
INFO: [ view_parse ] --START--
INFO: [ template_filter ] --START--
INFO: Run Behavior\ContentReplaceBehavior [ RunTime:0.000000s ]
INFO: [ template_filter ] --END-- [ RunTime:0.000000s ]
INFO: Run Behavior\ParseTemplateBehavior [ RunTime:0.196011s ]
INFO: [ view_parse ] --END-- [ RunTime:0.197011s ]
INFO: [ view_filter ] --START--
INFO: Run Behavior\WriteHtmlCacheBehavior [ RunTime:0.001000s ]
INFO: [ view_filter ] --END-- [ RunTime:0.002000s ]
INFO: [ app_end ] --START--
INFO: Run Behavior\ShowPageTraceBehavior [ RunTime:0.002001s ]
INFO: [ app_end ] --END-- [ RunTime:0.002001s ]

[ 2017-01-15T17:08:46+08:00 ] ::1 /waibao/index.php/Manager/Guessform/save.html
INFO: [ app_init ] --START--
INFO: Run Behavior\BuildLiteBehavior [ RunTime:0.000000s ]
INFO: [ app_init ] --END-- [ RunTime:0.001000s ]
INFO: [ app_begin ] --START--
INFO: Run Behavior\ReadHtmlCacheBehavior [ RunTime:0.001000s ]
INFO: [ app_begin ] --END-- [ RunTime:0.001000s ]

[ 2017-01-15T17:08:46+08:00 ] ::1 /waibao/index.php/Manager/Collect/index.html
INFO: [ app_init ] --START--
INFO: Run Behavior\BuildLiteBehavior [ RunTime:0.000000s ]
INFO: [ app_init ] --END-- [ RunTime:0.000000s ]
INFO: [ app_begin ] --START--
INFO: Run Behavior\ReadHtmlCacheBehavior [ RunTime:0.001000s ]
INFO: [ app_begin ] --END-- [ RunTime:0.001000s ]
INFO: [ view_parse ] --START--
INFO: [ template_filter ] --START--
INFO: Run Behavior\ContentReplaceBehavior [ RunTime:0.000000s ]
INFO: [ template_filter ] --END-- [ RunTime:0.001000s ]
NOTIC: [8] Undefined variable: pageShow G:\wamp\www\waibao\Application\Runtime\Cache\Manager\5dcb3baa0ed527d598adceedf305806e.php 第 69 行.
INFO: Run Behavior\ParseTemplateBehavior [ RunTime:0.017001s ]
INFO: [ view_parse ] --END-- [ RunTime:0.019001s ]
INFO: [ view_filter ] --START--
INFO: Run Behavior\WriteHtmlCacheBehavior [ RunTime:0.000000s ]
INFO: [ view_filter ] --END-- [ RunTime:0.000000s ]
INFO: [ app_end ] --START--
INFO: Run Behavior\ShowPageTraceBehavior [ RunTime:0.000000s ]
INFO: [ app_end ] --END-- [ RunTime:0.000000s ]

[ 2017-01-15T17:08:49+08:00 ] ::1 /waibao/index.php/Manager/Guess/index.html
INFO: [ app_init ] --START--
INFO: Run Behavior\BuildLiteBehavior [ RunTime:0.000000s ]
INFO: [ app_init ] --END-- [ RunTime:0.001000s ]
INFO: [ app_begin ] --START--
INFO: Run Behavior\ReadHtmlCacheBehavior [ RunTime:0.001000s ]
INFO: [ app_begin ] --END-- [ RunTime:0.001000s ]
INFO: [ view_parse ] --START--
INFO: [ template_filter ] --START--
INFO: Run Behavior\ContentReplaceBehavior [ RunTime:0.000000s ]
INFO: [ template_filter ] --END-- [ RunTime:0.001001s ]
NOTIC: [8] Undefined offset: 28 G:\wamp\www\waibao\Application\Runtime\Cache\Manager\89e377e994c972504e8e4abbd6e8bce7.php 第 81 行.
NOTIC: [8] Undefined offset: 29 G:\wamp\www\waibao\Application\Runtime\Cache\Manager\89e377e994c972504e8e4abbd6e8bce7.php 第 81 行.
NOTIC: [8] Undefined offset: 30 G:\wamp\www\waibao\Application\Runtime\Cache\Manager\89e377e994c972504e8e4abbd6e8bce7.php 第 82 行.
NOTIC: [8] Undefined offset: 31 G:\wamp\www\waibao\Application\Runtime\Cache\Manager\89e377e994c972504e8e4abbd6e8bce7.php 第 82 行.
NOTIC: [8] Undefined offset: 32 G:\wamp\www\waibao\Application\Runtime\Cache\Manager\89e377e994c972504e8e4abbd6e8bce7.php 第 83 行.
NOTIC: [8] Undefined offset: 33 G:\wamp\www\waibao\Application\Runtime\Cache\Manager\89e377e994c972504e8e4abbd6e8bce7.php 第 83 行.
NOTIC: [8] Undefined offset: 34 G:\wamp\www\waibao\Application\Runtime\Cache\Manager\89e377e994c972504e8e4abbd6e8bce7.php 第 84 行.
NOTIC: [8] Undefined offset: 35 G:\wamp\www\waibao\Application\Runtime\Cache\Manager\89e377e994c972504e8e4abbd6e8bce7.php 第 84 行.
NOTIC: [8] Undefined offset: 36 G:\wamp\www\waibao\Application\Runtime\Cache\Manager\89e377e994c972504e8e4abbd6e8bce7.php 第 85 行.
NOTIC: [8] Undefined offset: 37 G:\wamp\www\waibao\Application\Runtime\Cache\Manager\89e377e994c972504e8e4abbd6e8bce7.php 第 85 行.
NOTIC: [8] Undefined offset: 28 G:\wamp\www\waibao\Application\Runtime\Cache\Manager\89e377e994c972504e8e4abbd6e8bce7.php 第 81 行.
NOTIC: [8] Undefined offset: 29 G:\wamp\www\waibao\Application\Runtime\Cache\Manager\89e377e994c972504e8e4abbd6e8bce7.php 第 81 行.
NOTIC: [8] Undefined offset: 30 G:\wamp\www\waibao\Application\Runtime\Cache\Manager\89e377e994c972504e8e4abbd6e8bce7.php 第 82 行.
NOTIC: [8] Undefined offset: 31 G:\wamp\www\waibao\Application\Runtime\Cache\Manager\89e377e994c972504e8e4abbd6e8bce7.php 第 82 行.
NOTIC: [8] Undefined offset: 32 G:\wamp\www\waibao\Application\Runtime\Cache\Manager\89e377e994c972504e8e4abbd6e8bce7.php 第 83 行.
NOTIC: [8] Undefined offset: 33 G:\wamp\www\waibao\Application\Runtime\Cache\Manager\89e377e994c972504e8e4abbd6e8bce7.php 第 83 行.
NOTIC: [8] Undefined offset: 34 G:\wamp\www\waibao\Application\Runtime\Cache\Manager\89e377e994c972504e8e4abbd6e8bce7.php 第 84 行.
NOTIC: [8] Undefined offset: 35 G:\wamp\www\waibao\Application\Runtime\Cache\Manager\89e377e994c972504e8e4abbd6e8bce7.php 第 84 行.
NOTIC: [8] Undefined offset: 36 G:\wamp\www\waibao\Application\Runtime\Cache\Manager\89e377e994c972504e8e4abbd6e8bce7.php 第 85 行.
NOTIC: [8] Undefined offset: 37 G:\wamp\www\waibao\Application\Runtime\Cache\Manager\89e377e994c972504e8e4abbd6e8bce7.php 第 85 行.
NOTIC: [8] Undefined offset: 19 G:\wamp\www\waibao\Application\Runtime\Cache\Manager\89e377e994c972504e8e4abbd6e8bce7.php 第 76 行.
NOTIC: [8] Undefined offset: 20 G:\wamp\www\waibao\Application\Runtime\Cache\Manager\89e377e994c972504e8e4abbd6e8bce7.php 第 77 行.
NOTIC: [8] Undefined offset: 21 G:\wamp\www\waibao\Application\Runtime\Cache\Manager\89e377e994c972504e8e4abbd6e8bce7.php 第 77 行.
NOTIC: [8] Undefined offset: 22 G:\wamp\www\waibao\Application\Runtime\Cache\Manager\89e377e994c972504e8e4abbd6e8bce7.php 第 78 行.
NOTIC: [8] Undefined offset: 23 G:\wamp\www\waibao\Application\Runtime\Cache\Manager\89e377e994c972504e8e4abbd6e8bce7.php 第 78 行.
NOTIC: [8] Undefined offset: 24 G:\wamp\www\waibao\Application\Runtime\Cache\Manager\89e377e994c972504e8e4abbd6e8bce7.php 第 79 行.
NOTIC: [8] Undefined offset: 25 G:\wamp\www\waibao\Application\Runtime\Cache\Manager\89e377e994c972504e8e4abbd6e8bce7.php 第 79 行.
NOTIC: [8] Undefined offset: 26 G:\wamp\www\waibao\Application\Runtime\Cache\Manager\89e377e994c972504e8e4abbd6e8bce7.php 第 80 行.
NOTIC: [8] Undefined offset: 27 G:\wamp\www\waibao\Application\Runtime\Cache\Manager\89e377e994c972504e8e4abbd6e8bce7.php 第 80 行.
NOTIC: [8] Undefined offset: 28 G:\wamp\www\waibao\Application\Runtime\Cache\Manager\89e377e994c972504e8e4abbd6e8bce7.php 第 81 行.
NOTIC: [8] Undefined offset: 29 G:\wamp\www\waibao\Application\Runtime\Cache\Manager\89e377e994c972504e8e4abbd6e8bce7.php 第 81 行.
NOTIC: [8] Undefined offset: 30 G:\wamp\www\waibao\Application\Runtime\Cache\Manager\89e377e994c972504e8e4abbd6e8bce7.php 第 82 行.
NOTIC: [8] Undefined offset: 31 G:\wamp\www\waibao\Application\Runtime\Cache\Manager\89e377e994c972504e8e4abbd6e8bce7.php 第 82 行.
NOTIC: [8] Undefined offset: 32 G:\wamp\www\waibao\Application\Runtime\Cache\Manager\89e377e994c972504e8e4abbd6e8bce7.php 第 83 行.
NOTIC: [8] Undefined offset: 33 G:\wamp\www\waibao\Application\Runtime\Cache\Manager\89e377e994c972504e8e4abbd6e8bce7.php 第 83 行.
NOTIC: [8] Undefined offset: 34 G:\wamp\www\waibao\Application\Runtime\Cache\Manager\89e377e994c972504e8e4abbd6e8bce7.php 第 84 行.
NOTIC: [8] Undefined offset: 35 G:\wamp\www\waibao\Application\Runtime\Cache\Manager\89e377e994c972504e8e4abbd6e8bce7.php 第 84 行.
NOTIC: [8] Undefined offset: 36 G:\wamp\www\waibao\Application\Runtime\Cache\Manager\89e377e994c972504e8e4abbd6e8bce7.php 第 85 行.
NOTIC: [8] Undefined offset: 37 G:\wamp\www\waibao\Application\Runtime\Cache\Manager\89e377e994c972504e8e4abbd6e8bce7.php 第 85 行.
NOTIC: [8] Undefined offset: 28 G:\wamp\www\waibao\Application\Runtime\Cache\Manager\89e377e994c972504e8e4abbd6e8bce7.php 第 81 行.
NOTIC: [8] Undefined offset: 29 G:\wamp\www\waibao\Application\Runtime\Cache\Manager\89e377e994c972504e8e4abbd6e8bce7.php 第 81 行.
NOTIC: [8] Undefined offset: 30 G:\wamp\www\waibao\Application\Runtime\Cache\Manager\89e377e994c972504e8e4abbd6e8bce7.php 第 82 行.
NOTIC: [8] Undefined offset: 31 G:\wamp\www\waibao\Application\Runtime\Cache\Manager\89e377e994c972504e8e4abbd6e8bce7.php 第 82 行.
NOTIC: [8] Undefined offset: 32 G:\wamp\www\waibao\Application\Runtime\Cache\Manager\89e377e994c972504e8e4abbd6e8bce7.php 第 83 行.
NOTIC: [8] Undefined offset: 33 G:\wamp\www\waibao\Application\Runtime\Cache\Manager\89e377e994c972504e8e4abbd6e8bce7.php 第 83 行.
NOTIC: [8] Undefined offset: 34 G:\wamp\www\waibao\Application\Runtime\Cache\Manager\89e377e994c972504e8e4abbd6e8bce7.php 第 84 行.
NOTIC: [8] Undefined offset: 35 G:\wamp\www\waibao\Application\Runtime\Cache\Manager\89e377e994c972504e8e4abbd6e8bce7.php 第 84 行.
NOTIC: [8] Undefined offset: 36 G:\wamp\www\waibao\Application\Runtime\Cache\Manager\89e377e994c972504e8e4abbd6e8bce7.php 第 85 行.
NOTIC: [8] Undefined offset: 37 G:\wamp\www\waibao\Application\Runtime\Cache\Manager\89e377e994c972504e8e4abbd6e8bce7.php 第 85 行.
NOTIC: [8] Undefined offset: 11 G:\wamp\www\waibao\Application\Runtime\Cache\Manager\89e377e994c972504e8e4abbd6e8bce7.php 第 72 行.
NOTIC: [8] Undefined offset: 12 G:\wamp\www\waibao\Application\Runtime\Cache\Manager\89e377e994c972504e8e4abbd6e8bce7.php 第 73 行.
NOTIC: [8] Undefined offset: 13 G:\wamp\www\waibao\Application\Runtime\Cache\Manager\89e377e994c972504e8e4abbd6e8bce7.php 第 73 行.
NOTIC: [8] Undefined offset: 14 G:\wamp\www\waibao\Application\Runtime\Cache\Manager\89e377e994c972504e8e4abbd6e8bce7.php 第 74 行.
NOTIC: [8] Undefined offset: 15 G:\wamp\www\waibao\Application\Runtime\Cache\Manager\89e377e994c972504e8e4abbd6e8bce7.php 第 74 行.
NOTIC: [8] Undefined offset: 16 G:\wamp\www\waibao\Application\Runtime\Cache\Manager\89e377e994c972504e8e4abbd6e8bce7.php 第 75 行.
NOTIC: [8] Undefined offset: 17 G:\wamp\www\waibao\Application\Runtime\Cache\Manager\89e377e994c972504e8e4abbd6e8bce7.php 第 75 行.
NOTIC: [8] Undefined offset: 18 G:\wamp\www\waibao\Application\Runtime\Cache\Manager\89e377e994c972504e8e4abbd6e8bce7.php 第 76 行.
NOTIC: [8] Undefined offset: 19 G:\wamp\www\waibao\Application\Runtime\Cache\Manager\89e377e994c972504e8e4abbd6e8bce7.php 第 76 行.
NOTIC: [8] Undefined offset: 20 G:\wamp\www\waibao\Application\Runtime\Cache\Manager\89e377e994c972504e8e4abbd6e8bce7.php 第 77 行.
NOTIC: [8] Undefined offset: 21 G:\wamp\www\waibao\Application\Runtime\Cache\Manager\89e377e994c972504e8e4abbd6e8bce7.php 第 77 行.
NOTIC: [8] Undefined offset: 22 G:\wamp\www\waibao\Application\Runtime\Cache\Manager\89e377e994c972504e8e4abbd6e8bce7.php 第 78 行.
NOTIC: [8] Undefined offset: 23 G:\wamp\www\waibao\Application\Runtime\Cache\Manager\89e377e994c972504e8e4abbd6e8bce7.php 第 78 行.
NOTIC: [8] Undefined offset: 24 G:\wamp\www\waibao\Application\Runtime\Cache\Manager\89e377e994c972504e8e4abbd6e8bce7.php 第 79 行.
NOTIC: [8] Undefined offset: 25 G:\wamp\www\waibao\Application\Runtime\Cache\Manager\89e377e994c972504e8e4abbd6e8bce7.php 第 79 行.
NOTIC: [8] Undefined offset: 26 G:\wamp\www\waibao\Application\Runtime\Cache\Manager\89e377e994c972504e8e4abbd6e8bce7.php 第 80 行.
NOTIC: [8] Undefined offset: 27 G:\wamp\www\waibao\Application\Runtime\Cache\Manager\89e377e994c972504e8e4abbd6e8bce7.php 第 80 行.
NOTIC: [8] Undefined offset: 28 G:\wamp\www\waibao\Application\Runtime\Cache\Manager\89e377e994c972504e8e4abbd6e8bce7.php 第 81 行.
NOTIC: [8] Undefined offset: 29 G:\wamp\www\waibao\Application\Runtime\Cache\Manager\89e377e994c972504e8e4abbd6e8bce7.php 第 81 行.
NOTIC: [8] Undefined offset: 30 G:\wamp\www\waibao\Application\Runtime\Cache\Manager\89e377e994c972504e8e4abbd6e8bce7.php 第 82 行.
NOTIC: [8] Undefined offset: 31 G:\wamp\www\waibao\Application\Runtime\Cache\Manager\89e377e994c972504e8e4abbd6e8bce7.php 第 82 行.
NOTIC: [8] Undefined offset: 32 G:\wamp\www\waibao\Application\Runtime\Cache\Manager\89e377e994c972504e8e4abbd6e8bce7.php 第 83 行.
NOTIC: [8] Undefined offset: 33 G:\wamp\www\waibao\Application\Runtime\Cache\Manager\89e377e994c972504e8e4abbd6e8bce7.php 第 83 行.
NOTIC: [8] Undefined offset: 34 G:\wamp\www\waibao\Application\Runtime\Cache\Manager\89e377e994c972504e8e4abbd6e8bce7.php 第 84 行.
NOTIC: [8] Undefined offset: 35 G:\wamp\www\waibao\Application\Runtime\Cache\Manager\89e377e994c972504e8e4abbd6e8bce7.php 第 84 行.
NOTIC: [8] Undefined offset: 36 G:\wamp\www\waibao\Application\Runtime\Cache\Manager\89e377e994c972504e8e4abbd6e8bce7.php 第 85 行.
NOTIC: [8] Undefined offset: 37 G:\wamp\www\waibao\Application\Runtime\Cache\Manager\89e377e994c972504e8e4abbd6e8bce7.php 第 85 行.
NOTIC: [8] Undefined variable: pageShow G:\wamp\www\waibao\Application\Runtime\Cache\Manager\89e377e994c972504e8e4abbd6e8bce7.php 第 89 行.
INFO: Run Behavior\ParseTemplateBehavior [ RunTime:0.036002s ]
INFO: [ view_parse ] --END-- [ RunTime:0.036002s ]
INFO: [ view_filter ] --START--
INFO: Run Behavior\WriteHtmlCacheBehavior [ RunTime:0.001000s ]
INFO: [ view_filter ] --END-- [ RunTime:0.001000s ]
INFO: [ app_end ] --START--
INFO: Run Behavior\ShowPageTraceBehavior [ RunTime:0.000000s ]
INFO: [ app_end ] --END-- [ RunTime:0.002000s ]

[ 2017-01-15T20:23:48+08:00 ] ::1 /waibao/index.php/Manager/Guessform/index.html
INFO: [ app_init ] --START--
INFO: Run Behavior\BuildLiteBehavior [ RunTime:0.000000s ]
INFO: [ app_init ] --END-- [ RunTime:0.001000s ]
INFO: [ app_begin ] --START--
INFO: Run Behavior\ReadHtmlCacheBehavior [ RunTime:0.001000s ]
INFO: [ app_begin ] --END-- [ RunTime:0.002000s ]
INFO: [ view_parse ] --START--
INFO: [ template_filter ] --START--
INFO: Run Behavior\ContentReplaceBehavior [ RunTime:0.000000s ]
INFO: [ template_filter ] --END-- [ RunTime:0.000000s ]
INFO: Run Behavior\ParseTemplateBehavior [ RunTime:0.014000s ]
INFO: [ view_parse ] --END-- [ RunTime:0.014000s ]
INFO: [ view_filter ] --START--
INFO: Run Behavior\WriteHtmlCacheBehavior [ RunTime:0.001001s ]
INFO: [ view_filter ] --END-- [ RunTime:0.001001s ]
INFO: [ app_end ] --START--
INFO: Run Behavior\ShowPageTraceBehavior [ RunTime:0.000000s ]
INFO: [ app_end ] --END-- [ RunTime:0.001000s ]

[ 2017-01-15T20:24:22+08:00 ] ::1 /waibao/index.php/Manager/Guessform/save.html
INFO: [ app_init ] --START--
INFO: Run Behavior\BuildLiteBehavior [ RunTime:0.000000s ]
INFO: [ app_init ] --END-- [ RunTime:0.001000s ]
INFO: [ app_begin ] --START--
INFO: Run Behavior\ReadHtmlCacheBehavior [ RunTime:0.001000s ]
INFO: [ app_begin ] --END-- [ RunTime:0.001000s ]

[ 2017-01-15T20:24:22+08:00 ] ::1 /waibao/index.php/Manager/Collect/index.html
INFO: [ app_init ] --START--
INFO: Run Behavior\BuildLiteBehavior [ RunTime:0.000000s ]
INFO: [ app_init ] --END-- [ RunTime:0.001000s ]
INFO: [ app_begin ] --START--
INFO: Run Behavior\ReadHtmlCacheBehavior [ RunTime:0.000000s ]
INFO: [ app_begin ] --END-- [ RunTime:0.001000s ]
INFO: [ view_parse ] --START--
INFO: [ template_filter ] --START--
INFO: Run Behavior\ContentReplaceBehavior [ RunTime:0.000000s ]
INFO: [ template_filter ] --END-- [ RunTime:0.000000s ]
NOTIC: [8] Undefined variable: pageShow G:\wamp\www\waibao\Application\Runtime\Cache\Manager\5dcb3baa0ed527d598adceedf305806e.php 第 69 行.
INFO: Run Behavior\ParseTemplateBehavior [ RunTime:0.025002s ]
INFO: [ view_parse ] --END-- [ RunTime:0.025002s ]
INFO: [ view_filter ] --START--
INFO: Run Behavior\WriteHtmlCacheBehavior [ RunTime:0.001000s ]
INFO: [ view_filter ] --END-- [ RunTime:0.001000s ]
INFO: [ app_end ] --START--
INFO: Run Behavior\ShowPageTraceBehavior [ RunTime:0.001000s ]
INFO: [ app_end ] --END-- [ RunTime:0.001000s ]

[ 2017-01-15T20:24:25+08:00 ] ::1 /waibao/index.php/Manager/Guess/index.html
INFO: [ app_init ] --START--
INFO: Run Behavior\BuildLiteBehavior [ RunTime:0.000000s ]
INFO: [ app_init ] --END-- [ RunTime:0.001000s ]
INFO: [ app_begin ] --START--
INFO: Run Behavior\ReadHtmlCacheBehavior [ RunTime:0.002000s ]
INFO: [ app_begin ] --END-- [ RunTime:0.002000s ]
INFO: [ view_parse ] --START--
INFO: [ template_filter ] --START--
INFO: Run Behavior\ContentReplaceBehavior [ RunTime:0.001000s ]
INFO: [ template_filter ] --END-- [ RunTime:0.001000s ]
NOTIC: [8] Undefined offset: 28 G:\wamp\www\waibao\Application\Runtime\Cache\Manager\89e377e994c972504e8e4abbd6e8bce7.php 第 81 行.
NOTIC: [8] Undefined offset: 29 G:\wamp\www\waibao\Application\Runtime\Cache\Manager\89e377e994c972504e8e4abbd6e8bce7.php 第 81 行.
NOTIC: [8] Undefined offset: 30 G:\wamp\www\waibao\Application\Runtime\Cache\Manager\89e377e994c972504e8e4abbd6e8bce7.php 第 82 行.
NOTIC: [8] Undefined offset: 31 G:\wamp\www\waibao\Application\Runtime\Cache\Manager\89e377e994c972504e8e4abbd6e8bce7.php 第 82 行.
NOTIC: [8] Undefined offset: 32 G:\wamp\www\waibao\Application\Runtime\Cache\Manager\89e377e994c972504e8e4abbd6e8bce7.php 第 83 行.
NOTIC: [8] Undefined offset: 33 G:\wamp\www\waibao\Application\Runtime\Cache\Manager\89e377e994c972504e8e4abbd6e8bce7.php 第 83 行.
NOTIC: [8] Undefined offset: 34 G:\wamp\www\waibao\Application\Runtime\Cache\Manager\89e377e994c972504e8e4abbd6e8bce7.php 第 84 行.
NOTIC: [8] Undefined offset: 35 G:\wamp\www\waibao\Application\Runtime\Cache\Manager\89e377e994c972504e8e4abbd6e8bce7.php 第 84 行.
NOTIC: [8] Undefined offset: 36 G:\wamp\www\waibao\Application\Runtime\Cache\Manager\89e377e994c972504e8e4abbd6e8bce7.php 第 85 行.
NOTIC: [8] Undefined offset: 37 G:\wamp\www\waibao\Application\Runtime\Cache\Manager\89e377e994c972504e8e4abbd6e8bce7.php 第 85 行.
NOTIC: [8] Undefined offset: 28 G:\wamp\www\waibao\Application\Runtime\Cache\Manager\89e377e994c972504e8e4abbd6e8bce7.php 第 81 行.
NOTIC: [8] Undefined offset: 29 G:\wamp\www\waibao\Application\Runtime\Cache\Manager\89e377e994c972504e8e4abbd6e8bce7.php 第 81 行.
NOTIC: [8] Undefined offset: 30 G:\wamp\www\waibao\Application\Runtime\Cache\Manager\89e377e994c972504e8e4abbd6e8bce7.php 第 82 行.
NOTIC: [8] Undefined offset: 31 G:\wamp\www\waibao\Application\Runtime\Cache\Manager\89e377e994c972504e8e4abbd6e8bce7.php 第 82 行.
NOTIC: [8] Undefined offset: 32 G:\wamp\www\waibao\Application\Runtime\Cache\Manager\89e377e994c972504e8e4abbd6e8bce7.php 第 83 行.
NOTIC: [8] Undefined offset: 33 G:\wamp\www\waibao\Application\Runtime\Cache\Manager\89e377e994c972504e8e4abbd6e8bce7.php 第 83 行.
NOTIC: [8] Undefined offset: 34 G:\wamp\www\waibao\Application\Runtime\Cache\Manager\89e377e994c972504e8e4abbd6e8bce7.php 第 84 行.
NOTIC: [8] Undefined offset: 35 G:\wamp\www\waibao\Application\Runtime\Cache\Manager\89e377e994c972504e8e4abbd6e8bce7.php 第 84 行.
NOTIC: [8] Undefined offset: 36 G:\wamp\www\waibao\Application\Runtime\Cache\Manager\89e377e994c972504e8e4abbd6e8bce7.php 第 85 行.
NOTIC: [8] Undefined offset: 37 G:\wamp\www\waibao\Application\Runtime\Cache\Manager\89e377e994c972504e8e4abbd6e8bce7.php 第 85 行.
NOTIC: [8] Undefined offset: 19 G:\wamp\www\waibao\Application\Runtime\Cache\Manager\89e377e994c972504e8e4abbd6e8bce7.php 第 76 行.
NOTIC: [8] Undefined offset: 20 G:\wamp\www\waibao\Application\Runtime\Cache\Manager\89e377e994c972504e8e4abbd6e8bce7.php 第 77 行.
NOTIC: [8] Undefined offset: 21 G:\wamp\www\waibao\Application\Runtime\Cache\Manager\89e377e994c972504e8e4abbd6e8bce7.php 第 77 行.
NOTIC: [8] Undefined offset: 22 G:\wamp\www\waibao\Application\Runtime\Cache\Manager\89e377e994c972504e8e4abbd6e8bce7.php 第 78 行.
NOTIC: [8] Undefined offset: 23 G:\wamp\www\waibao\Application\Runtime\Cache\Manager\89e377e994c972504e8e4abbd6e8bce7.php 第 78 行.
NOTIC: [8] Undefined offset: 24 G:\wamp\www\waibao\Application\Runtime\Cache\Manager\89e377e994c972504e8e4abbd6e8bce7.php 第 79 行.
NOTIC: [8] Undefined offset: 25 G:\wamp\www\waibao\Application\Runtime\Cache\Manager\89e377e994c972504e8e4abbd6e8bce7.php 第 79 行.
NOTIC: [8] Undefined offset: 26 G:\wamp\www\waibao\Application\Runtime\Cache\Manager\89e377e994c972504e8e4abbd6e8bce7.php 第 80 行.
NOTIC: [8] Undefined offset: 27 G:\wamp\www\waibao\Application\Runtime\Cache\Manager\89e377e994c972504e8e4abbd6e8bce7.php 第 80 行.
NOTIC: [8] Undefined offset: 28 G:\wamp\www\waibao\Application\Runtime\Cache\Manager\89e377e994c972504e8e4abbd6e8bce7.php 第 81 行.
NOTIC: [8] Undefined offset: 29 G:\wamp\www\waibao\Application\Runtime\Cache\Manager\89e377e994c972504e8e4abbd6e8bce7.php 第 81 行.
NOTIC: [8] Undefined offset: 30 G:\wamp\www\waibao\Application\Runtime\Cache\Manager\89e377e994c972504e8e4abbd6e8bce7.php 第 82 行.
NOTIC: [8] Undefined offset: 31 G:\wamp\www\waibao\Application\Runtime\Cache\Manager\89e377e994c972504e8e4abbd6e8bce7.php 第 82 行.
NOTIC: [8] Undefined offset: 32 G:\wamp\www\waibao\Application\Runtime\Cache\Manager\89e377e994c972504e8e4abbd6e8bce7.php 第 83 行.
NOTIC: [8] Undefined offset: 33 G:\wamp\www\waibao\Application\Runtime\Cache\Manager\89e377e994c972504e8e4abbd6e8bce7.php 第 83 行.
NOTIC: [8] Undefined offset: 34 G:\wamp\www\waibao\Application\Runtime\Cache\Manager\89e377e994c972504e8e4abbd6e8bce7.php 第 84 行.
NOTIC: [8] Undefined offset: 35 G:\wamp\www\waibao\Application\Runtime\Cache\Manager\89e377e994c972504e8e4abbd6e8bce7.php 第 84 行.
NOTIC: [8] Undefined offset: 36 G:\wamp\www\waibao\Application\Runtime\Cache\Manager\89e377e994c972504e8e4abbd6e8bce7.php 第 85 行.
NOTIC: [8] Undefined offset: 37 G:\wamp\www\waibao\Application\Runtime\Cache\Manager\89e377e994c972504e8e4abbd6e8bce7.php 第 85 行.
NOTIC: [8] Undefined offset: 28 G:\wamp\www\waibao\Application\Runtime\Cache\Manager\89e377e994c972504e8e4abbd6e8bce7.php 第 81 行.
NOTIC: [8] Undefined offset: 29 G:\wamp\www\waibao\Application\Runtime\Cache\Manager\89e377e994c972504e8e4abbd6e8bce7.php 第 81 行.
NOTIC: [8] Undefined offset: 30 G:\wamp\www\waibao\Application\Runtime\Cache\Manager\89e377e994c972504e8e4abbd6e8bce7.php 第 82 行.
NOTIC: [8] Undefined offset: 31 G:\wamp\www\waibao\Application\Runtime\Cache\Manager\89e377e994c972504e8e4abbd6e8bce7.php 第 82 行.
NOTIC: [8] Undefined offset: 32 G:\wamp\www\waibao\Application\Runtime\Cache\Manager\89e377e994c972504e8e4abbd6e8bce7.php 第 83 行.
NOTIC: [8] Undefined offset: 33 G:\wamp\www\waibao\Application\Runtime\Cache\Manager\89e377e994c972504e8e4abbd6e8bce7.php 第 83 行.
NOTIC: [8] Undefined offset: 34 G:\wamp\www\waibao\Application\Runtime\Cache\Manager\89e377e994c972504e8e4abbd6e8bce7.php 第 84 行.
NOTIC: [8] Undefined offset: 35 G:\wamp\www\waibao\Application\Runtime\Cache\Manager\89e377e994c972504e8e4abbd6e8bce7.php 第 84 行.
NOTIC: [8] Undefined offset: 36 G:\wamp\www\waibao\Application\Runtime\Cache\Manager\89e377e994c972504e8e4abbd6e8bce7.php 第 85 行.
NOTIC: [8] Undefined offset: 37 G:\wamp\www\waibao\Application\Runtime\Cache\Manager\89e377e994c972504e8e4abbd6e8bce7.php 第 85 行.
NOTIC: [8] Undefined offset: 11 G:\wamp\www\waibao\Application\Runtime\Cache\Manager\89e377e994c972504e8e4abbd6e8bce7.php 第 72 行.
NOTIC: [8] Undefined offset: 12 G:\wamp\www\waibao\Application\Runtime\Cache\Manager\89e377e994c972504e8e4abbd6e8bce7.php 第 73 行.
NOTIC: [8] Undefined offset: 13 G:\wamp\www\waibao\Application\Runtime\Cache\Manager\89e377e994c972504e8e4abbd6e8bce7.php 第 73 行.
NOTIC: [8] Undefined offset: 14 G:\wamp\www\waibao\Application\Runtime\Cache\Manager\89e377e994c972504e8e4abbd6e8bce7.php 第 74 行.
NOTIC: [8] Undefined offset: 15 G:\wamp\www\waibao\Application\Runtime\Cache\Manager\89e377e994c972504e8e4abbd6e8bce7.php 第 74 行.
NOTIC: [8] Undefined offset: 16 G:\wamp\www\waibao\Application\Runtime\Cache\Manager\89e377e994c972504e8e4abbd6e8bce7.php 第 75 行.
NOTIC: [8] Undefined offset: 17 G:\wamp\www\waibao\Application\Runtime\Cache\Manager\89e377e994c972504e8e4abbd6e8bce7.php 第 75 行.
NOTIC: [8] Undefined offset: 18 G:\wamp\www\waibao\Application\Runtime\Cache\Manager\89e377e994c972504e8e4abbd6e8bce7.php 第 76 行.
NOTIC: [8] Undefined offset: 19 G:\wamp\www\waibao\Application\Runtime\Cache\Manager\89e377e994c972504e8e4abbd6e8bce7.php 第 76 行.
NOTIC: [8] Undefined offset: 20 G:\wamp\www\waibao\Application\Runtime\Cache\Manager\89e377e994c972504e8e4abbd6e8bce7.php 第 77 行.
NOTIC: [8] Undefined offset: 21 G:\wamp\www\waibao\Application\Runtime\Cache\Manager\89e377e994c972504e8e4abbd6e8bce7.php 第 77 行.
NOTIC: [8] Undefined offset: 22 G:\wamp\www\waibao\Application\Runtime\Cache\Manager\89e377e994c972504e8e4abbd6e8bce7.php 第 78 行.
NOTIC: [8] Undefined offset: 23 G:\wamp\www\waibao\Application\Runtime\Cache\Manager\89e377e994c972504e8e4abbd6e8bce7.php 第 78 行.
NOTIC: [8] Undefined offset: 24 G:\wamp\www\waibao\Application\Runtime\Cache\Manager\89e377e994c972504e8e4abbd6e8bce7.php 第 79 行.
NOTIC: [8] Undefined offset: 25 G:\wamp\www\waibao\Application\Runtime\Cache\Manager\89e377e994c972504e8e4abbd6e8bce7.php 第 79 行.
NOTIC: [8] Undefined offset: 26 G:\wamp\www\waibao\Application\Runtime\Cache\Manager\89e377e994c972504e8e4abbd6e8bce7.php 第 80 行.
NOTIC: [8] Undefined offset: 27 G:\wamp\www\waibao\Application\Runtime\Cache\Manager\89e377e994c972504e8e4abbd6e8bce7.php 第 80 行.
NOTIC: [8] Undefined offset: 28 G:\wamp\www\waibao\Application\Runtime\Cache\Manager\89e377e994c972504e8e4abbd6e8bce7.php 第 81 行.
NOTIC: [8] Undefined offset: 29 G:\wamp\www\waibao\Application\Runtime\Cache\Manager\89e377e994c972504e8e4abbd6e8bce7.php 第 81 行.
NOTIC: [8] Undefined offset: 30 G:\wamp\www\waibao\Application\Runtime\Cache\Manager\89e377e994c972504e8e4abbd6e8bce7.php 第 82 行.
NOTIC: [8] Undefined offset: 31 G:\wamp\www\waibao\Application\Runtime\Cache\Manager\89e377e994c972504e8e4abbd6e8bce7.php 第 82 行.
NOTIC: [8] Undefined offset: 32 G:\wamp\www\waibao\Application\Runtime\Cache\Manager\89e377e994c972504e8e4abbd6e8bce7.php 第 83 行.
NOTIC: [8] Undefined offset: 33 G:\wamp\www\waibao\Application\Runtime\Cache\Manager\89e377e994c972504e8e4abbd6e8bce7.php 第 83 行.
NOTIC: [8] Undefined offset: 34 G:\wamp\www\waibao\Application\Runtime\Cache\Manager\89e377e994c972504e8e4abbd6e8bce7.php 第 84 行.
NOTIC: [8] Undefined offset: 35 G:\wamp\www\waibao\Application\Runtime\Cache\Manager\89e377e994c972504e8e4abbd6e8bce7.php 第 84 行.
NOTIC: [8] Undefined offset: 36 G:\wamp\www\waibao\Application\Runtime\Cache\Manager\89e377e994c972504e8e4abbd6e8bce7.php 第 85 行.
NOTIC: [8] Undefined offset: 37 G:\wamp\www\waibao\Application\Runtime\Cache\Manager\89e377e994c972504e8e4abbd6e8bce7.php 第 85 行.
NOTIC: [8] Undefined variable: pageShow G:\wamp\www\waibao\Application\Runtime\Cache\Manager\89e377e994c972504e8e4abbd6e8bce7.php 第 89 行.
INFO: Run Behavior\ParseTemplateBehavior [ RunTime:0.065004s ]
INFO: [ view_parse ] --END-- [ RunTime:0.067004s ]
INFO: [ view_filter ] --START--
INFO: Run Behavior\WriteHtmlCacheBehavior [ RunTime:0.001000s ]
INFO: [ view_filter ] --END-- [ RunTime:0.002000s ]
INFO: [ app_end ] --START--
INFO: Run Behavior\ShowPageTraceBehavior [ RunTime:0.002000s ]
INFO: [ app_end ] --END-- [ RunTime:0.002000s ]

[ 2017-01-15T20:25:12+08:00 ] ::1 /waibao/index.php/Manager/Guess/index.html
INFO: [ app_init ] --START--
INFO: Run Behavior\BuildLiteBehavior [ RunTime:0.000000s ]
INFO: [ app_init ] --END-- [ RunTime:0.001000s ]
INFO: [ app_begin ] --START--
INFO: Run Behavior\ReadHtmlCacheBehavior [ RunTime:0.002000s ]
INFO: [ app_begin ] --END-- [ RunTime:0.002000s ]
INFO: [ view_parse ] --START--
INFO: [ template_filter ] --START--
INFO: Run Behavior\ContentReplaceBehavior [ RunTime:0.000000s ]
INFO: [ template_filter ] --END-- [ RunTime:0.000000s ]
NOTIC: [8] Undefined offset: 28 G:\wamp\www\waibao\Application\Runtime\Cache\Manager\89e377e994c972504e8e4abbd6e8bce7.php 第 81 行.
NOTIC: [8] Undefined offset: 29 G:\wamp\www\waibao\Application\Runtime\Cache\Manager\89e377e994c972504e8e4abbd6e8bce7.php 第 81 行.
NOTIC: [8] Undefined offset: 30 G:\wamp\www\waibao\Application\Runtime\Cache\Manager\89e377e994c972504e8e4abbd6e8bce7.php 第 82 行.
NOTIC: [8] Undefined offset: 31 G:\wamp\www\waibao\Application\Runtime\Cache\Manager\89e377e994c972504e8e4abbd6e8bce7.php 第 82 行.
NOTIC: [8] Undefined offset: 32 G:\wamp\www\waibao\Application\Runtime\Cache\Manager\89e377e994c972504e8e4abbd6e8bce7.php 第 83 行.
NOTIC: [8] Undefined offset: 33 G:\wamp\www\waibao\Application\Runtime\Cache\Manager\89e377e994c972504e8e4abbd6e8bce7.php 第 83 行.
NOTIC: [8] Undefined offset: 34 G:\wamp\www\waibao\Application\Runtime\Cache\Manager\89e377e994c972504e8e4abbd6e8bce7.php 第 84 行.
NOTIC: [8] Undefined offset: 35 G:\wamp\www\waibao\Application\Runtime\Cache\Manager\89e377e994c972504e8e4abbd6e8bce7.php 第 84 行.
NOTIC: [8] Undefined offset: 36 G:\wamp\www\waibao\Application\Runtime\Cache\Manager\89e377e994c972504e8e4abbd6e8bce7.php 第 85 行.
NOTIC: [8] Undefined offset: 37 G:\wamp\www\waibao\Application\Runtime\Cache\Manager\89e377e994c972504e8e4abbd6e8bce7.php 第 85 行.
NOTIC: [8] Undefined offset: 28 G:\wamp\www\waibao\Application\Runtime\Cache\Manager\89e377e994c972504e8e4abbd6e8bce7.php 第 81 行.
NOTIC: [8] Undefined offset: 29 G:\wamp\www\waibao\Application\Runtime\Cache\Manager\89e377e994c972504e8e4abbd6e8bce7.php 第 81 行.
NOTIC: [8] Undefined offset: 30 G:\wamp\www\waibao\Application\Runtime\Cache\Manager\89e377e994c972504e8e4abbd6e8bce7.php 第 82 行.
NOTIC: [8] Undefined offset: 31 G:\wamp\www\waibao\Application\Runtime\Cache\Manager\89e377e994c972504e8e4abbd6e8bce7.php 第 82 行.
NOTIC: [8] Undefined offset: 32 G:\wamp\www\waibao\Application\Runtime\Cache\Manager\89e377e994c972504e8e4abbd6e8bce7.php 第 83 行.
NOTIC: [8] Undefined offset: 33 G:\wamp\www\waibao\Application\Runtime\Cache\Manager\89e377e994c972504e8e4abbd6e8bce7.php 第 83 行.
NOTIC: [8] Undefined offset: 34 G:\wamp\www\waibao\Application\Runtime\Cache\Manager\89e377e994c972504e8e4abbd6e8bce7.php 第 84 行.
NOTIC: [8] Undefined offset: 35 G:\wamp\www\waibao\Application\Runtime\Cache\Manager\89e377e994c972504e8e4abbd6e8bce7.php 第 84 行.
NOTIC: [8] Undefined offset: 36 G:\wamp\www\waibao\Application\Runtime\Cache\Manager\89e377e994c972504e8e4abbd6e8bce7.php 第 85 行.
NOTIC: [8] Undefined offset: 37 G:\wamp\www\waibao\Application\Runtime\Cache\Manager\89e377e994c972504e8e4abbd6e8bce7.php 第 85 行.
NOTIC: [8] Undefined offset: 19 G:\wamp\www\waibao\Application\Runtime\Cache\Manager\89e377e994c972504e8e4abbd6e8bce7.php 第 76 行.
NOTIC: [8] Undefined offset: 20 G:\wamp\www\waibao\Application\Runtime\Cache\Manager\89e377e994c972504e8e4abbd6e8bce7.php 第 77 行.
NOTIC: [8] Undefined offset: 21 G:\wamp\www\waibao\Application\Runtime\Cache\Manager\89e377e994c972504e8e4abbd6e8bce7.php 第 77 行.
NOTIC: [8] Undefined offset: 22 G:\wamp\www\waibao\Application\Runtime\Cache\Manager\89e377e994c972504e8e4abbd6e8bce7.php 第 78 行.
NOTIC: [8] Undefined offset: 23 G:\wamp\www\waibao\Application\Runtime\Cache\Manager\89e377e994c972504e8e4abbd6e8bce7.php 第 78 行.
NOTIC: [8] Undefined offset: 24 G:\wamp\www\waibao\Application\Runtime\Cache\Manager\89e377e994c972504e8e4abbd6e8bce7.php 第 79 行.
NOTIC: [8] Undefined offset: 25 G:\wamp\www\waibao\Application\Runtime\Cache\Manager\89e377e994c972504e8e4abbd6e8bce7.php 第 79 行.
NOTIC: [8] Undefined offset: 26 G:\wamp\www\waibao\Application\Runtime\Cache\Manager\89e377e994c972504e8e4abbd6e8bce7.php 第 80 行.
NOTIC: [8] Undefined offset: 27 G:\wamp\www\waibao\Application\Runtime\Cache\Manager\89e377e994c972504e8e4abbd6e8bce7.php 第 80 行.
NOTIC: [8] Undefined offset: 28 G:\wamp\www\waibao\Application\Runtime\Cache\Manager\89e377e994c972504e8e4abbd6e8bce7.php 第 81 行.
NOTIC: [8] Undefined offset: 29 G:\wamp\www\waibao\Application\Runtime\Cache\Manager\89e377e994c972504e8e4abbd6e8bce7.php 第 81 行.
NOTIC: [8] Undefined offset: 30 G:\wamp\www\waibao\Application\Runtime\Cache\Manager\89e377e994c972504e8e4abbd6e8bce7.php 第 82 行.
NOTIC: [8] Undefined offset: 31 G:\wamp\www\waibao\Application\Runtime\Cache\Manager\89e377e994c972504e8e4abbd6e8bce7.php 第 82 行.
NOTIC: [8] Undefined offset: 32 G:\wamp\www\waibao\Application\Runtime\Cache\Manager\89e377e994c972504e8e4abbd6e8bce7.php 第 83 行.
NOTIC: [8] Undefined offset: 33 G:\wamp\www\waibao\Application\Runtime\Cache\Manager\89e377e994c972504e8e4abbd6e8bce7.php 第 83 行.
NOTIC: [8] Undefined offset: 34 G:\wamp\www\waibao\Application\Runtime\Cache\Manager\89e377e994c972504e8e4abbd6e8bce7.php 第 84 行.
NOTIC: [8] Undefined offset: 35 G:\wamp\www\waibao\Application\Runtime\Cache\Manager\89e377e994c972504e8e4abbd6e8bce7.php 第 84 行.
NOTIC: [8] Undefined offset: 36 G:\wamp\www\waibao\Application\Runtime\Cache\Manager\89e377e994c972504e8e4abbd6e8bce7.php 第 85 行.
NOTIC: [8] Undefined offset: 37 G:\wamp\www\waibao\Application\Runtime\Cache\Manager\89e377e994c972504e8e4abbd6e8bce7.php 第 85 行.
NOTIC: [8] Undefined offset: 28 G:\wamp\www\waibao\Application\Runtime\Cache\Manager\89e377e994c972504e8e4abbd6e8bce7.php 第 81 行.
NOTIC: [8] Undefined offset: 29 G:\wamp\www\waibao\Application\Runtime\Cache\Manager\89e377e994c972504e8e4abbd6e8bce7.php 第 81 行.
NOTIC: [8] Undefined offset: 30 G:\wamp\www\waibao\Application\Runtime\Cache\Manager\89e377e994c972504e8e4abbd6e8bce7.php 第 82 行.
NOTIC: [8] Undefined offset: 31 G:\wamp\www\waibao\Application\Runtime\Cache\Manager\89e377e994c972504e8e4abbd6e8bce7.php 第 82 行.
NOTIC: [8] Undefined offset: 32 G:\wamp\www\waibao\Application\Runtime\Cache\Manager\89e377e994c972504e8e4abbd6e8bce7.php 第 83 行.
NOTIC: [8] Undefined offset: 33 G:\wamp\www\waibao\Application\Runtime\Cache\Manager\89e377e994c972504e8e4abbd6e8bce7.php 第 83 行.
NOTIC: [8] Undefined offset: 34 G:\wamp\www\waibao\Application\Runtime\Cache\Manager\89e377e994c972504e8e4abbd6e8bce7.php 第 84 行.
NOTIC: [8] Undefined offset: 35 G:\wamp\www\waibao\Application\Runtime\Cache\Manager\89e377e994c972504e8e4abbd6e8bce7.php 第 84 行.
NOTIC: [8] Undefined offset: 36 G:\wamp\www\waibao\Application\Runtime\Cache\Manager\89e377e994c972504e8e4abbd6e8bce7.php 第 85 行.
NOTIC: [8] Undefined offset: 37 G:\wamp\www\waibao\Application\Runtime\Cache\Manager\89e377e994c972504e8e4abbd6e8bce7.php 第 85 行.
NOTIC: [8] Undefined offset: 11 G:\wamp\www\waibao\Application\Runtime\Cache\Manager\89e377e994c972504e8e4abbd6e8bce7.php 第 72 行.
NOTIC: [8] Undefined offset: 12 G:\wamp\www\waibao\Application\Runtime\Cache\Manager\89e377e994c972504e8e4abbd6e8bce7.php 第 73 行.
NOTIC: [8] Undefined offset: 13 G:\wamp\www\waibao\Application\Runtime\Cache\Manager\89e377e994c972504e8e4abbd6e8bce7.php 第 73 行.
NOTIC: [8] Undefined offset: 14 G:\wamp\www\waibao\Application\Runtime\Cache\Manager\89e377e994c972504e8e4abbd6e8bce7.php 第 74 行.
NOTIC: [8] Undefined offset: 15 G:\wamp\www\waibao\Application\Runtime\Cache\Manager\89e377e994c972504e8e4abbd6e8bce7.php 第 74 行.
NOTIC: [8] Undefined offset: 16 G:\wamp\www\waibao\Application\Runtime\Cache\Manager\89e377e994c972504e8e4abbd6e8bce7.php 第 75 行.
NOTIC: [8] Undefined offset: 17 G:\wamp\www\waibao\Application\Runtime\Cache\Manager\89e377e994c972504e8e4abbd6e8bce7.php 第 75 行.
NOTIC: [8] Undefined offset: 18 G:\wamp\www\waibao\Application\Runtime\Cache\Manager\89e377e994c972504e8e4abbd6e8bce7.php 第 76 行.
NOTIC: [8] Undefined offset: 19 G:\wamp\www\waibao\Application\Runtime\Cache\Manager\89e377e994c972504e8e4abbd6e8bce7.php 第 76 行.
NOTIC: [8] Undefined offset: 20 G:\wamp\www\waibao\Application\Runtime\Cache\Manager\89e377e994c972504e8e4abbd6e8bce7.php 第 77 行.
NOTIC: [8] Undefined offset: 21 G:\wamp\www\waibao\Application\Runtime\Cache\Manager\89e377e994c972504e8e4abbd6e8bce7.php 第 77 行.
NOTIC: [8] Undefined offset: 22 G:\wamp\www\waibao\Application\Runtime\Cache\Manager\89e377e994c972504e8e4abbd6e8bce7.php 第 78 行.
NOTIC: [8] Undefined offset: 23 G:\wamp\www\waibao\Application\Runtime\Cache\Manager\89e377e994c972504e8e4abbd6e8bce7.php 第 78 行.
NOTIC: [8] Undefined offset: 24 G:\wamp\www\waibao\Application\Runtime\Cache\Manager\89e377e994c972504e8e4abbd6e8bce7.php 第 79 行.
NOTIC: [8] Undefined offset: 25 G:\wamp\www\waibao\Application\Runtime\Cache\Manager\89e377e994c972504e8e4abbd6e8bce7.php 第 79 行.
NOTIC: [8] Undefined offset: 26 G:\wamp\www\waibao\Application\Runtime\Cache\Manager\89e377e994c972504e8e4abbd6e8bce7.php 第 80 行.
NOTIC: [8] Undefined offset: 27 G:\wamp\www\waibao\Application\Runtime\Cache\Manager\89e377e994c972504e8e4abbd6e8bce7.php 第 80 行.
NOTIC: [8] Undefined offset: 28 G:\wamp\www\waibao\Application\Runtime\Cache\Manager\89e377e994c972504e8e4abbd6e8bce7.php 第 81 行.
NOTIC: [8] Undefined offset: 29 G:\wamp\www\waibao\Application\Runtime\Cache\Manager\89e377e994c972504e8e4abbd6e8bce7.php 第 81 行.
NOTIC: [8] Undefined offset: 30 G:\wamp\www\waibao\Application\Runtime\Cache\Manager\89e377e994c972504e8e4abbd6e8bce7.php 第 82 行.
NOTIC: [8] Undefined offset: 31 G:\wamp\www\waibao\Application\Runtime\Cache\Manager\89e377e994c972504e8e4abbd6e8bce7.php 第 82 行.
NOTIC: [8] Undefined offset: 32 G:\wamp\www\waibao\Application\Runtime\Cache\Manager\89e377e994c972504e8e4abbd6e8bce7.php 第 83 行.
NOTIC: [8] Undefined offset: 33 G:\wamp\www\waibao\Application\Runtime\Cache\Manager\89e377e994c972504e8e4abbd6e8bce7.php 第 83 行.
NOTIC: [8] Undefined offset: 34 G:\wamp\www\waibao\Application\Runtime\Cache\Manager\89e377e994c972504e8e4abbd6e8bce7.php 第 84 行.
NOTIC: [8] Undefined offset: 35 G:\wamp\www\waibao\Application\Runtime\Cache\Manager\89e377e994c972504e8e4abbd6e8bce7.php 第 84 行.
NOTIC: [8] Undefined offset: 36 G:\wamp\www\waibao\Application\Runtime\Cache\Manager\89e377e994c972504e8e4abbd6e8bce7.php 第 85 行.
NOTIC: [8] Undefined offset: 37 G:\wamp\www\waibao\Application\Runtime\Cache\Manager\89e377e994c972504e8e4abbd6e8bce7.php 第 85 行.
NOTIC: [8] Undefined variable: pageShow G:\wamp\www\waibao\Application\Runtime\Cache\Manager\89e377e994c972504e8e4abbd6e8bce7.php 第 89 行.
INFO: Run Behavior\ParseTemplateBehavior [ RunTime:0.041003s ]
INFO: [ view_parse ] --END-- [ RunTime:0.041003s ]
INFO: [ view_filter ] --START--
INFO: Run Behavior\WriteHtmlCacheBehavior [ RunTime:0.000000s ]
INFO: [ view_filter ] --END-- [ RunTime:0.002000s ]
INFO: [ app_end ] --START--
INFO: Run Behavior\ShowPageTraceBehavior [ RunTime:0.002000s ]
INFO: [ app_end ] --END-- [ RunTime:0.002000s ]

[ 2017-01-15T20:26:05+08:00 ] ::1 /waibao/index.php/Manager/Guessform/index.html
INFO: [ app_init ] --START--
INFO: Run Behavior\BuildLiteBehavior [ RunTime:0.000000s ]
INFO: [ app_init ] --END-- [ RunTime:0.001000s ]
INFO: [ app_begin ] --START--
INFO: Run Behavior\ReadHtmlCacheBehavior [ RunTime:0.001000s ]
INFO: [ app_begin ] --END-- [ RunTime:0.002000s ]
INFO: [ view_parse ] --START--
INFO: [ template_filter ] --START--
INFO: Run Behavior\ContentReplaceBehavior [ RunTime:0.000000s ]
INFO: [ template_filter ] --END-- [ RunTime:0.000000s ]
INFO: Run Behavior\ParseTemplateBehavior [ RunTime:0.021001s ]
INFO: [ view_parse ] --END-- [ RunTime:0.021001s ]
INFO: [ view_filter ] --START--
INFO: Run Behavior\WriteHtmlCacheBehavior [ RunTime:0.001001s ]
INFO: [ view_filter ] --END-- [ RunTime:0.002001s ]
INFO: [ app_end ] --START--
INFO: Run Behavior\ShowPageTraceBehavior [ RunTime:0.002000s ]
INFO: [ app_end ] --END-- [ RunTime:0.002000s ]

[ 2017-01-15T20:26:53+08:00 ] ::1 /waibao/index.php/Manager/Guessform/save.html
INFO: [ app_init ] --START--
INFO: Run Behavior\BuildLiteBehavior [ RunTime:0.000000s ]
INFO: [ app_init ] --END-- [ RunTime:0.001000s ]
INFO: [ app_begin ] --START--
INFO: Run Behavior\ReadHtmlCacheBehavior [ RunTime:0.002000s ]
INFO: [ app_begin ] --END-- [ RunTime:0.002000s ]

[ 2017-01-15T20:26:53+08:00 ] ::1 /waibao/index.php/Manager/Collect/index.html
INFO: [ app_init ] --START--
INFO: Run Behavior\BuildLiteBehavior [ RunTime:0.000000s ]
INFO: [ app_init ] --END-- [ RunTime:0.000000s ]
INFO: [ app_begin ] --START--
INFO: Run Behavior\ReadHtmlCacheBehavior [ RunTime:0.001000s ]
INFO: [ app_begin ] --END-- [ RunTime:0.001000s ]
INFO: [ view_parse ] --START--
INFO: [ template_filter ] --START--
INFO: Run Behavior\ContentReplaceBehavior [ RunTime:0.000000s ]
INFO: [ template_filter ] --END-- [ RunTime:0.000000s ]
NOTIC: [8] Undefined variable: pageShow G:\wamp\www\waibao\Application\Runtime\Cache\Manager\5dcb3baa0ed527d598adceedf305806e.php 第 69 行.
INFO: Run Behavior\ParseTemplateBehavior [ RunTime:0.019001s ]
INFO: [ view_parse ] --END-- [ RunTime:0.020001s ]
INFO: [ view_filter ] --START--
INFO: Run Behavior\WriteHtmlCacheBehavior [ RunTime:0.001000s ]
INFO: [ view_filter ] --END-- [ RunTime:0.001000s ]
INFO: [ app_end ] --START--
INFO: Run Behavior\ShowPageTraceBehavior [ RunTime:0.001000s ]
INFO: [ app_end ] --END-- [ RunTime:0.001000s ]

[ 2017-01-15T20:27:12+08:00 ] ::1 /waibao/index.php/Manager/Guess/index.html
INFO: [ app_init ] --START--
INFO: Run Behavior\BuildLiteBehavior [ RunTime:0.000000s ]
INFO: [ app_init ] --END-- [ RunTime:0.001000s ]
INFO: [ app_begin ] --START--
INFO: Run Behavior\ReadHtmlCacheBehavior [ RunTime:0.001000s ]
INFO: [ app_begin ] --END-- [ RunTime:0.001000s ]
INFO: [ view_parse ] --START--
INFO: [ template_filter ] --START--
INFO: Run Behavior\ContentReplaceBehavior [ RunTime:0.000000s ]
INFO: [ template_filter ] --END-- [ RunTime:0.000000s ]
NOTIC: [8] Undefined offset: 29 G:\wamp\www\waibao\Application\Runtime\Cache\Manager\89e377e994c972504e8e4abbd6e8bce7.php 第 81 行.
NOTIC: [8] Undefined offset: 30 G:\wamp\www\waibao\Application\Runtime\Cache\Manager\89e377e994c972504e8e4abbd6e8bce7.php 第 82 行.
NOTIC: [8] Undefined offset: 31 G:\wamp\www\waibao\Application\Runtime\Cache\Manager\89e377e994c972504e8e4abbd6e8bce7.php 第 82 行.
NOTIC: [8] Undefined offset: 32 G:\wamp\www\waibao\Application\Runtime\Cache\Manager\89e377e994c972504e8e4abbd6e8bce7.php 第 83 行.
NOTIC: [8] Undefined offset: 33 G:\wamp\www\waibao\Application\Runtime\Cache\Manager\89e377e994c972504e8e4abbd6e8bce7.php 第 83 行.
NOTIC: [8] Undefined offset: 34 G:\wamp\www\waibao\Application\Runtime\Cache\Manager\89e377e994c972504e8e4abbd6e8bce7.php 第 84 行.
NOTIC: [8] Undefined offset: 35 G:\wamp\www\waibao\Application\Runtime\Cache\Manager\89e377e994c972504e8e4abbd6e8bce7.php 第 84 行.
NOTIC: [8] Undefined offset: 36 G:\wamp\www\waibao\Application\Runtime\Cache\Manager\89e377e994c972504e8e4abbd6e8bce7.php 第 85 行.
NOTIC: [8] Undefined offset: 37 G:\wamp\www\waibao\Application\Runtime\Cache\Manager\89e377e994c972504e8e4abbd6e8bce7.php 第 85 行.
NOTIC: [8] Undefined offset: 21 G:\wamp\www\waibao\Application\Runtime\Cache\Manager\89e377e994c972504e8e4abbd6e8bce7.php 第 77 行.
NOTIC: [8] Undefined offset: 22 G:\wamp\www\waibao\Application\Runtime\Cache\Manager\89e377e994c972504e8e4abbd6e8bce7.php 第 78 行.
NOTIC: [8] Undefined offset: 23 G:\wamp\www\waibao\Application\Runtime\Cache\Manager\89e377e994c972504e8e4abbd6e8bce7.php 第 78 行.
NOTIC: [8] Undefined offset: 24 G:\wamp\www\waibao\Application\Runtime\Cache\Manager\89e377e994c972504e8e4abbd6e8bce7.php 第 79 行.
NOTIC: [8] Undefined offset: 25 G:\wamp\www\waibao\Application\Runtime\Cache\Manager\89e377e994c972504e8e4abbd6e8bce7.php 第 79 行.
NOTIC: [8] Undefined offset: 26 G:\wamp\www\waibao\Application\Runtime\Cache\Manager\89e377e994c972504e8e4abbd6e8bce7.php 第 80 行.
NOTIC: [8] Undefined offset: 27 G:\wamp\www\waibao\Application\Runtime\Cache\Manager\89e377e994c972504e8e4abbd6e8bce7.php 第 80 行.
NOTIC: [8] Undefined offset: 28 G:\wamp\www\waibao\Application\Runtime\Cache\Manager\89e377e994c972504e8e4abbd6e8bce7.php 第 81 行.
NOTIC: [8] Undefined offset: 29 G:\wamp\www\waibao\Application\Runtime\Cache\Manager\89e377e994c972504e8e4abbd6e8bce7.php 第 81 行.
NOTIC: [8] Undefined offset: 30 G:\wamp\www\waibao\Application\Runtime\Cache\Manager\89e377e994c972504e8e4abbd6e8bce7.php 第 82 行.
NOTIC: [8] Undefined offset: 31 G:\wamp\www\waibao\Application\Runtime\Cache\Manager\89e377e994c972504e8e4abbd6e8bce7.php 第 82 行.
NOTIC: [8] Undefined offset: 32 G:\wamp\www\waibao\Application\Runtime\Cache\Manager\89e377e994c972504e8e4abbd6e8bce7.php 第 83 行.
NOTIC: [8] Undefined offset: 33 G:\wamp\www\waibao\Application\Runtime\Cache\Manager\89e377e994c972504e8e4abbd6e8bce7.php 第 83 行.
NOTIC: [8] Undefined offset: 34 G:\wamp\www\waibao\Application\Runtime\Cache\Manager\89e377e994c972504e8e4abbd6e8bce7.php 第 84 行.
NOTIC: [8] Undefined offset: 35 G:\wamp\www\waibao\Application\Runtime\Cache\Manager\89e377e994c972504e8e4abbd6e8bce7.php 第 84 行.
NOTIC: [8] Undefined offset: 36 G:\wamp\www\waibao\Application\Runtime\Cache\Manager\89e377e994c972504e8e4abbd6e8bce7.php 第 85 行.
NOTIC: [8] Undefined offset: 37 G:\wamp\www\waibao\Application\Runtime\Cache\Manager\89e377e994c972504e8e4abbd6e8bce7.php 第 85 行.
NOTIC: [8] Undefined variable: pageShow G:\wamp\www\waibao\Application\Runtime\Cache\Manager\89e377e994c972504e8e4abbd6e8bce7.php 第 89 行.
INFO: Run Behavior\ParseTemplateBehavior [ RunTime:0.039002s ]
INFO: [ view_parse ] --END-- [ RunTime:0.039002s ]
INFO: [ view_filter ] --START--
INFO: Run Behavior\WriteHtmlCacheBehavior [ RunTime:0.001000s ]
INFO: [ view_filter ] --END-- [ RunTime:0.001000s ]
INFO: [ app_end ] --START--
INFO: Run Behavior\ShowPageTraceBehavior [ RunTime:0.001000s ]
INFO: [ app_end ] --END-- [ RunTime:0.001000s ]

[ 2017-01-15T20:29:40+08:00 ] ::1 /waibao/index.php/Manager/Guessform/index.html
INFO: [ app_init ] --START--
INFO: Run Behavior\BuildLiteBehavior [ RunTime:0.000000s ]
INFO: [ app_init ] --END-- [ RunTime:0.001001s ]
INFO: [ app_begin ] --START--
INFO: Run Behavior\ReadHtmlCacheBehavior [ RunTime:0.001000s ]
INFO: [ app_begin ] --END-- [ RunTime:0.002000s ]
INFO: [ view_parse ] --START--
INFO: [ template_filter ] --START--
INFO: Run Behavior\ContentReplaceBehavior [ RunTime:0.000000s ]
INFO: [ template_filter ] --END-- [ RunTime:0.001000s ]
INFO: Run Behavior\ParseTemplateBehavior [ RunTime:0.015001s ]
INFO: [ view_parse ] --END-- [ RunTime:0.015001s ]
INFO: [ view_filter ] --START--
INFO: Run Behavior\WriteHtmlCacheBehavior [ RunTime:0.001000s ]
INFO: [ view_filter ] --END-- [ RunTime:0.001000s ]
INFO: [ app_end ] --START--
INFO: Run Behavior\ShowPageTraceBehavior [ RunTime:0.000000s ]
INFO: [ app_end ] --END-- [ RunTime:0.001000s ]

[ 2017-01-15T20:32:12+08:00 ] ::1 /waibao/index.php/Manager/Guessform/save.html
INFO: [ app_init ] --START--
INFO: Run Behavior\BuildLiteBehavior [ RunTime:0.000000s ]
INFO: [ app_init ] --END-- [ RunTime:0.000000s ]
INFO: [ app_begin ] --START--
INFO: Run Behavior\ReadHtmlCacheBehavior [ RunTime:0.000000s ]
INFO: [ app_begin ] --END-- [ RunTime:0.000000s ]

[ 2017-01-15T20:32:12+08:00 ] ::1 /waibao/index.php/Manager/Collect/index.html
INFO: [ app_init ] --START--
INFO: Run Behavior\BuildLiteBehavior [ RunTime:0.000000s ]
INFO: [ app_init ] --END-- [ RunTime:0.001000s ]
INFO: [ app_begin ] --START--
INFO: Run Behavior\ReadHtmlCacheBehavior [ RunTime:0.001000s ]
INFO: [ app_begin ] --END-- [ RunTime:0.001000s ]
INFO: [ view_parse ] --START--
INFO: [ template_filter ] --START--
INFO: Run Behavior\ContentReplaceBehavior [ RunTime:0.000000s ]
INFO: [ template_filter ] --END-- [ RunTime:0.001000s ]
NOTIC: [8] Undefined variable: pageShow G:\wamp\www\waibao\Application\Runtime\Cache\Manager\5dcb3baa0ed527d598adceedf305806e.php 第 69 行.
INFO: Run Behavior\ParseTemplateBehavior [ RunTime:0.018001s ]
INFO: [ view_parse ] --END-- [ RunTime:0.020001s ]
INFO: [ view_filter ] --START--
INFO: Run Behavior\WriteHtmlCacheBehavior [ RunTime:0.001000s ]
INFO: [ view_filter ] --END-- [ RunTime:0.001000s ]
INFO: [ app_end ] --START--
INFO: Run Behavior\ShowPageTraceBehavior [ RunTime:0.001000s ]
INFO: [ app_end ] --END-- [ RunTime:0.001000s ]

[ 2017-01-15T20:33:02+08:00 ] ::1 /waibao/index.php/Manager/Guess/index.html
INFO: [ app_init ] --START--
INFO: Run Behavior\BuildLiteBehavior [ RunTime:0.000000s ]
INFO: [ app_init ] --END-- [ RunTime:0.000000s ]
INFO: [ app_begin ] --START--
INFO: Run Behavior\ReadHtmlCacheBehavior [ RunTime:0.001000s ]
INFO: [ app_begin ] --END-- [ RunTime:0.002000s ]
INFO: [ view_parse ] --START--
INFO: [ template_filter ] --START--
INFO: Run Behavior\ContentReplaceBehavior [ RunTime:0.000000s ]
INFO: [ template_filter ] --END-- [ RunTime:0.001000s ]
NOTIC: [8] Undefined offset: 28 G:\wamp\www\waibao\Application\Runtime\Cache\Manager\89e377e994c972504e8e4abbd6e8bce7.php 第 81 行.
NOTIC: [8] Undefined offset: 29 G:\wamp\www\waibao\Application\Runtime\Cache\Manager\89e377e994c972504e8e4abbd6e8bce7.php 第 81 行.
NOTIC: [8] Undefined offset: 30 G:\wamp\www\waibao\Application\Runtime\Cache\Manager\89e377e994c972504e8e4abbd6e8bce7.php 第 82 行.
NOTIC: [8] Undefined offset: 31 G:\wamp\www\waibao\Application\Runtime\Cache\Manager\89e377e994c972504e8e4abbd6e8bce7.php 第 82 行.
NOTIC: [8] Undefined offset: 32 G:\wamp\www\waibao\Application\Runtime\Cache\Manager\89e377e994c972504e8e4abbd6e8bce7.php 第 83 行.
NOTIC: [8] Undefined offset: 33 G:\wamp\www\waibao\Application\Runtime\Cache\Manager\89e377e994c972504e8e4abbd6e8bce7.php 第 83 行.
NOTIC: [8] Undefined offset: 34 G:\wamp\www\waibao\Application\Runtime\Cache\Manager\89e377e994c972504e8e4abbd6e8bce7.php 第 84 行.
NOTIC: [8] Undefined offset: 35 G:\wamp\www\waibao\Application\Runtime\Cache\Manager\89e377e994c972504e8e4abbd6e8bce7.php 第 84 行.
NOTIC: [8] Undefined offset: 36 G:\wamp\www\waibao\Application\Runtime\Cache\Manager\89e377e994c972504e8e4abbd6e8bce7.php 第 85 行.
NOTIC: [8] Undefined offset: 37 G:\wamp\www\waibao\Application\Runtime\Cache\Manager\89e377e994c972504e8e4abbd6e8bce7.php 第 85 行.
NOTIC: [8] Undefined offset: 28 G:\wamp\www\waibao\Application\Runtime\Cache\Manager\89e377e994c972504e8e4abbd6e8bce7.php 第 81 行.
NOTIC: [8] Undefined offset: 29 G:\wamp\www\waibao\Application\Runtime\Cache\Manager\89e377e994c972504e8e4abbd6e8bce7.php 第 81 行.
NOTIC: [8] Undefined offset: 30 G:\wamp\www\waibao\Application\Runtime\Cache\Manager\89e377e994c972504e8e4abbd6e8bce7.php 第 82 行.
NOTIC: [8] Undefined offset: 31 G:\wamp\www\waibao\Application\Runtime\Cache\Manager\89e377e994c972504e8e4abbd6e8bce7.php 第 82 行.
NOTIC: [8] Undefined offset: 32 G:\wamp\www\waibao\Application\Runtime\Cache\Manager\89e377e994c972504e8e4abbd6e8bce7.php 第 83 行.
NOTIC: [8] Undefined offset: 33 G:\wamp\www\waibao\Application\Runtime\Cache\Manager\89e377e994c972504e8e4abbd6e8bce7.php 第 83 行.
NOTIC: [8] Undefined offset: 34 G:\wamp\www\waibao\Application\Runtime\Cache\Manager\89e377e994c972504e8e4abbd6e8bce7.php 第 84 行.
NOTIC: [8] Undefined offset: 35 G:\wamp\www\waibao\Application\Runtime\Cache\Manager\89e377e994c972504e8e4abbd6e8bce7.php 第 84 行.
NOTIC: [8] Undefined offset: 36 G:\wamp\www\waibao\Application\Runtime\Cache\Manager\89e377e994c972504e8e4abbd6e8bce7.php 第 85 行.
NOTIC: [8] Undefined offset: 37 G:\wamp\www\waibao\Application\Runtime\Cache\Manager\89e377e994c972504e8e4abbd6e8bce7.php 第 85 行.
NOTIC: [8] Undefined offset: 19 G:\wamp\www\waibao\Application\Runtime\Cache\Manager\89e377e994c972504e8e4abbd6e8bce7.php 第 76 行.
NOTIC: [8] Undefined offset: 20 G:\wamp\www\waibao\Application\Runtime\Cache\Manager\89e377e994c972504e8e4abbd6e8bce7.php 第 77 行.
NOTIC: [8] Undefined offset: 21 G:\wamp\www\waibao\Application\Runtime\Cache\Manager\89e377e994c972504e8e4abbd6e8bce7.php 第 77 行.
NOTIC: [8] Undefined offset: 22 G:\wamp\www\waibao\Application\Runtime\Cache\Manager\89e377e994c972504e8e4abbd6e8bce7.php 第 78 行.
NOTIC: [8] Undefined offset: 23 G:\wamp\www\waibao\Application\Runtime\Cache\Manager\89e377e994c972504e8e4abbd6e8bce7.php 第 78 行.
NOTIC: [8] Undefined offset: 24 G:\wamp\www\waibao\Application\Runtime\Cache\Manager\89e377e994c972504e8e4abbd6e8bce7.php 第 79 行.
NOTIC: [8] Undefined offset: 25 G:\wamp\www\waibao\Application\Runtime\Cache\Manager\89e377e994c972504e8e4abbd6e8bce7.php 第 79 行.
NOTIC: [8] Undefined offset: 26 G:\wamp\www\waibao\Application\Runtime\Cache\Manager\89e377e994c972504e8e4abbd6e8bce7.php 第 80 行.
NOTIC: [8] Undefined offset: 27 G:\wamp\www\waibao\Application\Runtime\Cache\Manager\89e377e994c972504e8e4abbd6e8bce7.php 第 80 行.
NOTIC: [8] Undefined offset: 28 G:\wamp\www\waibao\Application\Runtime\Cache\Manager\89e377e994c972504e8e4abbd6e8bce7.php 第 81 行.
NOTIC: [8] Undefined offset: 29 G:\wamp\www\waibao\Application\Runtime\Cache\Manager\89e377e994c972504e8e4abbd6e8bce7.php 第 81 行.
NOTIC: [8] Undefined offset: 30 G:\wamp\www\waibao\Application\Runtime\Cache\Manager\89e377e994c972504e8e4abbd6e8bce7.php 第 82 行.
NOTIC: [8] Undefined offset: 31 G:\wamp\www\waibao\Application\Runtime\Cache\Manager\89e377e994c972504e8e4abbd6e8bce7.php 第 82 行.
NOTIC: [8] Undefined offset: 32 G:\wamp\www\waibao\Application\Runtime\Cache\Manager\89e377e994c972504e8e4abbd6e8bce7.php 第 83 行.
NOTIC: [8] Undefined offset: 33 G:\wamp\www\waibao\Application\Runtime\Cache\Manager\89e377e994c972504e8e4abbd6e8bce7.php 第 83 行.
NOTIC: [8] Undefined offset: 34 G:\wamp\www\waibao\Application\Runtime\Cache\Manager\89e377e994c972504e8e4abbd6e8bce7.php 第 84 行.
NOTIC: [8] Undefined offset: 35 G:\wamp\www\waibao\Application\Runtime\Cache\Manager\89e377e994c972504e8e4abbd6e8bce7.php 第 84 行.
NOTIC: [8] Undefined offset: 36 G:\wamp\www\waibao\Application\Runtime\Cache\Manager\89e377e994c972504e8e4abbd6e8bce7.php 第 85 行.
NOTIC: [8] Undefined offset: 37 G:\wamp\www\waibao\Application\Runtime\Cache\Manager\89e377e994c972504e8e4abbd6e8bce7.php 第 85 行.
NOTIC: [8] Undefined offset: 28 G:\wamp\www\waibao\Application\Runtime\Cache\Manager\89e377e994c972504e8e4abbd6e8bce7.php 第 81 行.
NOTIC: [8] Undefined offset: 29 G:\wamp\www\waibao\Application\Runtime\Cache\Manager\89e377e994c972504e8e4abbd6e8bce7.php 第 81 行.
NOTIC: [8] Undefined offset: 30 G:\wamp\www\waibao\Application\Runtime\Cache\Manager\89e377e994c972504e8e4abbd6e8bce7.php 第 82 行.
NOTIC: [8] Undefined offset: 31 G:\wamp\www\waibao\Application\Runtime\Cache\Manager\89e377e994c972504e8e4abbd6e8bce7.php 第 82 行.
NOTIC: [8] Undefined offset: 32 G:\wamp\www\waibao\Application\Runtime\Cache\Manager\89e377e994c972504e8e4abbd6e8bce7.php 第 83 行.
NOTIC: [8] Undefined offset: 33 G:\wamp\www\waibao\Application\Runtime\Cache\Manager\89e377e994c972504e8e4abbd6e8bce7.php 第 83 行.
NOTIC: [8] Undefined offset: 34 G:\wamp\www\waibao\Application\Runtime\Cache\Manager\89e377e994c972504e8e4abbd6e8bce7.php 第 84 行.
NOTIC: [8] Undefined offset: 35 G:\wamp\www\waibao\Application\Runtime\Cache\Manager\89e377e994c972504e8e4abbd6e8bce7.php 第 84 行.
NOTIC: [8] Undefined offset: 36 G:\wamp\www\waibao\Application\Runtime\Cache\Manager\89e377e994c972504e8e4abbd6e8bce7.php 第 85 行.
NOTIC: [8] Undefined offset: 37 G:\wamp\www\waibao\Application\Runtime\Cache\Manager\89e377e994c972504e8e4abbd6e8bce7.php 第 85 行.
NOTIC: [8] Undefined offset: 11 G:\wamp\www\waibao\Application\Runtime\Cache\Manager\89e377e994c972504e8e4abbd6e8bce7.php 第 72 行.
NOTIC: [8] Undefined offset: 12 G:\wamp\www\waibao\Application\Runtime\Cache\Manager\89e377e994c972504e8e4abbd6e8bce7.php 第 73 行.
NOTIC: [8] Undefined offset: 13 G:\wamp\www\waibao\Application\Runtime\Cache\Manager\89e377e994c972504e8e4abbd6e8bce7.php 第 73 行.
NOTIC: [8] Undefined offset: 14 G:\wamp\www\waibao\Application\Runtime\Cache\Manager\89e377e994c972504e8e4abbd6e8bce7.php 第 74 行.
NOTIC: [8] Undefined offset: 15 G:\wamp\www\waibao\Application\Runtime\Cache\Manager\89e377e994c972504e8e4abbd6e8bce7.php 第 74 行.
NOTIC: [8] Undefined offset: 16 G:\wamp\www\waibao\Application\Runtime\Cache\Manager\89e377e994c972504e8e4abbd6e8bce7.php 第 75 行.
NOTIC: [8] Undefined offset: 17 G:\wamp\www\waibao\Application\Runtime\Cache\Manager\89e377e994c972504e8e4abbd6e8bce7.php 第 75 行.
NOTIC: [8] Undefined offset: 18 G:\wamp\www\waibao\Application\Runtime\Cache\Manager\89e377e994c972504e8e4abbd6e8bce7.php 第 76 行.
NOTIC: [8] Undefined offset: 19 G:\wamp\www\waibao\Application\Runtime\Cache\Manager\89e377e994c972504e8e4abbd6e8bce7.php 第 76 行.
NOTIC: [8] Undefined offset: 20 G:\wamp\www\waibao\Application\Runtime\Cache\Manager\89e377e994c972504e8e4abbd6e8bce7.php 第 77 行.
NOTIC: [8] Undefined offset: 21 G:\wamp\www\waibao\Application\Runtime\Cache\Manager\89e377e994c972504e8e4abbd6e8bce7.php 第 77 行.
NOTIC: [8] Undefined offset: 22 G:\wamp\www\waibao\Application\Runtime\Cache\Manager\89e377e994c972504e8e4abbd6e8bce7.php 第 78 行.
NOTIC: [8] Undefined offset: 23 G:\wamp\www\waibao\Application\Runtime\Cache\Manager\89e377e994c972504e8e4abbd6e8bce7.php 第 78 行.
NOTIC: [8] Undefined offset: 24 G:\wamp\www\waibao\Application\Runtime\Cache\Manager\89e377e994c972504e8e4abbd6e8bce7.php 第 79 行.
NOTIC: [8] Undefined offset: 25 G:\wamp\www\waibao\Application\Runtime\Cache\Manager\89e377e994c972504e8e4abbd6e8bce7.php 第 79 行.
NOTIC: [8] Undefined offset: 26 G:\wamp\www\waibao\Application\Runtime\Cache\Manager\89e377e994c972504e8e4abbd6e8bce7.php 第 80 行.
NOTIC: [8] Undefined offset: 27 G:\wamp\www\waibao\Application\Runtime\Cache\Manager\89e377e994c972504e8e4abbd6e8bce7.php 第 80 行.
NOTIC: [8] Undefined offset: 28 G:\wamp\www\waibao\Application\Runtime\Cache\Manager\89e377e994c972504e8e4abbd6e8bce7.php 第 81 行.
NOTIC: [8] Undefined offset: 29 G:\wamp\www\waibao\Application\Runtime\Cache\Manager\89e377e994c972504e8e4abbd6e8bce7.php 第 81 行.
NOTIC: [8] Undefined offset: 30 G:\wamp\www\waibao\Application\Runtime\Cache\Manager\89e377e994c972504e8e4abbd6e8bce7.php 第 82 行.
NOTIC: [8] Undefined offset: 31 G:\wamp\www\waibao\Application\Runtime\Cache\Manager\89e377e994c972504e8e4abbd6e8bce7.php 第 82 行.
NOTIC: [8] Undefined offset: 32 G:\wamp\www\waibao\Application\Runtime\Cache\Manager\89e377e994c972504e8e4abbd6e8bce7.php 第 83 行.
NOTIC: [8] Undefined offset: 33 G:\wamp\www\waibao\Application\Runtime\Cache\Manager\89e377e994c972504e8e4abbd6e8bce7.php 第 83 行.
NOTIC: [8] Undefined offset: 34 G:\wamp\www\waibao\Application\Runtime\Cache\Manager\89e377e994c972504e8e4abbd6e8bce7.php 第 84 行.
NOTIC: [8] Undefined offset: 35 G:\wamp\www\waibao\Application\Runtime\Cache\Manager\89e377e994c972504e8e4abbd6e8bce7.php 第 84 行.
NOTIC: [8] Undefined offset: 36 G:\wamp\www\waibao\Application\Runtime\Cache\Manager\89e377e994c972504e8e4abbd6e8bce7.php 第 85 行.
NOTIC: [8] Undefined offset: 37 G:\wamp\www\waibao\Application\Runtime\Cache\Manager\89e377e994c972504e8e4abbd6e8bce7.php 第 85 行.
NOTIC: [8] Undefined variable: pageShow G:\wamp\www\waibao\Application\Runtime\Cache\Manager\89e377e994c972504e8e4abbd6e8bce7.php 第 89 行.
INFO: Run Behavior\ParseTemplateBehavior [ RunTime:0.029002s ]
INFO: [ view_parse ] --END-- [ RunTime:0.029002s ]
INFO: [ view_filter ] --START--
INFO: Run Behavior\WriteHtmlCacheBehavior [ RunTime:0.001000s ]
INFO: [ view_filter ] --END-- [ RunTime:0.001000s ]
INFO: [ app_end ] --START--
INFO: Run Behavior\ShowPageTraceBehavior [ RunTime:0.001000s ]
INFO: [ app_end ] --END-- [ RunTime:0.001000s ]

