[ 2016-10-25T13:45:01+08:00 ] ::1 /waibao/index.php/Admin/account
INFO: [ app_init ] --START--
INFO: Run Behavior\BuildLiteBehavior [ RunTime:0.000044s ]
INFO: [ app_init ] --END-- [ RunTime:0.000506s ]
INFO: [ app_begin ] --START--
INFO: Run Behavior\ReadHtmlCacheBehavior [ RunTime:0.000507s ]
INFO: [ app_begin ] --END-- [ RunTime:0.000656s ]
INFO: [ view_parse ] --START--
INFO: [ template_filter ] --START--
INFO: Run Behavior\ContentReplaceBehavior [ RunTime:0.000088s ]
INFO: [ template_filter ] --END-- [ RunTime:0.000229s ]
NOTIC: [8] Undefined variable: navbarColor D:\wamp64\www\waibao\Application\Runtime\Cache\Admin\c4921982ccba1d7effaada457f8c4abd.php 第 24 行.
NOTIC: [8] Undefined variable: navbarColor D:\wamp64\www\waibao\Application\Runtime\Cache\Admin\c4921982ccba1d7effaada457f8c4abd.php 第 25 行.
NOTIC: [8] Undefined variable: navbarColor D:\wamp64\www\waibao\Application\Runtime\Cache\Admin\c4921982ccba1d7effaada457f8c4abd.php 第 26 行.
NOTIC: [8] Undefined variable: navbarColor D:\wamp64\www\waibao\Application\Runtime\Cache\Admin\c4921982ccba1d7effaada457f8c4abd.php 第 27 行.
NOTIC: [8] Undefined variable: navbarColor D:\wamp64\www\waibao\Application\Runtime\Cache\Admin\c4921982ccba1d7effaada457f8c4abd.php 第 28 行.
NOTIC: [8] Undefined variable: navbarColor D:\wamp64\www\waibao\Application\Runtime\Cache\Admin\c4921982ccba1d7effaada457f8c4abd.php 第 29 行.
INFO: Run Behavior\ParseTemplateBehavior [ RunTime:0.067206s ]
INFO: [ view_parse ] --END-- [ RunTime:0.067404s ]
INFO: [ view_filter ] --START--
INFO: Run Behavior\WriteHtmlCacheBehavior [ RunTime:0.000394s ]
INFO: [ view_filter ] --END-- [ RunTime:0.000519s ]
INFO: [ app_end ] --START--
INFO: Run Behavior\ShowPageTraceBehavior [ RunTime:0.000480s ]
INFO: [ app_end ] --END-- [ RunTime:0.000608s ]

[ 2016-10-25T13:52:55+08:00 ] ::1 /waibao/index.php/Admin/account
INFO: [ app_init ] --START--
INFO: Run Behavior\BuildLiteBehavior [ RunTime:0.000028s ]
INFO: [ app_init ] --END-- [ RunTime:0.000481s ]
INFO: [ app_begin ] --START--
INFO: Run Behavior\ReadHtmlCacheBehavior [ RunTime:0.000551s ]
INFO: [ app_begin ] --END-- [ RunTime:0.000689s ]
INFO: [ view_parse ] --START--
INFO: [ template_filter ] --START--
INFO: Run Behavior\ContentReplaceBehavior [ RunTime:0.000088s ]
INFO: [ template_filter ] --END-- [ RunTime:0.000230s ]
NOTIC: [8] Undefined variable: navbarColor D:\wamp64\www\waibao\Application\Runtime\Cache\Admin\c4921982ccba1d7effaada457f8c4abd.php 第 24 行.
NOTIC: [8] Undefined variable: navbarColor D:\wamp64\www\waibao\Application\Runtime\Cache\Admin\c4921982ccba1d7effaada457f8c4abd.php 第 25 行.
NOTIC: [8] Undefined variable: navbarColor D:\wamp64\www\waibao\Application\Runtime\Cache\Admin\c4921982ccba1d7effaada457f8c4abd.php 第 26 行.
NOTIC: [8] Undefined variable: navbarColor D:\wamp64\www\waibao\Application\Runtime\Cache\Admin\c4921982ccba1d7effaada457f8c4abd.php 第 27 行.
NOTIC: [8] Undefined variable: navbarColor D:\wamp64\www\waibao\Application\Runtime\Cache\Admin\c4921982ccba1d7effaada457f8c4abd.php 第 28 行.
NOTIC: [8] Undefined variable: navbarColor D:\wamp64\www\waibao\Application\Runtime\Cache\Admin\c4921982ccba1d7effaada457f8c4abd.php 第 29 行.
INFO: Run Behavior\ParseTemplateBehavior [ RunTime:0.018878s ]
INFO: [ view_parse ] --END-- [ RunTime:0.019036s ]
INFO: [ view_filter ] --START--
INFO: Run Behavior\WriteHtmlCacheBehavior [ RunTime:0.000436s ]
INFO: [ view_filter ] --END-- [ RunTime:0.000562s ]
INFO: [ app_end ] --START--
INFO: Run Behavior\ShowPageTraceBehavior [ RunTime:0.000545s ]
INFO: [ app_end ] --END-- [ RunTime:0.000673s ]

[ 2016-10-25T13:57:41+08:00 ] ::1 /waibao/index.php/Admin/Account/login.html
INFO: [ app_init ] --START--
INFO: Run Behavior\BuildLiteBehavior [ RunTime:0.000041s ]
INFO: [ app_init ] --END-- [ RunTime:0.000660s ]
INFO: [ app_begin ] --START--
INFO: Run Behavior\ReadHtmlCacheBehavior [ RunTime:0.000563s ]
INFO: [ app_begin ] --END-- [ RunTime:0.000705s ]
SQL: SHOW COLUMNS FROM `admin` [ RunTime:0.0064s ]
SQL: SELECT * FROM `admin` WHERE `username` = 'xuyuanfan1' AND `password` = '123' LIMIT 1   [ RunTime:0.0003s ]

[ 2016-10-25T13:57:41+08:00 ] ::1 /waibao/index.php/Admin/Carousel/index.html
INFO: [ app_init ] --START--
INFO: Run Behavior\BuildLiteBehavior [ RunTime:0.000032s ]
INFO: [ app_init ] --END-- [ RunTime:0.000481s ]
INFO: [ app_begin ] --START--
INFO: Run Behavior\ReadHtmlCacheBehavior [ RunTime:0.000504s ]
INFO: [ app_begin ] --END-- [ RunTime:0.000659s ]

[ 2016-10-25T13:59:01+08:00 ] ::1 /waibao/index.php/Admin/Carousel/index.html
INFO: [ app_init ] --START--
INFO: Run Behavior\BuildLiteBehavior [ RunTime:0.000061s ]
INFO: [ app_init ] --END-- [ RunTime:0.000790s ]
INFO: [ app_begin ] --START--
INFO: Run Behavior\ReadHtmlCacheBehavior [ RunTime:0.000726s ]
INFO: [ app_begin ] --END-- [ RunTime:0.000937s ]

[ 2016-10-25T13:59:02+08:00 ] ::1 /waibao/index.php/Admin/Carousel/index.html
INFO: [ app_init ] --START--
INFO: Run Behavior\BuildLiteBehavior [ RunTime:0.000036s ]
INFO: [ app_init ] --END-- [ RunTime:0.000450s ]
INFO: [ app_begin ] --START--
INFO: Run Behavior\ReadHtmlCacheBehavior [ RunTime:0.000472s ]
INFO: [ app_begin ] --END-- [ RunTime:0.000613s ]

[ 2016-10-25T13:59:05+08:00 ] ::1 /waibao/index.php/Admin/Account/login.html
INFO: [ app_init ] --START--
INFO: Run Behavior\BuildLiteBehavior [ RunTime:0.000030s ]
INFO: [ app_init ] --END-- [ RunTime:0.000450s ]
INFO: [ app_begin ] --START--
INFO: Run Behavior\ReadHtmlCacheBehavior [ RunTime:0.000465s ]
INFO: [ app_begin ] --END-- [ RunTime:0.000603s ]
SQL: SHOW COLUMNS FROM `admin` [ RunTime:0.0009s ]
SQL: SELECT * FROM `admin` WHERE `username` = 'xuyuanfan1' AND `password` = '123' LIMIT 1   [ RunTime:0.0003s ]

[ 2016-10-25T13:59:05+08:00 ] ::1 /waibao/index.php/Admin/Carousel/index.html
INFO: [ app_init ] --START--
INFO: Run Behavior\BuildLiteBehavior [ RunTime:0.000028s ]
INFO: [ app_init ] --END-- [ RunTime:0.000446s ]
INFO: [ app_begin ] --START--
INFO: Run Behavior\ReadHtmlCacheBehavior [ RunTime:0.000650s ]
INFO: [ app_begin ] --END-- [ RunTime:0.000851s ]

[ 2016-10-25T13:59:31+08:00 ] ::1 /waibao/index.php/Admin/Carousel/index.html
INFO: [ app_init ] --START--
INFO: Run Behavior\BuildLiteBehavior [ RunTime:0.000031s ]
INFO: [ app_init ] --END-- [ RunTime:0.000464s ]
INFO: [ app_begin ] --START--
INFO: Run Behavior\ReadHtmlCacheBehavior [ RunTime:0.000672s ]
INFO: [ app_begin ] --END-- [ RunTime:0.000966s ]

[ 2016-10-25T13:59:32+08:00 ] ::1 /waibao/index.php/Admin/Carousel/index.html
INFO: [ app_init ] --START--
INFO: Run Behavior\BuildLiteBehavior [ RunTime:0.000031s ]
INFO: [ app_init ] --END-- [ RunTime:0.000478s ]
INFO: [ app_begin ] --START--
INFO: Run Behavior\ReadHtmlCacheBehavior [ RunTime:0.000584s ]
INFO: [ app_begin ] --END-- [ RunTime:0.000785s ]

[ 2016-10-25T13:59:34+08:00 ] ::1 /waibao/index.php/Admin/Account/login.html
INFO: [ app_init ] --START--
INFO: Run Behavior\BuildLiteBehavior [ RunTime:0.000031s ]
INFO: [ app_init ] --END-- [ RunTime:0.000480s ]
INFO: [ app_begin ] --START--
INFO: Run Behavior\ReadHtmlCacheBehavior [ RunTime:0.000509s ]
INFO: [ app_begin ] --END-- [ RunTime:0.000687s ]
SQL: SHOW COLUMNS FROM `admin` [ RunTime:0.0011s ]
SQL: SELECT * FROM `admin` WHERE `username` = 'xuyuanfan1' AND `password` = '123' LIMIT 1   [ RunTime:0.0004s ]

[ 2016-10-25T13:59:34+08:00 ] ::1 /waibao/index.php/Admin/Carousel/index.html
INFO: [ app_init ] --START--
INFO: Run Behavior\BuildLiteBehavior [ RunTime:0.000030s ]
INFO: [ app_init ] --END-- [ RunTime:0.000494s ]
INFO: [ app_begin ] --START--
INFO: Run Behavior\ReadHtmlCacheBehavior [ RunTime:0.000522s ]
INFO: [ app_begin ] --END-- [ RunTime:0.000678s ]

[ 2016-10-25T14:00:30+08:00 ] ::1 /waibao/index.php/Admin/Carousel/index.html
INFO: [ app_init ] --START--
INFO: Run Behavior\BuildLiteBehavior [ RunTime:0.000029s ]
INFO: [ app_init ] --END-- [ RunTime:0.000462s ]
INFO: [ app_begin ] --START--
INFO: Run Behavior\ReadHtmlCacheBehavior [ RunTime:0.000470s ]
INFO: [ app_begin ] --END-- [ RunTime:0.000615s ]

[ 2016-10-25T14:00:31+08:00 ] ::1 /waibao/index.php/Admin/Carousel/index.html
INFO: [ app_init ] --START--
INFO: Run Behavior\BuildLiteBehavior [ RunTime:0.000029s ]
INFO: [ app_init ] --END-- [ RunTime:0.000456s ]
INFO: [ app_begin ] --START--
INFO: Run Behavior\ReadHtmlCacheBehavior [ RunTime:0.000485s ]
INFO: [ app_begin ] --END-- [ RunTime:0.000622s ]

[ 2016-10-25T14:00:35+08:00 ] ::1 /waibao/index.php/Admin/Account/login.html
INFO: [ app_init ] --START--
INFO: Run Behavior\BuildLiteBehavior [ RunTime:0.000028s ]
INFO: [ app_init ] --END-- [ RunTime:0.000440s ]
INFO: [ app_begin ] --START--
INFO: Run Behavior\ReadHtmlCacheBehavior [ RunTime:0.000465s ]
INFO: [ app_begin ] --END-- [ RunTime:0.000599s ]
SQL: SHOW COLUMNS FROM `admin` [ RunTime:0.0008s ]
SQL: SELECT * FROM `admin` WHERE `username` = 'xuyuanfan1' AND `password` = '123' LIMIT 1   [ RunTime:0.0003s ]

[ 2016-10-25T14:00:36+08:00 ] ::1 /waibao/index.php/Admin/Carousel/index.html
INFO: [ app_init ] --START--
INFO: Run Behavior\BuildLiteBehavior [ RunTime:0.000033s ]
INFO: [ app_init ] --END-- [ RunTime:0.000508s ]
INFO: [ app_begin ] --START--
INFO: Run Behavior\ReadHtmlCacheBehavior [ RunTime:0.000525s ]
INFO: [ app_begin ] --END-- [ RunTime:0.000680s ]

[ 2016-10-25T14:06:06+08:00 ] ::1 /waibao/index.php/Admin/Account/login.html
INFO: [ app_init ] --START--
INFO: Run Behavior\BuildLiteBehavior [ RunTime:0.000028s ]
INFO: [ app_init ] --END-- [ RunTime:0.000481s ]
INFO: [ app_begin ] --START--
INFO: Run Behavior\ReadHtmlCacheBehavior [ RunTime:0.000565s ]
INFO: [ app_begin ] --END-- [ RunTime:0.000713s ]
SQL: SHOW COLUMNS FROM `admin` [ RunTime:0.0008s ]
SQL: SELECT * FROM `admin` WHERE `username` = 'xuyuanfan1' AND `password` = '123' LIMIT 1   [ RunTime:0.0003s ]

[ 2016-10-25T14:06:06+08:00 ] ::1 /waibao/index.php/Admin/Collect/index.html
INFO: [ app_init ] --START--
INFO: Run Behavior\BuildLiteBehavior [ RunTime:0.000030s ]
INFO: [ app_init ] --END-- [ RunTime:0.000505s ]
INFO: [ app_begin ] --START--
INFO: Run Behavior\ReadHtmlCacheBehavior [ RunTime:0.000616s ]
INFO: [ app_begin ] --END-- [ RunTime:0.000765s ]
NOTIC: [8] Undefined index: p D:\wamp64\www\waibao\Application\Admin\Controller\CollectController.class.php 第 9 行.
ERR: 1146:Table 'waibao.carouselfigure' doesn't exist
 [ SQL语句 ] : SHOW COLUMNS FROM `carouselfigure`
ERR: 1146:Table 'waibao.carouselfigure' doesn't exist
 [ SQL语句 ] : SHOW COLUMNS FROM `carouselfigure`

[ 2016-10-25T14:08:02+08:00 ] ::1 /waibao/index.php/Admin/Account/login.html
INFO: [ app_init ] --START--
INFO: Run Behavior\BuildLiteBehavior [ RunTime:0.000029s ]
INFO: [ app_init ] --END-- [ RunTime:0.000492s ]
INFO: [ app_begin ] --START--
INFO: Run Behavior\ReadHtmlCacheBehavior [ RunTime:0.000457s ]
INFO: [ app_begin ] --END-- [ RunTime:0.000606s ]
SQL: SHOW COLUMNS FROM `admin` [ RunTime:0.0009s ]
SQL: SELECT * FROM `admin` WHERE `username` = 'xuyuanfan1' AND `password` = '123' LIMIT 1   [ RunTime:0.0003s ]

[ 2016-10-25T14:08:02+08:00 ] ::1 /waibao/index.php/Admin/Collect/index.html
INFO: [ app_init ] --START--
INFO: Run Behavior\BuildLiteBehavior [ RunTime:0.000030s ]
INFO: [ app_init ] --END-- [ RunTime:0.000462s ]
INFO: [ app_begin ] --START--
INFO: Run Behavior\ReadHtmlCacheBehavior [ RunTime:0.000556s ]
INFO: [ app_begin ] --END-- [ RunTime:0.000759s ]
NOTIC: [8] Undefined index: p D:\wamp64\www\waibao\Application\Admin\Controller\CollectController.class.php 第 9 行.
NOTIC: [8] Undefined variable: Collect D:\wamp64\www\waibao\Application\Admin\Controller\CollectController.class.php 第 18 行.

[ 2016-10-25T14:08:17+08:00 ] ::1 /waibao/index.php/Admin/Account/login.html
INFO: [ app_init ] --START--
INFO: Run Behavior\BuildLiteBehavior [ RunTime:0.000029s ]
INFO: [ app_init ] --END-- [ RunTime:0.000487s ]
INFO: [ app_begin ] --START--
INFO: Run Behavior\ReadHtmlCacheBehavior [ RunTime:0.000543s ]
INFO: [ app_begin ] --END-- [ RunTime:0.000766s ]
SQL: SHOW COLUMNS FROM `admin` [ RunTime:0.0009s ]
SQL: SELECT * FROM `admin` WHERE `username` = 'xuyuanfan1' AND `password` = '123' LIMIT 1   [ RunTime:0.0003s ]

[ 2016-10-25T14:08:17+08:00 ] ::1 /waibao/index.php/Admin/Collect/index.html
INFO: [ app_init ] --START--
INFO: Run Behavior\BuildLiteBehavior [ RunTime:0.000032s ]
INFO: [ app_init ] --END-- [ RunTime:0.000473s ]
INFO: [ app_begin ] --START--
INFO: Run Behavior\ReadHtmlCacheBehavior [ RunTime:0.000570s ]
INFO: [ app_begin ] --END-- [ RunTime:0.000722s ]
NOTIC: [8] Undefined index: p D:\wamp64\www\waibao\Application\Admin\Controller\CollectController.class.php 第 9 行.
INFO: [ view_parse ] --START--
INFO: [ template_filter ] --START--
INFO: Run Behavior\ContentReplaceBehavior [ RunTime:0.000093s ]
INFO: [ template_filter ] --END-- [ RunTime:0.000245s ]
NOTIC: [8] Undefined variable: carouselData D:\wamp64\www\waibao\Application\Runtime\Cache\Admin\f3d7d429c2e299c0c91f455ba20ba5cc.php 第 53 行.
NOTIC: [8] Undefined variable: pageShow D:\wamp64\www\waibao\Application\Runtime\Cache\Admin\f3d7d429c2e299c0c91f455ba20ba5cc.php 第 66 行.
INFO: Run Behavior\ParseTemplateBehavior [ RunTime:0.057327s ]
INFO: [ view_parse ] --END-- [ RunTime:0.057464s ]
INFO: [ view_filter ] --START--
INFO: Run Behavior\WriteHtmlCacheBehavior [ RunTime:0.000290s ]
INFO: [ view_filter ] --END-- [ RunTime:0.000547s ]
INFO: [ app_end ] --START--
INFO: Run Behavior\ShowPageTraceBehavior [ RunTime:0.000987s ]
INFO: [ app_end ] --END-- [ RunTime:0.001173s ]

[ 2016-10-25T14:08:54+08:00 ] ::1 /waibao/index.php/Admin/Account/logout.html
INFO: [ app_init ] --START--
INFO: Run Behavior\BuildLiteBehavior [ RunTime:0.000031s ]
INFO: [ app_init ] --END-- [ RunTime:0.000529s ]
INFO: [ app_begin ] --START--
INFO: Run Behavior\ReadHtmlCacheBehavior [ RunTime:0.000756s ]
INFO: [ app_begin ] --END-- [ RunTime:0.000949s ]

[ 2016-10-25T14:08:54+08:00 ] ::1 /waibao/index.php/Admin/Account/index.html
INFO: [ app_init ] --START--
INFO: Run Behavior\BuildLiteBehavior [ RunTime:0.000030s ]
INFO: [ app_init ] --END-- [ RunTime:0.000444s ]
INFO: [ app_begin ] --START--
INFO: Run Behavior\ReadHtmlCacheBehavior [ RunTime:0.000779s ]
INFO: [ app_begin ] --END-- [ RunTime:0.001024s ]
INFO: [ view_parse ] --START--
INFO: [ template_filter ] --START--
INFO: Run Behavior\ContentReplaceBehavior [ RunTime:0.000095s ]
INFO: [ template_filter ] --END-- [ RunTime:0.000252s ]
NOTIC: [8] Undefined variable: navbarColor D:\wamp64\www\waibao\Application\Runtime\Cache\Admin\c4921982ccba1d7effaada457f8c4abd.php 第 24 行.
NOTIC: [8] Undefined variable: navbarColor D:\wamp64\www\waibao\Application\Runtime\Cache\Admin\c4921982ccba1d7effaada457f8c4abd.php 第 25 行.
NOTIC: [8] Undefined variable: navbarColor D:\wamp64\www\waibao\Application\Runtime\Cache\Admin\c4921982ccba1d7effaada457f8c4abd.php 第 26 行.
NOTIC: [8] Undefined variable: navbarColor D:\wamp64\www\waibao\Application\Runtime\Cache\Admin\c4921982ccba1d7effaada457f8c4abd.php 第 27 行.
NOTIC: [8] Undefined variable: navbarColor D:\wamp64\www\waibao\Application\Runtime\Cache\Admin\c4921982ccba1d7effaada457f8c4abd.php 第 28 行.
NOTIC: [8] Undefined variable: navbarColor D:\wamp64\www\waibao\Application\Runtime\Cache\Admin\c4921982ccba1d7effaada457f8c4abd.php 第 29 行.
INFO: Run Behavior\ParseTemplateBehavior [ RunTime:0.017285s ]
INFO: [ view_parse ] --END-- [ RunTime:0.017430s ]
INFO: [ view_filter ] --START--
INFO: Run Behavior\WriteHtmlCacheBehavior [ RunTime:0.000402s ]
INFO: [ view_filter ] --END-- [ RunTime:0.000538s ]
INFO: [ app_end ] --START--
INFO: Run Behavior\ShowPageTraceBehavior [ RunTime:0.000544s ]
INFO: [ app_end ] --END-- [ RunTime:0.000672s ]

[ 2016-10-25T14:08:59+08:00 ] ::1 /waibao/index.php/Admin/Account/login.html
INFO: [ app_init ] --START--
INFO: Run Behavior\BuildLiteBehavior [ RunTime:0.000046s ]
INFO: [ app_init ] --END-- [ RunTime:0.000570s ]
INFO: [ app_begin ] --START--
INFO: Run Behavior\ReadHtmlCacheBehavior [ RunTime:0.000586s ]
INFO: [ app_begin ] --END-- [ RunTime:0.000794s ]
SQL: SHOW COLUMNS FROM `admin` [ RunTime:0.0008s ]
SQL: SELECT * FROM `admin` WHERE `username` = 'xuyuanfan2' AND `password` = '123' LIMIT 1   [ RunTime:0.0003s ]

[ 2016-10-25T14:08:59+08:00 ] ::1 /waibao/index.php/Admin/Account/index.html
INFO: [ app_init ] --START--
INFO: Run Behavior\BuildLiteBehavior [ RunTime:0.000031s ]
INFO: [ app_init ] --END-- [ RunTime:0.000526s ]
INFO: [ app_begin ] --START--
INFO: Run Behavior\ReadHtmlCacheBehavior [ RunTime:0.000486s ]
INFO: [ app_begin ] --END-- [ RunTime:0.000625s ]
INFO: [ view_parse ] --START--
INFO: [ template_filter ] --START--
INFO: Run Behavior\ContentReplaceBehavior [ RunTime:0.000089s ]
INFO: [ template_filter ] --END-- [ RunTime:0.000239s ]
NOTIC: [8] Undefined variable: navbarColor D:\wamp64\www\waibao\Application\Runtime\Cache\Admin\c4921982ccba1d7effaada457f8c4abd.php 第 24 行.
NOTIC: [8] Undefined variable: navbarColor D:\wamp64\www\waibao\Application\Runtime\Cache\Admin\c4921982ccba1d7effaada457f8c4abd.php 第 25 行.
NOTIC: [8] Undefined variable: navbarColor D:\wamp64\www\waibao\Application\Runtime\Cache\Admin\c4921982ccba1d7effaada457f8c4abd.php 第 26 行.
NOTIC: [8] Undefined variable: navbarColor D:\wamp64\www\waibao\Application\Runtime\Cache\Admin\c4921982ccba1d7effaada457f8c4abd.php 第 27 行.
NOTIC: [8] Undefined variable: navbarColor D:\wamp64\www\waibao\Application\Runtime\Cache\Admin\c4921982ccba1d7effaada457f8c4abd.php 第 28 行.
NOTIC: [8] Undefined variable: navbarColor D:\wamp64\www\waibao\Application\Runtime\Cache\Admin\c4921982ccba1d7effaada457f8c4abd.php 第 29 行.
INFO: Run Behavior\ParseTemplateBehavior [ RunTime:0.010311s ]
INFO: [ view_parse ] --END-- [ RunTime:0.010448s ]
INFO: [ view_filter ] --START--
INFO: Run Behavior\WriteHtmlCacheBehavior [ RunTime:0.000270s ]
INFO: [ view_filter ] --END-- [ RunTime:0.000399s ]
INFO: [ app_end ] --START--
INFO: Run Behavior\ShowPageTraceBehavior [ RunTime:0.000472s ]
INFO: [ app_end ] --END-- [ RunTime:0.000599s ]

[ 2016-10-25T14:09:04+08:00 ] ::1 /waibao/index.php/Admin/Account/login.html
INFO: [ app_init ] --START--
INFO: Run Behavior\BuildLiteBehavior [ RunTime:0.000031s ]
INFO: [ app_init ] --END-- [ RunTime:0.000509s ]
INFO: [ app_begin ] --START--
INFO: Run Behavior\ReadHtmlCacheBehavior [ RunTime:0.000453s ]
INFO: [ app_begin ] --END-- [ RunTime:0.000591s ]
SQL: SHOW COLUMNS FROM `admin` [ RunTime:0.0008s ]
SQL: SELECT * FROM `admin` WHERE `username` = 'xuyuanfan1' AND `password` = '123' LIMIT 1   [ RunTime:0.0003s ]

[ 2016-10-25T14:09:04+08:00 ] ::1 /waibao/index.php/Admin/Collect/index.html
INFO: [ app_init ] --START--
INFO: Run Behavior\BuildLiteBehavior [ RunTime:0.000032s ]
INFO: [ app_init ] --END-- [ RunTime:0.000468s ]
INFO: [ app_begin ] --START--
INFO: Run Behavior\ReadHtmlCacheBehavior [ RunTime:0.000471s ]
INFO: [ app_begin ] --END-- [ RunTime:0.000623s ]
NOTIC: [8] Undefined index: p D:\wamp64\www\waibao\Application\Admin\Controller\CollectController.class.php 第 9 行.
INFO: [ view_parse ] --START--
INFO: [ template_filter ] --START--
INFO: Run Behavior\ContentReplaceBehavior [ RunTime:0.000097s ]
INFO: [ template_filter ] --END-- [ RunTime:0.000249s ]
NOTIC: [8] Undefined variable: carouselData D:\wamp64\www\waibao\Application\Runtime\Cache\Admin\f3d7d429c2e299c0c91f455ba20ba5cc.php 第 53 行.
NOTIC: [8] Undefined variable: pageShow D:\wamp64\www\waibao\Application\Runtime\Cache\Admin\f3d7d429c2e299c0c91f455ba20ba5cc.php 第 66 行.
INFO: Run Behavior\ParseTemplateBehavior [ RunTime:0.013117s ]
INFO: [ view_parse ] --END-- [ RunTime:0.013254s ]
INFO: [ view_filter ] --START--
INFO: Run Behavior\WriteHtmlCacheBehavior [ RunTime:0.000414s ]
INFO: [ view_filter ] --END-- [ RunTime:0.000553s ]
INFO: [ app_end ] --START--
INFO: Run Behavior\ShowPageTraceBehavior [ RunTime:0.000526s ]
INFO: [ app_end ] --END-- [ RunTime:0.000656s ]

[ 2016-10-25T14:09:07+08:00 ] ::1 /waibao/index.php/Admin/Account/logout.html
INFO: [ app_init ] --START--
INFO: Run Behavior\BuildLiteBehavior [ RunTime:0.000054s ]
INFO: [ app_init ] --END-- [ RunTime:0.000747s ]
INFO: [ app_begin ] --START--
INFO: Run Behavior\ReadHtmlCacheBehavior [ RunTime:0.000487s ]
INFO: [ app_begin ] --END-- [ RunTime:0.000639s ]

[ 2016-10-25T14:09:07+08:00 ] ::1 /waibao/index.php/Admin/Account/index.html
INFO: [ app_init ] --START--
INFO: Run Behavior\BuildLiteBehavior [ RunTime:0.000029s ]
INFO: [ app_init ] --END-- [ RunTime:0.000446s ]
INFO: [ app_begin ] --START--
INFO: Run Behavior\ReadHtmlCacheBehavior [ RunTime:0.000700s ]
INFO: [ app_begin ] --END-- [ RunTime:0.001038s ]
INFO: [ view_parse ] --START--
INFO: [ template_filter ] --START--
INFO: Run Behavior\ContentReplaceBehavior [ RunTime:0.000088s ]
INFO: [ template_filter ] --END-- [ RunTime:0.000233s ]
NOTIC: [8] Undefined variable: navbarColor D:\wamp64\www\waibao\Application\Runtime\Cache\Admin\c4921982ccba1d7effaada457f8c4abd.php 第 24 行.
NOTIC: [8] Undefined variable: navbarColor D:\wamp64\www\waibao\Application\Runtime\Cache\Admin\c4921982ccba1d7effaada457f8c4abd.php 第 25 行.
NOTIC: [8] Undefined variable: navbarColor D:\wamp64\www\waibao\Application\Runtime\Cache\Admin\c4921982ccba1d7effaada457f8c4abd.php 第 26 行.
NOTIC: [8] Undefined variable: navbarColor D:\wamp64\www\waibao\Application\Runtime\Cache\Admin\c4921982ccba1d7effaada457f8c4abd.php 第 27 行.
NOTIC: [8] Undefined variable: navbarColor D:\wamp64\www\waibao\Application\Runtime\Cache\Admin\c4921982ccba1d7effaada457f8c4abd.php 第 28 行.
NOTIC: [8] Undefined variable: navbarColor D:\wamp64\www\waibao\Application\Runtime\Cache\Admin\c4921982ccba1d7effaada457f8c4abd.php 第 29 行.
INFO: Run Behavior\ParseTemplateBehavior [ RunTime:0.008722s ]
INFO: [ view_parse ] --END-- [ RunTime:0.008872s ]
INFO: [ view_filter ] --START--
INFO: Run Behavior\WriteHtmlCacheBehavior [ RunTime:0.000272s ]
INFO: [ view_filter ] --END-- [ RunTime:0.000391s ]
INFO: [ app_end ] --START--
INFO: Run Behavior\ShowPageTraceBehavior [ RunTime:0.000507s ]
INFO: [ app_end ] --END-- [ RunTime:0.000655s ]

[ 2016-10-25T14:09:12+08:00 ] ::1 /waibao/index.php/Admin/Account/login.html
INFO: [ app_init ] --START--
INFO: Run Behavior\BuildLiteBehavior [ RunTime:0.000032s ]
INFO: [ app_init ] --END-- [ RunTime:0.000476s ]
INFO: [ app_begin ] --START--
INFO: Run Behavior\ReadHtmlCacheBehavior [ RunTime:0.000939s ]
INFO: [ app_begin ] --END-- [ RunTime:0.001226s ]
SQL: SHOW COLUMNS FROM `admin` [ RunTime:0.0007s ]
SQL: SELECT * FROM `admin` WHERE `username` = 'xuyuanfan2' AND `password` = '123' LIMIT 1   [ RunTime:0.0003s ]

[ 2016-10-25T14:09:12+08:00 ] ::1 /waibao/index.php/Admin/Account/index.html
INFO: [ app_init ] --START--
INFO: Run Behavior\BuildLiteBehavior [ RunTime:0.000031s ]
INFO: [ app_init ] --END-- [ RunTime:0.000463s ]
INFO: [ app_begin ] --START--
INFO: Run Behavior\ReadHtmlCacheBehavior [ RunTime:0.000463s ]
INFO: [ app_begin ] --END-- [ RunTime:0.000600s ]
INFO: [ view_parse ] --START--
INFO: [ template_filter ] --START--
INFO: Run Behavior\ContentReplaceBehavior [ RunTime:0.000092s ]
INFO: [ template_filter ] --END-- [ RunTime:0.000240s ]
NOTIC: [8] Undefined variable: navbarColor D:\wamp64\www\waibao\Application\Runtime\Cache\Admin\c4921982ccba1d7effaada457f8c4abd.php 第 24 行.
NOTIC: [8] Undefined variable: navbarColor D:\wamp64\www\waibao\Application\Runtime\Cache\Admin\c4921982ccba1d7effaada457f8c4abd.php 第 25 行.
NOTIC: [8] Undefined variable: navbarColor D:\wamp64\www\waibao\Application\Runtime\Cache\Admin\c4921982ccba1d7effaada457f8c4abd.php 第 26 行.
NOTIC: [8] Undefined variable: navbarColor D:\wamp64\www\waibao\Application\Runtime\Cache\Admin\c4921982ccba1d7effaada457f8c4abd.php 第 27 行.
NOTIC: [8] Undefined variable: navbarColor D:\wamp64\www\waibao\Application\Runtime\Cache\Admin\c4921982ccba1d7effaada457f8c4abd.php 第 28 行.
NOTIC: [8] Undefined variable: navbarColor D:\wamp64\www\waibao\Application\Runtime\Cache\Admin\c4921982ccba1d7effaada457f8c4abd.php 第 29 行.
INFO: Run Behavior\ParseTemplateBehavior [ RunTime:0.010404s ]
INFO: [ view_parse ] --END-- [ RunTime:0.010612s ]
INFO: [ view_filter ] --START--
INFO: Run Behavior\WriteHtmlCacheBehavior [ RunTime:0.000462s ]
INFO: [ view_filter ] --END-- [ RunTime:0.000690s ]
INFO: [ app_end ] --START--
INFO: Run Behavior\ShowPageTraceBehavior [ RunTime:0.000634s ]
INFO: [ app_end ] --END-- [ RunTime:0.000812s ]

[ 2016-10-25T14:09:15+08:00 ] ::1 /waibao/index.php/Admin/Account/login.html
INFO: [ app_init ] --START--
INFO: Run Behavior\BuildLiteBehavior [ RunTime:0.000030s ]
INFO: [ app_init ] --END-- [ RunTime:0.000455s ]
INFO: [ app_begin ] --START--
INFO: Run Behavior\ReadHtmlCacheBehavior [ RunTime:0.000591s ]
INFO: [ app_begin ] --END-- [ RunTime:0.000769s ]
SQL: SHOW COLUMNS FROM `admin` [ RunTime:0.0009s ]
SQL: SELECT * FROM `admin` WHERE `username` = 'xuyuanfan1' AND `password` = '123' LIMIT 1   [ RunTime:0.0003s ]

[ 2016-10-25T14:09:15+08:00 ] ::1 /waibao/index.php/Admin/Collect/index.html
INFO: [ app_init ] --START--
INFO: Run Behavior\BuildLiteBehavior [ RunTime:0.000031s ]
INFO: [ app_init ] --END-- [ RunTime:0.000466s ]
INFO: [ app_begin ] --START--
INFO: Run Behavior\ReadHtmlCacheBehavior [ RunTime:0.000467s ]
INFO: [ app_begin ] --END-- [ RunTime:0.000605s ]
NOTIC: [8] Undefined index: p D:\wamp64\www\waibao\Application\Admin\Controller\CollectController.class.php 第 9 行.
INFO: [ view_parse ] --START--
INFO: [ template_filter ] --START--
INFO: Run Behavior\ContentReplaceBehavior [ RunTime:0.000095s ]
INFO: [ template_filter ] --END-- [ RunTime:0.000250s ]
NOTIC: [8] Undefined variable: carouselData D:\wamp64\www\waibao\Application\Runtime\Cache\Admin\f3d7d429c2e299c0c91f455ba20ba5cc.php 第 53 行.
NOTIC: [8] Undefined variable: pageShow D:\wamp64\www\waibao\Application\Runtime\Cache\Admin\f3d7d429c2e299c0c91f455ba20ba5cc.php 第 66 行.
INFO: Run Behavior\ParseTemplateBehavior [ RunTime:0.012774s ]
INFO: [ view_parse ] --END-- [ RunTime:0.012909s ]
INFO: [ view_filter ] --START--
INFO: Run Behavior\WriteHtmlCacheBehavior [ RunTime:0.000263s ]
INFO: [ view_filter ] --END-- [ RunTime:0.000386s ]
INFO: [ app_end ] --START--
INFO: Run Behavior\ShowPageTraceBehavior [ RunTime:0.000497s ]
INFO: [ app_end ] --END-- [ RunTime:0.000624s ]

[ 2016-10-25T14:12:36+08:00 ] ::1 /waibao/index.php/Admin/Collect/index.html
INFO: [ app_init ] --START--
INFO: Run Behavior\BuildLiteBehavior [ RunTime:0.000043s ]
INFO: [ app_init ] --END-- [ RunTime:0.000628s ]
INFO: [ app_begin ] --START--
INFO: Run Behavior\ReadHtmlCacheBehavior [ RunTime:0.000574s ]
INFO: [ app_begin ] --END-- [ RunTime:0.000719s ]
NOTIC: [8] Undefined index: p D:\wamp64\www\waibao\Application\Admin\Controller\CollectController.class.php 第 9 行.
INFO: [ view_parse ] --START--
INFO: [ template_filter ] --START--
INFO: Run Behavior\ContentReplaceBehavior [ RunTime:0.000105s ]
INFO: [ template_filter ] --END-- [ RunTime:0.000265s ]
NOTIC: [8] Undefined variable: carouselData D:\wamp64\www\waibao\Application\Runtime\Cache\Admin\f3d7d429c2e299c0c91f455ba20ba5cc.php 第 53 行.
NOTIC: [8] Undefined variable: pageShow D:\wamp64\www\waibao\Application\Runtime\Cache\Admin\f3d7d429c2e299c0c91f455ba20ba5cc.php 第 66 行.
INFO: Run Behavior\ParseTemplateBehavior [ RunTime:0.012884s ]
INFO: [ view_parse ] --END-- [ RunTime:0.013029s ]
INFO: [ view_filter ] --START--
INFO: Run Behavior\WriteHtmlCacheBehavior [ RunTime:0.000353s ]
INFO: [ view_filter ] --END-- [ RunTime:0.000476s ]
INFO: [ app_end ] --START--
INFO: Run Behavior\ShowPageTraceBehavior [ RunTime:0.000555s ]
INFO: [ app_end ] --END-- [ RunTime:0.000685s ]

[ 2016-10-25T14:12:37+08:00 ] ::1 /waibao/index.php/Admin/Collect/index.html
INFO: [ app_init ] --START--
INFO: Run Behavior\BuildLiteBehavior [ RunTime:0.000033s ]
INFO: [ app_init ] --END-- [ RunTime:0.000499s ]
INFO: [ app_begin ] --START--
INFO: Run Behavior\ReadHtmlCacheBehavior [ RunTime:0.000631s ]
INFO: [ app_begin ] --END-- [ RunTime:0.000860s ]
NOTIC: [8] Undefined index: p D:\wamp64\www\waibao\Application\Admin\Controller\CollectController.class.php 第 9 行.
INFO: [ view_parse ] --START--
INFO: [ template_filter ] --START--
INFO: Run Behavior\ContentReplaceBehavior [ RunTime:0.000094s ]
INFO: [ template_filter ] --END-- [ RunTime:0.000246s ]
NOTIC: [8] Undefined variable: carouselData D:\wamp64\www\waibao\Application\Runtime\Cache\Admin\f3d7d429c2e299c0c91f455ba20ba5cc.php 第 53 行.
NOTIC: [8] Undefined variable: pageShow D:\wamp64\www\waibao\Application\Runtime\Cache\Admin\f3d7d429c2e299c0c91f455ba20ba5cc.php 第 66 行.
INFO: Run Behavior\ParseTemplateBehavior [ RunTime:0.012254s ]
INFO: [ view_parse ] --END-- [ RunTime:0.012401s ]
INFO: [ view_filter ] --START--
INFO: Run Behavior\WriteHtmlCacheBehavior [ RunTime:0.000295s ]
INFO: [ view_filter ] --END-- [ RunTime:0.000426s ]
INFO: [ app_end ] --START--
INFO: Run Behavior\ShowPageTraceBehavior [ RunTime:0.000545s ]
INFO: [ app_end ] --END-- [ RunTime:0.000681s ]

[ 2016-10-25T14:12:38+08:00 ] ::1 /waibao/index.php/Admin/Collect/index.html
INFO: [ app_init ] --START--
INFO: Run Behavior\BuildLiteBehavior [ RunTime:0.000031s ]
INFO: [ app_init ] --END-- [ RunTime:0.000459s ]
INFO: [ app_begin ] --START--
INFO: Run Behavior\ReadHtmlCacheBehavior [ RunTime:0.000465s ]
INFO: [ app_begin ] --END-- [ RunTime:0.000613s ]
NOTIC: [8] Undefined index: p D:\wamp64\www\waibao\Application\Admin\Controller\CollectController.class.php 第 9 行.
INFO: [ view_parse ] --START--
INFO: [ template_filter ] --START--
INFO: Run Behavior\ContentReplaceBehavior [ RunTime:0.000092s ]
INFO: [ template_filter ] --END-- [ RunTime:0.000238s ]
NOTIC: [8] Undefined variable: carouselData D:\wamp64\www\waibao\Application\Runtime\Cache\Admin\f3d7d429c2e299c0c91f455ba20ba5cc.php 第 53 行.
NOTIC: [8] Undefined variable: pageShow D:\wamp64\www\waibao\Application\Runtime\Cache\Admin\f3d7d429c2e299c0c91f455ba20ba5cc.php 第 66 行.
INFO: Run Behavior\ParseTemplateBehavior [ RunTime:0.011854s ]
INFO: [ view_parse ] --END-- [ RunTime:0.012041s ]
INFO: [ view_filter ] --START--
INFO: Run Behavior\WriteHtmlCacheBehavior [ RunTime:0.000269s ]
INFO: [ view_filter ] --END-- [ RunTime:0.000398s ]
INFO: [ app_end ] --START--
INFO: Run Behavior\ShowPageTraceBehavior [ RunTime:0.000501s ]
INFO: [ app_end ] --END-- [ RunTime:0.000628s ]

[ 2016-10-25T14:16:10+08:00 ] ::1 /waibao/index.php/Admin/Category/index.html
INFO: [ app_init ] --START--
INFO: Run Behavior\BuildLiteBehavior [ RunTime:0.000030s ]
INFO: [ app_init ] --END-- [ RunTime:0.000497s ]
INFO: [ app_begin ] --START--
INFO: Run Behavior\ReadHtmlCacheBehavior [ RunTime:0.000575s ]
INFO: [ app_begin ] --END-- [ RunTime:0.000716s ]
ERR: 无法加载控制器:Category

[ 2016-10-25T14:18:03+08:00 ] ::1 /waibao/index.php/Admin/Category/index.html
INFO: [ app_init ] --START--
INFO: Run Behavior\BuildLiteBehavior [ RunTime:0.000030s ]
INFO: [ app_init ] --END-- [ RunTime:0.000471s ]
INFO: [ app_begin ] --START--
INFO: Run Behavior\ReadHtmlCacheBehavior [ RunTime:0.000465s ]
INFO: [ app_begin ] --END-- [ RunTime:0.000603s ]
ERR: 无法加载控制器:Category

[ 2016-10-25T14:18:04+08:00 ] ::1 /waibao/index.php/Admin/Category/index.html
INFO: [ app_init ] --START--
INFO: Run Behavior\BuildLiteBehavior [ RunTime:0.000031s ]
INFO: [ app_init ] --END-- [ RunTime:0.000470s ]
INFO: [ app_begin ] --START--
INFO: Run Behavior\ReadHtmlCacheBehavior [ RunTime:0.000483s ]
INFO: [ app_begin ] --END-- [ RunTime:0.000625s ]
ERR: 无法加载控制器:Category

[ 2016-10-25T14:18:29+08:00 ] ::1 /waibao/index.php/Admin/Category/index.html
INFO: [ app_init ] --START--
INFO: Run Behavior\BuildLiteBehavior [ RunTime:0.000030s ]
INFO: [ app_init ] --END-- [ RunTime:0.000485s ]
INFO: [ app_begin ] --START--
INFO: Run Behavior\ReadHtmlCacheBehavior [ RunTime:0.000580s ]
INFO: [ app_begin ] --END-- [ RunTime:0.000717s ]
ERR: 无法加载控制器:Category

[ 2016-10-25T14:20:44+08:00 ] ::1 /waibao/index.php/Admin/Account/login.html
INFO: [ app_init ] --START--
INFO: Run Behavior\BuildLiteBehavior [ RunTime:0.000029s ]
INFO: [ app_init ] --END-- [ RunTime:0.000490s ]
INFO: [ app_begin ] --START--
INFO: Run Behavior\ReadHtmlCacheBehavior [ RunTime:0.000547s ]
INFO: [ app_begin ] --END-- [ RunTime:0.000685s ]
SQL: SHOW COLUMNS FROM `admin` [ RunTime:0.0008s ]
SQL: SELECT * FROM `admin` WHERE `username` = 'xuyuanfan1' AND `password` = '123' LIMIT 1   [ RunTime:0.0003s ]

[ 2016-10-25T14:20:44+08:00 ] ::1 /waibao/index.php/Admin/Collect/index.html
INFO: [ app_init ] --START--
INFO: Run Behavior\BuildLiteBehavior [ RunTime:0.000028s ]
INFO: [ app_init ] --END-- [ RunTime:0.000494s ]
INFO: [ app_begin ] --START--
INFO: Run Behavior\ReadHtmlCacheBehavior [ RunTime:0.000562s ]
INFO: [ app_begin ] --END-- [ RunTime:0.000716s ]
NOTIC: [8] Undefined index: p D:\wamp64\www\waibao\Application\Admin\Controller\CollectController.class.php 第 9 行.
INFO: [ view_parse ] --START--
INFO: [ template_filter ] --START--
INFO: Run Behavior\ContentReplaceBehavior [ RunTime:0.000098s ]
INFO: [ template_filter ] --END-- [ RunTime:0.000254s ]
NOTIC: [8] Undefined variable: carouselData D:\wamp64\www\waibao\Application\Runtime\Cache\Admin\f3d7d429c2e299c0c91f455ba20ba5cc.php 第 53 行.
NOTIC: [8] Undefined variable: pageShow D:\wamp64\www\waibao\Application\Runtime\Cache\Admin\f3d7d429c2e299c0c91f455ba20ba5cc.php 第 66 行.
INFO: Run Behavior\ParseTemplateBehavior [ RunTime:0.028660s ]
INFO: [ view_parse ] --END-- [ RunTime:0.028825s ]
INFO: [ view_filter ] --START--
INFO: Run Behavior\WriteHtmlCacheBehavior [ RunTime:0.000363s ]
INFO: [ view_filter ] --END-- [ RunTime:0.000491s ]
INFO: [ app_end ] --START--
INFO: Run Behavior\ShowPageTraceBehavior [ RunTime:0.000675s ]
INFO: [ app_end ] --END-- [ RunTime:0.000805s ]

[ 2016-10-25T14:20:48+08:00 ] ::1 /waibao/index.php/Admin/Transform/index.html
INFO: [ app_init ] --START--
INFO: Run Behavior\BuildLiteBehavior [ RunTime:0.000030s ]
INFO: [ app_init ] --END-- [ RunTime:0.000460s ]
INFO: [ app_begin ] --START--
INFO: Run Behavior\ReadHtmlCacheBehavior [ RunTime:0.000461s ]
INFO: [ app_begin ] --END-- [ RunTime:0.000594s ]
NOTIC: [8] Undefined index: p D:\wamp64\www\waibao\Application\Admin\Controller\TransformController.class.php 第 9 行.
NOTIC: [8] Undefined variable: pageShow D:\wamp64\www\waibao\Application\Admin\Controller\TransformController.class.php 第 33 行.
INFO: [ view_parse ] --START--
INFO: [ template_filter ] --START--
INFO: Run Behavior\ContentReplaceBehavior [ RunTime:0.000090s ]
INFO: [ template_filter ] --END-- [ RunTime:0.000231s ]
NOTIC: [8] Undefined variable: categoryData D:\wamp64\www\waibao\Application\Runtime\Cache\Admin\e135adffd530766ebeea84f9bde62506.php 第 52 行.
INFO: Run Behavior\ParseTemplateBehavior [ RunTime:0.070567s ]
INFO: [ view_parse ] --END-- [ RunTime:0.070703s ]
INFO: [ view_filter ] --START--
INFO: Run Behavior\WriteHtmlCacheBehavior [ RunTime:0.000287s ]
INFO: [ view_filter ] --END-- [ RunTime:0.000410s ]
INFO: [ app_end ] --START--
INFO: Run Behavior\ShowPageTraceBehavior [ RunTime:0.000472s ]
INFO: [ app_end ] --END-- [ RunTime:0.000614s ]

[ 2016-10-25T14:20:54+08:00 ] ::1 /waibao/index.php/Admin/Collect/index.html
INFO: [ app_init ] --START--
INFO: Run Behavior\BuildLiteBehavior [ RunTime:0.000029s ]
INFO: [ app_init ] --END-- [ RunTime:0.000477s ]
INFO: [ app_begin ] --START--
INFO: Run Behavior\ReadHtmlCacheBehavior [ RunTime:0.000556s ]
INFO: [ app_begin ] --END-- [ RunTime:0.000692s ]
NOTIC: [8] Undefined index: p D:\wamp64\www\waibao\Application\Admin\Controller\CollectController.class.php 第 9 行.
INFO: [ view_parse ] --START--
INFO: [ template_filter ] --START--
INFO: Run Behavior\ContentReplaceBehavior [ RunTime:0.000106s ]
INFO: [ template_filter ] --END-- [ RunTime:0.000258s ]
NOTIC: [8] Undefined variable: carouselData D:\wamp64\www\waibao\Application\Runtime\Cache\Admin\f3d7d429c2e299c0c91f455ba20ba5cc.php 第 53 行.
NOTIC: [8] Undefined variable: pageShow D:\wamp64\www\waibao\Application\Runtime\Cache\Admin\f3d7d429c2e299c0c91f455ba20ba5cc.php 第 66 行.
INFO: Run Behavior\ParseTemplateBehavior [ RunTime:0.012368s ]
INFO: [ view_parse ] --END-- [ RunTime:0.012503s ]
INFO: [ view_filter ] --START--
INFO: Run Behavior\WriteHtmlCacheBehavior [ RunTime:0.000343s ]
INFO: [ view_filter ] --END-- [ RunTime:0.000482s ]
INFO: [ app_end ] --START--
INFO: Run Behavior\ShowPageTraceBehavior [ RunTime:0.000562s ]
INFO: [ app_end ] --END-- [ RunTime:0.000691s ]

[ 2016-10-25T14:20:56+08:00 ] ::1 /waibao/index.php/Admin/Carouselform/index.html
INFO: [ app_init ] --START--
INFO: Run Behavior\BuildLiteBehavior [ RunTime:0.000032s ]
INFO: [ app_init ] --END-- [ RunTime:0.000483s ]
INFO: [ app_begin ] --START--
INFO: Run Behavior\ReadHtmlCacheBehavior [ RunTime:0.001504s ]
INFO: [ app_begin ] --END-- [ RunTime:0.001802s ]
ERR: 无法加载控制器:Carouselform

[ 2016-10-25T14:23:55+08:00 ] ::1 /waibao/index.php/Admin/Carouselform/index.html
INFO: [ app_init ] --START--
INFO: Run Behavior\BuildLiteBehavior [ RunTime:0.000030s ]
INFO: [ app_init ] --END-- [ RunTime:0.000527s ]
INFO: [ app_begin ] --START--
INFO: Run Behavior\ReadHtmlCacheBehavior [ RunTime:0.000882s ]
INFO: [ app_begin ] --END-- [ RunTime:0.001091s ]
ERR: 无法加载控制器:Carouselform

[ 2016-10-25T14:27:53+08:00 ] ::1 /waibao/index.php/Admin/Collect/index.html
INFO: [ app_init ] --START--
INFO: Run Behavior\BuildLiteBehavior [ RunTime:0.000044s ]
INFO: [ app_init ] --END-- [ RunTime:0.000513s ]
INFO: [ app_begin ] --START--
INFO: Run Behavior\ReadHtmlCacheBehavior [ RunTime:0.000562s ]
INFO: [ app_begin ] --END-- [ RunTime:0.000700s ]
NOTIC: [8] Undefined index: p D:\wamp64\www\waibao\Application\Admin\Controller\CollectController.class.php 第 9 行.
INFO: [ view_parse ] --START--
INFO: [ template_filter ] --START--
INFO: Run Behavior\ContentReplaceBehavior [ RunTime:0.000118s ]
INFO: [ template_filter ] --END-- [ RunTime:0.000269s ]
NOTIC: [8] Undefined variable: carouselData D:\wamp64\www\waibao\Application\Runtime\Cache\Admin\f3d7d429c2e299c0c91f455ba20ba5cc.php 第 52 行.
NOTIC: [8] Undefined variable: pageShow D:\wamp64\www\waibao\Application\Runtime\Cache\Admin\f3d7d429c2e299c0c91f455ba20ba5cc.php 第 62 行.
INFO: Run Behavior\ParseTemplateBehavior [ RunTime:0.028586s ]
INFO: [ view_parse ] --END-- [ RunTime:0.028747s ]
INFO: [ view_filter ] --START--
INFO: Run Behavior\WriteHtmlCacheBehavior [ RunTime:0.000369s ]
INFO: [ view_filter ] --END-- [ RunTime:0.000508s ]
INFO: [ app_end ] --START--
INFO: Run Behavior\ShowPageTraceBehavior [ RunTime:0.000562s ]
INFO: [ app_end ] --END-- [ RunTime:0.000691s ]

[ 2016-10-25T14:28:17+08:00 ] ::1 /waibao/index.php/Admin/Collect/index.html
INFO: [ app_init ] --START--
INFO: Run Behavior\BuildLiteBehavior [ RunTime:0.000029s ]
INFO: [ app_init ] --END-- [ RunTime:0.000477s ]
INFO: [ app_begin ] --START--
INFO: Run Behavior\ReadHtmlCacheBehavior [ RunTime:0.000548s ]
INFO: [ app_begin ] --END-- [ RunTime:0.000682s ]
NOTIC: [8] Undefined index: p D:\wamp64\www\waibao\Application\Admin\Controller\CollectController.class.php 第 9 行.
INFO: [ view_parse ] --START--
INFO: [ template_filter ] --START--
INFO: Run Behavior\ContentReplaceBehavior [ RunTime:0.000092s ]
INFO: [ template_filter ] --END-- [ RunTime:0.000231s ]
NOTIC: [8] Undefined variable: carouselData D:\wamp64\www\waibao\Application\Runtime\Cache\Admin\f3d7d429c2e299c0c91f455ba20ba5cc.php 第 52 行.
NOTIC: [8] Undefined variable: pageShow D:\wamp64\www\waibao\Application\Runtime\Cache\Admin\f3d7d429c2e299c0c91f455ba20ba5cc.php 第 62 行.
INFO: Run Behavior\ParseTemplateBehavior [ RunTime:0.024962s ]
INFO: [ view_parse ] --END-- [ RunTime:0.025108s ]
INFO: [ view_filter ] --START--
INFO: Run Behavior\WriteHtmlCacheBehavior [ RunTime:0.000418s ]
INFO: [ view_filter ] --END-- [ RunTime:0.000560s ]
INFO: [ app_end ] --START--
INFO: Run Behavior\ShowPageTraceBehavior [ RunTime:0.000630s ]
INFO: [ app_end ] --END-- [ RunTime:0.000776s ]

[ 2016-10-25T14:28:18+08:00 ] ::1 /waibao/index.php/Admin/Transformform/index.html
INFO: [ app_init ] --START--
INFO: Run Behavior\BuildLiteBehavior [ RunTime:0.000032s ]
INFO: [ app_init ] --END-- [ RunTime:0.000484s ]
INFO: [ app_begin ] --START--
INFO: Run Behavior\ReadHtmlCacheBehavior [ RunTime:0.000507s ]
INFO: [ app_begin ] --END-- [ RunTime:0.000669s ]
NOTIC: [8] Undefined index: id D:\wamp64\www\waibao\Application\Admin\Controller\TransformformController.class.php 第 8 行.
ERR: 1146:Table 'waibao.category' doesn't exist
 [ SQL语句 ] : SHOW COLUMNS FROM `category`
ERR: 1146:Table 'waibao.category' doesn't exist
 [ SQL语句 ] : SHOW COLUMNS FROM `category`

[ 2016-10-25T14:29:58+08:00 ] ::1 /waibao/index.php/Admin/Transformform/index.html
INFO: [ app_init ] --START--
INFO: Run Behavior\BuildLiteBehavior [ RunTime:0.000029s ]
INFO: [ app_init ] --END-- [ RunTime:0.000513s ]
INFO: [ app_begin ] --START--
INFO: Run Behavior\ReadHtmlCacheBehavior [ RunTime:0.000484s ]
INFO: [ app_begin ] --END-- [ RunTime:0.000622s ]
NOTIC: [8] Undefined index: id D:\wamp64\www\waibao\Application\Admin\Controller\TransformformController.class.php 第 8 行.
ERR: 1146:Table 'waibao.category' doesn't exist
 [ SQL语句 ] : SHOW COLUMNS FROM `category`
ERR: 1146:Table 'waibao.category' doesn't exist
 [ SQL语句 ] : SHOW COLUMNS FROM `category`

[ 2016-10-25T14:30:01+08:00 ] ::1 /waibao/index.php/Admin/Collect/index.html
INFO: [ app_init ] --START--
INFO: Run Behavior\BuildLiteBehavior [ RunTime:0.000029s ]
INFO: [ app_init ] --END-- [ RunTime:0.000532s ]
INFO: [ app_begin ] --START--
INFO: Run Behavior\ReadHtmlCacheBehavior [ RunTime:0.000512s ]
INFO: [ app_begin ] --END-- [ RunTime:0.000652s ]
NOTIC: [8] Undefined index: p D:\wamp64\www\waibao\Application\Admin\Controller\CollectController.class.php 第 9 行.
INFO: [ view_parse ] --START--
INFO: [ template_filter ] --START--
INFO: Run Behavior\ContentReplaceBehavior [ RunTime:0.000131s ]
INFO: [ template_filter ] --END-- [ RunTime:0.000353s ]
NOTIC: [8] Undefined variable: carouselData D:\wamp64\www\waibao\Application\Runtime\Cache\Admin\f3d7d429c2e299c0c91f455ba20ba5cc.php 第 52 行.
NOTIC: [8] Undefined variable: pageShow D:\wamp64\www\waibao\Application\Runtime\Cache\Admin\f3d7d429c2e299c0c91f455ba20ba5cc.php 第 62 行.
INFO: Run Behavior\ParseTemplateBehavior [ RunTime:0.050024s ]
INFO: [ view_parse ] --END-- [ RunTime:0.050163s ]
INFO: [ view_filter ] --START--
INFO: Run Behavior\WriteHtmlCacheBehavior [ RunTime:0.000268s ]
INFO: [ view_filter ] --END-- [ RunTime:0.000392s ]
INFO: [ app_end ] --START--
INFO: Run Behavior\ShowPageTraceBehavior [ RunTime:0.000476s ]
INFO: [ app_end ] --END-- [ RunTime:0.000603s ]

[ 2016-10-25T14:30:03+08:00 ] ::1 /waibao/index.php/Admin/Collectform/index.html
INFO: [ app_init ] --START--
INFO: Run Behavior\BuildLiteBehavior [ RunTime:0.000027s ]
INFO: [ app_init ] --END-- [ RunTime:0.000444s ]
INFO: [ app_begin ] --START--
INFO: Run Behavior\ReadHtmlCacheBehavior [ RunTime:0.000611s ]
INFO: [ app_begin ] --END-- [ RunTime:0.000792s ]
INFO: [ view_parse ] --START--
INFO: [ template_filter ] --START--
INFO: Run Behavior\ContentReplaceBehavior [ RunTime:0.000109s ]
INFO: [ template_filter ] --END-- [ RunTime:0.000252s ]
NOTIC: [8] Undefined variable: carouselData D:\wamp64\www\waibao\Application\Runtime\Cache\Admin\41ed183b050762e22f62d8342ee08588.php 第 47 行.
NOTIC: [8] Undefined variable: carouselData D:\wamp64\www\waibao\Application\Runtime\Cache\Admin\41ed183b050762e22f62d8342ee08588.php 第 55 行.
NOTIC: [8] Undefined variable: carouselData D:\wamp64\www\waibao\Application\Runtime\Cache\Admin\41ed183b050762e22f62d8342ee08588.php 第 59 行.
NOTIC: [8] Undefined variable: carouselData D:\wamp64\www\waibao\Application\Runtime\Cache\Admin\41ed183b050762e22f62d8342ee08588.php 第 63 行.
NOTIC: [8] Undefined variable: carouselData D:\wamp64\www\waibao\Application\Runtime\Cache\Admin\41ed183b050762e22f62d8342ee08588.php 第 68 行.
NOTIC: [8] Undefined variable: carouselData D:\wamp64\www\waibao\Application\Runtime\Cache\Admin\41ed183b050762e22f62d8342ee08588.php 第 71 行.
INFO: Run Behavior\ParseTemplateBehavior [ RunTime:0.061511s ]
INFO: [ view_parse ] --END-- [ RunTime:0.061651s ]
INFO: [ view_filter ] --START--
INFO: Run Behavior\WriteHtmlCacheBehavior [ RunTime:0.000268s ]
INFO: [ view_filter ] --END-- [ RunTime:0.000397s ]
INFO: [ app_end ] --START--
INFO: Run Behavior\ShowPageTraceBehavior [ RunTime:0.000610s ]
INFO: [ app_end ] --END-- [ RunTime:0.000805s ]

[ 2016-10-25T14:30:27+08:00 ] ::1 /waibao/index.php/Admin/Carouselform/save.html
INFO: [ app_init ] --START--
INFO: Run Behavior\BuildLiteBehavior [ RunTime:0.000029s ]
INFO: [ app_init ] --END-- [ RunTime:0.000468s ]
INFO: [ app_begin ] --START--
INFO: Run Behavior\ReadHtmlCacheBehavior [ RunTime:0.000592s ]
INFO: [ app_begin ] --END-- [ RunTime:0.000733s ]
ERR: 无法加载控制器:Carouselform

[ 2016-10-25T14:30:52+08:00 ] ::1 /waibao/index.php/Admin/Collect/index.html
INFO: [ app_init ] --START--
INFO: Run Behavior\BuildLiteBehavior [ RunTime:0.000028s ]
INFO: [ app_init ] --END-- [ RunTime:0.000477s ]
INFO: [ app_begin ] --START--
INFO: Run Behavior\ReadHtmlCacheBehavior [ RunTime:0.001014s ]
INFO: [ app_begin ] --END-- [ RunTime:0.001232s ]
NOTIC: [8] Undefined index: p D:\wamp64\www\waibao\Application\Admin\Controller\CollectController.class.php 第 9 行.
INFO: [ view_parse ] --START--
INFO: [ template_filter ] --START--
INFO: Run Behavior\ContentReplaceBehavior [ RunTime:0.000102s ]
INFO: [ template_filter ] --END-- [ RunTime:0.000258s ]
NOTIC: [8] Undefined variable: carouselData D:\wamp64\www\waibao\Application\Runtime\Cache\Admin\f3d7d429c2e299c0c91f455ba20ba5cc.php 第 52 行.
NOTIC: [8] Undefined variable: pageShow D:\wamp64\www\waibao\Application\Runtime\Cache\Admin\f3d7d429c2e299c0c91f455ba20ba5cc.php 第 62 行.
INFO: Run Behavior\ParseTemplateBehavior [ RunTime:0.013770s ]
INFO: [ view_parse ] --END-- [ RunTime:0.013944s ]
INFO: [ view_filter ] --START--
INFO: Run Behavior\WriteHtmlCacheBehavior [ RunTime:0.000436s ]
INFO: [ view_filter ] --END-- [ RunTime:0.000571s ]
INFO: [ app_end ] --START--
INFO: Run Behavior\ShowPageTraceBehavior [ RunTime:0.000578s ]
INFO: [ app_end ] --END-- [ RunTime:0.000708s ]

[ 2016-10-25T14:30:54+08:00 ] ::1 /waibao/index.php/Admin/Collectform/index.html
INFO: [ app_init ] --START--
INFO: Run Behavior\BuildLiteBehavior [ RunTime:0.000029s ]
INFO: [ app_init ] --END-- [ RunTime:0.000445s ]
INFO: [ app_begin ] --START--
INFO: Run Behavior\ReadHtmlCacheBehavior [ RunTime:0.000457s ]
INFO: [ app_begin ] --END-- [ RunTime:0.000590s ]
INFO: [ view_parse ] --START--
INFO: [ template_filter ] --START--
INFO: Run Behavior\ContentReplaceBehavior [ RunTime:0.000098s ]
INFO: [ template_filter ] --END-- [ RunTime:0.000249s ]
NOTIC: [8] Undefined variable: carouselData D:\wamp64\www\waibao\Application\Runtime\Cache\Admin\41ed183b050762e22f62d8342ee08588.php 第 47 行.
NOTIC: [8] Undefined variable: carouselData D:\wamp64\www\waibao\Application\Runtime\Cache\Admin\41ed183b050762e22f62d8342ee08588.php 第 55 行.
NOTIC: [8] Undefined variable: carouselData D:\wamp64\www\waibao\Application\Runtime\Cache\Admin\41ed183b050762e22f62d8342ee08588.php 第 59 行.
NOTIC: [8] Undefined variable: carouselData D:\wamp64\www\waibao\Application\Runtime\Cache\Admin\41ed183b050762e22f62d8342ee08588.php 第 63 行.
NOTIC: [8] Undefined variable: carouselData D:\wamp64\www\waibao\Application\Runtime\Cache\Admin\41ed183b050762e22f62d8342ee08588.php 第 68 行.
NOTIC: [8] Undefined variable: carouselData D:\wamp64\www\waibao\Application\Runtime\Cache\Admin\41ed183b050762e22f62d8342ee08588.php 第 71 行.
INFO: Run Behavior\ParseTemplateBehavior [ RunTime:0.010577s ]
INFO: [ view_parse ] --END-- [ RunTime:0.010711s ]
INFO: [ view_filter ] --START--
INFO: Run Behavior\WriteHtmlCacheBehavior [ RunTime:0.000276s ]
INFO: [ view_filter ] --END-- [ RunTime:0.000397s ]
INFO: [ app_end ] --START--
INFO: Run Behavior\ShowPageTraceBehavior [ RunTime:0.000479s ]
INFO: [ app_end ] --END-- [ RunTime:0.000604s ]

[ 2016-10-25T14:30:55+08:00 ] ::1 /waibao/index.php/Admin/Carouselform/save.html
INFO: [ app_init ] --START--
INFO: Run Behavior\BuildLiteBehavior [ RunTime:0.000030s ]
INFO: [ app_init ] --END-- [ RunTime:0.000464s ]
INFO: [ app_begin ] --START--
INFO: Run Behavior\ReadHtmlCacheBehavior [ RunTime:0.000449s ]
INFO: [ app_begin ] --END-- [ RunTime:0.000602s ]
ERR: 无法加载控制器:Carouselform

[ 2016-10-25T14:36:07+08:00 ] ::1 /waibao/index.php/Admin/Collectform/index.html
INFO: [ app_init ] --START--
INFO: Run Behavior\BuildLiteBehavior [ RunTime:0.000049s ]
INFO: [ app_init ] --END-- [ RunTime:0.000641s ]
INFO: [ app_begin ] --START--
INFO: Run Behavior\ReadHtmlCacheBehavior [ RunTime:0.000596s ]
INFO: [ app_begin ] --END-- [ RunTime:0.000735s ]
INFO: [ view_parse ] --START--
INFO: [ template_filter ] --START--
INFO: Run Behavior\ContentReplaceBehavior [ RunTime:0.000099s ]
INFO: [ template_filter ] --END-- [ RunTime:0.000237s ]
NOTIC: [8] Undefined variable: carouselData D:\wamp64\www\waibao\Application\Runtime\Cache\Admin\41ed183b050762e22f62d8342ee08588.php 第 47 行.
NOTIC: [8] Undefined variable: carouselData D:\wamp64\www\waibao\Application\Runtime\Cache\Admin\41ed183b050762e22f62d8342ee08588.php 第 52 行.
NOTIC: [8] Undefined variable: carouselData D:\wamp64\www\waibao\Application\Runtime\Cache\Admin\41ed183b050762e22f62d8342ee08588.php 第 55 行.
NOTIC: [8] Undefined variable: carouselData D:\wamp64\www\waibao\Application\Runtime\Cache\Admin\41ed183b050762e22f62d8342ee08588.php 第 62 行.
NOTIC: [8] Undefined variable: carouselData D:\wamp64\www\waibao\Application\Runtime\Cache\Admin\41ed183b050762e22f62d8342ee08588.php 第 66 行.
NOTIC: [8] Undefined variable: carouselData D:\wamp64\www\waibao\Application\Runtime\Cache\Admin\41ed183b050762e22f62d8342ee08588.php 第 70 行.
NOTIC: [8] Undefined variable: carouselData D:\wamp64\www\waibao\Application\Runtime\Cache\Admin\41ed183b050762e22f62d8342ee08588.php 第 74 行.
NOTIC: [8] Undefined variable: carouselData D:\wamp64\www\waibao\Application\Runtime\Cache\Admin\41ed183b050762e22f62d8342ee08588.php 第 78 行.
NOTIC: [8] Undefined variable: carouselData D:\wamp64\www\waibao\Application\Runtime\Cache\Admin\41ed183b050762e22f62d8342ee08588.php 第 82 行.
NOTIC: [8] Undefined variable: carouselData D:\wamp64\www\waibao\Application\Runtime\Cache\Admin\41ed183b050762e22f62d8342ee08588.php 第 86 行.
NOTIC: [8] Undefined variable: carouselData D:\wamp64\www\waibao\Application\Runtime\Cache\Admin\41ed183b050762e22f62d8342ee08588.php 第 90 行.
INFO: Run Behavior\ParseTemplateBehavior [ RunTime:0.024814s ]
INFO: [ view_parse ] --END-- [ RunTime:0.024951s ]
INFO: [ view_filter ] --START--
INFO: Run Behavior\WriteHtmlCacheBehavior [ RunTime:0.000554s ]
INFO: [ view_filter ] --END-- [ RunTime:0.000740s ]
INFO: [ app_end ] --START--
INFO: Run Behavior\ShowPageTraceBehavior [ RunTime:0.000850s ]
INFO: [ app_end ] --END-- [ RunTime:0.001043s ]

[ 2016-10-25T14:41:09+08:00 ] ::1 /waibao/index.php/Admin/Collectform/index.html
INFO: [ app_init ] --START--
INFO: Run Behavior\BuildLiteBehavior [ RunTime:0.000029s ]
INFO: [ app_init ] --END-- [ RunTime:0.000527s ]
INFO: [ app_begin ] --START--
INFO: Run Behavior\ReadHtmlCacheBehavior [ RunTime:0.000577s ]
INFO: [ app_begin ] --END-- [ RunTime:0.000712s ]
INFO: [ view_parse ] --START--
INFO: [ template_filter ] --START--
INFO: Run Behavior\ContentReplaceBehavior [ RunTime:0.000103s ]
INFO: [ template_filter ] --END-- [ RunTime:0.000245s ]
NOTIC: [8] Undefined variable: carouselData D:\wamp64\www\waibao\Application\Runtime\Cache\Admin\41ed183b050762e22f62d8342ee08588.php 第 47 行.
NOTIC: [8] Undefined variable: carouselData D:\wamp64\www\waibao\Application\Runtime\Cache\Admin\41ed183b050762e22f62d8342ee08588.php 第 50 行.
NOTIC: [8] Undefined variable: carouselData D:\wamp64\www\waibao\Application\Runtime\Cache\Admin\41ed183b050762e22f62d8342ee08588.php 第 57 行.
NOTIC: [8] Undefined variable: carouselData D:\wamp64\www\waibao\Application\Runtime\Cache\Admin\41ed183b050762e22f62d8342ee08588.php 第 61 行.
NOTIC: [8] Undefined variable: carouselData D:\wamp64\www\waibao\Application\Runtime\Cache\Admin\41ed183b050762e22f62d8342ee08588.php 第 65 行.
NOTIC: [8] Undefined variable: carouselData D:\wamp64\www\waibao\Application\Runtime\Cache\Admin\41ed183b050762e22f62d8342ee08588.php 第 69 行.
NOTIC: [8] Undefined variable: carouselData D:\wamp64\www\waibao\Application\Runtime\Cache\Admin\41ed183b050762e22f62d8342ee08588.php 第 73 行.
NOTIC: [8] Undefined variable: carouselData D:\wamp64\www\waibao\Application\Runtime\Cache\Admin\41ed183b050762e22f62d8342ee08588.php 第 77 行.
NOTIC: [8] Undefined variable: carouselData D:\wamp64\www\waibao\Application\Runtime\Cache\Admin\41ed183b050762e22f62d8342ee08588.php 第 81 行.
NOTIC: [8] Undefined variable: carouselData D:\wamp64\www\waibao\Application\Runtime\Cache\Admin\41ed183b050762e22f62d8342ee08588.php 第 85 行.
INFO: Run Behavior\ParseTemplateBehavior [ RunTime:0.027131s ]
INFO: [ view_parse ] --END-- [ RunTime:0.027267s ]
INFO: [ view_filter ] --START--
INFO: Run Behavior\WriteHtmlCacheBehavior [ RunTime:0.000372s ]
INFO: [ view_filter ] --END-- [ RunTime:0.000497s ]
INFO: [ app_end ] --START--
INFO: Run Behavior\ShowPageTraceBehavior [ RunTime:0.000577s ]
INFO: [ app_end ] --END-- [ RunTime:0.000709s ]

[ 2016-10-25T14:45:19+08:00 ] ::1 /waibao/index.php/Admin/Collectform/index.html
INFO: [ app_init ] --START--
INFO: Run Behavior\BuildLiteBehavior [ RunTime:0.000030s ]
INFO: [ app_init ] --END-- [ RunTime:0.000522s ]
INFO: [ app_begin ] --START--
INFO: Run Behavior\ReadHtmlCacheBehavior [ RunTime:0.000654s ]
INFO: [ app_begin ] --END-- [ RunTime:0.000814s ]
INFO: [ view_parse ] --START--
INFO: [ template_filter ] --START--
INFO: Run Behavior\ContentReplaceBehavior [ RunTime:0.000096s ]
INFO: [ template_filter ] --END-- [ RunTime:0.000249s ]
NOTIC: [8] Undefined variable: carouselData D:\wamp64\www\waibao\Application\Runtime\Cache\Admin\41ed183b050762e22f62d8342ee08588.php 第 47 行.
NOTIC: [8] Undefined variable: carouselData D:\wamp64\www\waibao\Application\Runtime\Cache\Admin\41ed183b050762e22f62d8342ee08588.php 第 50 行.
NOTIC: [8] Undefined variable: carouselData D:\wamp64\www\waibao\Application\Runtime\Cache\Admin\41ed183b050762e22f62d8342ee08588.php 第 57 行.
NOTIC: [8] Undefined variable: carouselData D:\wamp64\www\waibao\Application\Runtime\Cache\Admin\41ed183b050762e22f62d8342ee08588.php 第 61 行.
NOTIC: [8] Undefined variable: carouselData D:\wamp64\www\waibao\Application\Runtime\Cache\Admin\41ed183b050762e22f62d8342ee08588.php 第 65 行.
NOTIC: [8] Undefined variable: carouselData D:\wamp64\www\waibao\Application\Runtime\Cache\Admin\41ed183b050762e22f62d8342ee08588.php 第 73 行.
NOTIC: [8] Undefined variable: carouselData D:\wamp64\www\waibao\Application\Runtime\Cache\Admin\41ed183b050762e22f62d8342ee08588.php 第 77 行.
NOTIC: [8] Undefined variable: carouselData D:\wamp64\www\waibao\Application\Runtime\Cache\Admin\41ed183b050762e22f62d8342ee08588.php 第 81 行.
NOTIC: [8] Undefined variable: carouselData D:\wamp64\www\waibao\Application\Runtime\Cache\Admin\41ed183b050762e22f62d8342ee08588.php 第 85 行.
INFO: Run Behavior\ParseTemplateBehavior [ RunTime:0.028131s ]
INFO: [ view_parse ] --END-- [ RunTime:0.028314s ]
INFO: [ view_filter ] --START--
INFO: Run Behavior\WriteHtmlCacheBehavior [ RunTime:0.000420s ]
INFO: [ view_filter ] --END-- [ RunTime:0.000549s ]
INFO: [ app_end ] --START--
INFO: Run Behavior\ShowPageTraceBehavior [ RunTime:0.000950s ]
INFO: [ app_end ] --END-- [ RunTime:0.001157s ]

[ 2016-10-25T14:46:16+08:00 ] ::1 /waibao/index.php/Admin/Collectform/index.html
INFO: [ app_init ] --START--
INFO: Run Behavior\BuildLiteBehavior [ RunTime:0.000029s ]
INFO: [ app_init ] --END-- [ RunTime:0.000488s ]
INFO: [ app_begin ] --START--
INFO: Run Behavior\ReadHtmlCacheBehavior [ RunTime:0.000605s ]
INFO: [ app_begin ] --END-- [ RunTime:0.000741s ]
INFO: [ view_parse ] --START--
INFO: [ template_filter ] --START--
INFO: Run Behavior\ContentReplaceBehavior [ RunTime:0.000104s ]
INFO: [ template_filter ] --END-- [ RunTime:0.000269s ]
NOTIC: [8] Undefined variable: carouselData D:\wamp64\www\waibao\Application\Runtime\Cache\Admin\41ed183b050762e22f62d8342ee08588.php 第 47 行.
NOTIC: [8] Undefined variable: carouselData D:\wamp64\www\waibao\Application\Runtime\Cache\Admin\41ed183b050762e22f62d8342ee08588.php 第 50 行.
NOTIC: [8] Undefined variable: carouselData D:\wamp64\www\waibao\Application\Runtime\Cache\Admin\41ed183b050762e22f62d8342ee08588.php 第 57 行.
NOTIC: [8] Undefined variable: carouselData D:\wamp64\www\waibao\Application\Runtime\Cache\Admin\41ed183b050762e22f62d8342ee08588.php 第 61 行.
NOTIC: [8] Undefined variable: carouselData D:\wamp64\www\waibao\Application\Runtime\Cache\Admin\41ed183b050762e22f62d8342ee08588.php 第 65 行.
NOTIC: [8] Undefined variable: carouselData D:\wamp64\www\waibao\Application\Runtime\Cache\Admin\41ed183b050762e22f62d8342ee08588.php 第 73 行.
NOTIC: [8] Undefined variable: carouselData D:\wamp64\www\waibao\Application\Runtime\Cache\Admin\41ed183b050762e22f62d8342ee08588.php 第 77 行.
NOTIC: [8] Undefined variable: carouselData D:\wamp64\www\waibao\Application\Runtime\Cache\Admin\41ed183b050762e22f62d8342ee08588.php 第 81 行.
NOTIC: [8] Undefined variable: carouselData D:\wamp64\www\waibao\Application\Runtime\Cache\Admin\41ed183b050762e22f62d8342ee08588.php 第 85 行.
INFO: Run Behavior\ParseTemplateBehavior [ RunTime:0.025378s ]
INFO: [ view_parse ] --END-- [ RunTime:0.025521s ]
INFO: [ view_filter ] --START--
INFO: Run Behavior\WriteHtmlCacheBehavior [ RunTime:0.000368s ]
INFO: [ view_filter ] --END-- [ RunTime:0.000497s ]
INFO: [ app_end ] --START--
INFO: Run Behavior\ShowPageTraceBehavior [ RunTime:0.000545s ]
INFO: [ app_end ] --END-- [ RunTime:0.000674s ]

[ 2016-10-25T14:46:17+08:00 ] ::1 /waibao/index.php/Admin/Collectform/index.html
INFO: [ app_init ] --START--
INFO: Run Behavior\BuildLiteBehavior [ RunTime:0.000052s ]
INFO: [ app_init ] --END-- [ RunTime:0.000602s ]
INFO: [ app_begin ] --START--
INFO: Run Behavior\ReadHtmlCacheBehavior [ RunTime:0.000512s ]
INFO: [ app_begin ] --END-- [ RunTime:0.000769s ]
INFO: [ view_parse ] --START--
INFO: [ template_filter ] --START--
INFO: Run Behavior\ContentReplaceBehavior [ RunTime:0.000097s ]
INFO: [ template_filter ] --END-- [ RunTime:0.000245s ]
NOTIC: [8] Undefined variable: carouselData D:\wamp64\www\waibao\Application\Runtime\Cache\Admin\41ed183b050762e22f62d8342ee08588.php 第 47 行.
NOTIC: [8] Undefined variable: carouselData D:\wamp64\www\waibao\Application\Runtime\Cache\Admin\41ed183b050762e22f62d8342ee08588.php 第 50 行.
NOTIC: [8] Undefined variable: carouselData D:\wamp64\www\waibao\Application\Runtime\Cache\Admin\41ed183b050762e22f62d8342ee08588.php 第 57 行.
NOTIC: [8] Undefined variable: carouselData D:\wamp64\www\waibao\Application\Runtime\Cache\Admin\41ed183b050762e22f62d8342ee08588.php 第 61 行.
NOTIC: [8] Undefined variable: carouselData D:\wamp64\www\waibao\Application\Runtime\Cache\Admin\41ed183b050762e22f62d8342ee08588.php 第 65 行.
NOTIC: [8] Undefined variable: carouselData D:\wamp64\www\waibao\Application\Runtime\Cache\Admin\41ed183b050762e22f62d8342ee08588.php 第 73 行.
NOTIC: [8] Undefined variable: carouselData D:\wamp64\www\waibao\Application\Runtime\Cache\Admin\41ed183b050762e22f62d8342ee08588.php 第 77 行.
NOTIC: [8] Undefined variable: carouselData D:\wamp64\www\waibao\Application\Runtime\Cache\Admin\41ed183b050762e22f62d8342ee08588.php 第 81 行.
NOTIC: [8] Undefined variable: carouselData D:\wamp64\www\waibao\Application\Runtime\Cache\Admin\41ed183b050762e22f62d8342ee08588.php 第 85 行.
INFO: Run Behavior\ParseTemplateBehavior [ RunTime:0.011991s ]
INFO: [ view_parse ] --END-- [ RunTime:0.012127s ]
INFO: [ view_filter ] --START--
INFO: Run Behavior\WriteHtmlCacheBehavior [ RunTime:0.000264s ]
INFO: [ view_filter ] --END-- [ RunTime:0.000385s ]
INFO: [ app_end ] --START--
INFO: Run Behavior\ShowPageTraceBehavior [ RunTime:0.000463s ]
INFO: [ app_end ] --END-- [ RunTime:0.000588s ]

[ 2016-10-25T14:46:31+08:00 ] ::1 /waibao/index.php/Admin/Collectform/index.html
INFO: [ app_init ] --START--
INFO: Run Behavior\BuildLiteBehavior [ RunTime:0.000032s ]
INFO: [ app_init ] --END-- [ RunTime:0.000505s ]
INFO: [ app_begin ] --START--
INFO: Run Behavior\ReadHtmlCacheBehavior [ RunTime:0.000494s ]
INFO: [ app_begin ] --END-- [ RunTime:0.000635s ]
INFO: [ view_parse ] --START--
INFO: [ template_filter ] --START--
INFO: Run Behavior\ContentReplaceBehavior [ RunTime:0.000099s ]
INFO: [ template_filter ] --END-- [ RunTime:0.000250s ]
NOTIC: [8] Undefined variable: carouselData D:\wamp64\www\waibao\Application\Runtime\Cache\Admin\41ed183b050762e22f62d8342ee08588.php 第 47 行.
NOTIC: [8] Undefined variable: carouselData D:\wamp64\www\waibao\Application\Runtime\Cache\Admin\41ed183b050762e22f62d8342ee08588.php 第 50 行.
NOTIC: [8] Undefined variable: carouselData D:\wamp64\www\waibao\Application\Runtime\Cache\Admin\41ed183b050762e22f62d8342ee08588.php 第 57 行.
NOTIC: [8] Undefined variable: carouselData D:\wamp64\www\waibao\Application\Runtime\Cache\Admin\41ed183b050762e22f62d8342ee08588.php 第 61 行.
NOTIC: [8] Undefined variable: carouselData D:\wamp64\www\waibao\Application\Runtime\Cache\Admin\41ed183b050762e22f62d8342ee08588.php 第 65 行.
NOTIC: [8] Undefined variable: carouselData D:\wamp64\www\waibao\Application\Runtime\Cache\Admin\41ed183b050762e22f62d8342ee08588.php 第 73 行.
NOTIC: [8] Undefined variable: carouselData D:\wamp64\www\waibao\Application\Runtime\Cache\Admin\41ed183b050762e22f62d8342ee08588.php 第 77 行.
NOTIC: [8] Undefined variable: carouselData D:\wamp64\www\waibao\Application\Runtime\Cache\Admin\41ed183b050762e22f62d8342ee08588.php 第 81 行.
NOTIC: [8] Undefined variable: carouselData D:\wamp64\www\waibao\Application\Runtime\Cache\Admin\41ed183b050762e22f62d8342ee08588.php 第 85 行.
INFO: Run Behavior\ParseTemplateBehavior [ RunTime:0.011175s ]
INFO: [ view_parse ] --END-- [ RunTime:0.011351s ]
INFO: [ view_filter ] --START--
INFO: Run Behavior\WriteHtmlCacheBehavior [ RunTime:0.000541s ]
INFO: [ view_filter ] --END-- [ RunTime:0.000725s ]
INFO: [ app_end ] --START--
INFO: Run Behavior\ShowPageTraceBehavior [ RunTime:0.000596s ]
INFO: [ app_end ] --END-- [ RunTime:0.000813s ]

[ 2016-10-25T15:21:30+08:00 ] ::1 /waibao/index.php/Admin/Carouselform/save.html
INFO: [ app_init ] --START--
INFO: Run Behavior\BuildLiteBehavior [ RunTime:0.000030s ]
INFO: [ app_init ] --END-- [ RunTime:0.000512s ]
INFO: [ app_begin ] --START--
INFO: Run Behavior\ReadHtmlCacheBehavior [ RunTime:0.000907s ]
INFO: [ app_begin ] --END-- [ RunTime:0.001109s ]
ERR: 无法加载控制器:Carouselform

[ 2016-10-25T15:22:00+08:00 ] ::1 /waibao/index.php/Admin/Carouselform/save.html
INFO: [ app_init ] --START--
INFO: Run Behavior\BuildLiteBehavior [ RunTime:0.000052s ]
INFO: [ app_init ] --END-- [ RunTime:0.000774s ]
INFO: [ app_begin ] --START--
INFO: Run Behavior\ReadHtmlCacheBehavior [ RunTime:0.000741s ]
INFO: [ app_begin ] --END-- [ RunTime:0.000999s ]
ERR: 无法加载控制器:Carouselform

[ 2016-10-25T15:22:03+08:00 ] ::1 /waibao/index.php/Admin/Collectform/index.html
INFO: [ app_init ] --START--
INFO: Run Behavior\BuildLiteBehavior [ RunTime:0.000029s ]
INFO: [ app_init ] --END-- [ RunTime:0.000455s ]
INFO: [ app_begin ] --START--
INFO: Run Behavior\ReadHtmlCacheBehavior [ RunTime:0.000469s ]
INFO: [ app_begin ] --END-- [ RunTime:0.000609s ]
INFO: [ view_parse ] --START--
INFO: [ template_filter ] --START--
INFO: Run Behavior\ContentReplaceBehavior [ RunTime:0.000135s ]
INFO: [ template_filter ] --END-- [ RunTime:0.000296s ]
NOTIC: [8] Undefined variable: carouselData D:\wamp64\www\waibao\Application\Runtime\Cache\Admin\41ed183b050762e22f62d8342ee08588.php 第 47 行.
NOTIC: [8] Undefined variable: carouselData D:\wamp64\www\waibao\Application\Runtime\Cache\Admin\41ed183b050762e22f62d8342ee08588.php 第 50 行.
NOTIC: [8] Undefined variable: carouselData D:\wamp64\www\waibao\Application\Runtime\Cache\Admin\41ed183b050762e22f62d8342ee08588.php 第 57 行.
NOTIC: [8] Undefined variable: carouselData D:\wamp64\www\waibao\Application\Runtime\Cache\Admin\41ed183b050762e22f62d8342ee08588.php 第 61 行.
NOTIC: [8] Undefined variable: carouselData D:\wamp64\www\waibao\Application\Runtime\Cache\Admin\41ed183b050762e22f62d8342ee08588.php 第 65 行.
NOTIC: [8] Undefined variable: carouselData D:\wamp64\www\waibao\Application\Runtime\Cache\Admin\41ed183b050762e22f62d8342ee08588.php 第 73 行.
NOTIC: [8] Undefined variable: carouselData D:\wamp64\www\waibao\Application\Runtime\Cache\Admin\41ed183b050762e22f62d8342ee08588.php 第 77 行.
NOTIC: [8] Undefined variable: carouselData D:\wamp64\www\waibao\Application\Runtime\Cache\Admin\41ed183b050762e22f62d8342ee08588.php 第 81 行.
NOTIC: [8] Undefined variable: carouselData D:\wamp64\www\waibao\Application\Runtime\Cache\Admin\41ed183b050762e22f62d8342ee08588.php 第 85 行.
INFO: Run Behavior\ParseTemplateBehavior [ RunTime:0.026399s ]
INFO: [ view_parse ] --END-- [ RunTime:0.026537s ]
INFO: [ view_filter ] --START--
INFO: Run Behavior\WriteHtmlCacheBehavior [ RunTime:0.000361s ]
INFO: [ view_filter ] --END-- [ RunTime:0.000484s ]
INFO: [ app_end ] --START--
INFO: Run Behavior\ShowPageTraceBehavior [ RunTime:0.000575s ]
INFO: [ app_end ] --END-- [ RunTime:0.000709s ]

[ 2016-10-25T15:22:04+08:00 ] ::1 /waibao/index.php/Admin/Collectform/save.html
INFO: [ app_init ] --START--
INFO: Run Behavior\BuildLiteBehavior [ RunTime:0.000028s ]
INFO: [ app_init ] --END-- [ RunTime:0.000448s ]
INFO: [ app_begin ] --START--
INFO: Run Behavior\ReadHtmlCacheBehavior [ RunTime:0.000467s ]
INFO: [ app_begin ] --END-- [ RunTime:0.000604s ]

[ 2016-10-25T15:22:04+08:00 ] ::1 /waibao/index.php/Admin/Carousel/index.html
INFO: [ app_init ] --START--
INFO: Run Behavior\BuildLiteBehavior [ RunTime:0.000029s ]
INFO: [ app_init ] --END-- [ RunTime:0.000457s ]
INFO: [ app_begin ] --START--
INFO: Run Behavior\ReadHtmlCacheBehavior [ RunTime:0.000470s ]
INFO: [ app_begin ] --END-- [ RunTime:0.000607s ]
ERR: 无法加载控制器:Carousel

[ 2016-10-25T15:22:37+08:00 ] ::1 /waibao/index.php/Admin/Carousel/index.html
INFO: [ app_init ] --START--
INFO: Run Behavior\BuildLiteBehavior [ RunTime:0.000030s ]
INFO: [ app_init ] --END-- [ RunTime:0.000458s ]
INFO: [ app_begin ] --START--
INFO: Run Behavior\ReadHtmlCacheBehavior [ RunTime:0.000622s ]
INFO: [ app_begin ] --END-- [ RunTime:0.000877s ]
ERR: 无法加载控制器:Carousel

[ 2016-10-25T15:22:39+08:00 ] ::1 /waibao/index.php/Admin/Collectform/index.html
INFO: [ app_init ] --START--
INFO: Run Behavior\BuildLiteBehavior [ RunTime:0.000030s ]
INFO: [ app_init ] --END-- [ RunTime:0.000451s ]
INFO: [ app_begin ] --START--
INFO: Run Behavior\ReadHtmlCacheBehavior [ RunTime:0.000999s ]
INFO: [ app_begin ] --END-- [ RunTime:0.001366s ]
INFO: [ view_parse ] --START--
INFO: [ template_filter ] --START--
INFO: Run Behavior\ContentReplaceBehavior [ RunTime:0.000097s ]
INFO: [ template_filter ] --END-- [ RunTime:0.000234s ]
NOTIC: [8] Undefined variable: carouselData D:\wamp64\www\waibao\Application\Runtime\Cache\Admin\41ed183b050762e22f62d8342ee08588.php 第 47 行.
NOTIC: [8] Undefined variable: carouselData D:\wamp64\www\waibao\Application\Runtime\Cache\Admin\41ed183b050762e22f62d8342ee08588.php 第 50 行.
NOTIC: [8] Undefined variable: carouselData D:\wamp64\www\waibao\Application\Runtime\Cache\Admin\41ed183b050762e22f62d8342ee08588.php 第 57 行.
NOTIC: [8] Undefined variable: carouselData D:\wamp64\www\waibao\Application\Runtime\Cache\Admin\41ed183b050762e22f62d8342ee08588.php 第 61 行.
NOTIC: [8] Undefined variable: carouselData D:\wamp64\www\waibao\Application\Runtime\Cache\Admin\41ed183b050762e22f62d8342ee08588.php 第 65 行.
NOTIC: [8] Undefined variable: carouselData D:\wamp64\www\waibao\Application\Runtime\Cache\Admin\41ed183b050762e22f62d8342ee08588.php 第 73 行.
NOTIC: [8] Undefined variable: carouselData D:\wamp64\www\waibao\Application\Runtime\Cache\Admin\41ed183b050762e22f62d8342ee08588.php 第 77 行.
NOTIC: [8] Undefined variable: carouselData D:\wamp64\www\waibao\Application\Runtime\Cache\Admin\41ed183b050762e22f62d8342ee08588.php 第 81 行.
NOTIC: [8] Undefined variable: carouselData D:\wamp64\www\waibao\Application\Runtime\Cache\Admin\41ed183b050762e22f62d8342ee08588.php 第 85 行.
INFO: Run Behavior\ParseTemplateBehavior [ RunTime:0.010594s ]
INFO: [ view_parse ] --END-- [ RunTime:0.010756s ]
INFO: [ view_filter ] --START--
INFO: Run Behavior\WriteHtmlCacheBehavior [ RunTime:0.000268s ]
INFO: [ view_filter ] --END-- [ RunTime:0.000389s ]
INFO: [ app_end ] --START--
INFO: Run Behavior\ShowPageTraceBehavior [ RunTime:0.000469s ]
INFO: [ app_end ] --END-- [ RunTime:0.000594s ]

[ 2016-10-25T15:22:40+08:00 ] ::1 /waibao/index.php/Admin/Collectform/save.html
INFO: [ app_init ] --START--
INFO: Run Behavior\BuildLiteBehavior [ RunTime:0.000029s ]
INFO: [ app_init ] --END-- [ RunTime:0.000465s ]
INFO: [ app_begin ] --START--
INFO: Run Behavior\ReadHtmlCacheBehavior [ RunTime:0.000443s ]
INFO: [ app_begin ] --END-- [ RunTime:0.000591s ]

[ 2016-10-25T15:22:40+08:00 ] ::1 /waibao/index.php/Admin/Collect/index.html
INFO: [ app_init ] --START--
INFO: Run Behavior\BuildLiteBehavior [ RunTime:0.000030s ]
INFO: [ app_init ] --END-- [ RunTime:0.000459s ]
INFO: [ app_begin ] --START--
INFO: Run Behavior\ReadHtmlCacheBehavior [ RunTime:0.000463s ]
INFO: [ app_begin ] --END-- [ RunTime:0.000598s ]
NOTIC: [8] Undefined index: p D:\wamp64\www\waibao\Application\Admin\Controller\CollectController.class.php 第 9 行.
INFO: [ view_parse ] --START--
INFO: [ template_filter ] --START--
INFO: Run Behavior\ContentReplaceBehavior [ RunTime:0.000087s ]
INFO: [ template_filter ] --END-- [ RunTime:0.000221s ]
NOTIC: [8] Undefined variable: carouselData D:\wamp64\www\waibao\Application\Runtime\Cache\Admin\f3d7d429c2e299c0c91f455ba20ba5cc.php 第 51 行.
NOTIC: [8] Undefined variable: pageShow D:\wamp64\www\waibao\Application\Runtime\Cache\Admin\f3d7d429c2e299c0c91f455ba20ba5cc.php 第 61 行.
INFO: Run Behavior\ParseTemplateBehavior [ RunTime:0.025448s ]
INFO: [ view_parse ] --END-- [ RunTime:0.025591s ]
INFO: [ view_filter ] --START--
INFO: Run Behavior\WriteHtmlCacheBehavior [ RunTime:0.000885s ]
INFO: [ view_filter ] --END-- [ RunTime:0.001053s ]
INFO: [ app_end ] --START--
INFO: Run Behavior\ShowPageTraceBehavior [ RunTime:0.000524s ]
INFO: [ app_end ] --END-- [ RunTime:0.000654s ]

[ 2016-10-25T15:22:44+08:00 ] ::1 /waibao/index.php/Admin/Collectform/index.html
INFO: [ app_init ] --START--
INFO: Run Behavior\BuildLiteBehavior [ RunTime:0.000030s ]
INFO: [ app_init ] --END-- [ RunTime:0.000469s ]
INFO: [ app_begin ] --START--
INFO: Run Behavior\ReadHtmlCacheBehavior [ RunTime:0.000680s ]
INFO: [ app_begin ] --END-- [ RunTime:0.000874s ]
INFO: [ view_parse ] --START--
INFO: [ template_filter ] --START--
INFO: Run Behavior\ContentReplaceBehavior [ RunTime:0.000099s ]
INFO: [ template_filter ] --END-- [ RunTime:0.000245s ]
NOTIC: [8] Undefined variable: carouselData D:\wamp64\www\waibao\Application\Runtime\Cache\Admin\41ed183b050762e22f62d8342ee08588.php 第 47 行.
NOTIC: [8] Undefined variable: carouselData D:\wamp64\www\waibao\Application\Runtime\Cache\Admin\41ed183b050762e22f62d8342ee08588.php 第 50 行.
NOTIC: [8] Undefined variable: carouselData D:\wamp64\www\waibao\Application\Runtime\Cache\Admin\41ed183b050762e22f62d8342ee08588.php 第 57 行.
NOTIC: [8] Undefined variable: carouselData D:\wamp64\www\waibao\Application\Runtime\Cache\Admin\41ed183b050762e22f62d8342ee08588.php 第 61 行.
NOTIC: [8] Undefined variable: carouselData D:\wamp64\www\waibao\Application\Runtime\Cache\Admin\41ed183b050762e22f62d8342ee08588.php 第 65 行.
NOTIC: [8] Undefined variable: carouselData D:\wamp64\www\waibao\Application\Runtime\Cache\Admin\41ed183b050762e22f62d8342ee08588.php 第 73 行.
NOTIC: [8] Undefined variable: carouselData D:\wamp64\www\waibao\Application\Runtime\Cache\Admin\41ed183b050762e22f62d8342ee08588.php 第 77 行.
NOTIC: [8] Undefined variable: carouselData D:\wamp64\www\waibao\Application\Runtime\Cache\Admin\41ed183b050762e22f62d8342ee08588.php 第 81 行.
NOTIC: [8] Undefined variable: carouselData D:\wamp64\www\waibao\Application\Runtime\Cache\Admin\41ed183b050762e22f62d8342ee08588.php 第 85 行.
INFO: Run Behavior\ParseTemplateBehavior [ RunTime:0.013024s ]
INFO: [ view_parse ] --END-- [ RunTime:0.013165s ]
INFO: [ view_filter ] --START--
INFO: Run Behavior\WriteHtmlCacheBehavior [ RunTime:0.000318s ]
INFO: [ view_filter ] --END-- [ RunTime:0.000452s ]
INFO: [ app_end ] --START--
INFO: Run Behavior\ShowPageTraceBehavior [ RunTime:0.000473s ]
INFO: [ app_end ] --END-- [ RunTime:0.000600s ]

[ 2016-10-25T15:43:25+08:00 ] ::1 /waibao/index.php/Admin/Account/logout.html
INFO: [ app_init ] --START--
INFO: Run Behavior\BuildLiteBehavior [ RunTime:0.000029s ]
INFO: [ app_init ] --END-- [ RunTime:0.000522s ]
INFO: [ app_begin ] --START--
INFO: Run Behavior\ReadHtmlCacheBehavior [ RunTime:0.000568s ]
INFO: [ app_begin ] --END-- [ RunTime:0.000705s ]

[ 2016-10-25T15:43:25+08:00 ] ::1 /waibao/index.php/Admin/Account/index.html
INFO: [ app_init ] --START--
INFO: Run Behavior\BuildLiteBehavior [ RunTime:0.000028s ]
INFO: [ app_init ] --END-- [ RunTime:0.000439s ]
INFO: [ app_begin ] --START--
INFO: Run Behavior\ReadHtmlCacheBehavior [ RunTime:0.000469s ]
INFO: [ app_begin ] --END-- [ RunTime:0.000647s ]
INFO: [ view_parse ] --START--
INFO: [ template_filter ] --START--
INFO: Run Behavior\ContentReplaceBehavior [ RunTime:0.000112s ]
INFO: [ template_filter ] --END-- [ RunTime:0.000267s ]
NOTIC: [8] Undefined variable: navbarColor D:\wamp64\www\waibao\Application\Runtime\Cache\Admin\c4921982ccba1d7effaada457f8c4abd.php 第 24 行.
NOTIC: [8] Undefined variable: navbarColor D:\wamp64\www\waibao\Application\Runtime\Cache\Admin\c4921982ccba1d7effaada457f8c4abd.php 第 25 行.
NOTIC: [8] Undefined variable: navbarColor D:\wamp64\www\waibao\Application\Runtime\Cache\Admin\c4921982ccba1d7effaada457f8c4abd.php 第 26 行.
NOTIC: [8] Undefined variable: navbarColor D:\wamp64\www\waibao\Application\Runtime\Cache\Admin\c4921982ccba1d7effaada457f8c4abd.php 第 27 行.
NOTIC: [8] Undefined variable: navbarColor D:\wamp64\www\waibao\Application\Runtime\Cache\Admin\c4921982ccba1d7effaada457f8c4abd.php 第 28 行.
INFO: Run Behavior\ParseTemplateBehavior [ RunTime:0.016627s ]
INFO: [ view_parse ] --END-- [ RunTime:0.016765s ]
INFO: [ view_filter ] --START--
INFO: Run Behavior\WriteHtmlCacheBehavior [ RunTime:0.000357s ]
INFO: [ view_filter ] --END-- [ RunTime:0.000478s ]
INFO: [ app_end ] --START--
INFO: Run Behavior\ShowPageTraceBehavior [ RunTime:0.000572s ]
INFO: [ app_end ] --END-- [ RunTime:0.000699s ]

[ 2016-10-25T15:43:26+08:00 ] ::1 /waibao/index.php/Admin/Account/login.html
INFO: [ app_init ] --START--
INFO: Run Behavior\BuildLiteBehavior [ RunTime:0.000033s ]
INFO: [ app_init ] --END-- [ RunTime:0.000524s ]
INFO: [ app_begin ] --START--
INFO: Run Behavior\ReadHtmlCacheBehavior [ RunTime:0.000507s ]
INFO: [ app_begin ] --END-- [ RunTime:0.000665s ]
SQL: SHOW COLUMNS FROM `admin` [ RunTime:0.0036s ]
SQL: SELECT * FROM `admin` WHERE `username` = 'xuyuanfan1' AND `password` = '123' LIMIT 1   [ RunTime:0.0003s ]

[ 2016-10-25T15:43:26+08:00 ] ::1 /waibao/index.php/Admin/Collect/index.html
INFO: [ app_init ] --START--
INFO: Run Behavior\BuildLiteBehavior [ RunTime:0.000029s ]
INFO: [ app_init ] --END-- [ RunTime:0.000449s ]
INFO: [ app_begin ] --START--
INFO: Run Behavior\ReadHtmlCacheBehavior [ RunTime:0.000469s ]
INFO: [ app_begin ] --END-- [ RunTime:0.000622s ]
INFO: [ app_end ] --START--
INFO: Run Behavior\ShowPageTraceBehavior [ RunTime:0.000480s ]
INFO: [ app_end ] --END-- [ RunTime:0.000613s ]

